2025-04-03 11:30:48,891 - backend_service - INFO - [backend_service.py:41] - [Backend] 요청 받음: slow
2025-04-03 11:30:48,892 - backend_service - INFO - [backend_service.py:42] - [Backend] 패턴 설정 - 서킷브레이커: False, 데드라인: False, 백프레셔: False
2025-04-03 11:30:48,900 - backend_service - INFO - [backend_service.py:91] - [Backend] DB 서비스 호출 (데드라인 없음)
2025-04-03 11:30:49,937 - backend_service - INFO - [backend_service.py:98] - [Backend] DB 응답 수신: 쿼리 결과 데이터
2025-04-03 11:30:51,643 - backend_service - INFO - [backend_service.py:41] - [Backend] 요청 받음: slow
2025-04-03 11:30:51,643 - backend_service - INFO - [backend_service.py:42] - [Backend] 패턴 설정 - 서킷브레이커: False, 데드라인: False, 백프레셔: False
2025-04-03 11:30:51,645 - backend_service - INFO - [backend_service.py:91] - [Backend] DB 서비스 호출 (데드라인 없음)
2025-04-03 11:30:52,670 - backend_service - INFO - [backend_service.py:98] - [Backend] DB 응답 수신: 쿼리 결과 데이터
2025-04-03 11:30:54,084 - backend_service - INFO - [backend_service.py:41] - [Backend] 요청 받음: slow
2025-04-03 11:30:54,085 - backend_service - INFO - [backend_service.py:42] - [Backend] 패턴 설정 - 서킷브레이커: False, 데드라인: True, 백프레셔: False
2025-04-03 11:30:54,086 - backend_service - INFO - [backend_service.py:80] - [Backend] 데드라인 패턴 사용 (3초)
2025-04-03 11:30:55,095 - backend_service - INFO - [backend_service.py:98] - [Backend] DB 응답 수신: 쿼리 결과 데이터
2025-04-03 11:30:55,359 - backend_service - INFO - [backend_service.py:41] - [Backend] 요청 받음: slow
2025-04-03 11:30:55,360 - backend_service - INFO - [backend_service.py:42] - [Backend] 패턴 설정 - 서킷브레이커: False, 데드라인: True, 백프레셔: False
2025-04-03 11:30:55,360 - backend_service - INFO - [backend_service.py:80] - [Backend] 데드라인 패턴 사용 (3초)
2025-04-03 11:30:56,371 - backend_service - INFO - [backend_service.py:98] - [Backend] DB 응답 수신: 쿼리 결과 데이터
2025-04-03 11:30:56,912 - backend_service - INFO - [backend_service.py:41] - [Backend] 요청 받음: slow
2025-04-03 11:30:56,912 - backend_service - INFO - [backend_service.py:42] - [Backend] 패턴 설정 - 서킷브레이커: False, 데드라인: True, 백프레셔: False
2025-04-03 11:30:56,912 - backend_service - INFO - [backend_service.py:80] - [Backend] 데드라인 패턴 사용 (3초)
2025-04-03 11:30:57,846 - backend_service - INFO - [backend_service.py:41] - [Backend] 요청 받음: slow
2025-04-03 11:30:57,846 - backend_service - INFO - [backend_service.py:42] - [Backend] 패턴 설정 - 서킷브레이커: False, 데드라인: True, 백프레셔: False
2025-04-03 11:30:57,847 - backend_service - INFO - [backend_service.py:80] - [Backend] 데드라인 패턴 사용 (3초)
2025-04-03 11:30:57,922 - backend_service - INFO - [backend_service.py:98] - [Backend] DB 응답 수신: 쿼리 결과 데이터
2025-04-03 11:30:58,805 - backend_service - INFO - [backend_service.py:41] - [Backend] 요청 받음: slow
2025-04-03 11:30:58,806 - backend_service - INFO - [backend_service.py:42] - [Backend] 패턴 설정 - 서킷브레이커: False, 데드라인: True, 백프레셔: False
2025-04-03 11:30:58,807 - backend_service - INFO - [backend_service.py:80] - [Backend] 데드라인 패턴 사용 (3초)
2025-04-03 11:30:58,864 - backend_service - INFO - [backend_service.py:98] - [Backend] DB 응답 수신: 쿼리 결과 데이터
2025-04-03 11:30:59,822 - backend_service - INFO - [backend_service.py:98] - [Backend] DB 응답 수신: 쿼리 결과 데이터
2025-04-03 11:31:01,245 - backend_service - INFO - [backend_service.py:41] - [Backend] 요청 받음: slow
2025-04-03 11:31:01,245 - backend_service - INFO - [backend_service.py:42] - [Backend] 패턴 설정 - 서킷브레이커: True, 데드라인: True, 백프레셔: False
2025-04-03 11:31:01,246 - backend_service - INFO - [backend_service.py:64] - [Backend] 서킷브레이커 상태 확인 중...
2025-04-03 11:31:01,246 - backend_service - INFO - [backend_service.py:80] - [Backend] 데드라인 패턴 사용 (3초)
2025-04-03 11:31:02,263 - backend_service - INFO - [backend_service.py:98] - [Backend] DB 응답 수신: 쿼리 결과 데이터
2025-04-03 11:31:03,029 - backend_service - INFO - [backend_service.py:41] - [Backend] 요청 받음: slow
2025-04-03 11:31:03,029 - backend_service - INFO - [backend_service.py:42] - [Backend] 패턴 설정 - 서킷브레이커: True, 데드라인: True, 백프레셔: False
2025-04-03 11:31:03,029 - backend_service - INFO - [backend_service.py:64] - [Backend] 서킷브레이커 상태 확인 중...
2025-04-03 11:31:03,029 - backend_service - INFO - [backend_service.py:80] - [Backend] 데드라인 패턴 사용 (3초)
2025-04-03 11:31:04,040 - backend_service - INFO - [backend_service.py:98] - [Backend] DB 응답 수신: 쿼리 결과 데이터
2025-04-03 11:31:10,926 - backend_service - INFO - [backend_service.py:41] - [Backend] 요청 받음: slow
2025-04-03 11:31:10,926 - backend_service - INFO - [backend_service.py:42] - [Backend] 패턴 설정 - 서킷브레이커: False, 데드라인: True, 백프레셔: False
2025-04-03 11:31:10,927 - backend_service - INFO - [backend_service.py:80] - [Backend] 데드라인 패턴 사용 (3초)
2025-04-03 11:31:11,932 - backend_service - INFO - [backend_service.py:98] - [Backend] DB 응답 수신: 쿼리 결과 데이터
2025-04-03 11:31:12,702 - backend_service - INFO - [backend_service.py:41] - [Backend] 요청 받음: slow
2025-04-03 11:31:12,702 - backend_service - INFO - [backend_service.py:42] - [Backend] 패턴 설정 - 서킷브레이커: False, 데드라인: False, 백프레셔: False
2025-04-03 11:31:12,703 - backend_service - INFO - [backend_service.py:91] - [Backend] DB 서비스 호출 (데드라인 없음)
2025-04-03 11:31:13,717 - backend_service - INFO - [backend_service.py:98] - [Backend] DB 응답 수신: 쿼리 결과 데이터
2025-04-03 11:31:16,277 - backend_service - INFO - [backend_service.py:41] - [Backend] 요청 받음: slow
2025-04-03 11:31:16,278 - backend_service - INFO - [backend_service.py:42] - [Backend] 패턴 설정 - 서킷브레이커: True, 데드라인: False, 백프레셔: False
2025-04-03 11:31:16,278 - backend_service - INFO - [backend_service.py:64] - [Backend] 서킷브레이커 상태 확인 중...
2025-04-03 11:31:16,279 - backend_service - INFO - [backend_service.py:91] - [Backend] DB 서비스 호출 (데드라인 없음)
2025-04-03 11:31:17,301 - backend_service - INFO - [backend_service.py:98] - [Backend] DB 응답 수신: 쿼리 결과 데이터
2025-04-03 11:31:23,674 - backend_service - INFO - [backend_service.py:41] - [Backend] 요청 받음: slow
2025-04-03 11:31:23,675 - backend_service - INFO - [backend_service.py:42] - [Backend] 패턴 설정 - 서킷브레이커: False, 데드라인: False, 백프레셔: False
2025-04-03 11:31:23,675 - backend_service - INFO - [backend_service.py:91] - [Backend] DB 서비스 호출 (데드라인 없음)
2025-04-03 11:31:24,688 - backend_service - INFO - [backend_service.py:98] - [Backend] DB 응답 수신: 쿼리 결과 데이터
2025-04-03 11:31:26,558 - backend_service - INFO - [backend_service.py:41] - [Backend] 요청 받음: slow
2025-04-03 11:31:26,558 - backend_service - INFO - [backend_service.py:42] - [Backend] 패턴 설정 - 서킷브레이커: True, 데드라인: False, 백프레셔: False
2025-04-03 11:31:26,559 - backend_service - INFO - [backend_service.py:64] - [Backend] 서킷브레이커 상태 확인 중...
2025-04-03 11:31:26,559 - backend_service - INFO - [backend_service.py:91] - [Backend] DB 서비스 호출 (데드라인 없음)
2025-04-03 11:31:27,570 - backend_service - INFO - [backend_service.py:98] - [Backend] DB 응답 수신: 쿼리 결과 데이터
2025-04-03 11:31:28,792 - backend_service - INFO - [backend_service.py:41] - [Backend] 요청 받음: slow
2025-04-03 11:31:28,792 - backend_service - INFO - [backend_service.py:42] - [Backend] 패턴 설정 - 서킷브레이커: True, 데드라인: True, 백프레셔: False
2025-04-03 11:31:28,793 - backend_service - INFO - [backend_service.py:64] - [Backend] 서킷브레이커 상태 확인 중...
2025-04-03 11:31:28,794 - backend_service - INFO - [backend_service.py:80] - [Backend] 데드라인 패턴 사용 (3초)
2025-04-03 11:31:29,756 - backend_service - INFO - [backend_service.py:41] - [Backend] 요청 받음: slow
2025-04-03 11:31:29,756 - backend_service - INFO - [backend_service.py:42] - [Backend] 패턴 설정 - 서킷브레이커: True, 데드라인: True, 백프레셔: False
2025-04-03 11:31:29,757 - backend_service - INFO - [backend_service.py:64] - [Backend] 서킷브레이커 상태 확인 중...
2025-04-03 11:31:29,757 - backend_service - INFO - [backend_service.py:80] - [Backend] 데드라인 패턴 사용 (3초)
2025-04-03 11:31:29,810 - backend_service - INFO - [backend_service.py:98] - [Backend] DB 응답 수신: 쿼리 결과 데이터
2025-04-03 11:31:30,766 - backend_service - INFO - [backend_service.py:98] - [Backend] DB 응답 수신: 쿼리 결과 데이터
2025-04-03 11:31:50,953 - backend_service - INFO - [backend_service.py:41] - [Backend] 요청 받음: slow
2025-04-03 11:31:50,953 - backend_service - INFO - [backend_service.py:42] - [Backend] 패턴 설정 - 서킷브레이커: True, 데드라인: True, 백프레셔: False
2025-04-03 11:31:50,953 - backend_service - INFO - [backend_service.py:64] - [Backend] 서킷브레이커 상태 확인 중...
2025-04-03 11:31:50,954 - backend_service - INFO - [backend_service.py:80] - [Backend] 데드라인 패턴 사용 (3초)
2025-04-03 11:31:51,965 - backend_service - INFO - [backend_service.py:98] - [Backend] DB 응답 수신: 쿼리 결과 데이터
2025-04-03 11:34:58,126 - backend_service - INFO - [backend_service.py:41] - [Backend] 요청 받음: slow
2025-04-03 11:34:58,127 - backend_service - INFO - [backend_service.py:42] - [Backend] 패턴 설정 - 서킷브레이커: False, 데드라인: False, 백프레셔: False
2025-04-03 11:34:58,127 - backend_service - INFO - [backend_service.py:91] - [Backend] DB 서비스 호출 (데드라인 없음)
2025-04-03 11:34:58,214 - backend_service - INFO - [backend_service.py:41] - [Backend] 요청 받음: slow
2025-04-03 11:34:58,214 - backend_service - INFO - [backend_service.py:42] - [Backend] 패턴 설정 - 서킷브레이커: False, 데드라인: False, 백프레셔: False
2025-04-03 11:34:58,215 - backend_service - INFO - [backend_service.py:91] - [Backend] DB 서비스 호출 (데드라인 없음)
2025-04-03 11:34:58,216 - backend_service - INFO - [backend_service.py:41] - [Backend] 요청 받음: slow
2025-04-03 11:34:58,216 - backend_service - INFO - [backend_service.py:42] - [Backend] 패턴 설정 - 서킷브레이커: False, 데드라인: False, 백프레셔: False
2025-04-03 11:34:58,217 - backend_service - INFO - [backend_service.py:91] - [Backend] DB 서비스 호출 (데드라인 없음)
2025-04-03 11:34:58,218 - backend_service - INFO - [backend_service.py:41] - [Backend] 요청 받음: slow
2025-04-03 11:34:58,218 - backend_service - INFO - [backend_service.py:41] - [Backend] 요청 받음: slow
2025-04-03 11:34:58,218 - backend_service - INFO - [backend_service.py:42] - [Backend] 패턴 설정 - 서킷브레이커: False, 데드라인: False, 백프레셔: False
2025-04-03 11:34:58,219 - backend_service - INFO - [backend_service.py:42] - [Backend] 패턴 설정 - 서킷브레이커: False, 데드라인: False, 백프레셔: False
2025-04-03 11:34:58,220 - backend_service - INFO - [backend_service.py:41] - [Backend] 요청 받음: slow
2025-04-03 11:34:58,220 - backend_service - INFO - [backend_service.py:91] - [Backend] DB 서비스 호출 (데드라인 없음)
2025-04-03 11:34:58,220 - backend_service - INFO - [backend_service.py:91] - [Backend] DB 서비스 호출 (데드라인 없음)
2025-04-03 11:34:58,220 - backend_service - INFO - [backend_service.py:42] - [Backend] 패턴 설정 - 서킷브레이커: False, 데드라인: False, 백프레셔: False
2025-04-03 11:34:58,221 - backend_service - INFO - [backend_service.py:91] - [Backend] DB 서비스 호출 (데드라인 없음)
2025-04-03 11:34:59,150 - backend_service - INFO - [backend_service.py:98] - [Backend] DB 응답 수신: 쿼리 결과 데이터
2025-04-03 11:34:59,168 - backend_service - INFO - [backend_service.py:41] - [Backend] 요청 받음: slow
2025-04-03 11:34:59,170 - backend_service - INFO - [backend_service.py:42] - [Backend] 패턴 설정 - 서킷브레이커: False, 데드라인: False, 백프레셔: False
2025-04-03 11:34:59,171 - backend_service - INFO - [backend_service.py:91] - [Backend] DB 서비스 호출 (데드라인 없음)
2025-04-03 11:34:59,228 - backend_service - INFO - [backend_service.py:98] - [Backend] DB 응답 수신: 쿼리 결과 데이터
2025-04-03 11:34:59,228 - backend_service - INFO - [backend_service.py:98] - [Backend] DB 응답 수신: 쿼리 결과 데이터
2025-04-03 11:34:59,228 - backend_service - INFO - [backend_service.py:98] - [Backend] DB 응답 수신: 쿼리 결과 데이터
2025-04-03 11:34:59,229 - backend_service - INFO - [backend_service.py:98] - [Backend] DB 응답 수신: 쿼리 결과 데이터
2025-04-03 11:34:59,229 - backend_service - INFO - [backend_service.py:98] - [Backend] DB 응답 수신: 쿼리 결과 데이터
2025-04-03 11:34:59,268 - backend_service - INFO - [backend_service.py:41] - [Backend] 요청 받음: slow
2025-04-03 11:34:59,268 - backend_service - INFO - [backend_service.py:42] - [Backend] 패턴 설정 - 서킷브레이커: False, 데드라인: False, 백프레셔: False
2025-04-03 11:34:59,269 - backend_service - INFO - [backend_service.py:91] - [Backend] DB 서비스 호출 (데드라인 없음)
2025-04-03 11:34:59,270 - backend_service - INFO - [backend_service.py:41] - [Backend] 요청 받음: slow
2025-04-03 11:34:59,271 - backend_service - INFO - [backend_service.py:41] - [Backend] 요청 받음: slow
2025-04-03 11:34:59,271 - backend_service - INFO - [backend_service.py:42] - [Backend] 패턴 설정 - 서킷브레이커: False, 데드라인: False, 백프레셔: False
2025-04-03 11:34:59,272 - backend_service - INFO - [backend_service.py:42] - [Backend] 패턴 설정 - 서킷브레이커: False, 데드라인: False, 백프레셔: False
2025-04-03 11:34:59,272 - backend_service - INFO - [backend_service.py:91] - [Backend] DB 서비스 호출 (데드라인 없음)
2025-04-03 11:34:59,272 - backend_service - INFO - [backend_service.py:91] - [Backend] DB 서비스 호출 (데드라인 없음)
2025-04-03 11:35:00,185 - backend_service - INFO - [backend_service.py:98] - [Backend] DB 응답 수신: 쿼리 결과 데이터
2025-04-03 11:35:00,324 - backend_service - INFO - [backend_service.py:98] - [Backend] DB 응답 수신: 쿼리 결과 데이터
2025-04-03 11:35:00,324 - backend_service - INFO - [backend_service.py:98] - [Backend] DB 응답 수신: 쿼리 결과 데이터
2025-04-03 11:35:00,325 - backend_service - INFO - [backend_service.py:98] - [Backend] DB 응답 수신: 쿼리 결과 데이터
2025-04-03 11:35:02,383 - backend_service - INFO - [backend_service.py:41] - [Backend] 요청 받음: slow
2025-04-03 11:35:02,383 - backend_service - INFO - [backend_service.py:42] - [Backend] 패턴 설정 - 서킷브레이커: False, 데드라인: False, 백프레셔: True
2025-04-03 11:35:02,385 - backend_service - INFO - [backend_service.py:91] - [Backend] DB 서비스 호출 (데드라인 없음)
2025-04-03 11:35:02,390 - backend_service - INFO - [backend_service.py:41] - [Backend] 요청 받음: slow
2025-04-03 11:35:02,392 - backend_service - INFO - [backend_service.py:42] - [Backend] 패턴 설정 - 서킷브레이커: False, 데드라인: False, 백프레셔: True
2025-04-03 11:35:02,393 - backend_service - INFO - [backend_service.py:91] - [Backend] DB 서비스 호출 (데드라인 없음)
2025-04-03 11:35:02,394 - backend_service - INFO - [backend_service.py:41] - [Backend] 요청 받음: slow
2025-04-03 11:35:02,395 - backend_service - INFO - [backend_service.py:42] - [Backend] 패턴 설정 - 서킷브레이커: False, 데드라인: False, 백프레셔: True
2025-04-03 11:35:02,396 - backend_service - INFO - [backend_service.py:91] - [Backend] DB 서비스 호출 (데드라인 없음)
2025-04-03 11:35:02,396 - backend_service - INFO - [backend_service.py:41] - [Backend] 요청 받음: slow
2025-04-03 11:35:02,397 - backend_service - INFO - [backend_service.py:42] - [Backend] 패턴 설정 - 서킷브레이커: False, 데드라인: False, 백프레셔: True
2025-04-03 11:35:02,398 - backend_service - INFO - [backend_service.py:91] - [Backend] DB 서비스 호출 (데드라인 없음)
2025-04-03 11:35:02,400 - backend_service - INFO - [backend_service.py:41] - [Backend] 요청 받음: slow
2025-04-03 11:35:02,401 - backend_service - INFO - [backend_service.py:42] - [Backend] 패턴 설정 - 서킷브레이커: False, 데드라인: False, 백프레셔: True
2025-04-03 11:35:02,402 - backend_service - INFO - [backend_service.py:41] - [Backend] 요청 받음: slow
2025-04-03 11:35:02,403 - backend_service - INFO - [backend_service.py:42] - [Backend] 패턴 설정 - 서킷브레이커: False, 데드라인: False, 백프레셔: True
2025-04-03 11:35:02,403 - backend_service - WARNING - [backend_service.py:49] - [Backend] 백프레셔 패턴 발동 - 과부하 상태
2025-04-03 11:35:02,404 - backend_service - WARNING - [backend_service.py:49] - [Backend] 백프레셔 패턴 발동 - 과부하 상태
2025-04-03 11:35:02,475 - backend_service - INFO - [backend_service.py:41] - [Backend] 요청 받음: slow
2025-04-03 11:35:02,475 - backend_service - INFO - [backend_service.py:42] - [Backend] 패턴 설정 - 서킷브레이커: False, 데드라인: False, 백프레셔: True
2025-04-03 11:35:02,476 - backend_service - WARNING - [backend_service.py:49] - [Backend] 백프레셔 패턴 발동 - 과부하 상태
2025-04-03 11:35:02,503 - backend_service - INFO - [backend_service.py:41] - [Backend] 요청 받음: slow
2025-04-03 11:35:02,503 - backend_service - INFO - [backend_service.py:42] - [Backend] 패턴 설정 - 서킷브레이커: False, 데드라인: False, 백프레셔: True
2025-04-03 11:35:02,504 - backend_service - WARNING - [backend_service.py:49] - [Backend] 백프레셔 패턴 발동 - 과부하 상태
2025-04-03 11:35:02,560 - backend_service - INFO - [backend_service.py:41] - [Backend] 요청 받음: slow
2025-04-03 11:35:02,560 - backend_service - INFO - [backend_service.py:42] - [Backend] 패턴 설정 - 서킷브레이커: False, 데드라인: False, 백프레셔: True
2025-04-03 11:35:02,561 - backend_service - WARNING - [backend_service.py:49] - [Backend] 백프레셔 패턴 발동 - 과부하 상태
2025-04-03 11:35:02,587 - backend_service - INFO - [backend_service.py:41] - [Backend] 요청 받음: slow
2025-04-03 11:35:02,587 - backend_service - INFO - [backend_service.py:42] - [Backend] 패턴 설정 - 서킷브레이커: False, 데드라인: False, 백프레셔: True
2025-04-03 11:35:02,588 - backend_service - WARNING - [backend_service.py:49] - [Backend] 백프레셔 패턴 발동 - 과부하 상태
2025-04-03 11:35:03,409 - backend_service - INFO - [backend_service.py:98] - [Backend] DB 응답 수신: 쿼리 결과 데이터
2025-04-03 11:35:03,409 - backend_service - INFO - [backend_service.py:98] - [Backend] DB 응답 수신: 쿼리 결과 데이터
2025-04-03 11:35:03,409 - backend_service - INFO - [backend_service.py:98] - [Backend] DB 응답 수신: 쿼리 결과 데이터
2025-04-03 11:35:03,410 - backend_service - INFO - [backend_service.py:98] - [Backend] DB 응답 수신: 쿼리 결과 데이터
2025-04-03 11:37:55,712 - backend_service - INFO - [backend_service.py:41] - [Backend] 요청 받음: slow
2025-04-03 11:37:55,712 - backend_service - INFO - [backend_service.py:42] - [Backend] 패턴 설정 - 서킷브레이커: False, 데드라인: False, 백프레셔: True
2025-04-03 11:37:55,713 - backend_service - INFO - [backend_service.py:91] - [Backend] DB 서비스 호출 (데드라인 없음)
2025-04-03 11:37:56,725 - backend_service - INFO - [backend_service.py:98] - [Backend] DB 응답 수신: 쿼리 결과 데이터
2025-04-03 11:38:01,605 - backend_service - INFO - [backend_service.py:41] - [Backend] 요청 받음: slow
2025-04-03 11:38:01,606 - backend_service - INFO - [backend_service.py:42] - [Backend] 패턴 설정 - 서킷브레이커: True, 데드라인: False, 백프레셔: True
2025-04-03 11:38:01,606 - backend_service - INFO - [backend_service.py:64] - [Backend] 서킷브레이커 상태 확인 중...
2025-04-03 11:38:01,606 - backend_service - INFO - [backend_service.py:91] - [Backend] DB 서비스 호출 (데드라인 없음)
2025-04-03 11:38:02,626 - backend_service - INFO - [backend_service.py:98] - [Backend] DB 응답 수신: 쿼리 결과 데이터
2025-04-03 11:38:05,090 - backend_service - INFO - [backend_service.py:41] - [Backend] 요청 받음: slow
2025-04-03 11:38:05,091 - backend_service - INFO - [backend_service.py:42] - [Backend] 패턴 설정 - 서킷브레이커: True, 데드라인: True, 백프레셔: False
2025-04-03 11:38:05,091 - backend_service - INFO - [backend_service.py:64] - [Backend] 서킷브레이커 상태 확인 중...
2025-04-03 11:38:05,091 - backend_service - INFO - [backend_service.py:80] - [Backend] 데드라인 패턴 사용 (3초)
2025-04-03 11:38:06,098 - backend_service - INFO - [backend_service.py:98] - [Backend] DB 응답 수신: 쿼리 결과 데이터
2025-04-03 11:38:07,797 - backend_service - INFO - [backend_service.py:41] - [Backend] 요청 받음: slow
2025-04-03 11:38:07,797 - backend_service - INFO - [backend_service.py:42] - [Backend] 패턴 설정 - 서킷브레이커: True, 데드라인: True, 백프레셔: False
2025-04-03 11:38:07,798 - backend_service - INFO - [backend_service.py:64] - [Backend] 서킷브레이커 상태 확인 중...
2025-04-03 11:38:07,798 - backend_service - INFO - [backend_service.py:80] - [Backend] 데드라인 패턴 사용 (3초)
2025-04-03 11:38:08,809 - backend_service - INFO - [backend_service.py:98] - [Backend] DB 응답 수신: 쿼리 결과 데이터
2025-04-03 11:38:18,870 - backend_service - INFO - [backend_service.py:41] - [Backend] 요청 받음: slow
2025-04-03 11:38:18,870 - backend_service - INFO - [backend_service.py:42] - [Backend] 패턴 설정 - 서킷브레이커: False, 데드라인: True, 백프레셔: False
2025-04-03 11:38:18,871 - backend_service - INFO - [backend_service.py:80] - [Backend] 데드라인 패턴 사용 (3초)
2025-04-03 11:38:19,879 - backend_service - INFO - [backend_service.py:98] - [Backend] DB 응답 수신: 쿼리 결과 데이터
2025-04-03 11:38:21,484 - backend_service - INFO - [backend_service.py:41] - [Backend] 요청 받음: slow
2025-04-03 11:38:21,485 - backend_service - INFO - [backend_service.py:42] - [Backend] 패턴 설정 - 서킷브레이커: True, 데드라인: False, 백프레셔: False
2025-04-03 11:38:21,486 - backend_service - INFO - [backend_service.py:64] - [Backend] 서킷브레이커 상태 확인 중...
2025-04-03 11:38:21,487 - backend_service - INFO - [backend_service.py:91] - [Backend] DB 서비스 호출 (데드라인 없음)
2025-04-03 11:38:22,496 - backend_service - INFO - [backend_service.py:98] - [Backend] DB 응답 수신: 쿼리 결과 데이터
2025-04-03 11:38:24,654 - backend_service - INFO - [backend_service.py:41] - [Backend] 요청 받음: slow
2025-04-03 11:38:24,655 - backend_service - INFO - [backend_service.py:42] - [Backend] 패턴 설정 - 서킷브레이커: False, 데드라인: True, 백프레셔: False
2025-04-03 11:38:24,655 - backend_service - INFO - [backend_service.py:80] - [Backend] 데드라인 패턴 사용 (3초)
2025-04-03 11:38:25,557 - backend_service - INFO - [backend_service.py:41] - [Backend] 요청 받음: slow
2025-04-03 11:38:25,557 - backend_service - INFO - [backend_service.py:42] - [Backend] 패턴 설정 - 서킷브레이커: False, 데드라인: True, 백프레셔: False
2025-04-03 11:38:25,558 - backend_service - INFO - [backend_service.py:80] - [Backend] 데드라인 패턴 사용 (3초)
2025-04-03 11:38:25,675 - backend_service - INFO - [backend_service.py:98] - [Backend] DB 응답 수신: 쿼리 결과 데이터
2025-04-03 11:38:26,393 - backend_service - INFO - [backend_service.py:41] - [Backend] 요청 받음: slow
2025-04-03 11:38:26,393 - backend_service - INFO - [backend_service.py:42] - [Backend] 패턴 설정 - 서킷브레이커: False, 데드라인: True, 백프레셔: False
2025-04-03 11:38:26,394 - backend_service - INFO - [backend_service.py:80] - [Backend] 데드라인 패턴 사용 (3초)
2025-04-03 11:38:26,577 - backend_service - INFO - [backend_service.py:98] - [Backend] DB 응답 수신: 쿼리 결과 데이터
2025-04-03 11:38:27,177 - backend_service - INFO - [backend_service.py:41] - [Backend] 요청 받음: slow
2025-04-03 11:38:27,178 - backend_service - INFO - [backend_service.py:42] - [Backend] 패턴 설정 - 서킷브레이커: False, 데드라인: True, 백프레셔: False
2025-04-03 11:38:27,178 - backend_service - INFO - [backend_service.py:80] - [Backend] 데드라인 패턴 사용 (3초)
2025-04-03 11:38:27,403 - backend_service - INFO - [backend_service.py:98] - [Backend] DB 응답 수신: 쿼리 결과 데이터
2025-04-03 11:38:28,073 - backend_service - INFO - [backend_service.py:41] - [Backend] 요청 받음: slow
2025-04-03 11:38:28,073 - backend_service - INFO - [backend_service.py:42] - [Backend] 패턴 설정 - 서킷브레이커: False, 데드라인: True, 백프레셔: False
2025-04-03 11:38:28,073 - backend_service - INFO - [backend_service.py:80] - [Backend] 데드라인 패턴 사용 (3초)
2025-04-03 11:38:28,189 - backend_service - INFO - [backend_service.py:98] - [Backend] DB 응답 수신: 쿼리 결과 데이터
2025-04-03 11:38:29,086 - backend_service - INFO - [backend_service.py:98] - [Backend] DB 응답 수신: 쿼리 결과 데이터
2025-04-03 11:38:29,643 - backend_service - INFO - [backend_service.py:41] - [Backend] 요청 받음: slow
2025-04-03 11:38:29,643 - backend_service - INFO - [backend_service.py:42] - [Backend] 패턴 설정 - 서킷브레이커: True, 데드라인: False, 백프레셔: False
2025-04-03 11:38:29,644 - backend_service - INFO - [backend_service.py:64] - [Backend] 서킷브레이커 상태 확인 중...
2025-04-03 11:38:29,644 - backend_service - INFO - [backend_service.py:91] - [Backend] DB 서비스 호출 (데드라인 없음)
2025-04-03 11:38:30,653 - backend_service - INFO - [backend_service.py:98] - [Backend] DB 응답 수신: 쿼리 결과 데이터
2025-04-03 11:38:32,123 - backend_service - INFO - [backend_service.py:41] - [Backend] 요청 받음: slow
2025-04-03 11:38:32,123 - backend_service - INFO - [backend_service.py:42] - [Backend] 패턴 설정 - 서킷브레이커: True, 데드라인: True, 백프레셔: False
2025-04-03 11:38:32,124 - backend_service - INFO - [backend_service.py:64] - [Backend] 서킷브레이커 상태 확인 중...
2025-04-03 11:38:32,124 - backend_service - INFO - [backend_service.py:80] - [Backend] 데드라인 패턴 사용 (3초)
2025-04-03 11:38:33,002 - backend_service - INFO - [backend_service.py:41] - [Backend] 요청 받음: slow
2025-04-03 11:38:33,002 - backend_service - INFO - [backend_service.py:42] - [Backend] 패턴 설정 - 서킷브레이커: True, 데드라인: True, 백프레셔: False
2025-04-03 11:38:33,003 - backend_service - INFO - [backend_service.py:64] - [Backend] 서킷브레이커 상태 확인 중...
2025-04-03 11:38:33,003 - backend_service - INFO - [backend_service.py:80] - [Backend] 데드라인 패턴 사용 (3초)
2025-04-03 11:38:33,137 - backend_service - INFO - [backend_service.py:98] - [Backend] DB 응답 수신: 쿼리 결과 데이터
2025-04-03 11:38:34,021 - backend_service - INFO - [backend_service.py:98] - [Backend] DB 응답 수신: 쿼리 결과 데이터
2025-04-03 11:38:39,905 - backend_service - INFO - [backend_service.py:41] - [Backend] 요청 받음: slow
2025-04-03 11:38:39,906 - backend_service - INFO - [backend_service.py:42] - [Backend] 패턴 설정 - 서킷브레이커: False, 데드라인: True, 백프레셔: False
2025-04-03 11:38:39,906 - backend_service - INFO - [backend_service.py:80] - [Backend] 데드라인 패턴 사용 (3초)
2025-04-03 11:38:39,907 - backend_service - INFO - [backend_service.py:41] - [Backend] 요청 받음: slow
2025-04-03 11:38:39,908 - backend_service - INFO - [backend_service.py:42] - [Backend] 패턴 설정 - 서킷브레이커: False, 데드라인: True, 백프레셔: False
2025-04-03 11:38:39,908 - backend_service - INFO - [backend_service.py:80] - [Backend] 데드라인 패턴 사용 (3초)
2025-04-03 11:38:39,910 - backend_service - INFO - [backend_service.py:41] - [Backend] 요청 받음: slow
2025-04-03 11:38:39,911 - backend_service - INFO - [backend_service.py:42] - [Backend] 패턴 설정 - 서킷브레이커: False, 데드라인: True, 백프레셔: False
2025-04-03 11:38:39,912 - backend_service - INFO - [backend_service.py:80] - [Backend] 데드라인 패턴 사용 (3초)
2025-04-03 11:38:39,914 - backend_service - INFO - [backend_service.py:41] - [Backend] 요청 받음: slow
2025-04-03 11:38:39,914 - backend_service - INFO - [backend_service.py:42] - [Backend] 패턴 설정 - 서킷브레이커: False, 데드라인: True, 백프레셔: False
2025-04-03 11:38:39,916 - backend_service - INFO - [backend_service.py:80] - [Backend] 데드라인 패턴 사용 (3초)
2025-04-03 11:38:39,920 - backend_service - INFO - [backend_service.py:41] - [Backend] 요청 받음: slow
2025-04-03 11:38:39,921 - backend_service - INFO - [backend_service.py:42] - [Backend] 패턴 설정 - 서킷브레이커: False, 데드라인: True, 백프레셔: False
2025-04-03 11:38:39,922 - backend_service - INFO - [backend_service.py:80] - [Backend] 데드라인 패턴 사용 (3초)
2025-04-03 11:38:39,969 - backend_service - INFO - [backend_service.py:41] - [Backend] 요청 받음: slow
2025-04-03 11:38:39,969 - backend_service - INFO - [backend_service.py:42] - [Backend] 패턴 설정 - 서킷브레이커: False, 데드라인: True, 백프레셔: False
2025-04-03 11:38:39,970 - backend_service - INFO - [backend_service.py:80] - [Backend] 데드라인 패턴 사용 (3초)
2025-04-03 11:38:40,548 - backend_service - INFO - [backend_service.py:41] - [Backend] 요청 받음: slow
2025-04-03 11:38:40,548 - backend_service - INFO - [backend_service.py:41] - [Backend] 요청 받음: slow
2025-04-03 11:38:40,549 - backend_service - INFO - [backend_service.py:42] - [Backend] 패턴 설정 - 서킷브레이커: False, 데드라인: True, 백프레셔: False
2025-04-03 11:38:40,549 - backend_service - INFO - [backend_service.py:42] - [Backend] 패턴 설정 - 서킷브레이커: False, 데드라인: True, 백프레셔: False
2025-04-03 11:38:40,549 - backend_service - INFO - [backend_service.py:41] - [Backend] 요청 받음: slow
2025-04-03 11:38:40,550 - backend_service - INFO - [backend_service.py:80] - [Backend] 데드라인 패턴 사용 (3초)
2025-04-03 11:38:40,550 - backend_service - INFO - [backend_service.py:41] - [Backend] 요청 받음: slow
2025-04-03 11:38:40,550 - backend_service - INFO - [backend_service.py:80] - [Backend] 데드라인 패턴 사용 (3초)
2025-04-03 11:38:40,550 - backend_service - INFO - [backend_service.py:42] - [Backend] 패턴 설정 - 서킷브레이커: False, 데드라인: True, 백프레셔: False
2025-04-03 11:38:40,551 - backend_service - INFO - [backend_service.py:42] - [Backend] 패턴 설정 - 서킷브레이커: False, 데드라인: True, 백프레셔: False
2025-04-03 11:38:40,551 - backend_service - INFO - [backend_service.py:80] - [Backend] 데드라인 패턴 사용 (3초)
2025-04-03 11:38:40,552 - backend_service - INFO - [backend_service.py:80] - [Backend] 데드라인 패턴 사용 (3초)
2025-04-03 11:38:40,920 - backend_service - INFO - [backend_service.py:98] - [Backend] DB 응답 수신: 쿼리 결과 데이터
2025-04-03 11:38:40,921 - backend_service - INFO - [backend_service.py:98] - [Backend] DB 응답 수신: 쿼리 결과 데이터
2025-04-03 11:38:40,937 - backend_service - INFO - [backend_service.py:98] - [Backend] DB 응답 수신: 쿼리 결과 데이터
2025-04-03 11:38:40,937 - backend_service - INFO - [backend_service.py:98] - [Backend] DB 응답 수신: 쿼리 결과 데이터
2025-04-03 11:38:40,938 - backend_service - INFO - [backend_service.py:98] - [Backend] DB 응답 수신: 쿼리 결과 데이터
2025-04-03 11:38:40,981 - backend_service - INFO - [backend_service.py:98] - [Backend] DB 응답 수신: 쿼리 결과 데이터
2025-04-03 11:38:41,571 - backend_service - INFO - [backend_service.py:98] - [Backend] DB 응답 수신: 쿼리 결과 데이터
2025-04-03 11:38:41,571 - backend_service - INFO - [backend_service.py:98] - [Backend] DB 응답 수신: 쿼리 결과 데이터
2025-04-03 11:38:41,571 - backend_service - INFO - [backend_service.py:98] - [Backend] DB 응답 수신: 쿼리 결과 데이터
2025-04-03 11:38:41,572 - backend_service - INFO - [backend_service.py:98] - [Backend] DB 응답 수신: 쿼리 결과 데이터
2025-04-03 11:38:43,236 - backend_service - INFO - [backend_service.py:41] - [Backend] 요청 받음: slow
2025-04-03 11:38:43,237 - backend_service - INFO - [backend_service.py:42] - [Backend] 패턴 설정 - 서킷브레이커: False, 데드라인: False, 백프레셔: True
2025-04-03 11:38:43,239 - backend_service - INFO - [backend_service.py:91] - [Backend] DB 서비스 호출 (데드라인 없음)
2025-04-03 11:38:43,243 - backend_service - INFO - [backend_service.py:41] - [Backend] 요청 받음: slow
2025-04-03 11:38:43,244 - backend_service - INFO - [backend_service.py:42] - [Backend] 패턴 설정 - 서킷브레이커: False, 데드라인: False, 백프레셔: True
2025-04-03 11:38:43,245 - backend_service - INFO - [backend_service.py:91] - [Backend] DB 서비스 호출 (데드라인 없음)
2025-04-03 11:38:43,248 - backend_service - INFO - [backend_service.py:41] - [Backend] 요청 받음: slow
2025-04-03 11:38:43,249 - backend_service - INFO - [backend_service.py:42] - [Backend] 패턴 설정 - 서킷브레이커: False, 데드라인: False, 백프레셔: True
2025-04-03 11:38:43,250 - backend_service - INFO - [backend_service.py:91] - [Backend] DB 서비스 호출 (데드라인 없음)
2025-04-03 11:38:43,364 - backend_service - INFO - [backend_service.py:41] - [Backend] 요청 받음: slow
2025-04-03 11:38:43,365 - backend_service - INFO - [backend_service.py:42] - [Backend] 패턴 설정 - 서킷브레이커: False, 데드라인: False, 백프레셔: True
2025-04-03 11:38:43,365 - backend_service - INFO - [backend_service.py:41] - [Backend] 요청 받음: slow
2025-04-03 11:38:43,366 - backend_service - INFO - [backend_service.py:91] - [Backend] DB 서비스 호출 (데드라인 없음)
2025-04-03 11:38:43,366 - backend_service - INFO - [backend_service.py:41] - [Backend] 요청 받음: slow
2025-04-03 11:38:43,366 - backend_service - INFO - [backend_service.py:42] - [Backend] 패턴 설정 - 서킷브레이커: False, 데드라인: False, 백프레셔: True
2025-04-03 11:38:43,367 - backend_service - INFO - [backend_service.py:42] - [Backend] 패턴 설정 - 서킷브레이커: False, 데드라인: False, 백프레셔: True
2025-04-03 11:38:43,368 - backend_service - WARNING - [backend_service.py:49] - [Backend] 백프레셔 패턴 발동 - 과부하 상태
2025-04-03 11:38:43,368 - backend_service - WARNING - [backend_service.py:49] - [Backend] 백프레셔 패턴 발동 - 과부하 상태
2025-04-03 11:38:43,447 - backend_service - INFO - [backend_service.py:41] - [Backend] 요청 받음: slow
2025-04-03 11:38:43,448 - backend_service - INFO - [backend_service.py:42] - [Backend] 패턴 설정 - 서킷브레이커: False, 데드라인: False, 백프레셔: True
2025-04-03 11:38:43,449 - backend_service - WARNING - [backend_service.py:49] - [Backend] 백프레셔 패턴 발동 - 과부하 상태
2025-04-03 11:38:43,480 - backend_service - INFO - [backend_service.py:41] - [Backend] 요청 받음: slow
2025-04-03 11:38:43,480 - backend_service - INFO - [backend_service.py:42] - [Backend] 패턴 설정 - 서킷브레이커: False, 데드라인: False, 백프레셔: True
2025-04-03 11:38:43,481 - backend_service - WARNING - [backend_service.py:49] - [Backend] 백프레셔 패턴 발동 - 과부하 상태
2025-04-03 11:38:43,535 - backend_service - INFO - [backend_service.py:41] - [Backend] 요청 받음: slow
2025-04-03 11:38:43,536 - backend_service - INFO - [backend_service.py:42] - [Backend] 패턴 설정 - 서킷브레이커: False, 데드라인: False, 백프레셔: True
2025-04-03 11:38:43,536 - backend_service - WARNING - [backend_service.py:49] - [Backend] 백프레셔 패턴 발동 - 과부하 상태
2025-04-03 11:38:43,559 - backend_service - INFO - [backend_service.py:41] - [Backend] 요청 받음: slow
2025-04-03 11:38:43,560 - backend_service - INFO - [backend_service.py:42] - [Backend] 패턴 설정 - 서킷브레이커: False, 데드라인: False, 백프레셔: True
2025-04-03 11:38:43,561 - backend_service - WARNING - [backend_service.py:49] - [Backend] 백프레셔 패턴 발동 - 과부하 상태
2025-04-03 11:38:44,254 - backend_service - INFO - [backend_service.py:98] - [Backend] DB 응답 수신: 쿼리 결과 데이터
2025-04-03 11:38:44,254 - backend_service - INFO - [backend_service.py:98] - [Backend] DB 응답 수신: 쿼리 결과 데이터
2025-04-03 11:38:44,270 - backend_service - INFO - [backend_service.py:98] - [Backend] DB 응답 수신: 쿼리 결과 데이터
2025-04-03 11:38:44,377 - backend_service - INFO - [backend_service.py:98] - [Backend] DB 응답 수신: 쿼리 결과 데이터
2025-04-03 11:38:47,151 - backend_service - INFO - [backend_service.py:41] - [Backend] 요청 받음: slow
2025-04-03 11:38:47,152 - backend_service - INFO - [backend_service.py:42] - [Backend] 패턴 설정 - 서킷브레이커: False, 데드라인: False, 백프레셔: True
2025-04-03 11:38:47,153 - backend_service - INFO - [backend_service.py:91] - [Backend] DB 서비스 호출 (데드라인 없음)
2025-04-03 11:38:47,154 - backend_service - INFO - [backend_service.py:41] - [Backend] 요청 받음: slow
2025-04-03 11:38:47,157 - backend_service - INFO - [backend_service.py:42] - [Backend] 패턴 설정 - 서킷브레이커: False, 데드라인: False, 백프레셔: True
2025-04-03 11:38:47,159 - backend_service - INFO - [backend_service.py:91] - [Backend] DB 서비스 호출 (데드라인 없음)
2025-04-03 11:38:47,162 - backend_service - INFO - [backend_service.py:41] - [Backend] 요청 받음: slow
2025-04-03 11:38:47,163 - backend_service - INFO - [backend_service.py:41] - [Backend] 요청 받음: slow
2025-04-03 11:38:47,163 - backend_service - INFO - [backend_service.py:42] - [Backend] 패턴 설정 - 서킷브레이커: False, 데드라인: False, 백프레셔: True
2025-04-03 11:38:47,165 - backend_service - INFO - [backend_service.py:42] - [Backend] 패턴 설정 - 서킷브레이커: False, 데드라인: False, 백프레셔: True
2025-04-03 11:38:47,166 - backend_service - INFO - [backend_service.py:91] - [Backend] DB 서비스 호출 (데드라인 없음)
2025-04-03 11:38:47,167 - backend_service - INFO - [backend_service.py:91] - [Backend] DB 서비스 호출 (데드라인 없음)
2025-04-03 11:38:47,167 - backend_service - INFO - [backend_service.py:41] - [Backend] 요청 받음: slow
2025-04-03 11:38:47,167 - backend_service - INFO - [backend_service.py:41] - [Backend] 요청 받음: slow
2025-04-03 11:38:47,168 - backend_service - INFO - [backend_service.py:42] - [Backend] 패턴 설정 - 서킷브레이커: False, 데드라인: False, 백프레셔: True
2025-04-03 11:38:47,168 - backend_service - INFO - [backend_service.py:42] - [Backend] 패턴 설정 - 서킷브레이커: False, 데드라인: False, 백프레셔: True
2025-04-03 11:38:47,169 - backend_service - WARNING - [backend_service.py:49] - [Backend] 백프레셔 패턴 발동 - 과부하 상태
2025-04-03 11:38:47,169 - backend_service - WARNING - [backend_service.py:49] - [Backend] 백프레셔 패턴 발동 - 과부하 상태
2025-04-03 11:38:47,250 - backend_service - INFO - [backend_service.py:41] - [Backend] 요청 받음: slow
2025-04-03 11:38:47,251 - backend_service - INFO - [backend_service.py:42] - [Backend] 패턴 설정 - 서킷브레이커: False, 데드라인: False, 백프레셔: True
2025-04-03 11:38:47,251 - backend_service - WARNING - [backend_service.py:49] - [Backend] 백프레셔 패턴 발동 - 과부하 상태
2025-04-03 11:38:47,277 - backend_service - INFO - [backend_service.py:41] - [Backend] 요청 받음: slow
2025-04-03 11:38:47,278 - backend_service - INFO - [backend_service.py:42] - [Backend] 패턴 설정 - 서킷브레이커: False, 데드라인: False, 백프레셔: True
2025-04-03 11:38:47,278 - backend_service - WARNING - [backend_service.py:49] - [Backend] 백프레셔 패턴 발동 - 과부하 상태
2025-04-03 11:38:47,330 - backend_service - INFO - [backend_service.py:41] - [Backend] 요청 받음: slow
2025-04-03 11:38:47,330 - backend_service - INFO - [backend_service.py:42] - [Backend] 패턴 설정 - 서킷브레이커: False, 데드라인: False, 백프레셔: True
2025-04-03 11:38:47,332 - backend_service - WARNING - [backend_service.py:49] - [Backend] 백프레셔 패턴 발동 - 과부하 상태
2025-04-03 11:38:47,358 - backend_service - INFO - [backend_service.py:41] - [Backend] 요청 받음: slow
2025-04-03 11:38:47,358 - backend_service - INFO - [backend_service.py:42] - [Backend] 패턴 설정 - 서킷브레이커: False, 데드라인: False, 백프레셔: True
2025-04-03 11:38:47,359 - backend_service - WARNING - [backend_service.py:49] - [Backend] 백프레셔 패턴 발동 - 과부하 상태
2025-04-03 11:38:48,177 - backend_service - INFO - [backend_service.py:98] - [Backend] DB 응답 수신: 쿼리 결과 데이터
2025-04-03 11:38:48,178 - backend_service - INFO - [backend_service.py:98] - [Backend] DB 응답 수신: 쿼리 결과 데이터
2025-04-03 11:38:48,192 - backend_service - INFO - [backend_service.py:98] - [Backend] DB 응답 수신: 쿼리 결과 데이터
2025-04-03 11:38:48,192 - backend_service - INFO - [backend_service.py:98] - [Backend] DB 응답 수신: 쿼리 결과 데이터
2025-04-03 11:38:49,143 - backend_service - INFO - [backend_service.py:41] - [Backend] 요청 받음: slow
2025-04-03 11:38:49,144 - backend_service - INFO - [backend_service.py:42] - [Backend] 패턴 설정 - 서킷브레이커: False, 데드라인: False, 백프레셔: True
2025-04-03 11:38:49,144 - backend_service - INFO - [backend_service.py:91] - [Backend] DB 서비스 호출 (데드라인 없음)
2025-04-03 11:38:49,147 - backend_service - INFO - [backend_service.py:41] - [Backend] 요청 받음: slow
2025-04-03 11:38:49,147 - backend_service - INFO - [backend_service.py:42] - [Backend] 패턴 설정 - 서킷브레이커: False, 데드라인: False, 백프레셔: True
2025-04-03 11:38:49,148 - backend_service - INFO - [backend_service.py:91] - [Backend] DB 서비스 호출 (데드라인 없음)
2025-04-03 11:38:49,151 - backend_service - INFO - [backend_service.py:41] - [Backend] 요청 받음: slow
2025-04-03 11:38:49,151 - backend_service - INFO - [backend_service.py:42] - [Backend] 패턴 설정 - 서킷브레이커: False, 데드라인: False, 백프레셔: True
2025-04-03 11:38:49,152 - backend_service - INFO - [backend_service.py:91] - [Backend] DB 서비스 호출 (데드라인 없음)
2025-04-03 11:38:49,153 - backend_service - INFO - [backend_service.py:41] - [Backend] 요청 받음: slow
2025-04-03 11:38:49,154 - backend_service - INFO - [backend_service.py:42] - [Backend] 패턴 설정 - 서킷브레이커: False, 데드라인: False, 백프레셔: True
2025-04-03 11:38:49,157 - backend_service - INFO - [backend_service.py:91] - [Backend] DB 서비스 호출 (데드라인 없음)
2025-04-03 11:38:49,159 - backend_service - INFO - [backend_service.py:41] - [Backend] 요청 받음: slow
2025-04-03 11:38:49,160 - backend_service - INFO - [backend_service.py:41] - [Backend] 요청 받음: slow
2025-04-03 11:38:49,160 - backend_service - INFO - [backend_service.py:42] - [Backend] 패턴 설정 - 서킷브레이커: False, 데드라인: False, 백프레셔: True
2025-04-03 11:38:49,160 - backend_service - INFO - [backend_service.py:42] - [Backend] 패턴 설정 - 서킷브레이커: False, 데드라인: False, 백프레셔: True
2025-04-03 11:38:49,161 - backend_service - WARNING - [backend_service.py:49] - [Backend] 백프레셔 패턴 발동 - 과부하 상태
2025-04-03 11:38:49,161 - backend_service - WARNING - [backend_service.py:49] - [Backend] 백프레셔 패턴 발동 - 과부하 상태
2025-04-03 11:38:49,234 - backend_service - INFO - [backend_service.py:41] - [Backend] 요청 받음: slow
2025-04-03 11:38:49,234 - backend_service - INFO - [backend_service.py:42] - [Backend] 패턴 설정 - 서킷브레이커: False, 데드라인: False, 백프레셔: True
2025-04-03 11:38:49,235 - backend_service - WARNING - [backend_service.py:49] - [Backend] 백프레셔 패턴 발동 - 과부하 상태
2025-04-03 11:38:49,260 - backend_service - INFO - [backend_service.py:41] - [Backend] 요청 받음: slow
2025-04-03 11:38:49,260 - backend_service - INFO - [backend_service.py:42] - [Backend] 패턴 설정 - 서킷브레이커: False, 데드라인: False, 백프레셔: True
2025-04-03 11:38:49,260 - backend_service - WARNING - [backend_service.py:49] - [Backend] 백프레셔 패턴 발동 - 과부하 상태
2025-04-03 11:38:49,311 - backend_service - INFO - [backend_service.py:41] - [Backend] 요청 받음: slow
2025-04-03 11:38:49,311 - backend_service - INFO - [backend_service.py:42] - [Backend] 패턴 설정 - 서킷브레이커: False, 데드라인: False, 백프레셔: True
2025-04-03 11:38:49,311 - backend_service - WARNING - [backend_service.py:49] - [Backend] 백프레셔 패턴 발동 - 과부하 상태
2025-04-03 11:38:49,333 - backend_service - INFO - [backend_service.py:41] - [Backend] 요청 받음: slow
2025-04-03 11:38:49,333 - backend_service - INFO - [backend_service.py:42] - [Backend] 패턴 설정 - 서킷브레이커: False, 데드라인: False, 백프레셔: True
2025-04-03 11:38:49,334 - backend_service - WARNING - [backend_service.py:49] - [Backend] 백프레셔 패턴 발동 - 과부하 상태
2025-04-03 11:38:50,161 - backend_service - INFO - [backend_service.py:98] - [Backend] DB 응답 수신: 쿼리 결과 데이터
2025-04-03 11:38:50,162 - backend_service - INFO - [backend_service.py:98] - [Backend] DB 응답 수신: 쿼리 결과 데이터
2025-04-03 11:38:50,162 - backend_service - INFO - [backend_service.py:98] - [Backend] DB 응답 수신: 쿼리 결과 데이터
2025-04-03 11:38:50,177 - backend_service - INFO - [backend_service.py:98] - [Backend] DB 응답 수신: 쿼리 결과 데이터
2025-04-03 11:38:50,870 - backend_service - INFO - [backend_service.py:41] - [Backend] 요청 받음: slow
2025-04-03 11:38:50,871 - backend_service - INFO - [backend_service.py:42] - [Backend] 패턴 설정 - 서킷브레이커: False, 데드라인: False, 백프레셔: True
2025-04-03 11:38:50,872 - backend_service - WARNING - [backend_service.py:49] - [Backend] 백프레셔 패턴 발동 - 과부하 상태
2025-04-03 11:38:50,892 - backend_service - INFO - [backend_service.py:41] - [Backend] 요청 받음: slow
2025-04-03 11:38:50,893 - backend_service - INFO - [backend_service.py:42] - [Backend] 패턴 설정 - 서킷브레이커: False, 데드라인: False, 백프레셔: True
2025-04-03 11:38:50,894 - backend_service - WARNING - [backend_service.py:49] - [Backend] 백프레셔 패턴 발동 - 과부하 상태
2025-04-03 11:38:50,917 - backend_service - INFO - [backend_service.py:41] - [Backend] 요청 받음: slow
2025-04-03 11:38:50,918 - backend_service - INFO - [backend_service.py:41] - [Backend] 요청 받음: slow
2025-04-03 11:38:50,918 - backend_service - INFO - [backend_service.py:41] - [Backend] 요청 받음: slow
2025-04-03 11:38:50,918 - backend_service - INFO - [backend_service.py:42] - [Backend] 패턴 설정 - 서킷브레이커: False, 데드라인: False, 백프레셔: True
2025-04-03 11:38:50,918 - backend_service - INFO - [backend_service.py:41] - [Backend] 요청 받음: slow
2025-04-03 11:38:50,918 - backend_service - INFO - [backend_service.py:42] - [Backend] 패턴 설정 - 서킷브레이커: False, 데드라인: False, 백프레셔: True
2025-04-03 11:38:50,918 - backend_service - INFO - [backend_service.py:42] - [Backend] 패턴 설정 - 서킷브레이커: False, 데드라인: False, 백프레셔: True
2025-04-03 11:38:50,919 - backend_service - INFO - [backend_service.py:42] - [Backend] 패턴 설정 - 서킷브레이커: False, 데드라인: False, 백프레셔: True
2025-04-03 11:38:50,919 - backend_service - WARNING - [backend_service.py:49] - [Backend] 백프레셔 패턴 발동 - 과부하 상태
2025-04-03 11:38:50,920 - backend_service - WARNING - [backend_service.py:49] - [Backend] 백프레셔 패턴 발동 - 과부하 상태
2025-04-03 11:38:50,920 - backend_service - WARNING - [backend_service.py:49] - [Backend] 백프레셔 패턴 발동 - 과부하 상태
2025-04-03 11:38:50,921 - backend_service - WARNING - [backend_service.py:49] - [Backend] 백프레셔 패턴 발동 - 과부하 상태
2025-04-03 11:38:51,055 - backend_service - INFO - [backend_service.py:41] - [Backend] 요청 받음: slow
2025-04-03 11:38:51,055 - backend_service - INFO - [backend_service.py:41] - [Backend] 요청 받음: slow
2025-04-03 11:38:51,056 - backend_service - INFO - [backend_service.py:42] - [Backend] 패턴 설정 - 서킷브레이커: False, 데드라인: False, 백프레셔: True
2025-04-03 11:38:51,056 - backend_service - INFO - [backend_service.py:41] - [Backend] 요청 받음: slow
2025-04-03 11:38:51,057 - backend_service - INFO - [backend_service.py:42] - [Backend] 패턴 설정 - 서킷브레이커: False, 데드라인: False, 백프레셔: True
2025-04-03 11:38:51,056 - backend_service - INFO - [backend_service.py:42] - [Backend] 패턴 설정 - 서킷브레이커: False, 데드라인: False, 백프레셔: True
2025-04-03 11:38:51,058 - backend_service - WARNING - [backend_service.py:49] - [Backend] 백프레셔 패턴 발동 - 과부하 상태
2025-04-03 11:38:51,058 - backend_service - WARNING - [backend_service.py:49] - [Backend] 백프레셔 패턴 발동 - 과부하 상태
2025-04-03 11:38:51,059 - backend_service - WARNING - [backend_service.py:49] - [Backend] 백프레셔 패턴 발동 - 과부하 상태
2025-04-03 11:38:53,533 - backend_service - INFO - [backend_service.py:41] - [Backend] 요청 받음: slow
2025-04-03 11:38:53,533 - backend_service - INFO - [backend_service.py:42] - [Backend] 패턴 설정 - 서킷브레이커: False, 데드라인: False, 백프레셔: True
2025-04-03 11:38:53,534 - backend_service - WARNING - [backend_service.py:49] - [Backend] 백프레셔 패턴 발동 - 과부하 상태
2025-04-03 11:38:53,553 - backend_service - INFO - [backend_service.py:41] - [Backend] 요청 받음: slow
2025-04-03 11:38:53,553 - backend_service - INFO - [backend_service.py:41] - [Backend] 요청 받음: slow
2025-04-03 11:38:53,553 - backend_service - INFO - [backend_service.py:41] - [Backend] 요청 받음: slow
2025-04-03 11:38:53,554 - backend_service - INFO - [backend_service.py:42] - [Backend] 패턴 설정 - 서킷브레이커: False, 데드라인: False, 백프레셔: True
2025-04-03 11:38:53,554 - backend_service - INFO - [backend_service.py:42] - [Backend] 패턴 설정 - 서킷브레이커: False, 데드라인: False, 백프레셔: True
2025-04-03 11:38:53,554 - backend_service - INFO - [backend_service.py:42] - [Backend] 패턴 설정 - 서킷브레이커: False, 데드라인: False, 백프레셔: True
2025-04-03 11:38:53,555 - backend_service - WARNING - [backend_service.py:49] - [Backend] 백프레셔 패턴 발동 - 과부하 상태
2025-04-03 11:38:53,555 - backend_service - WARNING - [backend_service.py:49] - [Backend] 백프레셔 패턴 발동 - 과부하 상태
2025-04-03 11:38:53,556 - backend_service - WARNING - [backend_service.py:49] - [Backend] 백프레셔 패턴 발동 - 과부하 상태
2025-04-03 11:38:53,623 - backend_service - INFO - [backend_service.py:41] - [Backend] 요청 받음: slow
2025-04-03 11:38:53,623 - backend_service - INFO - [backend_service.py:41] - [Backend] 요청 받음: slow
2025-04-03 11:38:53,623 - backend_service - INFO - [backend_service.py:42] - [Backend] 패턴 설정 - 서킷브레이커: False, 데드라인: False, 백프레셔: True
2025-04-03 11:38:53,627 - backend_service - WARNING - [backend_service.py:49] - [Backend] 백프레셔 패턴 발동 - 과부하 상태
2025-04-03 11:38:53,624 - backend_service - INFO - [backend_service.py:42] - [Backend] 패턴 설정 - 서킷브레이커: False, 데드라인: False, 백프레셔: True
2025-04-03 11:38:53,631 - backend_service - WARNING - [backend_service.py:49] - [Backend] 백프레셔 패턴 발동 - 과부하 상태
2025-04-03 11:38:53,691 - backend_service - INFO - [backend_service.py:41] - [Backend] 요청 받음: slow
2025-04-03 11:38:53,692 - backend_service - INFO - [backend_service.py:42] - [Backend] 패턴 설정 - 서킷브레이커: False, 데드라인: False, 백프레셔: True
2025-04-03 11:38:53,692 - backend_service - INFO - [backend_service.py:41] - [Backend] 요청 받음: slow
2025-04-03 11:38:53,693 - backend_service - INFO - [backend_service.py:41] - [Backend] 요청 받음: slow
2025-04-03 11:38:53,694 - backend_service - INFO - [backend_service.py:42] - [Backend] 패턴 설정 - 서킷브레이커: False, 데드라인: False, 백프레셔: True
2025-04-03 11:38:53,694 - backend_service - INFO - [backend_service.py:42] - [Backend] 패턴 설정 - 서킷브레이커: False, 데드라인: False, 백프레셔: True
2025-04-03 11:38:53,694 - backend_service - WARNING - [backend_service.py:49] - [Backend] 백프레셔 패턴 발동 - 과부하 상태
2025-04-03 11:38:53,695 - backend_service - WARNING - [backend_service.py:49] - [Backend] 백프레셔 패턴 발동 - 과부하 상태
2025-04-03 11:38:53,697 - backend_service - WARNING - [backend_service.py:49] - [Backend] 백프레셔 패턴 발동 - 과부하 상태
2025-04-03 11:38:59,778 - backend_service - INFO - [backend_service.py:41] - [Backend] 요청 받음: slow
2025-04-03 11:38:59,779 - backend_service - INFO - [backend_service.py:42] - [Backend] 패턴 설정 - 서킷브레이커: False, 데드라인: False, 백프레셔: True
2025-04-03 11:38:59,780 - backend_service - INFO - [backend_service.py:91] - [Backend] DB 서비스 호출 (데드라인 없음)
2025-04-03 11:38:59,785 - backend_service - INFO - [backend_service.py:41] - [Backend] 요청 받음: slow
2025-04-03 11:38:59,786 - backend_service - INFO - [backend_service.py:42] - [Backend] 패턴 설정 - 서킷브레이커: False, 데드라인: False, 백프레셔: True
2025-04-03 11:38:59,787 - backend_service - INFO - [backend_service.py:91] - [Backend] DB 서비스 호출 (데드라인 없음)
2025-04-03 11:38:59,790 - backend_service - INFO - [backend_service.py:41] - [Backend] 요청 받음: slow
2025-04-03 11:38:59,791 - backend_service - INFO - [backend_service.py:42] - [Backend] 패턴 설정 - 서킷브레이커: False, 데드라인: False, 백프레셔: True
2025-04-03 11:38:59,791 - backend_service - INFO - [backend_service.py:91] - [Backend] DB 서비스 호출 (데드라인 없음)
2025-04-03 11:38:59,798 - backend_service - INFO - [backend_service.py:41] - [Backend] 요청 받음: slow
2025-04-03 11:38:59,798 - backend_service - INFO - [backend_service.py:42] - [Backend] 패턴 설정 - 서킷브레이커: False, 데드라인: False, 백프레셔: True
2025-04-03 11:38:59,799 - backend_service - INFO - [backend_service.py:91] - [Backend] DB 서비스 호출 (데드라인 없음)
2025-04-03 11:38:59,802 - backend_service - INFO - [backend_service.py:41] - [Backend] 요청 받음: slow
2025-04-03 11:38:59,802 - backend_service - INFO - [backend_service.py:42] - [Backend] 패턴 설정 - 서킷브레이커: False, 데드라인: False, 백프레셔: True
2025-04-03 11:38:59,803 - backend_service - WARNING - [backend_service.py:49] - [Backend] 백프레셔 패턴 발동 - 과부하 상태
2025-04-03 11:38:59,826 - backend_service - INFO - [backend_service.py:41] - [Backend] 요청 받음: slow
2025-04-03 11:38:59,827 - backend_service - INFO - [backend_service.py:42] - [Backend] 패턴 설정 - 서킷브레이커: False, 데드라인: False, 백프레셔: True
2025-04-03 11:38:59,828 - backend_service - WARNING - [backend_service.py:49] - [Backend] 백프레셔 패턴 발동 - 과부하 상태
2025-04-03 11:38:59,905 - backend_service - INFO - [backend_service.py:41] - [Backend] 요청 받음: slow
2025-04-03 11:38:59,905 - backend_service - INFO - [backend_service.py:42] - [Backend] 패턴 설정 - 서킷브레이커: False, 데드라인: False, 백프레셔: True
2025-04-03 11:38:59,906 - backend_service - WARNING - [backend_service.py:49] - [Backend] 백프레셔 패턴 발동 - 과부하 상태
2025-04-03 11:38:59,929 - backend_service - INFO - [backend_service.py:41] - [Backend] 요청 받음: slow
2025-04-03 11:38:59,929 - backend_service - INFO - [backend_service.py:42] - [Backend] 패턴 설정 - 서킷브레이커: False, 데드라인: False, 백프레셔: True
2025-04-03 11:38:59,930 - backend_service - WARNING - [backend_service.py:49] - [Backend] 백프레셔 패턴 발동 - 과부하 상태
2025-04-03 11:38:59,990 - backend_service - INFO - [backend_service.py:41] - [Backend] 요청 받음: slow
2025-04-03 11:38:59,991 - backend_service - INFO - [backend_service.py:42] - [Backend] 패턴 설정 - 서킷브레이커: False, 데드라인: False, 백프레셔: True
2025-04-03 11:38:59,992 - backend_service - WARNING - [backend_service.py:49] - [Backend] 백프레셔 패턴 발동 - 과부하 상태
2025-04-03 11:39:00,026 - backend_service - INFO - [backend_service.py:41] - [Backend] 요청 받음: slow
2025-04-03 11:39:00,028 - backend_service - INFO - [backend_service.py:42] - [Backend] 패턴 설정 - 서킷브레이커: False, 데드라인: False, 백프레셔: True
2025-04-03 11:39:00,029 - backend_service - WARNING - [backend_service.py:49] - [Backend] 백프레셔 패턴 발동 - 과부하 상태
2025-04-03 11:39:00,791 - backend_service - INFO - [backend_service.py:98] - [Backend] DB 응답 수신: 쿼리 결과 데이터
2025-04-03 11:39:00,807 - backend_service - INFO - [backend_service.py:98] - [Backend] DB 응답 수신: 쿼리 결과 데이터
2025-04-03 11:39:00,807 - backend_service - INFO - [backend_service.py:98] - [Backend] DB 응답 수신: 쿼리 결과 데이터
2025-04-03 11:39:00,807 - backend_service - INFO - [backend_service.py:98] - [Backend] DB 응답 수신: 쿼리 결과 데이터
2025-04-03 11:39:21,985 - backend_service - INFO - [backend_service.py:41] - [Backend] 요청 받음: slow
2025-04-03 11:39:21,985 - backend_service - INFO - [backend_service.py:42] - [Backend] 패턴 설정 - 서킷브레이커: False, 데드라인: True, 백프레셔: False
2025-04-03 11:39:21,986 - backend_service - INFO - [backend_service.py:80] - [Backend] 데드라인 패턴 사용 (3초)
2025-04-03 11:39:23,008 - backend_service - INFO - [backend_service.py:98] - [Backend] DB 응답 수신: 쿼리 결과 데이터
2025-04-03 11:39:36,542 - backend_service - INFO - [backend_service.py:41] - [Backend] 요청 받음: slow
2025-04-03 11:39:36,542 - backend_service - INFO - [backend_service.py:42] - [Backend] 패턴 설정 - 서킷브레이커: False, 데드라인: True, 백프레셔: False
2025-04-03 11:39:36,544 - backend_service - INFO - [backend_service.py:80] - [Backend] 데드라인 패턴 사용 (3초)
2025-04-03 11:39:37,563 - backend_service - INFO - [backend_service.py:98] - [Backend] DB 응답 수신: 쿼리 결과 데이터
2025-04-03 11:39:38,965 - backend_service - INFO - [backend_service.py:41] - [Backend] 요청 받음: slow
2025-04-03 11:39:38,965 - backend_service - INFO - [backend_service.py:42] - [Backend] 패턴 설정 - 서킷브레이커: True, 데드라인: False, 백프레셔: False
2025-04-03 11:39:38,966 - backend_service - INFO - [backend_service.py:64] - [Backend] 서킷브레이커 상태 확인 중...
2025-04-03 11:39:38,966 - backend_service - INFO - [backend_service.py:91] - [Backend] DB 서비스 호출 (데드라인 없음)
2025-04-03 11:39:39,985 - backend_service - INFO - [backend_service.py:98] - [Backend] DB 응답 수신: 쿼리 결과 데이터
2025-04-03 11:39:42,763 - backend_service - INFO - [backend_service.py:41] - [Backend] 요청 받음: slow
2025-04-03 11:39:42,763 - backend_service - INFO - [backend_service.py:42] - [Backend] 패턴 설정 - 서킷브레이커: True, 데드라인: True, 백프레셔: False
2025-04-03 11:39:42,764 - backend_service - INFO - [backend_service.py:64] - [Backend] 서킷브레이커 상태 확인 중...
2025-04-03 11:39:42,765 - backend_service - INFO - [backend_service.py:80] - [Backend] 데드라인 패턴 사용 (3초)
2025-04-03 11:39:43,752 - backend_service - INFO - [backend_service.py:41] - [Backend] 요청 받음: slow
2025-04-03 11:39:43,752 - backend_service - INFO - [backend_service.py:42] - [Backend] 패턴 설정 - 서킷브레이커: True, 데드라인: True, 백프레셔: False
2025-04-03 11:39:43,753 - backend_service - INFO - [backend_service.py:64] - [Backend] 서킷브레이커 상태 확인 중...
2025-04-03 11:39:43,753 - backend_service - INFO - [backend_service.py:80] - [Backend] 데드라인 패턴 사용 (3초)
2025-04-03 11:39:43,782 - backend_service - INFO - [backend_service.py:98] - [Backend] DB 응답 수신: 쿼리 결과 데이터
2025-04-03 11:39:44,758 - backend_service - INFO - [backend_service.py:98] - [Backend] DB 응답 수신: 쿼리 결과 데이터
2025-04-03 11:39:55,114 - backend_service - INFO - [backend_service.py:41] - [Backend] 요청 받음: slow
2025-04-03 11:39:55,114 - backend_service - INFO - [backend_service.py:42] - [Backend] 패턴 설정 - 서킷브레이커: True, 데드라인: False, 백프레셔: False
2025-04-03 11:39:55,115 - backend_service - INFO - [backend_service.py:64] - [Backend] 서킷브레이커 상태 확인 중...
2025-04-03 11:39:55,115 - backend_service - INFO - [backend_service.py:91] - [Backend] DB 서비스 호출 (데드라인 없음)
2025-04-03 11:39:56,123 - backend_service - INFO - [backend_service.py:98] - [Backend] DB 응답 수신: 쿼리 결과 데이터
2025-04-03 11:39:57,395 - backend_service - INFO - [backend_service.py:41] - [Backend] 요청 받음: slow
2025-04-03 11:39:57,396 - backend_service - INFO - [backend_service.py:42] - [Backend] 패턴 설정 - 서킷브레이커: True, 데드라인: False, 백프레셔: False
2025-04-03 11:39:57,396 - backend_service - INFO - [backend_service.py:64] - [Backend] 서킷브레이커 상태 확인 중...
2025-04-03 11:39:57,397 - backend_service - INFO - [backend_service.py:91] - [Backend] DB 서비스 호출 (데드라인 없음)
2025-04-03 11:39:58,411 - backend_service - INFO - [backend_service.py:98] - [Backend] DB 응답 수신: 쿼리 결과 데이터
2025-04-03 11:39:58,768 - backend_service - INFO - [backend_service.py:41] - [Backend] 요청 받음: slow
2025-04-03 11:39:58,768 - backend_service - INFO - [backend_service.py:42] - [Backend] 패턴 설정 - 서킷브레이커: True, 데드라인: False, 백프레셔: False
2025-04-03 11:39:58,769 - backend_service - INFO - [backend_service.py:64] - [Backend] 서킷브레이커 상태 확인 중...
2025-04-03 11:39:58,770 - backend_service - INFO - [backend_service.py:91] - [Backend] DB 서비스 호출 (데드라인 없음)
2025-04-03 11:39:59,777 - backend_service - INFO - [backend_service.py:98] - [Backend] DB 응답 수신: 쿼리 결과 데이터
2025-04-03 11:40:00,392 - backend_service - INFO - [backend_service.py:41] - [Backend] 요청 받음: slow
2025-04-03 11:40:00,393 - backend_service - INFO - [backend_service.py:42] - [Backend] 패턴 설정 - 서킷브레이커: False, 데드라인: False, 백프레셔: False
2025-04-03 11:40:00,394 - backend_service - INFO - [backend_service.py:91] - [Backend] DB 서비스 호출 (데드라인 없음)
2025-04-03 11:40:01,416 - backend_service - INFO - [backend_service.py:98] - [Backend] DB 응답 수신: 쿼리 결과 데이터
2025-04-03 11:40:02,983 - backend_service - INFO - [backend_service.py:41] - [Backend] 요청 받음: slow
2025-04-03 11:40:02,984 - backend_service - INFO - [backend_service.py:42] - [Backend] 패턴 설정 - 서킷브레이커: False, 데드라인: False, 백프레셔: False
2025-04-03 11:40:02,984 - backend_service - INFO - [backend_service.py:91] - [Backend] DB 서비스 호출 (데드라인 없음)
2025-04-03 11:40:02,988 - backend_service - INFO - [backend_service.py:41] - [Backend] 요청 받음: slow
2025-04-03 11:40:02,989 - backend_service - INFO - [backend_service.py:42] - [Backend] 패턴 설정 - 서킷브레이커: False, 데드라인: False, 백프레셔: False
2025-04-03 11:40:02,991 - backend_service - INFO - [backend_service.py:91] - [Backend] DB 서비스 호출 (데드라인 없음)
2025-04-03 11:40:02,995 - backend_service - INFO - [backend_service.py:41] - [Backend] 요청 받음: slow
2025-04-03 11:40:02,995 - backend_service - INFO - [backend_service.py:42] - [Backend] 패턴 설정 - 서킷브레이커: False, 데드라인: False, 백프레셔: False
2025-04-03 11:40:02,996 - backend_service - INFO - [backend_service.py:91] - [Backend] DB 서비스 호출 (데드라인 없음)
2025-04-03 11:40:02,996 - backend_service - INFO - [backend_service.py:41] - [Backend] 요청 받음: slow
2025-04-03 11:40:02,997 - backend_service - INFO - [backend_service.py:42] - [Backend] 패턴 설정 - 서킷브레이커: False, 데드라인: False, 백프레셔: False
2025-04-03 11:40:02,998 - backend_service - INFO - [backend_service.py:41] - [Backend] 요청 받음: slow
2025-04-03 11:40:02,999 - backend_service - INFO - [backend_service.py:91] - [Backend] DB 서비스 호출 (데드라인 없음)
2025-04-03 11:40:02,999 - backend_service - INFO - [backend_service.py:42] - [Backend] 패턴 설정 - 서킷브레이커: False, 데드라인: False, 백프레셔: False
2025-04-03 11:40:03,000 - backend_service - INFO - [backend_service.py:91] - [Backend] DB 서비스 호출 (데드라인 없음)
2025-04-03 11:40:03,047 - backend_service - INFO - [backend_service.py:41] - [Backend] 요청 받음: slow
2025-04-03 11:40:03,048 - backend_service - INFO - [backend_service.py:42] - [Backend] 패턴 설정 - 서킷브레이커: False, 데드라인: False, 백프레셔: False
2025-04-03 11:40:03,048 - backend_service - INFO - [backend_service.py:91] - [Backend] DB 서비스 호출 (데드라인 없음)
2025-04-03 11:40:03,993 - backend_service - INFO - [backend_service.py:98] - [Backend] DB 응답 수신: 쿼리 결과 데이터
2025-04-03 11:40:04,007 - backend_service - INFO - [backend_service.py:41] - [Backend] 요청 받음: slow
2025-04-03 11:40:04,009 - backend_service - INFO - [backend_service.py:42] - [Backend] 패턴 설정 - 서킷브레이커: False, 데드라인: False, 백프레셔: False
2025-04-03 11:40:04,010 - backend_service - INFO - [backend_service.py:91] - [Backend] DB 서비스 호출 (데드라인 없음)
2025-04-03 11:40:04,011 - backend_service - INFO - [backend_service.py:98] - [Backend] DB 응답 수신: 쿼리 결과 데이터
2025-04-03 11:40:04,011 - backend_service - INFO - [backend_service.py:98] - [Backend] DB 응답 수신: 쿼리 결과 데이터
2025-04-03 11:40:04,011 - backend_service - INFO - [backend_service.py:98] - [Backend] DB 응답 수신: 쿼리 결과 데이터
2025-04-03 11:40:04,011 - backend_service - INFO - [backend_service.py:98] - [Backend] DB 응답 수신: 쿼리 결과 데이터
2025-04-03 11:40:04,049 - backend_service - INFO - [backend_service.py:41] - [Backend] 요청 받음: slow
2025-04-03 11:40:04,050 - backend_service - INFO - [backend_service.py:42] - [Backend] 패턴 설정 - 서킷브레이커: False, 데드라인: False, 백프레셔: False
2025-04-03 11:40:04,050 - backend_service - INFO - [backend_service.py:41] - [Backend] 요청 받음: slow
2025-04-03 11:40:04,050 - backend_service - INFO - [backend_service.py:91] - [Backend] DB 서비스 호출 (데드라인 없음)
2025-04-03 11:40:04,051 - backend_service - INFO - [backend_service.py:41] - [Backend] 요청 받음: slow
2025-04-03 11:40:04,051 - backend_service - INFO - [backend_service.py:42] - [Backend] 패턴 설정 - 서킷브레이커: False, 데드라인: False, 백프레셔: False
2025-04-03 11:40:04,051 - backend_service - INFO - [backend_service.py:42] - [Backend] 패턴 설정 - 서킷브레이커: False, 데드라인: False, 백프레셔: False
2025-04-03 11:40:04,052 - backend_service - INFO - [backend_service.py:91] - [Backend] DB 서비스 호출 (데드라인 없음)
2025-04-03 11:40:04,052 - backend_service - INFO - [backend_service.py:91] - [Backend] DB 서비스 호출 (데드라인 없음)
2025-04-03 11:40:04,055 - backend_service - INFO - [backend_service.py:98] - [Backend] DB 응답 수신: 쿼리 결과 데이터
2025-04-03 11:40:05,016 - backend_service - INFO - [backend_service.py:98] - [Backend] DB 응답 수신: 쿼리 결과 데이터
2025-04-03 11:40:05,064 - backend_service - INFO - [backend_service.py:98] - [Backend] DB 응답 수신: 쿼리 결과 데이터
2025-04-03 11:40:05,064 - backend_service - INFO - [backend_service.py:98] - [Backend] DB 응답 수신: 쿼리 결과 데이터
2025-04-03 11:40:05,065 - backend_service - INFO - [backend_service.py:98] - [Backend] DB 응답 수신: 쿼리 결과 데이터
