2025-04-03 14:35:29,311 - backend_no_pattern - INFO - [backend_service_base.py:47] - [backend_no_pattern] 초기화 - 패턴 설정: 서킷브레이커=False, 데드라인=False, 백프레셔=False
2025-04-03 14:35:37,791 - backend_no_pattern - INFO - [backend_service_base.py:56] - [backend_no_pattern] 요청 받음: normal
2025-04-03 14:35:37,792 - backend_no_pattern - INFO - [backend_service_base.py:57] - [backend_no_pattern] 패턴 설정 - 서킷브레이커: False, 데드라인: False, 백프레셔: False
2025-04-03 14:35:37,803 - backend_no_pattern - INFO - [backend_service_base.py:108] - [backend_no_pattern] DB 서비스 호출 (데드라인 없음)
2025-04-03 14:35:37,814 - backend_no_pattern - INFO - [backend_service_base.py:115] - [backend_no_pattern] DB 응답 수신: 쿼리 결과 데이터
2025-04-03 14:35:41,967 - backend_no_pattern - INFO - [backend_service_base.py:56] - [backend_no_pattern] 요청 받음: slow
2025-04-03 14:35:41,969 - backend_no_pattern - INFO - [backend_service_base.py:57] - [backend_no_pattern] 패턴 설정 - 서킷브레이커: False, 데드라인: True, 백프레셔: False
2025-04-03 14:35:41,971 - backend_no_pattern - INFO - [backend_service_base.py:97] - [backend_no_pattern] 데드라인 패턴 사용 (0.5초)
2025-04-03 14:35:42,513 - backend_no_pattern - ERROR - [backend_service_base.py:133] - [backend_no_pattern] DB 호출 중 오류: StatusCode.DEADLINE_EXCEEDED - Deadline Exceeded
2025-04-03 14:35:47,703 - backend_no_pattern - INFO - [backend_service_base.py:56] - [backend_no_pattern] 요청 받음: slow
2025-04-03 14:35:47,704 - backend_no_pattern - INFO - [backend_service_base.py:57] - [backend_no_pattern] 패턴 설정 - 서킷브레이커: False, 데드라인: True, 백프레셔: False
2025-04-03 14:35:47,704 - backend_no_pattern - INFO - [backend_service_base.py:97] - [backend_no_pattern] 데드라인 패턴 사용 (0.5초)
2025-04-03 14:35:48,230 - backend_no_pattern - ERROR - [backend_service_base.py:133] - [backend_no_pattern] DB 호출 중 오류: StatusCode.DEADLINE_EXCEEDED - Deadline Exceeded
2025-04-03 14:35:49,443 - backend_no_pattern - INFO - [backend_service_base.py:56] - [backend_no_pattern] 요청 받음: slow
2025-04-03 14:35:49,443 - backend_no_pattern - INFO - [backend_service_base.py:57] - [backend_no_pattern] 패턴 설정 - 서킷브레이커: False, 데드라인: True, 백프레셔: False
2025-04-03 14:35:49,444 - backend_no_pattern - INFO - [backend_service_base.py:97] - [backend_no_pattern] 데드라인 패턴 사용 (0.5초)
2025-04-03 14:35:49,959 - backend_no_pattern - ERROR - [backend_service_base.py:133] - [backend_no_pattern] DB 호출 중 오류: StatusCode.DEADLINE_EXCEEDED - Deadline Exceeded
2025-04-03 14:35:50,500 - backend_no_pattern - INFO - [backend_service_base.py:56] - [backend_no_pattern] 요청 받음: slow
2025-04-03 14:35:50,501 - backend_no_pattern - INFO - [backend_service_base.py:57] - [backend_no_pattern] 패턴 설정 - 서킷브레이커: False, 데드라인: True, 백프레셔: False
2025-04-03 14:35:50,503 - backend_no_pattern - INFO - [backend_service_base.py:97] - [backend_no_pattern] 데드라인 패턴 사용 (0.5초)
2025-04-03 14:35:51,027 - backend_no_pattern - ERROR - [backend_service_base.py:133] - [backend_no_pattern] DB 호출 중 오류: StatusCode.DEADLINE_EXCEEDED - Deadline Exceeded
2025-04-03 14:35:51,591 - backend_no_pattern - INFO - [backend_service_base.py:56] - [backend_no_pattern] 요청 받음: slow
2025-04-03 14:35:51,592 - backend_no_pattern - INFO - [backend_service_base.py:57] - [backend_no_pattern] 패턴 설정 - 서킷브레이커: False, 데드라인: True, 백프레셔: False
2025-04-03 14:35:51,592 - backend_no_pattern - INFO - [backend_service_base.py:97] - [backend_no_pattern] 데드라인 패턴 사용 (0.5초)
2025-04-03 14:35:52,113 - backend_no_pattern - ERROR - [backend_service_base.py:133] - [backend_no_pattern] DB 호출 중 오류: StatusCode.DEADLINE_EXCEEDED - Deadline Exceeded
2025-04-03 14:35:53,630 - backend_no_pattern - INFO - [backend_service_base.py:56] - [backend_no_pattern] 요청 받음: slow
2025-04-03 14:35:53,633 - backend_no_pattern - INFO - [backend_service_base.py:57] - [backend_no_pattern] 패턴 설정 - 서킷브레이커: True, 데드라인: True, 백프레셔: False
2025-04-03 14:35:53,634 - backend_no_pattern - INFO - [backend_service_base.py:79] - [backend_no_pattern] 서킷브레이커 상태 확인 중...
2025-04-03 14:35:53,636 - backend_no_pattern - INFO - [backend_service_base.py:97] - [backend_no_pattern] 데드라인 패턴 사용 (0.5초)
2025-04-03 14:35:54,172 - backend_no_pattern - ERROR - [backend_service_base.py:133] - [backend_no_pattern] DB 호출 중 오류: StatusCode.DEADLINE_EXCEEDED - Deadline Exceeded
2025-04-03 14:35:54,536 - backend_no_pattern - INFO - [backend_service_base.py:56] - [backend_no_pattern] 요청 받음: slow
2025-04-03 14:35:54,536 - backend_no_pattern - INFO - [backend_service_base.py:57] - [backend_no_pattern] 패턴 설정 - 서킷브레이커: True, 데드라인: True, 백프레셔: False
2025-04-03 14:35:54,537 - backend_no_pattern - INFO - [backend_service_base.py:79] - [backend_no_pattern] 서킷브레이커 상태 확인 중...
2025-04-03 14:35:54,537 - backend_no_pattern - INFO - [backend_service_base.py:97] - [backend_no_pattern] 데드라인 패턴 사용 (0.5초)
2025-04-03 14:35:55,058 - backend_no_pattern - ERROR - [backend_service_base.py:133] - [backend_no_pattern] DB 호출 중 오류: StatusCode.DEADLINE_EXCEEDED - Deadline Exceeded
