2025-04-03 14:55:21,098 - backend_all_patterns - INFO - [backend_service_base.py:47] - [backend_all_patterns] 초기화 - 패턴 설정: 서킷브레이커=True, 데드라인=True, 백프레셔=True
2025-04-03 14:56:08,129 - backend_all_patterns - INFO - [backend_service_base.py:56] - [backend_all_patterns] 요청 받음: slow
2025-04-03 14:56:08,130 - backend_all_patterns - INFO - [backend_service_base.py:57] - [backend_all_patterns] 패턴 설정 - 서킷브레이커: True, 데드라인: True, 백프레셔: True
2025-04-03 14:56:08,136 - backend_all_patterns - INFO - [backend_service_base.py:79] - [backend_all_patterns] 서킷브레이커 상태 확인 중...
2025-04-03 14:56:08,137 - backend_all_patterns - INFO - [backend_service_base.py:97] - [backend_all_patterns] 데드라인 패턴 사용 (0.5초)
2025-04-03 14:56:08,669 - backend_all_patterns - ERROR - [backend_service_base.py:133] - [backend_all_patterns] DB 호출 중 오류: StatusCode.DEADLINE_EXCEEDED - Deadline Exceeded
2025-04-03 14:56:09,667 - backend_all_patterns - INFO - [backend_service_base.py:56] - [backend_all_patterns] 요청 받음: slow
2025-04-03 14:56:09,668 - backend_all_patterns - INFO - [backend_service_base.py:57] - [backend_all_patterns] 패턴 설정 - 서킷브레이커: True, 데드라인: True, 백프레셔: True
2025-04-03 14:56:09,669 - backend_all_patterns - INFO - [backend_service_base.py:79] - [backend_all_patterns] 서킷브레이커 상태 확인 중...
2025-04-03 14:56:09,669 - backend_all_patterns - INFO - [backend_service_base.py:97] - [backend_all_patterns] 데드라인 패턴 사용 (0.5초)
2025-04-03 14:56:10,212 - backend_all_patterns - ERROR - [backend_service_base.py:133] - [backend_all_patterns] DB 호출 중 오류: StatusCode.DEADLINE_EXCEEDED - Deadline Exceeded
2025-04-03 14:56:10,612 - backend_all_patterns - INFO - [backend_service_base.py:56] - [backend_all_patterns] 요청 받음: slow
2025-04-03 14:56:10,614 - backend_all_patterns - INFO - [backend_service_base.py:57] - [backend_all_patterns] 패턴 설정 - 서킷브레이커: True, 데드라인: True, 백프레셔: True
2025-04-03 14:56:10,615 - backend_all_patterns - INFO - [backend_service_base.py:79] - [backend_all_patterns] 서킷브레이커 상태 확인 중...
2025-04-03 14:56:10,617 - backend_all_patterns - WARNING - [backend_service_base.py:81] - [backend_all_patterns] 서킷브레이커 오픈 상태 - 요청 차단됨
2025-04-03 14:56:12,653 - backend_all_patterns - INFO - [backend_service_base.py:56] - [backend_all_patterns] 요청 받음: slow
2025-04-03 14:56:12,654 - backend_all_patterns - INFO - [backend_service_base.py:57] - [backend_all_patterns] 패턴 설정 - 서킷브레이커: True, 데드라인: True, 백프레셔: True
2025-04-03 14:56:12,656 - backend_all_patterns - INFO - [backend_service_base.py:79] - [backend_all_patterns] 서킷브레이커 상태 확인 중...
2025-04-03 14:56:12,656 - backend_all_patterns - WARNING - [backend_service_base.py:81] - [backend_all_patterns] 서킷브레이커 오픈 상태 - 요청 차단됨
2025-04-03 14:56:12,658 - backend_all_patterns - INFO - [backend_service_base.py:56] - [backend_all_patterns] 요청 받음: slow
2025-04-03 14:56:12,659 - backend_all_patterns - INFO - [backend_service_base.py:57] - [backend_all_patterns] 패턴 설정 - 서킷브레이커: True, 데드라인: True, 백프레셔: True
2025-04-03 14:56:12,659 - backend_all_patterns - INFO - [backend_service_base.py:79] - [backend_all_patterns] 서킷브레이커 상태 확인 중...
2025-04-03 14:56:12,661 - backend_all_patterns - WARNING - [backend_service_base.py:81] - [backend_all_patterns] 서킷브레이커 오픈 상태 - 요청 차단됨
2025-04-03 14:56:12,705 - backend_all_patterns - INFO - [backend_service_base.py:56] - [backend_all_patterns] 요청 받음: slow
2025-04-03 14:56:12,706 - backend_all_patterns - INFO - [backend_service_base.py:57] - [backend_all_patterns] 패턴 설정 - 서킷브레이커: True, 데드라인: True, 백프레셔: True
2025-04-03 14:56:12,707 - backend_all_patterns - INFO - [backend_service_base.py:79] - [backend_all_patterns] 서킷브레이커 상태 확인 중...
2025-04-03 14:56:12,707 - backend_all_patterns - WARNING - [backend_service_base.py:81] - [backend_all_patterns] 서킷브레이커 오픈 상태 - 요청 차단됨
2025-04-03 14:56:12,707 - backend_all_patterns - INFO - [backend_service_base.py:56] - [backend_all_patterns] 요청 받음: slow
2025-04-03 14:56:12,708 - backend_all_patterns - INFO - [backend_service_base.py:57] - [backend_all_patterns] 패턴 설정 - 서킷브레이커: True, 데드라인: True, 백프레셔: True
2025-04-03 14:56:12,708 - backend_all_patterns - INFO - [backend_service_base.py:79] - [backend_all_patterns] 서킷브레이커 상태 확인 중...
2025-04-03 14:56:12,709 - backend_all_patterns - WARNING - [backend_service_base.py:81] - [backend_all_patterns] 서킷브레이커 오픈 상태 - 요청 차단됨
2025-04-03 14:56:12,756 - backend_all_patterns - INFO - [backend_service_base.py:56] - [backend_all_patterns] 요청 받음: slow
2025-04-03 14:56:12,756 - backend_all_patterns - INFO - [backend_service_base.py:56] - [backend_all_patterns] 요청 받음: slow
2025-04-03 14:56:12,756 - backend_all_patterns - INFO - [backend_service_base.py:57] - [backend_all_patterns] 패턴 설정 - 서킷브레이커: True, 데드라인: True, 백프레셔: True
2025-04-03 14:56:12,756 - backend_all_patterns - INFO - [backend_service_base.py:57] - [backend_all_patterns] 패턴 설정 - 서킷브레이커: True, 데드라인: True, 백프레셔: True
2025-04-03 14:56:12,757 - backend_all_patterns - INFO - [backend_service_base.py:79] - [backend_all_patterns] 서킷브레이커 상태 확인 중...
2025-04-03 14:56:12,758 - backend_all_patterns - INFO - [backend_service_base.py:79] - [backend_all_patterns] 서킷브레이커 상태 확인 중...
2025-04-03 14:56:12,758 - backend_all_patterns - WARNING - [backend_service_base.py:81] - [backend_all_patterns] 서킷브레이커 오픈 상태 - 요청 차단됨
2025-04-03 14:56:12,758 - backend_all_patterns - WARNING - [backend_service_base.py:81] - [backend_all_patterns] 서킷브레이커 오픈 상태 - 요청 차단됨
2025-04-03 14:56:12,871 - backend_all_patterns - INFO - [backend_service_base.py:56] - [backend_all_patterns] 요청 받음: slow
2025-04-03 14:56:12,873 - backend_all_patterns - INFO - [backend_service_base.py:56] - [backend_all_patterns] 요청 받음: slow
2025-04-03 14:56:12,873 - backend_all_patterns - INFO - [backend_service_base.py:57] - [backend_all_patterns] 패턴 설정 - 서킷브레이커: True, 데드라인: True, 백프레셔: True
2025-04-03 14:56:12,873 - backend_all_patterns - INFO - [backend_service_base.py:57] - [backend_all_patterns] 패턴 설정 - 서킷브레이커: True, 데드라인: True, 백프레셔: True
2025-04-03 14:56:12,875 - backend_all_patterns - INFO - [backend_service_base.py:79] - [backend_all_patterns] 서킷브레이커 상태 확인 중...
2025-04-03 14:56:12,876 - backend_all_patterns - INFO - [backend_service_base.py:79] - [backend_all_patterns] 서킷브레이커 상태 확인 중...
2025-04-03 14:56:12,877 - backend_all_patterns - WARNING - [backend_service_base.py:81] - [backend_all_patterns] 서킷브레이커 오픈 상태 - 요청 차단됨
2025-04-03 14:56:12,876 - backend_all_patterns - INFO - [backend_service_base.py:56] - [backend_all_patterns] 요청 받음: slow
2025-04-03 14:56:12,876 - backend_all_patterns - WARNING - [backend_service_base.py:81] - [backend_all_patterns] 서킷브레이커 오픈 상태 - 요청 차단됨
2025-04-03 14:56:12,882 - backend_all_patterns - INFO - [backend_service_base.py:57] - [backend_all_patterns] 패턴 설정 - 서킷브레이커: True, 데드라인: True, 백프레셔: True
2025-04-03 14:56:12,888 - backend_all_patterns - INFO - [backend_service_base.py:79] - [backend_all_patterns] 서킷브레이커 상태 확인 중...
2025-04-03 14:56:12,888 - backend_all_patterns - WARNING - [backend_service_base.py:81] - [backend_all_patterns] 서킷브레이커 오픈 상태 - 요청 차단됨
2025-04-03 14:56:12,971 - backend_all_patterns - INFO - [backend_service_base.py:56] - [backend_all_patterns] 요청 받음: slow
2025-04-03 14:56:12,972 - backend_all_patterns - INFO - [backend_service_base.py:57] - [backend_all_patterns] 패턴 설정 - 서킷브레이커: True, 데드라인: True, 백프레셔: True
2025-04-03 14:56:12,973 - backend_all_patterns - INFO - [backend_service_base.py:79] - [backend_all_patterns] 서킷브레이커 상태 확인 중...
2025-04-03 14:56:12,973 - backend_all_patterns - WARNING - [backend_service_base.py:81] - [backend_all_patterns] 서킷브레이커 오픈 상태 - 요청 차단됨
2025-04-03 14:56:22,922 - backend_all_patterns - INFO - [backend_service_base.py:56] - [backend_all_patterns] 요청 받음: slow
2025-04-03 14:56:22,925 - backend_all_patterns - INFO - [backend_service_base.py:57] - [backend_all_patterns] 패턴 설정 - 서킷브레이커: True, 데드라인: True, 백프레셔: True
2025-04-03 14:56:22,927 - backend_all_patterns - INFO - [backend_service_base.py:79] - [backend_all_patterns] 서킷브레이커 상태 확인 중...
2025-04-03 14:56:22,928 - backend_all_patterns - INFO - [backend_service_base.py:97] - [backend_all_patterns] 데드라인 패턴 사용 (0.5초)
2025-04-03 14:56:22,928 - backend_all_patterns - INFO - [backend_service_base.py:56] - [backend_all_patterns] 요청 받음: slow
2025-04-03 14:56:22,929 - backend_all_patterns - INFO - [backend_service_base.py:57] - [backend_all_patterns] 패턴 설정 - 서킷브레이커: True, 데드라인: True, 백프레셔: True
2025-04-03 14:56:22,929 - backend_all_patterns - INFO - [backend_service_base.py:79] - [backend_all_patterns] 서킷브레이커 상태 확인 중...
2025-04-03 14:56:22,930 - backend_all_patterns - INFO - [backend_service_base.py:97] - [backend_all_patterns] 데드라인 패턴 사용 (0.5초)
2025-04-03 14:56:22,985 - backend_all_patterns - INFO - [backend_service_base.py:56] - [backend_all_patterns] 요청 받음: slow
2025-04-03 14:56:22,985 - backend_all_patterns - INFO - [backend_service_base.py:56] - [backend_all_patterns] 요청 받음: slow
2025-04-03 14:56:22,986 - backend_all_patterns - INFO - [backend_service_base.py:57] - [backend_all_patterns] 패턴 설정 - 서킷브레이커: True, 데드라인: True, 백프레셔: True
2025-04-03 14:56:22,986 - backend_all_patterns - INFO - [backend_service_base.py:56] - [backend_all_patterns] 요청 받음: slow
2025-04-03 14:56:22,986 - backend_all_patterns - INFO - [backend_service_base.py:57] - [backend_all_patterns] 패턴 설정 - 서킷브레이커: True, 데드라인: True, 백프레셔: True
2025-04-03 14:56:22,986 - backend_all_patterns - INFO - [backend_service_base.py:56] - [backend_all_patterns] 요청 받음: slow
2025-04-03 14:56:22,986 - backend_all_patterns - INFO - [backend_service_base.py:79] - [backend_all_patterns] 서킷브레이커 상태 확인 중...
2025-04-03 14:56:22,987 - backend_all_patterns - INFO - [backend_service_base.py:57] - [backend_all_patterns] 패턴 설정 - 서킷브레이커: True, 데드라인: True, 백프레셔: True
2025-04-03 14:56:22,991 - backend_all_patterns - INFO - [backend_service_base.py:79] - [backend_all_patterns] 서킷브레이커 상태 확인 중...
2025-04-03 14:56:22,991 - backend_all_patterns - INFO - [backend_service_base.py:57] - [backend_all_patterns] 패턴 설정 - 서킷브레이커: True, 데드라인: True, 백프레셔: True
2025-04-03 14:56:22,993 - backend_all_patterns - INFO - [backend_service_base.py:97] - [backend_all_patterns] 데드라인 패턴 사용 (0.5초)
2025-04-03 14:56:22,994 - backend_all_patterns - INFO - [backend_service_base.py:79] - [backend_all_patterns] 서킷브레이커 상태 확인 중...
2025-04-03 14:56:22,994 - backend_all_patterns - INFO - [backend_service_base.py:97] - [backend_all_patterns] 데드라인 패턴 사용 (0.5초)
2025-04-03 14:56:22,995 - backend_all_patterns - INFO - [backend_service_base.py:79] - [backend_all_patterns] 서킷브레이커 상태 확인 중...
2025-04-03 14:56:22,996 - backend_all_patterns - INFO - [backend_service_base.py:97] - [backend_all_patterns] 데드라인 패턴 사용 (0.5초)
2025-04-03 14:56:22,997 - backend_all_patterns - INFO - [backend_service_base.py:97] - [backend_all_patterns] 데드라인 패턴 사용 (0.5초)
2025-04-03 14:56:23,455 - backend_all_patterns - ERROR - [backend_service_base.py:133] - [backend_all_patterns] DB 호출 중 오류: StatusCode.DEADLINE_EXCEEDED - Deadline Exceeded
2025-04-03 14:56:23,457 - backend_all_patterns - ERROR - [backend_service_base.py:133] - [backend_all_patterns] DB 호출 중 오류: StatusCode.DEADLINE_EXCEEDED - Deadline Exceeded
2025-04-03 14:56:23,530 - backend_all_patterns - INFO - [backend_service_base.py:56] - [backend_all_patterns] 요청 받음: slow
2025-04-03 14:56:23,530 - backend_all_patterns - INFO - [backend_service_base.py:57] - [backend_all_patterns] 패턴 설정 - 서킷브레이커: True, 데드라인: True, 백프레셔: True
2025-04-03 14:56:23,531 - backend_all_patterns - INFO - [backend_service_base.py:79] - [backend_all_patterns] 서킷브레이커 상태 확인 중...
2025-04-03 14:56:23,532 - backend_all_patterns - WARNING - [backend_service_base.py:81] - [backend_all_patterns] 서킷브레이커 오픈 상태 - 요청 차단됨
2025-04-03 14:56:23,535 - backend_all_patterns - ERROR - [backend_service_base.py:133] - [backend_all_patterns] DB 호출 중 오류: StatusCode.DEADLINE_EXCEEDED - Deadline Exceeded
2025-04-03 14:56:23,545 - backend_all_patterns - ERROR - [backend_service_base.py:133] - [backend_all_patterns] DB 호출 중 오류: StatusCode.DEADLINE_EXCEEDED - Deadline Exceeded
2025-04-03 14:56:23,567 - backend_all_patterns - ERROR - [backend_service_base.py:133] - [backend_all_patterns] DB 호출 중 오류: StatusCode.DEADLINE_EXCEEDED - Deadline Exceeded
2025-04-03 14:56:23,590 - backend_all_patterns - ERROR - [backend_service_base.py:133] - [backend_all_patterns] DB 호출 중 오류: StatusCode.DEADLINE_EXCEEDED - Deadline Exceeded
2025-04-03 14:56:23,730 - backend_all_patterns - INFO - [backend_service_base.py:56] - [backend_all_patterns] 요청 받음: slow
2025-04-03 14:56:23,731 - backend_all_patterns - INFO - [backend_service_base.py:56] - [backend_all_patterns] 요청 받음: slow
2025-04-03 14:56:23,731 - backend_all_patterns - INFO - [backend_service_base.py:57] - [backend_all_patterns] 패턴 설정 - 서킷브레이커: True, 데드라인: True, 백프레셔: True
2025-04-03 14:56:23,731 - backend_all_patterns - INFO - [backend_service_base.py:56] - [backend_all_patterns] 요청 받음: slow
2025-04-03 14:56:23,731 - backend_all_patterns - INFO - [backend_service_base.py:57] - [backend_all_patterns] 패턴 설정 - 서킷브레이커: True, 데드라인: True, 백프레셔: True
2025-04-03 14:56:23,732 - backend_all_patterns - INFO - [backend_service_base.py:79] - [backend_all_patterns] 서킷브레이커 상태 확인 중...
2025-04-03 14:56:23,732 - backend_all_patterns - INFO - [backend_service_base.py:57] - [backend_all_patterns] 패턴 설정 - 서킷브레이커: True, 데드라인: True, 백프레셔: True
2025-04-03 14:56:23,732 - backend_all_patterns - INFO - [backend_service_base.py:79] - [backend_all_patterns] 서킷브레이커 상태 확인 중...
2025-04-03 14:56:23,732 - backend_all_patterns - WARNING - [backend_service_base.py:81] - [backend_all_patterns] 서킷브레이커 오픈 상태 - 요청 차단됨
2025-04-03 14:56:23,733 - backend_all_patterns - INFO - [backend_service_base.py:79] - [backend_all_patterns] 서킷브레이커 상태 확인 중...
2025-04-03 14:56:23,733 - backend_all_patterns - WARNING - [backend_service_base.py:81] - [backend_all_patterns] 서킷브레이커 오픈 상태 - 요청 차단됨
2025-04-03 14:56:23,733 - backend_all_patterns - WARNING - [backend_service_base.py:81] - [backend_all_patterns] 서킷브레이커 오픈 상태 - 요청 차단됨
