2025-04-03 14:35:29,817 - backend_circuit_breaker - INFO - [backend_service_base.py:47] - [backend_circuit_breaker] 초기화 - 패턴 설정: 서킷브레이커=True, 데드라인=False, 백프레셔=False
2025-04-03 14:38:08,374 - backend_circuit_breaker - INFO - [backend_service_base.py:56] - [backend_circuit_breaker] 요청 받음: slow
2025-04-03 14:38:08,375 - backend_circuit_breaker - INFO - [backend_service_base.py:57] - [backend_circuit_breaker] 패턴 설정 - 서킷브레이커: True, 데드라인: False, 백프레셔: False
2025-04-03 14:38:08,379 - backend_circuit_breaker - INFO - [backend_service_base.py:56] - [backend_circuit_breaker] 요청 받음: slow
2025-04-03 14:38:08,383 - backend_circuit_breaker - INFO - [backend_service_base.py:57] - [backend_circuit_breaker] 패턴 설정 - 서킷브레이커: True, 데드라인: False, 백프레셔: False
2025-04-03 14:38:08,390 - backend_circuit_breaker - INFO - [backend_service_base.py:79] - [backend_circuit_breaker] 서킷브레이커 상태 확인 중...
2025-04-03 14:38:08,391 - backend_circuit_breaker - INFO - [backend_service_base.py:79] - [backend_circuit_breaker] 서킷브레이커 상태 확인 중...
2025-04-03 14:38:08,392 - backend_circuit_breaker - INFO - [backend_service_base.py:108] - [backend_circuit_breaker] DB 서비스 호출 (데드라인 없음)
2025-04-03 14:38:08,392 - backend_circuit_breaker - INFO - [backend_service_base.py:108] - [backend_circuit_breaker] DB 서비스 호출 (데드라인 없음)
2025-04-03 14:38:08,393 - backend_circuit_breaker - INFO - [backend_service_base.py:56] - [backend_circuit_breaker] 요청 받음: slow
2025-04-03 14:38:08,394 - backend_circuit_breaker - INFO - [backend_service_base.py:57] - [backend_circuit_breaker] 패턴 설정 - 서킷브레이커: True, 데드라인: False, 백프레셔: False
2025-04-03 14:38:08,394 - backend_circuit_breaker - INFO - [backend_service_base.py:79] - [backend_circuit_breaker] 서킷브레이커 상태 확인 중...
2025-04-03 14:38:08,395 - backend_circuit_breaker - INFO - [backend_service_base.py:108] - [backend_circuit_breaker] DB 서비스 호출 (데드라인 없음)
2025-04-03 14:38:08,396 - backend_circuit_breaker - INFO - [backend_service_base.py:56] - [backend_circuit_breaker] 요청 받음: slow
2025-04-03 14:38:08,398 - backend_circuit_breaker - INFO - [backend_service_base.py:57] - [backend_circuit_breaker] 패턴 설정 - 서킷브레이커: True, 데드라인: False, 백프레셔: False
2025-04-03 14:38:08,403 - backend_circuit_breaker - INFO - [backend_service_base.py:79] - [backend_circuit_breaker] 서킷브레이커 상태 확인 중...
2025-04-03 14:38:08,405 - backend_circuit_breaker - INFO - [backend_service_base.py:56] - [backend_circuit_breaker] 요청 받음: slow
2025-04-03 14:38:08,406 - backend_circuit_breaker - INFO - [backend_service_base.py:108] - [backend_circuit_breaker] DB 서비스 호출 (데드라인 없음)
2025-04-03 14:38:08,406 - backend_circuit_breaker - INFO - [backend_service_base.py:57] - [backend_circuit_breaker] 패턴 설정 - 서킷브레이커: True, 데드라인: False, 백프레셔: False
2025-04-03 14:38:08,409 - backend_circuit_breaker - INFO - [backend_service_base.py:79] - [backend_circuit_breaker] 서킷브레이커 상태 확인 중...
2025-04-03 14:38:08,410 - backend_circuit_breaker - INFO - [backend_service_base.py:108] - [backend_circuit_breaker] DB 서비스 호출 (데드라인 없음)
2025-04-03 14:38:08,462 - backend_circuit_breaker - INFO - [backend_service_base.py:56] - [backend_circuit_breaker] 요청 받음: slow
2025-04-03 14:38:08,463 - backend_circuit_breaker - INFO - [backend_service_base.py:57] - [backend_circuit_breaker] 패턴 설정 - 서킷브레이커: True, 데드라인: False, 백프레셔: False
2025-04-03 14:38:08,467 - backend_circuit_breaker - INFO - [backend_service_base.py:79] - [backend_circuit_breaker] 서킷브레이커 상태 확인 중...
2025-04-03 14:38:08,468 - backend_circuit_breaker - INFO - [backend_service_base.py:108] - [backend_circuit_breaker] DB 서비스 호출 (데드라인 없음)
2025-04-03 14:38:10,421 - backend_circuit_breaker - INFO - [backend_service_base.py:115] - [backend_circuit_breaker] DB 응답 수신: 쿼리 결과 데이터
2025-04-03 14:38:10,421 - backend_circuit_breaker - INFO - [backend_service_base.py:115] - [backend_circuit_breaker] DB 응답 수신: 쿼리 결과 데이터
2025-04-03 14:38:10,437 - backend_circuit_breaker - INFO - [backend_service_base.py:115] - [backend_circuit_breaker] DB 응답 수신: 쿼리 결과 데이터
2025-04-03 14:38:10,438 - backend_circuit_breaker - INFO - [backend_service_base.py:115] - [backend_circuit_breaker] DB 응답 수신: 쿼리 결과 데이터
2025-04-03 14:38:10,438 - backend_circuit_breaker - INFO - [backend_service_base.py:115] - [backend_circuit_breaker] DB 응답 수신: 쿼리 결과 데이터
2025-04-03 14:38:10,449 - backend_circuit_breaker - INFO - [backend_service_base.py:56] - [backend_circuit_breaker] 요청 받음: slow
2025-04-03 14:38:10,455 - backend_circuit_breaker - INFO - [backend_service_base.py:57] - [backend_circuit_breaker] 패턴 설정 - 서킷브레이커: True, 데드라인: False, 백프레셔: False
2025-04-03 14:38:10,456 - backend_circuit_breaker - INFO - [backend_service_base.py:56] - [backend_circuit_breaker] 요청 받음: slow
2025-04-03 14:38:10,458 - backend_circuit_breaker - INFO - [backend_service_base.py:79] - [backend_circuit_breaker] 서킷브레이커 상태 확인 중...
2025-04-03 14:38:10,459 - backend_circuit_breaker - INFO - [backend_service_base.py:57] - [backend_circuit_breaker] 패턴 설정 - 서킷브레이커: True, 데드라인: False, 백프레셔: False
2025-04-03 14:38:10,459 - backend_circuit_breaker - INFO - [backend_service_base.py:108] - [backend_circuit_breaker] DB 서비스 호출 (데드라인 없음)
2025-04-03 14:38:10,460 - backend_circuit_breaker - INFO - [backend_service_base.py:79] - [backend_circuit_breaker] 서킷브레이커 상태 확인 중...
2025-04-03 14:38:10,461 - backend_circuit_breaker - INFO - [backend_service_base.py:108] - [backend_circuit_breaker] DB 서비스 호출 (데드라인 없음)
2025-04-03 14:38:10,477 - backend_circuit_breaker - INFO - [backend_service_base.py:56] - [backend_circuit_breaker] 요청 받음: slow
2025-04-03 14:38:10,478 - backend_circuit_breaker - INFO - [backend_service_base.py:57] - [backend_circuit_breaker] 패턴 설정 - 서킷브레이커: True, 데드라인: False, 백프레셔: False
2025-04-03 14:38:10,479 - backend_circuit_breaker - INFO - [backend_service_base.py:56] - [backend_circuit_breaker] 요청 받음: slow
2025-04-03 14:38:10,480 - backend_circuit_breaker - INFO - [backend_service_base.py:79] - [backend_circuit_breaker] 서킷브레이커 상태 확인 중...
2025-04-03 14:38:10,481 - backend_circuit_breaker - INFO - [backend_service_base.py:57] - [backend_circuit_breaker] 패턴 설정 - 서킷브레이커: True, 데드라인: False, 백프레셔: False
2025-04-03 14:38:10,481 - backend_circuit_breaker - INFO - [backend_service_base.py:108] - [backend_circuit_breaker] DB 서비스 호출 (데드라인 없음)
2025-04-03 14:38:10,482 - backend_circuit_breaker - INFO - [backend_service_base.py:79] - [backend_circuit_breaker] 서킷브레이커 상태 확인 중...
2025-04-03 14:38:10,486 - backend_circuit_breaker - INFO - [backend_service_base.py:108] - [backend_circuit_breaker] DB 서비스 호출 (데드라인 없음)
2025-04-03 14:38:10,493 - backend_circuit_breaker - INFO - [backend_service_base.py:115] - [backend_circuit_breaker] DB 응답 수신: 쿼리 결과 데이터
2025-04-03 14:38:12,475 - backend_circuit_breaker - INFO - [backend_service_base.py:115] - [backend_circuit_breaker] DB 응답 수신: 쿼리 결과 데이터
2025-04-03 14:38:12,476 - backend_circuit_breaker - INFO - [backend_service_base.py:115] - [backend_circuit_breaker] DB 응답 수신: 쿼리 결과 데이터
2025-04-03 14:38:12,507 - backend_circuit_breaker - INFO - [backend_service_base.py:115] - [backend_circuit_breaker] DB 응답 수신: 쿼리 결과 데이터
2025-04-03 14:38:12,507 - backend_circuit_breaker - INFO - [backend_service_base.py:115] - [backend_circuit_breaker] DB 응답 수신: 쿼리 결과 데이터
2025-04-03 14:38:31,352 - backend_circuit_breaker - INFO - [backend_service_base.py:56] - [backend_circuit_breaker] 요청 받음: slow
2025-04-03 14:38:31,352 - backend_circuit_breaker - INFO - [backend_service_base.py:57] - [backend_circuit_breaker] 패턴 설정 - 서킷브레이커: True, 데드라인: False, 백프레셔: False
2025-04-03 14:38:31,353 - backend_circuit_breaker - INFO - [backend_service_base.py:79] - [backend_circuit_breaker] 서킷브레이커 상태 확인 중...
2025-04-03 14:38:31,354 - backend_circuit_breaker - INFO - [backend_service_base.py:108] - [backend_circuit_breaker] DB 서비스 호출 (데드라인 없음)
2025-04-03 14:38:33,370 - backend_circuit_breaker - INFO - [backend_service_base.py:115] - [backend_circuit_breaker] DB 응답 수신: 쿼리 결과 데이터
2025-04-03 14:38:38,673 - backend_circuit_breaker - INFO - [backend_service_base.py:56] - [backend_circuit_breaker] 요청 받음: slow
2025-04-03 14:38:38,674 - backend_circuit_breaker - INFO - [backend_service_base.py:57] - [backend_circuit_breaker] 패턴 설정 - 서킷브레이커: True, 데드라인: True, 백프레셔: False
2025-04-03 14:38:38,676 - backend_circuit_breaker - INFO - [backend_service_base.py:79] - [backend_circuit_breaker] 서킷브레이커 상태 확인 중...
2025-04-03 14:38:38,678 - backend_circuit_breaker - INFO - [backend_service_base.py:97] - [backend_circuit_breaker] 데드라인 패턴 사용 (0.5초)
2025-04-03 14:38:39,222 - backend_circuit_breaker - ERROR - [backend_service_base.py:133] - [backend_circuit_breaker] DB 호출 중 오류: StatusCode.DEADLINE_EXCEEDED - Deadline Exceeded
2025-04-03 14:38:40,625 - backend_circuit_breaker - INFO - [backend_service_base.py:56] - [backend_circuit_breaker] 요청 받음: slow
2025-04-03 14:38:40,626 - backend_circuit_breaker - INFO - [backend_service_base.py:57] - [backend_circuit_breaker] 패턴 설정 - 서킷브레이커: True, 데드라인: False, 백프레셔: False
2025-04-03 14:38:40,626 - backend_circuit_breaker - INFO - [backend_service_base.py:79] - [backend_circuit_breaker] 서킷브레이커 상태 확인 중...
2025-04-03 14:38:40,626 - backend_circuit_breaker - INFO - [backend_service_base.py:108] - [backend_circuit_breaker] DB 서비스 호출 (데드라인 없음)
2025-04-03 14:38:42,651 - backend_circuit_breaker - INFO - [backend_service_base.py:115] - [backend_circuit_breaker] DB 응답 수신: 쿼리 결과 데이터
2025-04-03 14:38:46,839 - backend_circuit_breaker - INFO - [backend_service_base.py:56] - [backend_circuit_breaker] 요청 받음: normal
2025-04-03 14:38:46,840 - backend_circuit_breaker - INFO - [backend_service_base.py:57] - [backend_circuit_breaker] 패턴 설정 - 서킷브레이커: True, 데드라인: False, 백프레셔: False
2025-04-03 14:38:46,840 - backend_circuit_breaker - INFO - [backend_service_base.py:79] - [backend_circuit_breaker] 서킷브레이커 상태 확인 중...
2025-04-03 14:38:46,841 - backend_circuit_breaker - INFO - [backend_service_base.py:108] - [backend_circuit_breaker] DB 서비스 호출 (데드라인 없음)
2025-04-03 14:38:46,847 - backend_circuit_breaker - INFO - [backend_service_base.py:115] - [backend_circuit_breaker] DB 응답 수신: 쿼리 결과 데이터
2025-04-03 14:38:47,515 - backend_circuit_breaker - INFO - [backend_service_base.py:56] - [backend_circuit_breaker] 요청 받음: normal
2025-04-03 14:38:47,515 - backend_circuit_breaker - INFO - [backend_service_base.py:57] - [backend_circuit_breaker] 패턴 설정 - 서킷브레이커: True, 데드라인: False, 백프레셔: False
2025-04-03 14:38:47,516 - backend_circuit_breaker - INFO - [backend_service_base.py:79] - [backend_circuit_breaker] 서킷브레이커 상태 확인 중...
2025-04-03 14:38:47,516 - backend_circuit_breaker - INFO - [backend_service_base.py:108] - [backend_circuit_breaker] DB 서비스 호출 (데드라인 없음)
2025-04-03 14:38:47,525 - backend_circuit_breaker - INFO - [backend_service_base.py:115] - [backend_circuit_breaker] DB 응답 수신: 쿼리 결과 데이터
