2025-04-03 11:30:48,850 - bff_service - INFO - [bff_service.py:40] - [BFF] 요청 받음: slow
2025-04-03 11:30:48,850 - bff_service - INFO - [bff_service.py:41] - [BFF] 패턴 설정 - 서킷브레이커: False, 데드라인: False, 백프레셔: False
2025-04-03 11:30:48,861 - bff_service - INFO - [bff_service.py:95] - [BFF] Backend 서비스 호출 (데드라인 없음)
2025-04-03 11:30:49,939 - bff_service - INFO - [bff_service.py:109] - [BFF] Backend 응답 수신: 처리 완료: 쿼리 결과 데이터
2025-04-03 11:30:51,636 - bff_service - INFO - [bff_service.py:40] - [BFF] 요청 받음: slow
2025-04-03 11:30:51,637 - bff_service - INFO - [bff_service.py:41] - [BFF] 패턴 설정 - 서킷브레이커: False, 데드라인: False, 백프레셔: False
2025-04-03 11:30:51,640 - bff_service - INFO - [bff_service.py:95] - [BFF] Backend 서비스 호출 (데드라인 없음)
2025-04-03 11:30:52,671 - bff_service - INFO - [bff_service.py:109] - [BFF] Backend 응답 수신: 처리 완료: 쿼리 결과 데이터
2025-04-03 11:30:54,080 - bff_service - INFO - [bff_service.py:40] - [BFF] 요청 받음: slow
2025-04-03 11:30:54,080 - bff_service - INFO - [bff_service.py:41] - [BFF] 패턴 설정 - 서킷브레이커: False, 데드라인: True, 백프레셔: False
2025-04-03 11:30:54,081 - bff_service - INFO - [bff_service.py:79] - [BFF] 데드라인 패턴 사용 (0.5초)
2025-04-03 11:30:54,607 - bff_service - ERROR - [bff_service.py:126] - [BFF] Backend 호출 중 오류: StatusCode.DEADLINE_EXCEEDED - Deadline Exceeded
2025-04-03 11:30:55,355 - bff_service - INFO - [bff_service.py:40] - [BFF] 요청 받음: slow
2025-04-03 11:30:55,356 - bff_service - INFO - [bff_service.py:41] - [BFF] 패턴 설정 - 서킷브레이커: False, 데드라인: True, 백프레셔: False
2025-04-03 11:30:55,356 - bff_service - INFO - [bff_service.py:79] - [BFF] 데드라인 패턴 사용 (0.5초)
2025-04-03 11:30:55,890 - bff_service - ERROR - [bff_service.py:126] - [BFF] Backend 호출 중 오류: StatusCode.DEADLINE_EXCEEDED - Deadline Exceeded
2025-04-03 11:30:56,909 - bff_service - INFO - [bff_service.py:40] - [BFF] 요청 받음: slow
2025-04-03 11:30:56,909 - bff_service - INFO - [bff_service.py:41] - [BFF] 패턴 설정 - 서킷브레이커: False, 데드라인: True, 백프레셔: False
2025-04-03 11:30:56,910 - bff_service - INFO - [bff_service.py:79] - [BFF] 데드라인 패턴 사용 (0.5초)
2025-04-03 11:30:57,433 - bff_service - ERROR - [bff_service.py:126] - [BFF] Backend 호출 중 오류: StatusCode.DEADLINE_EXCEEDED - Deadline Exceeded
2025-04-03 11:30:57,842 - bff_service - INFO - [bff_service.py:40] - [BFF] 요청 받음: slow
2025-04-03 11:30:57,843 - bff_service - INFO - [bff_service.py:41] - [BFF] 패턴 설정 - 서킷브레이커: False, 데드라인: True, 백프레셔: False
2025-04-03 11:30:57,843 - bff_service - INFO - [bff_service.py:79] - [BFF] 데드라인 패턴 사용 (0.5초)
2025-04-03 11:30:58,373 - bff_service - ERROR - [bff_service.py:126] - [BFF] Backend 호출 중 오류: StatusCode.DEADLINE_EXCEEDED - Deadline Exceeded
2025-04-03 11:30:58,801 - bff_service - INFO - [bff_service.py:40] - [BFF] 요청 받음: slow
2025-04-03 11:30:58,802 - bff_service - INFO - [bff_service.py:41] - [BFF] 패턴 설정 - 서킷브레이커: False, 데드라인: True, 백프레셔: False
2025-04-03 11:30:58,802 - bff_service - INFO - [bff_service.py:79] - [BFF] 데드라인 패턴 사용 (0.5초)
2025-04-03 11:30:59,340 - bff_service - ERROR - [bff_service.py:126] - [BFF] Backend 호출 중 오류: StatusCode.DEADLINE_EXCEEDED - Deadline Exceeded
2025-04-03 11:31:01,175 - bff_service - INFO - [bff_service.py:40] - [BFF] 요청 받음: slow
2025-04-03 11:31:01,175 - bff_service - INFO - [bff_service.py:41] - [BFF] 패턴 설정 - 서킷브레이커: True, 데드라인: True, 백프레셔: False
2025-04-03 11:31:01,242 - bff_service - INFO - [bff_service.py:63] - [BFF] 서킷브레이커 상태 확인 중...
2025-04-03 11:31:01,243 - bff_service - INFO - [bff_service.py:79] - [BFF] 데드라인 패턴 사용 (0.5초)
2025-04-03 11:31:01,770 - bff_service - ERROR - [bff_service.py:126] - [BFF] Backend 호출 중 오류: StatusCode.DEADLINE_EXCEEDED - Deadline Exceeded
2025-04-03 11:31:03,019 - bff_service - INFO - [bff_service.py:40] - [BFF] 요청 받음: slow
2025-04-03 11:31:03,019 - bff_service - INFO - [bff_service.py:41] - [BFF] 패턴 설정 - 서킷브레이커: True, 데드라인: True, 백프레셔: False
2025-04-03 11:31:03,026 - bff_service - INFO - [bff_service.py:63] - [BFF] 서킷브레이커 상태 확인 중...
2025-04-03 11:31:03,027 - bff_service - INFO - [bff_service.py:79] - [BFF] 데드라인 패턴 사용 (0.5초)
2025-04-03 11:31:03,555 - bff_service - ERROR - [bff_service.py:126] - [BFF] Backend 호출 중 오류: StatusCode.DEADLINE_EXCEEDED - Deadline Exceeded
2025-04-03 11:31:04,009 - bff_service - INFO - [bff_service.py:40] - [BFF] 요청 받음: slow
2025-04-03 11:31:04,010 - bff_service - INFO - [bff_service.py:41] - [BFF] 패턴 설정 - 서킷브레이커: True, 데드라인: True, 백프레셔: False
2025-04-03 11:31:04,011 - bff_service - INFO - [bff_service.py:63] - [BFF] 서킷브레이커 상태 확인 중...
2025-04-03 11:31:04,012 - bff_service - WARNING - [bff_service.py:65] - [BFF] 서킷브레이커 오픈 상태 - 요청 차단됨
2025-04-03 11:31:08,732 - bff_service - INFO - [bff_service.py:40] - [BFF] 요청 받음: slow
2025-04-03 11:31:08,732 - bff_service - INFO - [bff_service.py:41] - [BFF] 패턴 설정 - 서킷브레이커: True, 데드라인: True, 백프레셔: False
2025-04-03 11:31:08,733 - bff_service - INFO - [bff_service.py:63] - [BFF] 서킷브레이커 상태 확인 중...
2025-04-03 11:31:08,734 - bff_service - WARNING - [bff_service.py:65] - [BFF] 서킷브레이커 오픈 상태 - 요청 차단됨
2025-04-03 11:31:10,923 - bff_service - INFO - [bff_service.py:40] - [BFF] 요청 받음: slow
2025-04-03 11:31:10,923 - bff_service - INFO - [bff_service.py:41] - [BFF] 패턴 설정 - 서킷브레이커: False, 데드라인: True, 백프레셔: False
2025-04-03 11:31:10,924 - bff_service - INFO - [bff_service.py:79] - [BFF] 데드라인 패턴 사용 (0.5초)
2025-04-03 11:31:11,455 - bff_service - ERROR - [bff_service.py:126] - [BFF] Backend 호출 중 오류: StatusCode.DEADLINE_EXCEEDED - Deadline Exceeded
2025-04-03 11:31:12,699 - bff_service - INFO - [bff_service.py:40] - [BFF] 요청 받음: slow
2025-04-03 11:31:12,699 - bff_service - INFO - [bff_service.py:41] - [BFF] 패턴 설정 - 서킷브레이커: False, 데드라인: False, 백프레셔: False
2025-04-03 11:31:12,699 - bff_service - INFO - [bff_service.py:95] - [BFF] Backend 서비스 호출 (데드라인 없음)
2025-04-03 11:31:13,719 - bff_service - INFO - [bff_service.py:109] - [BFF] Backend 응답 수신: 처리 완료: 쿼리 결과 데이터
2025-04-03 11:31:16,273 - bff_service - INFO - [bff_service.py:40] - [BFF] 요청 받음: slow
2025-04-03 11:31:16,274 - bff_service - INFO - [bff_service.py:41] - [BFF] 패턴 설정 - 서킷브레이커: True, 데드라인: False, 백프레셔: False
2025-04-03 11:31:16,274 - bff_service - INFO - [bff_service.py:63] - [BFF] 서킷브레이커 상태 확인 중...
2025-04-03 11:31:16,275 - bff_service - INFO - [bff_service.py:95] - [BFF] Backend 서비스 호출 (데드라인 없음)
2025-04-03 11:31:17,301 - bff_service - INFO - [bff_service.py:109] - [BFF] Backend 응답 수신: 처리 완료: 쿼리 결과 데이터
2025-04-03 11:31:23,670 - bff_service - INFO - [bff_service.py:40] - [BFF] 요청 받음: slow
2025-04-03 11:31:23,671 - bff_service - INFO - [bff_service.py:41] - [BFF] 패턴 설정 - 서킷브레이커: False, 데드라인: False, 백프레셔: False
2025-04-03 11:31:23,672 - bff_service - INFO - [bff_service.py:95] - [BFF] Backend 서비스 호출 (데드라인 없음)
2025-04-03 11:31:24,689 - bff_service - INFO - [bff_service.py:109] - [BFF] Backend 응답 수신: 처리 완료: 쿼리 결과 데이터
2025-04-03 11:31:26,555 - bff_service - INFO - [bff_service.py:40] - [BFF] 요청 받음: slow
2025-04-03 11:31:26,555 - bff_service - INFO - [bff_service.py:41] - [BFF] 패턴 설정 - 서킷브레이커: True, 데드라인: False, 백프레셔: False
2025-04-03 11:31:26,556 - bff_service - INFO - [bff_service.py:63] - [BFF] 서킷브레이커 상태 확인 중...
2025-04-03 11:31:26,556 - bff_service - INFO - [bff_service.py:95] - [BFF] Backend 서비스 호출 (데드라인 없음)
2025-04-03 11:31:27,571 - bff_service - INFO - [bff_service.py:109] - [BFF] Backend 응답 수신: 처리 완료: 쿼리 결과 데이터
2025-04-03 11:31:28,786 - bff_service - INFO - [bff_service.py:40] - [BFF] 요청 받음: slow
2025-04-03 11:31:28,787 - bff_service - INFO - [bff_service.py:41] - [BFF] 패턴 설정 - 서킷브레이커: True, 데드라인: True, 백프레셔: False
2025-04-03 11:31:28,788 - bff_service - INFO - [bff_service.py:63] - [BFF] 서킷브레이커 상태 확인 중...
2025-04-03 11:31:28,789 - bff_service - INFO - [bff_service.py:79] - [BFF] 데드라인 패턴 사용 (0.5초)
2025-04-03 11:31:29,319 - bff_service - ERROR - [bff_service.py:126] - [BFF] Backend 호출 중 오류: StatusCode.DEADLINE_EXCEEDED - Deadline Exceeded
2025-04-03 11:31:29,753 - bff_service - INFO - [bff_service.py:40] - [BFF] 요청 받음: slow
2025-04-03 11:31:29,753 - bff_service - INFO - [bff_service.py:41] - [BFF] 패턴 설정 - 서킷브레이커: True, 데드라인: True, 백프레셔: False
2025-04-03 11:31:29,754 - bff_service - INFO - [bff_service.py:63] - [BFF] 서킷브레이커 상태 확인 중...
2025-04-03 11:31:29,754 - bff_service - INFO - [bff_service.py:79] - [BFF] 데드라인 패턴 사용 (0.5초)
2025-04-03 11:31:30,275 - bff_service - ERROR - [bff_service.py:126] - [BFF] Backend 호출 중 오류: StatusCode.DEADLINE_EXCEEDED - Deadline Exceeded
2025-04-03 11:31:30,656 - bff_service - INFO - [bff_service.py:40] - [BFF] 요청 받음: slow
2025-04-03 11:31:30,657 - bff_service - INFO - [bff_service.py:41] - [BFF] 패턴 설정 - 서킷브레이커: True, 데드라인: True, 백프레셔: False
2025-04-03 11:31:30,657 - bff_service - INFO - [bff_service.py:63] - [BFF] 서킷브레이커 상태 확인 중...
2025-04-03 11:31:30,658 - bff_service - WARNING - [bff_service.py:65] - [BFF] 서킷브레이커 오픈 상태 - 요청 차단됨
2025-04-03 11:31:37,310 - bff_service - INFO - [bff_service.py:40] - [BFF] 요청 받음: slow
2025-04-03 11:31:37,310 - bff_service - INFO - [bff_service.py:41] - [BFF] 패턴 설정 - 서킷브레이커: True, 데드라인: True, 백프레셔: False
2025-04-03 11:31:37,311 - bff_service - INFO - [bff_service.py:63] - [BFF] 서킷브레이커 상태 확인 중...
2025-04-03 11:31:37,312 - bff_service - WARNING - [bff_service.py:65] - [BFF] 서킷브레이커 오픈 상태 - 요청 차단됨
2025-04-03 11:31:50,949 - bff_service - INFO - [bff_service.py:40] - [BFF] 요청 받음: slow
2025-04-03 11:31:50,949 - bff_service - INFO - [bff_service.py:41] - [BFF] 패턴 설정 - 서킷브레이커: True, 데드라인: True, 백프레셔: False
2025-04-03 11:31:50,950 - bff_service - INFO - [bff_service.py:63] - [BFF] 서킷브레이커 상태 확인 중...
2025-04-03 11:31:50,950 - bff_service - INFO - [bff_service.py:79] - [BFF] 데드라인 패턴 사용 (0.5초)
2025-04-03 11:31:51,485 - bff_service - ERROR - [bff_service.py:126] - [BFF] Backend 호출 중 오류: StatusCode.DEADLINE_EXCEEDED - Deadline Exceeded
2025-04-03 11:31:55,475 - bff_service - INFO - [bff_service.py:40] - [BFF] 요청 받음: slow
2025-04-03 11:31:55,475 - bff_service - INFO - [bff_service.py:41] - [BFF] 패턴 설정 - 서킷브레이커: True, 데드라인: True, 백프레셔: False
2025-04-03 11:31:55,476 - bff_service - INFO - [bff_service.py:63] - [BFF] 서킷브레이커 상태 확인 중...
2025-04-03 11:31:55,476 - bff_service - WARNING - [bff_service.py:65] - [BFF] 서킷브레이커 오픈 상태 - 요청 차단됨
2025-04-03 11:34:58,122 - bff_service - INFO - [bff_service.py:40] - [BFF] 요청 받음: slow
2025-04-03 11:34:58,122 - bff_service - INFO - [bff_service.py:41] - [BFF] 패턴 설정 - 서킷브레이커: False, 데드라인: False, 백프레셔: False
2025-04-03 11:34:58,123 - bff_service - INFO - [bff_service.py:95] - [BFF] Backend 서비스 호출 (데드라인 없음)
2025-04-03 11:34:58,209 - bff_service - INFO - [bff_service.py:40] - [BFF] 요청 받음: slow
2025-04-03 11:34:58,210 - bff_service - INFO - [bff_service.py:40] - [BFF] 요청 받음: slow
2025-04-03 11:34:58,210 - bff_service - INFO - [bff_service.py:41] - [BFF] 패턴 설정 - 서킷브레이커: False, 데드라인: False, 백프레셔: False
2025-04-03 11:34:58,211 - bff_service - INFO - [bff_service.py:41] - [BFF] 패턴 설정 - 서킷브레이커: False, 데드라인: False, 백프레셔: False
2025-04-03 11:34:58,212 - bff_service - INFO - [bff_service.py:95] - [BFF] Backend 서비스 호출 (데드라인 없음)
2025-04-03 11:34:58,212 - bff_service - INFO - [bff_service.py:40] - [BFF] 요청 받음: slow
2025-04-03 11:34:58,212 - bff_service - INFO - [bff_service.py:40] - [BFF] 요청 받음: slow
2025-04-03 11:34:58,212 - bff_service - INFO - [bff_service.py:95] - [BFF] Backend 서비스 호출 (데드라인 없음)
2025-04-03 11:34:58,213 - bff_service - INFO - [bff_service.py:40] - [BFF] 요청 받음: slow
2025-04-03 11:34:58,213 - bff_service - INFO - [bff_service.py:41] - [BFF] 패턴 설정 - 서킷브레이커: False, 데드라인: False, 백프레셔: False
2025-04-03 11:34:58,213 - bff_service - INFO - [bff_service.py:41] - [BFF] 패턴 설정 - 서킷브레이커: False, 데드라인: False, 백프레셔: False
2025-04-03 11:34:58,214 - bff_service - INFO - [bff_service.py:41] - [BFF] 패턴 설정 - 서킷브레이커: False, 데드라인: False, 백프레셔: False
2025-04-03 11:34:58,214 - bff_service - INFO - [bff_service.py:95] - [BFF] Backend 서비스 호출 (데드라인 없음)
2025-04-03 11:34:58,214 - bff_service - INFO - [bff_service.py:95] - [BFF] Backend 서비스 호출 (데드라인 없음)
2025-04-03 11:34:58,215 - bff_service - INFO - [bff_service.py:95] - [BFF] Backend 서비스 호출 (데드라인 없음)
2025-04-03 11:34:59,151 - bff_service - INFO - [bff_service.py:109] - [BFF] Backend 응답 수신: 처리 완료: 쿼리 결과 데이터
2025-04-03 11:34:59,163 - bff_service - INFO - [bff_service.py:40] - [BFF] 요청 받음: slow
2025-04-03 11:34:59,163 - bff_service - INFO - [bff_service.py:41] - [BFF] 패턴 설정 - 서킷브레이커: False, 데드라인: False, 백프레셔: False
2025-04-03 11:34:59,164 - bff_service - INFO - [bff_service.py:95] - [BFF] Backend 서비스 호출 (데드라인 없음)
2025-04-03 11:34:59,229 - bff_service - INFO - [bff_service.py:109] - [BFF] Backend 응답 수신: 처리 완료: 쿼리 결과 데이터
2025-04-03 11:34:59,229 - bff_service - INFO - [bff_service.py:109] - [BFF] Backend 응답 수신: 처리 완료: 쿼리 결과 데이터
2025-04-03 11:34:59,230 - bff_service - INFO - [bff_service.py:109] - [BFF] Backend 응답 수신: 처리 완료: 쿼리 결과 데이터
2025-04-03 11:34:59,230 - bff_service - INFO - [bff_service.py:109] - [BFF] Backend 응답 수신: 처리 완료: 쿼리 결과 데이터
2025-04-03 11:34:59,231 - bff_service - INFO - [bff_service.py:109] - [BFF] Backend 응답 수신: 처리 완료: 쿼리 결과 데이터
2025-04-03 11:34:59,260 - bff_service - INFO - [bff_service.py:40] - [BFF] 요청 받음: slow
2025-04-03 11:34:59,261 - bff_service - INFO - [bff_service.py:41] - [BFF] 패턴 설정 - 서킷브레이커: False, 데드라인: False, 백프레셔: False
2025-04-03 11:34:59,262 - bff_service - INFO - [bff_service.py:40] - [BFF] 요청 받음: slow
2025-04-03 11:34:59,263 - bff_service - INFO - [bff_service.py:95] - [BFF] Backend 서비스 호출 (데드라인 없음)
2025-04-03 11:34:59,263 - bff_service - INFO - [bff_service.py:40] - [BFF] 요청 받음: slow
2025-04-03 11:34:59,263 - bff_service - INFO - [bff_service.py:41] - [BFF] 패턴 설정 - 서킷브레이커: False, 데드라인: False, 백프레셔: False
2025-04-03 11:34:59,265 - bff_service - INFO - [bff_service.py:41] - [BFF] 패턴 설정 - 서킷브레이커: False, 데드라인: False, 백프레셔: False
2025-04-03 11:34:59,266 - bff_service - INFO - [bff_service.py:95] - [BFF] Backend 서비스 호출 (데드라인 없음)
2025-04-03 11:34:59,266 - bff_service - INFO - [bff_service.py:95] - [BFF] Backend 서비스 호출 (데드라인 없음)
2025-04-03 11:35:00,186 - bff_service - INFO - [bff_service.py:109] - [BFF] Backend 응답 수신: 처리 완료: 쿼리 결과 데이터
2025-04-03 11:35:00,325 - bff_service - INFO - [bff_service.py:109] - [BFF] Backend 응답 수신: 처리 완료: 쿼리 결과 데이터
2025-04-03 11:35:00,326 - bff_service - INFO - [bff_service.py:109] - [BFF] Backend 응답 수신: 처리 완료: 쿼리 결과 데이터
2025-04-03 11:35:00,326 - bff_service - INFO - [bff_service.py:109] - [BFF] Backend 응답 수신: 처리 완료: 쿼리 결과 데이터
2025-04-03 11:35:02,376 - bff_service - INFO - [bff_service.py:40] - [BFF] 요청 받음: slow
2025-04-03 11:35:02,376 - bff_service - INFO - [bff_service.py:41] - [BFF] 패턴 설정 - 서킷브레이커: False, 데드라인: False, 백프레셔: True
2025-04-03 11:35:02,377 - bff_service - INFO - [bff_service.py:95] - [BFF] Backend 서비스 호출 (데드라인 없음)
2025-04-03 11:35:02,383 - bff_service - INFO - [bff_service.py:40] - [BFF] 요청 받음: slow
2025-04-03 11:35:02,384 - bff_service - INFO - [bff_service.py:41] - [BFF] 패턴 설정 - 서킷브레이커: False, 데드라인: False, 백프레셔: True
2025-04-03 11:35:02,385 - bff_service - INFO - [bff_service.py:95] - [BFF] Backend 서비스 호출 (데드라인 없음)
2025-04-03 11:35:02,386 - bff_service - INFO - [bff_service.py:40] - [BFF] 요청 받음: slow
2025-04-03 11:35:02,387 - bff_service - INFO - [bff_service.py:41] - [BFF] 패턴 설정 - 서킷브레이커: False, 데드라인: False, 백프레셔: True
2025-04-03 11:35:02,388 - bff_service - INFO - [bff_service.py:95] - [BFF] Backend 서비스 호출 (데드라인 없음)
2025-04-03 11:35:02,389 - bff_service - INFO - [bff_service.py:40] - [BFF] 요청 받음: slow
2025-04-03 11:35:02,390 - bff_service - INFO - [bff_service.py:41] - [BFF] 패턴 설정 - 서킷브레이커: False, 데드라인: False, 백프레셔: True
2025-04-03 11:35:02,393 - bff_service - INFO - [bff_service.py:95] - [BFF] Backend 서비스 호출 (데드라인 없음)
2025-04-03 11:35:02,393 - bff_service - INFO - [bff_service.py:40] - [BFF] 요청 받음: slow
2025-04-03 11:35:02,394 - bff_service - INFO - [bff_service.py:41] - [BFF] 패턴 설정 - 서킷브레이커: False, 데드라인: False, 백프레셔: True
2025-04-03 11:35:02,394 - bff_service - INFO - [bff_service.py:95] - [BFF] Backend 서비스 호출 (데드라인 없음)
2025-04-03 11:35:02,395 - bff_service - INFO - [bff_service.py:40] - [BFF] 요청 받음: slow
2025-04-03 11:35:02,396 - bff_service - INFO - [bff_service.py:41] - [BFF] 패턴 설정 - 서킷브레이커: False, 데드라인: False, 백프레셔: True
2025-04-03 11:35:02,397 - bff_service - INFO - [bff_service.py:95] - [BFF] Backend 서비스 호출 (데드라인 없음)
2025-04-03 11:35:02,432 - bff_service - ERROR - [bff_service.py:126] - [BFF] Backend 호출 중 오류: StatusCode.RESOURCE_EXHAUSTED - 서버 과부하 상태입니다. 잠시 후 다시 시도해주세요.
2025-04-03 11:35:02,445 - bff_service - ERROR - [bff_service.py:126] - [BFF] Backend 호출 중 오류: StatusCode.RESOURCE_EXHAUSTED - 서버 과부하 상태입니다. 잠시 후 다시 시도해주세요.
2025-04-03 11:35:02,470 - bff_service - INFO - [bff_service.py:40] - [BFF] 요청 받음: slow
2025-04-03 11:35:02,471 - bff_service - INFO - [bff_service.py:41] - [BFF] 패턴 설정 - 서킷브레이커: False, 데드라인: False, 백프레셔: True
2025-04-03 11:35:02,472 - bff_service - INFO - [bff_service.py:95] - [BFF] Backend 서비스 호출 (데드라인 없음)
2025-04-03 11:35:02,499 - bff_service - INFO - [bff_service.py:40] - [BFF] 요청 받음: slow
2025-04-03 11:35:02,500 - bff_service - INFO - [bff_service.py:41] - [BFF] 패턴 설정 - 서킷브레이커: False, 데드라인: False, 백프레셔: True
2025-04-03 11:35:02,501 - bff_service - INFO - [bff_service.py:95] - [BFF] Backend 서비스 호출 (데드라인 없음)
2025-04-03 11:35:02,515 - bff_service - ERROR - [bff_service.py:126] - [BFF] Backend 호출 중 오류: StatusCode.RESOURCE_EXHAUSTED - 서버 과부하 상태입니다. 잠시 후 다시 시도해주세요.
2025-04-03 11:35:02,528 - bff_service - ERROR - [bff_service.py:126] - [BFF] Backend 호출 중 오류: StatusCode.RESOURCE_EXHAUSTED - 서버 과부하 상태입니다. 잠시 후 다시 시도해주세요.
2025-04-03 11:35:02,556 - bff_service - INFO - [bff_service.py:40] - [BFF] 요청 받음: slow
2025-04-03 11:35:02,556 - bff_service - INFO - [bff_service.py:41] - [BFF] 패턴 설정 - 서킷브레이커: False, 데드라인: False, 백프레셔: True
2025-04-03 11:35:02,558 - bff_service - INFO - [bff_service.py:95] - [BFF] Backend 서비스 호출 (데드라인 없음)
2025-04-03 11:35:02,582 - bff_service - INFO - [bff_service.py:40] - [BFF] 요청 받음: slow
2025-04-03 11:35:02,583 - bff_service - INFO - [bff_service.py:41] - [BFF] 패턴 설정 - 서킷브레이커: False, 데드라인: False, 백프레셔: True
2025-04-03 11:35:02,584 - bff_service - INFO - [bff_service.py:95] - [BFF] Backend 서비스 호출 (데드라인 없음)
2025-04-03 11:35:02,596 - bff_service - ERROR - [bff_service.py:126] - [BFF] Backend 호출 중 오류: StatusCode.RESOURCE_EXHAUSTED - 서버 과부하 상태입니다. 잠시 후 다시 시도해주세요.
2025-04-03 11:35:02,612 - bff_service - ERROR - [bff_service.py:126] - [BFF] Backend 호출 중 오류: StatusCode.RESOURCE_EXHAUSTED - 서버 과부하 상태입니다. 잠시 후 다시 시도해주세요.
2025-04-03 11:35:03,409 - bff_service - INFO - [bff_service.py:109] - [BFF] Backend 응답 수신: 처리 완료: 쿼리 결과 데이터
2025-04-03 11:35:03,410 - bff_service - INFO - [bff_service.py:109] - [BFF] Backend 응답 수신: 처리 완료: 쿼리 결과 데이터
2025-04-03 11:35:03,410 - bff_service - INFO - [bff_service.py:109] - [BFF] Backend 응답 수신: 처리 완료: 쿼리 결과 데이터
2025-04-03 11:35:03,411 - bff_service - INFO - [bff_service.py:109] - [BFF] Backend 응답 수신: 처리 완료: 쿼리 결과 데이터
2025-04-03 11:37:55,708 - bff_service - INFO - [bff_service.py:40] - [BFF] 요청 받음: slow
2025-04-03 11:37:55,709 - bff_service - INFO - [bff_service.py:41] - [BFF] 패턴 설정 - 서킷브레이커: False, 데드라인: False, 백프레셔: True
2025-04-03 11:37:55,709 - bff_service - INFO - [bff_service.py:95] - [BFF] Backend 서비스 호출 (데드라인 없음)
2025-04-03 11:37:56,726 - bff_service - INFO - [bff_service.py:109] - [BFF] Backend 응답 수신: 처리 완료: 쿼리 결과 데이터
2025-04-03 11:38:01,602 - bff_service - INFO - [bff_service.py:40] - [BFF] 요청 받음: slow
2025-04-03 11:38:01,602 - bff_service - INFO - [bff_service.py:41] - [BFF] 패턴 설정 - 서킷브레이커: True, 데드라인: False, 백프레셔: True
2025-04-03 11:38:01,603 - bff_service - INFO - [bff_service.py:63] - [BFF] 서킷브레이커 상태 확인 중...
2025-04-03 11:38:01,603 - bff_service - INFO - [bff_service.py:95] - [BFF] Backend 서비스 호출 (데드라인 없음)
2025-04-03 11:38:02,627 - bff_service - INFO - [bff_service.py:109] - [BFF] Backend 응답 수신: 처리 완료: 쿼리 결과 데이터
2025-04-03 11:38:05,088 - bff_service - INFO - [bff_service.py:40] - [BFF] 요청 받음: slow
2025-04-03 11:38:05,088 - bff_service - INFO - [bff_service.py:41] - [BFF] 패턴 설정 - 서킷브레이커: True, 데드라인: True, 백프레셔: False
2025-04-03 11:38:05,088 - bff_service - INFO - [bff_service.py:63] - [BFF] 서킷브레이커 상태 확인 중...
2025-04-03 11:38:05,089 - bff_service - INFO - [bff_service.py:79] - [BFF] 데드라인 패턴 사용 (0.5초)
2025-04-03 11:38:05,621 - bff_service - ERROR - [bff_service.py:126] - [BFF] Backend 호출 중 오류: StatusCode.DEADLINE_EXCEEDED - Deadline Exceeded
2025-04-03 11:38:07,792 - bff_service - INFO - [bff_service.py:40] - [BFF] 요청 받음: slow
2025-04-03 11:38:07,793 - bff_service - INFO - [bff_service.py:41] - [BFF] 패턴 설정 - 서킷브레이커: True, 데드라인: True, 백프레셔: False
2025-04-03 11:38:07,794 - bff_service - INFO - [bff_service.py:63] - [BFF] 서킷브레이커 상태 확인 중...
2025-04-03 11:38:07,795 - bff_service - INFO - [bff_service.py:79] - [BFF] 데드라인 패턴 사용 (0.5초)
2025-04-03 11:38:08,319 - bff_service - ERROR - [bff_service.py:126] - [BFF] Backend 호출 중 오류: StatusCode.DEADLINE_EXCEEDED - Deadline Exceeded
2025-04-03 11:38:09,735 - bff_service - INFO - [bff_service.py:40] - [BFF] 요청 받음: slow
2025-04-03 11:38:09,735 - bff_service - INFO - [bff_service.py:41] - [BFF] 패턴 설정 - 서킷브레이커: True, 데드라인: True, 백프레셔: False
2025-04-03 11:38:09,736 - bff_service - INFO - [bff_service.py:63] - [BFF] 서킷브레이커 상태 확인 중...
2025-04-03 11:38:09,736 - bff_service - WARNING - [bff_service.py:65] - [BFF] 서킷브레이커 오픈 상태 - 요청 차단됨
2025-04-03 11:38:11,570 - bff_service - INFO - [bff_service.py:40] - [BFF] 요청 받음: slow
2025-04-03 11:38:11,570 - bff_service - INFO - [bff_service.py:41] - [BFF] 패턴 설정 - 서킷브레이커: True, 데드라인: False, 백프레셔: False
2025-04-03 11:38:11,571 - bff_service - INFO - [bff_service.py:63] - [BFF] 서킷브레이커 상태 확인 중...
2025-04-03 11:38:11,571 - bff_service - WARNING - [bff_service.py:65] - [BFF] 서킷브레이커 오픈 상태 - 요청 차단됨
2025-04-03 11:38:12,130 - bff_service - INFO - [bff_service.py:40] - [BFF] 요청 받음: slow
2025-04-03 11:38:12,131 - bff_service - INFO - [bff_service.py:41] - [BFF] 패턴 설정 - 서킷브레이커: True, 데드라인: False, 백프레셔: False
2025-04-03 11:38:12,131 - bff_service - INFO - [bff_service.py:63] - [BFF] 서킷브레이커 상태 확인 중...
2025-04-03 11:38:12,131 - bff_service - WARNING - [bff_service.py:65] - [BFF] 서킷브레이커 오픈 상태 - 요청 차단됨
2025-04-03 11:38:12,559 - bff_service - INFO - [bff_service.py:40] - [BFF] 요청 받음: slow
2025-04-03 11:38:12,559 - bff_service - INFO - [bff_service.py:41] - [BFF] 패턴 설정 - 서킷브레이커: True, 데드라인: False, 백프레셔: False
2025-04-03 11:38:12,559 - bff_service - INFO - [bff_service.py:63] - [BFF] 서킷브레이커 상태 확인 중...
2025-04-03 11:38:12,559 - bff_service - WARNING - [bff_service.py:65] - [BFF] 서킷브레이커 오픈 상태 - 요청 차단됨
2025-04-03 11:38:12,944 - bff_service - INFO - [bff_service.py:40] - [BFF] 요청 받음: slow
2025-04-03 11:38:12,945 - bff_service - INFO - [bff_service.py:41] - [BFF] 패턴 설정 - 서킷브레이커: True, 데드라인: False, 백프레셔: False
2025-04-03 11:38:12,945 - bff_service - INFO - [bff_service.py:63] - [BFF] 서킷브레이커 상태 확인 중...
2025-04-03 11:38:12,945 - bff_service - WARNING - [bff_service.py:65] - [BFF] 서킷브레이커 오픈 상태 - 요청 차단됨
2025-04-03 11:38:13,166 - bff_service - INFO - [bff_service.py:40] - [BFF] 요청 받음: slow
2025-04-03 11:38:13,166 - bff_service - INFO - [bff_service.py:41] - [BFF] 패턴 설정 - 서킷브레이커: True, 데드라인: False, 백프레셔: False
2025-04-03 11:38:13,166 - bff_service - INFO - [bff_service.py:63] - [BFF] 서킷브레이커 상태 확인 중...
2025-04-03 11:38:13,166 - bff_service - WARNING - [bff_service.py:65] - [BFF] 서킷브레이커 오픈 상태 - 요청 차단됨
2025-04-03 11:38:13,347 - bff_service - INFO - [bff_service.py:40] - [BFF] 요청 받음: slow
2025-04-03 11:38:13,347 - bff_service - INFO - [bff_service.py:41] - [BFF] 패턴 설정 - 서킷브레이커: True, 데드라인: False, 백프레셔: False
2025-04-03 11:38:13,348 - bff_service - INFO - [bff_service.py:63] - [BFF] 서킷브레이커 상태 확인 중...
2025-04-03 11:38:13,348 - bff_service - WARNING - [bff_service.py:65] - [BFF] 서킷브레이커 오픈 상태 - 요청 차단됨
2025-04-03 11:38:13,524 - bff_service - INFO - [bff_service.py:40] - [BFF] 요청 받음: slow
2025-04-03 11:38:13,525 - bff_service - INFO - [bff_service.py:41] - [BFF] 패턴 설정 - 서킷브레이커: True, 데드라인: False, 백프레셔: False
2025-04-03 11:38:13,526 - bff_service - INFO - [bff_service.py:63] - [BFF] 서킷브레이커 상태 확인 중...
2025-04-03 11:38:13,526 - bff_service - WARNING - [bff_service.py:65] - [BFF] 서킷브레이커 오픈 상태 - 요청 차단됨
2025-04-03 11:38:13,723 - bff_service - INFO - [bff_service.py:40] - [BFF] 요청 받음: slow
2025-04-03 11:38:13,724 - bff_service - INFO - [bff_service.py:41] - [BFF] 패턴 설정 - 서킷브레이커: True, 데드라인: False, 백프레셔: False
2025-04-03 11:38:13,724 - bff_service - INFO - [bff_service.py:63] - [BFF] 서킷브레이커 상태 확인 중...
2025-04-03 11:38:13,725 - bff_service - WARNING - [bff_service.py:65] - [BFF] 서킷브레이커 오픈 상태 - 요청 차단됨
2025-04-03 11:38:13,898 - bff_service - INFO - [bff_service.py:40] - [BFF] 요청 받음: slow
2025-04-03 11:38:13,899 - bff_service - INFO - [bff_service.py:41] - [BFF] 패턴 설정 - 서킷브레이커: True, 데드라인: False, 백프레셔: False
2025-04-03 11:38:13,899 - bff_service - INFO - [bff_service.py:63] - [BFF] 서킷브레이커 상태 확인 중...
2025-04-03 11:38:13,899 - bff_service - WARNING - [bff_service.py:65] - [BFF] 서킷브레이커 오픈 상태 - 요청 차단됨
2025-04-03 11:38:14,083 - bff_service - INFO - [bff_service.py:40] - [BFF] 요청 받음: slow
2025-04-03 11:38:14,083 - bff_service - INFO - [bff_service.py:41] - [BFF] 패턴 설정 - 서킷브레이커: True, 데드라인: False, 백프레셔: False
2025-04-03 11:38:14,083 - bff_service - INFO - [bff_service.py:63] - [BFF] 서킷브레이커 상태 확인 중...
2025-04-03 11:38:14,084 - bff_service - WARNING - [bff_service.py:65] - [BFF] 서킷브레이커 오픈 상태 - 요청 차단됨
2025-04-03 11:38:14,563 - bff_service - INFO - [bff_service.py:40] - [BFF] 요청 받음: slow
2025-04-03 11:38:14,563 - bff_service - INFO - [bff_service.py:41] - [BFF] 패턴 설정 - 서킷브레이커: True, 데드라인: False, 백프레셔: False
2025-04-03 11:38:14,564 - bff_service - INFO - [bff_service.py:63] - [BFF] 서킷브레이커 상태 확인 중...
2025-04-03 11:38:14,564 - bff_service - WARNING - [bff_service.py:65] - [BFF] 서킷브레이커 오픈 상태 - 요청 차단됨
2025-04-03 11:38:14,762 - bff_service - INFO - [bff_service.py:40] - [BFF] 요청 받음: slow
2025-04-03 11:38:14,763 - bff_service - INFO - [bff_service.py:41] - [BFF] 패턴 설정 - 서킷브레이커: True, 데드라인: False, 백프레셔: False
2025-04-03 11:38:14,763 - bff_service - INFO - [bff_service.py:63] - [BFF] 서킷브레이커 상태 확인 중...
2025-04-03 11:38:14,763 - bff_service - WARNING - [bff_service.py:65] - [BFF] 서킷브레이커 오픈 상태 - 요청 차단됨
2025-04-03 11:38:15,305 - bff_service - INFO - [bff_service.py:40] - [BFF] 요청 받음: slow
2025-04-03 11:38:15,306 - bff_service - INFO - [bff_service.py:41] - [BFF] 패턴 설정 - 서킷브레이커: True, 데드라인: False, 백프레셔: False
2025-04-03 11:38:15,306 - bff_service - INFO - [bff_service.py:63] - [BFF] 서킷브레이커 상태 확인 중...
2025-04-03 11:38:15,307 - bff_service - WARNING - [bff_service.py:65] - [BFF] 서킷브레이커 오픈 상태 - 요청 차단됨
2025-04-03 11:38:15,515 - bff_service - INFO - [bff_service.py:40] - [BFF] 요청 받음: slow
2025-04-03 11:38:15,515 - bff_service - INFO - [bff_service.py:41] - [BFF] 패턴 설정 - 서킷브레이커: True, 데드라인: False, 백프레셔: False
2025-04-03 11:38:15,516 - bff_service - INFO - [bff_service.py:63] - [BFF] 서킷브레이커 상태 확인 중...
2025-04-03 11:38:15,516 - bff_service - WARNING - [bff_service.py:65] - [BFF] 서킷브레이커 오픈 상태 - 요청 차단됨
2025-04-03 11:38:18,867 - bff_service - INFO - [bff_service.py:40] - [BFF] 요청 받음: slow
2025-04-03 11:38:18,867 - bff_service - INFO - [bff_service.py:41] - [BFF] 패턴 설정 - 서킷브레이커: False, 데드라인: True, 백프레셔: False
2025-04-03 11:38:18,868 - bff_service - INFO - [bff_service.py:79] - [BFF] 데드라인 패턴 사용 (0.5초)
2025-04-03 11:38:19,402 - bff_service - ERROR - [bff_service.py:126] - [BFF] Backend 호출 중 오류: StatusCode.DEADLINE_EXCEEDED - Deadline Exceeded
2025-04-03 11:38:21,480 - bff_service - INFO - [bff_service.py:40] - [BFF] 요청 받음: slow
2025-04-03 11:38:21,480 - bff_service - INFO - [bff_service.py:41] - [BFF] 패턴 설정 - 서킷브레이커: True, 데드라인: False, 백프레셔: False
2025-04-03 11:38:21,481 - bff_service - INFO - [bff_service.py:63] - [BFF] 서킷브레이커 상태 확인 중...
2025-04-03 11:38:21,481 - bff_service - INFO - [bff_service.py:95] - [BFF] Backend 서비스 호출 (데드라인 없음)
2025-04-03 11:38:22,498 - bff_service - INFO - [bff_service.py:109] - [BFF] Backend 응답 수신: 처리 완료: 쿼리 결과 데이터
2025-04-03 11:38:24,650 - bff_service - INFO - [bff_service.py:40] - [BFF] 요청 받음: slow
2025-04-03 11:38:24,651 - bff_service - INFO - [bff_service.py:41] - [BFF] 패턴 설정 - 서킷브레이커: False, 데드라인: True, 백프레셔: False
2025-04-03 11:38:24,651 - bff_service - INFO - [bff_service.py:79] - [BFF] 데드라인 패턴 사용 (0.5초)
2025-04-03 11:38:25,182 - bff_service - ERROR - [bff_service.py:126] - [BFF] Backend 호출 중 오류: StatusCode.DEADLINE_EXCEEDED - Deadline Exceeded
2025-04-03 11:38:25,554 - bff_service - INFO - [bff_service.py:40] - [BFF] 요청 받음: slow
2025-04-03 11:38:25,554 - bff_service - INFO - [bff_service.py:41] - [BFF] 패턴 설정 - 서킷브레이커: False, 데드라인: True, 백프레셔: False
2025-04-03 11:38:25,555 - bff_service - INFO - [bff_service.py:79] - [BFF] 데드라인 패턴 사용 (0.5초)
2025-04-03 11:38:26,082 - bff_service - ERROR - [bff_service.py:126] - [BFF] Backend 호출 중 오류: StatusCode.DEADLINE_EXCEEDED - Deadline Exceeded
2025-04-03 11:38:26,390 - bff_service - INFO - [bff_service.py:40] - [BFF] 요청 받음: slow
2025-04-03 11:38:26,390 - bff_service - INFO - [bff_service.py:41] - [BFF] 패턴 설정 - 서킷브레이커: False, 데드라인: True, 백프레셔: False
2025-04-03 11:38:26,391 - bff_service - INFO - [bff_service.py:79] - [BFF] 데드라인 패턴 사용 (0.5초)
2025-04-03 11:38:26,924 - bff_service - ERROR - [bff_service.py:126] - [BFF] Backend 호출 중 오류: StatusCode.DEADLINE_EXCEEDED - Deadline Exceeded
2025-04-03 11:38:27,175 - bff_service - INFO - [bff_service.py:40] - [BFF] 요청 받음: slow
2025-04-03 11:38:27,175 - bff_service - INFO - [bff_service.py:41] - [BFF] 패턴 설정 - 서킷브레이커: False, 데드라인: True, 백프레셔: False
2025-04-03 11:38:27,176 - bff_service - INFO - [bff_service.py:79] - [BFF] 데드라인 패턴 사용 (0.5초)
2025-04-03 11:38:27,699 - bff_service - ERROR - [bff_service.py:126] - [BFF] Backend 호출 중 오류: StatusCode.DEADLINE_EXCEEDED - Deadline Exceeded
2025-04-03 11:38:27,987 - bff_service - INFO - [bff_service.py:40] - [BFF] 요청 받음: slow
2025-04-03 11:38:27,987 - bff_service - INFO - [bff_service.py:41] - [BFF] 패턴 설정 - 서킷브레이커: False, 데드라인: True, 백프레셔: False
2025-04-03 11:38:28,070 - bff_service - INFO - [bff_service.py:79] - [BFF] 데드라인 패턴 사용 (0.5초)
2025-04-03 11:38:28,596 - bff_service - ERROR - [bff_service.py:126] - [BFF] Backend 호출 중 오류: StatusCode.DEADLINE_EXCEEDED - Deadline Exceeded
2025-04-03 11:38:29,639 - bff_service - INFO - [bff_service.py:40] - [BFF] 요청 받음: slow
2025-04-03 11:38:29,641 - bff_service - INFO - [bff_service.py:41] - [BFF] 패턴 설정 - 서킷브레이커: True, 데드라인: False, 백프레셔: False
2025-04-03 11:38:29,641 - bff_service - INFO - [bff_service.py:63] - [BFF] 서킷브레이커 상태 확인 중...
2025-04-03 11:38:29,641 - bff_service - INFO - [bff_service.py:95] - [BFF] Backend 서비스 호출 (데드라인 없음)
2025-04-03 11:38:30,654 - bff_service - INFO - [bff_service.py:109] - [BFF] Backend 응답 수신: 처리 완료: 쿼리 결과 데이터
2025-04-03 11:38:32,120 - bff_service - INFO - [bff_service.py:40] - [BFF] 요청 받음: slow
2025-04-03 11:38:32,120 - bff_service - INFO - [bff_service.py:41] - [BFF] 패턴 설정 - 서킷브레이커: True, 데드라인: True, 백프레셔: False
2025-04-03 11:38:32,121 - bff_service - INFO - [bff_service.py:63] - [BFF] 서킷브레이커 상태 확인 중...
2025-04-03 11:38:32,121 - bff_service - INFO - [bff_service.py:79] - [BFF] 데드라인 패턴 사용 (0.5초)
2025-04-03 11:38:32,657 - bff_service - ERROR - [bff_service.py:126] - [BFF] Backend 호출 중 오류: StatusCode.DEADLINE_EXCEEDED - Deadline Exceeded
2025-04-03 11:38:32,999 - bff_service - INFO - [bff_service.py:40] - [BFF] 요청 받음: slow
2025-04-03 11:38:33,000 - bff_service - INFO - [bff_service.py:41] - [BFF] 패턴 설정 - 서킷브레이커: True, 데드라인: True, 백프레셔: False
2025-04-03 11:38:33,000 - bff_service - INFO - [bff_service.py:63] - [BFF] 서킷브레이커 상태 확인 중...
2025-04-03 11:38:33,000 - bff_service - INFO - [bff_service.py:79] - [BFF] 데드라인 패턴 사용 (0.5초)
2025-04-03 11:38:33,526 - bff_service - ERROR - [bff_service.py:126] - [BFF] Backend 호출 중 오류: StatusCode.DEADLINE_EXCEEDED - Deadline Exceeded
2025-04-03 11:38:33,744 - bff_service - INFO - [bff_service.py:40] - [BFF] 요청 받음: slow
2025-04-03 11:38:33,744 - bff_service - INFO - [bff_service.py:41] - [BFF] 패턴 설정 - 서킷브레이커: True, 데드라인: True, 백프레셔: False
2025-04-03 11:38:33,745 - bff_service - INFO - [bff_service.py:63] - [BFF] 서킷브레이커 상태 확인 중...
2025-04-03 11:38:33,745 - bff_service - WARNING - [bff_service.py:65] - [BFF] 서킷브레이커 오픈 상태 - 요청 차단됨
2025-04-03 11:38:34,386 - bff_service - INFO - [bff_service.py:40] - [BFF] 요청 받음: slow
2025-04-03 11:38:34,387 - bff_service - INFO - [bff_service.py:41] - [BFF] 패턴 설정 - 서킷브레이커: True, 데드라인: True, 백프레셔: False
2025-04-03 11:38:34,387 - bff_service - INFO - [bff_service.py:63] - [BFF] 서킷브레이커 상태 확인 중...
2025-04-03 11:38:34,388 - bff_service - WARNING - [bff_service.py:65] - [BFF] 서킷브레이커 오픈 상태 - 요청 차단됨
2025-04-03 11:38:34,879 - bff_service - INFO - [bff_service.py:40] - [BFF] 요청 받음: slow
2025-04-03 11:38:34,879 - bff_service - INFO - [bff_service.py:41] - [BFF] 패턴 설정 - 서킷브레이커: True, 데드라인: True, 백프레셔: False
2025-04-03 11:38:34,880 - bff_service - INFO - [bff_service.py:63] - [BFF] 서킷브레이커 상태 확인 중...
2025-04-03 11:38:34,880 - bff_service - WARNING - [bff_service.py:65] - [BFF] 서킷브레이커 오픈 상태 - 요청 차단됨
2025-04-03 11:38:35,271 - bff_service - INFO - [bff_service.py:40] - [BFF] 요청 받음: slow
2025-04-03 11:38:35,271 - bff_service - INFO - [bff_service.py:41] - [BFF] 패턴 설정 - 서킷브레이커: True, 데드라인: True, 백프레셔: False
2025-04-03 11:38:35,272 - bff_service - INFO - [bff_service.py:63] - [BFF] 서킷브레이커 상태 확인 중...
2025-04-03 11:38:35,272 - bff_service - WARNING - [bff_service.py:65] - [BFF] 서킷브레이커 오픈 상태 - 요청 차단됨
2025-04-03 11:38:35,657 - bff_service - INFO - [bff_service.py:40] - [BFF] 요청 받음: slow
2025-04-03 11:38:35,657 - bff_service - INFO - [bff_service.py:41] - [BFF] 패턴 설정 - 서킷브레이커: True, 데드라인: True, 백프레셔: False
2025-04-03 11:38:35,657 - bff_service - INFO - [bff_service.py:63] - [BFF] 서킷브레이커 상태 확인 중...
2025-04-03 11:38:35,658 - bff_service - WARNING - [bff_service.py:65] - [BFF] 서킷브레이커 오픈 상태 - 요청 차단됨
2025-04-03 11:38:36,171 - bff_service - INFO - [bff_service.py:40] - [BFF] 요청 받음: slow
2025-04-03 11:38:36,171 - bff_service - INFO - [bff_service.py:41] - [BFF] 패턴 설정 - 서킷브레이커: True, 데드라인: True, 백프레셔: False
2025-04-03 11:38:36,172 - bff_service - INFO - [bff_service.py:63] - [BFF] 서킷브레이커 상태 확인 중...
2025-04-03 11:38:36,172 - bff_service - WARNING - [bff_service.py:65] - [BFF] 서킷브레이커 오픈 상태 - 요청 차단됨
2025-04-03 11:38:37,490 - bff_service - INFO - [bff_service.py:40] - [BFF] 요청 받음: slow
2025-04-03 11:38:37,491 - bff_service - INFO - [bff_service.py:41] - [BFF] 패턴 설정 - 서킷브레이커: True, 데드라인: True, 백프레셔: False
2025-04-03 11:38:37,491 - bff_service - INFO - [bff_service.py:63] - [BFF] 서킷브레이커 상태 확인 중...
2025-04-03 11:38:37,492 - bff_service - WARNING - [bff_service.py:65] - [BFF] 서킷브레이커 오픈 상태 - 요청 차단됨
2025-04-03 11:38:37,493 - bff_service - INFO - [bff_service.py:40] - [BFF] 요청 받음: slow
2025-04-03 11:38:37,495 - bff_service - INFO - [bff_service.py:41] - [BFF] 패턴 설정 - 서킷브레이커: True, 데드라인: True, 백프레셔: False
2025-04-03 11:38:37,504 - bff_service - INFO - [bff_service.py:63] - [BFF] 서킷브레이커 상태 확인 중...
2025-04-03 11:38:37,504 - bff_service - WARNING - [bff_service.py:65] - [BFF] 서킷브레이커 오픈 상태 - 요청 차단됨
2025-04-03 11:38:37,533 - bff_service - INFO - [bff_service.py:40] - [BFF] 요청 받음: slow
2025-04-03 11:38:37,533 - bff_service - INFO - [bff_service.py:40] - [BFF] 요청 받음: slow
2025-04-03 11:38:37,534 - bff_service - INFO - [bff_service.py:41] - [BFF] 패턴 설정 - 서킷브레이커: True, 데드라인: True, 백프레셔: False
2025-04-03 11:38:37,534 - bff_service - INFO - [bff_service.py:40] - [BFF] 요청 받음: slow
2025-04-03 11:38:37,534 - bff_service - INFO - [bff_service.py:40] - [BFF] 요청 받음: slow
2025-04-03 11:38:37,534 - bff_service - INFO - [bff_service.py:41] - [BFF] 패턴 설정 - 서킷브레이커: True, 데드라인: True, 백프레셔: False
2025-04-03 11:38:37,535 - bff_service - INFO - [bff_service.py:63] - [BFF] 서킷브레이커 상태 확인 중...
2025-04-03 11:38:37,536 - bff_service - INFO - [bff_service.py:41] - [BFF] 패턴 설정 - 서킷브레이커: True, 데드라인: True, 백프레셔: False
2025-04-03 11:38:37,536 - bff_service - INFO - [bff_service.py:41] - [BFF] 패턴 설정 - 서킷브레이커: True, 데드라인: True, 백프레셔: False
2025-04-03 11:38:37,537 - bff_service - INFO - [bff_service.py:63] - [BFF] 서킷브레이커 상태 확인 중...
2025-04-03 11:38:37,538 - bff_service - WARNING - [bff_service.py:65] - [BFF] 서킷브레이커 오픈 상태 - 요청 차단됨
2025-04-03 11:38:37,539 - bff_service - INFO - [bff_service.py:63] - [BFF] 서킷브레이커 상태 확인 중...
2025-04-03 11:38:37,540 - bff_service - INFO - [bff_service.py:63] - [BFF] 서킷브레이커 상태 확인 중...
2025-04-03 11:38:37,540 - bff_service - WARNING - [bff_service.py:65] - [BFF] 서킷브레이커 오픈 상태 - 요청 차단됨
2025-04-03 11:38:37,541 - bff_service - WARNING - [bff_service.py:65] - [BFF] 서킷브레이커 오픈 상태 - 요청 차단됨
2025-04-03 11:38:37,541 - bff_service - WARNING - [bff_service.py:65] - [BFF] 서킷브레이커 오픈 상태 - 요청 차단됨
2025-04-03 11:38:37,620 - bff_service - INFO - [bff_service.py:40] - [BFF] 요청 받음: slow
2025-04-03 11:38:37,622 - bff_service - INFO - [bff_service.py:40] - [BFF] 요청 받음: slow
2025-04-03 11:38:37,622 - bff_service - INFO - [bff_service.py:41] - [BFF] 패턴 설정 - 서킷브레이커: True, 데드라인: True, 백프레셔: False
2025-04-03 11:38:37,622 - bff_service - INFO - [bff_service.py:40] - [BFF] 요청 받음: slow
2025-04-03 11:38:37,622 - bff_service - INFO - [bff_service.py:40] - [BFF] 요청 받음: slow
2025-04-03 11:38:37,623 - bff_service - INFO - [bff_service.py:41] - [BFF] 패턴 설정 - 서킷브레이커: True, 데드라인: True, 백프레셔: False
2025-04-03 11:38:37,623 - bff_service - INFO - [bff_service.py:63] - [BFF] 서킷브레이커 상태 확인 중...
2025-04-03 11:38:37,623 - bff_service - INFO - [bff_service.py:41] - [BFF] 패턴 설정 - 서킷브레이커: True, 데드라인: True, 백프레셔: False
2025-04-03 11:38:37,623 - bff_service - INFO - [bff_service.py:41] - [BFF] 패턴 설정 - 서킷브레이커: True, 데드라인: True, 백프레셔: False
2025-04-03 11:38:37,624 - bff_service - INFO - [bff_service.py:63] - [BFF] 서킷브레이커 상태 확인 중...
2025-04-03 11:38:37,624 - bff_service - WARNING - [bff_service.py:65] - [BFF] 서킷브레이커 오픈 상태 - 요청 차단됨
2025-04-03 11:38:37,624 - bff_service - INFO - [bff_service.py:63] - [BFF] 서킷브레이커 상태 확인 중...
2025-04-03 11:38:37,624 - bff_service - INFO - [bff_service.py:63] - [BFF] 서킷브레이커 상태 확인 중...
2025-04-03 11:38:37,624 - bff_service - WARNING - [bff_service.py:65] - [BFF] 서킷브레이커 오픈 상태 - 요청 차단됨
2025-04-03 11:38:37,625 - bff_service - WARNING - [bff_service.py:65] - [BFF] 서킷브레이커 오픈 상태 - 요청 차단됨
2025-04-03 11:38:37,625 - bff_service - WARNING - [bff_service.py:65] - [BFF] 서킷브레이커 오픈 상태 - 요청 차단됨
2025-04-03 11:38:39,902 - bff_service - INFO - [bff_service.py:40] - [BFF] 요청 받음: slow
2025-04-03 11:38:39,902 - bff_service - INFO - [bff_service.py:41] - [BFF] 패턴 설정 - 서킷브레이커: False, 데드라인: True, 백프레셔: False
2025-04-03 11:38:39,902 - bff_service - INFO - [bff_service.py:40] - [BFF] 요청 받음: slow
2025-04-03 11:38:39,903 - bff_service - INFO - [bff_service.py:79] - [BFF] 데드라인 패턴 사용 (0.5초)
2025-04-03 11:38:39,903 - bff_service - INFO - [bff_service.py:41] - [BFF] 패턴 설정 - 서킷브레이커: False, 데드라인: True, 백프레셔: False
2025-04-03 11:38:39,903 - bff_service - INFO - [bff_service.py:40] - [BFF] 요청 받음: slow
2025-04-03 11:38:39,904 - bff_service - INFO - [bff_service.py:79] - [BFF] 데드라인 패턴 사용 (0.5초)
2025-04-03 11:38:39,904 - bff_service - INFO - [bff_service.py:41] - [BFF] 패턴 설정 - 서킷브레이커: False, 데드라인: True, 백프레셔: False
2025-04-03 11:38:39,906 - bff_service - INFO - [bff_service.py:40] - [BFF] 요청 받음: slow
2025-04-03 11:38:39,906 - bff_service - INFO - [bff_service.py:79] - [BFF] 데드라인 패턴 사용 (0.5초)
2025-04-03 11:38:39,906 - bff_service - INFO - [bff_service.py:41] - [BFF] 패턴 설정 - 서킷브레이커: False, 데드라인: True, 백프레셔: False
2025-04-03 11:38:39,907 - bff_service - INFO - [bff_service.py:40] - [BFF] 요청 받음: slow
2025-04-03 11:38:39,907 - bff_service - INFO - [bff_service.py:40] - [BFF] 요청 받음: slow
2025-04-03 11:38:39,908 - bff_service - INFO - [bff_service.py:79] - [BFF] 데드라인 패턴 사용 (0.5초)
2025-04-03 11:38:39,908 - bff_service - INFO - [bff_service.py:41] - [BFF] 패턴 설정 - 서킷브레이커: False, 데드라인: True, 백프레셔: False
2025-04-03 11:38:39,909 - bff_service - INFO - [bff_service.py:41] - [BFF] 패턴 설정 - 서킷브레이커: False, 데드라인: True, 백프레셔: False
2025-04-03 11:38:39,912 - bff_service - INFO - [bff_service.py:79] - [BFF] 데드라인 패턴 사용 (0.5초)
2025-04-03 11:38:39,967 - bff_service - INFO - [bff_service.py:79] - [BFF] 데드라인 패턴 사용 (0.5초)
2025-04-03 11:38:40,419 - bff_service - ERROR - [bff_service.py:126] - [BFF] Backend 호출 중 오류: StatusCode.DEADLINE_EXCEEDED - Deadline Exceeded
2025-04-03 11:38:40,432 - bff_service - ERROR - [bff_service.py:126] - [BFF] Backend 호출 중 오류: StatusCode.DEADLINE_EXCEEDED - Deadline Exceeded
2025-04-03 11:38:40,435 - bff_service - ERROR - [bff_service.py:126] - [BFF] Backend 호출 중 오류: StatusCode.DEADLINE_EXCEEDED - Deadline Exceeded
2025-04-03 11:38:40,436 - bff_service - ERROR - [bff_service.py:126] - [BFF] Backend 호출 중 오류: StatusCode.DEADLINE_EXCEEDED - Deadline Exceeded
2025-04-03 11:38:40,448 - bff_service - ERROR - [bff_service.py:126] - [BFF] Backend 호출 중 오류: StatusCode.DEADLINE_EXCEEDED - Deadline Exceeded
2025-04-03 11:38:40,456 - bff_service - INFO - [bff_service.py:40] - [BFF] 요청 받음: slow
2025-04-03 11:38:40,456 - bff_service - INFO - [bff_service.py:41] - [BFF] 패턴 설정 - 서킷브레이커: False, 데드라인: True, 백프레셔: False
2025-04-03 11:38:40,458 - bff_service - INFO - [bff_service.py:79] - [BFF] 데드라인 패턴 사용 (0.5초)
2025-04-03 11:38:40,478 - bff_service - INFO - [bff_service.py:40] - [BFF] 요청 받음: slow
2025-04-03 11:38:40,478 - bff_service - INFO - [bff_service.py:41] - [BFF] 패턴 설정 - 서킷브레이커: False, 데드라인: True, 백프레셔: False
2025-04-03 11:38:40,479 - bff_service - INFO - [bff_service.py:79] - [BFF] 데드라인 패턴 사용 (0.5초)
2025-04-03 11:38:40,496 - bff_service - ERROR - [bff_service.py:126] - [BFF] Backend 호출 중 오류: StatusCode.DEADLINE_EXCEEDED - Deadline Exceeded
2025-04-03 11:38:40,526 - bff_service - INFO - [bff_service.py:40] - [BFF] 요청 받음: slow
2025-04-03 11:38:40,526 - bff_service - INFO - [bff_service.py:40] - [BFF] 요청 받음: slow
2025-04-03 11:38:40,527 - bff_service - INFO - [bff_service.py:41] - [BFF] 패턴 설정 - 서킷브레이커: False, 데드라인: True, 백프레셔: False
2025-04-03 11:38:40,527 - bff_service - INFO - [bff_service.py:41] - [BFF] 패턴 설정 - 서킷브레이커: False, 데드라인: True, 백프레셔: False
2025-04-03 11:38:40,527 - bff_service - INFO - [bff_service.py:79] - [BFF] 데드라인 패턴 사용 (0.5초)
2025-04-03 11:38:40,527 - bff_service - INFO - [bff_service.py:79] - [BFF] 데드라인 패턴 사용 (0.5초)
2025-04-03 11:38:40,987 - bff_service - ERROR - [bff_service.py:126] - [BFF] Backend 호출 중 오류: StatusCode.DEADLINE_EXCEEDED - Deadline Exceeded
2025-04-03 11:38:41,022 - bff_service - ERROR - [bff_service.py:126] - [BFF] Backend 호출 중 오류: StatusCode.DEADLINE_EXCEEDED - Deadline Exceeded
2025-04-03 11:38:41,058 - bff_service - ERROR - [bff_service.py:126] - [BFF] Backend 호출 중 오류: StatusCode.DEADLINE_EXCEEDED - Deadline Exceeded
2025-04-03 11:38:41,069 - bff_service - ERROR - [bff_service.py:126] - [BFF] Backend 호출 중 오류: StatusCode.DEADLINE_EXCEEDED - Deadline Exceeded
2025-04-03 11:38:43,226 - bff_service - INFO - [bff_service.py:40] - [BFF] 요청 받음: slow
2025-04-03 11:38:43,226 - bff_service - INFO - [bff_service.py:41] - [BFF] 패턴 설정 - 서킷브레이커: False, 데드라인: False, 백프레셔: True
2025-04-03 11:38:43,227 - bff_service - INFO - [bff_service.py:95] - [BFF] Backend 서비스 호출 (데드라인 없음)
2025-04-03 11:38:43,239 - bff_service - INFO - [bff_service.py:40] - [BFF] 요청 받음: slow
2025-04-03 11:38:43,240 - bff_service - INFO - [bff_service.py:41] - [BFF] 패턴 설정 - 서킷브레이커: False, 데드라인: False, 백프레셔: True
2025-04-03 11:38:43,240 - bff_service - INFO - [bff_service.py:95] - [BFF] Backend 서비스 호출 (데드라인 없음)
2025-04-03 11:38:43,243 - bff_service - INFO - [bff_service.py:40] - [BFF] 요청 받음: slow
2025-04-03 11:38:43,243 - bff_service - INFO - [bff_service.py:41] - [BFF] 패턴 설정 - 서킷브레이커: False, 데드라인: False, 백프레셔: True
2025-04-03 11:38:43,244 - bff_service - INFO - [bff_service.py:95] - [BFF] Backend 서비스 호출 (데드라인 없음)
2025-04-03 11:38:43,361 - bff_service - INFO - [bff_service.py:40] - [BFF] 요청 받음: slow
2025-04-03 11:38:43,361 - bff_service - INFO - [bff_service.py:40] - [BFF] 요청 받음: slow
2025-04-03 11:38:43,362 - bff_service - INFO - [bff_service.py:40] - [BFF] 요청 받음: slow
2025-04-03 11:38:43,362 - bff_service - INFO - [bff_service.py:41] - [BFF] 패턴 설정 - 서킷브레이커: False, 데드라인: False, 백프레셔: True
2025-04-03 11:38:43,362 - bff_service - INFO - [bff_service.py:41] - [BFF] 패턴 설정 - 서킷브레이커: False, 데드라인: False, 백프레셔: True
2025-04-03 11:38:43,362 - bff_service - INFO - [bff_service.py:41] - [BFF] 패턴 설정 - 서킷브레이커: False, 데드라인: False, 백프레셔: True
2025-04-03 11:38:43,362 - bff_service - INFO - [bff_service.py:95] - [BFF] Backend 서비스 호출 (데드라인 없음)
2025-04-03 11:38:43,363 - bff_service - INFO - [bff_service.py:95] - [BFF] Backend 서비스 호출 (데드라인 없음)
2025-04-03 11:38:43,363 - bff_service - INFO - [bff_service.py:95] - [BFF] Backend 서비스 호출 (데드라인 없음)
2025-04-03 11:38:43,397 - bff_service - ERROR - [bff_service.py:126] - [BFF] Backend 호출 중 오류: StatusCode.RESOURCE_EXHAUSTED - 서버 과부하 상태입니다. 잠시 후 다시 시도해주세요.
2025-04-03 11:38:43,412 - bff_service - ERROR - [bff_service.py:126] - [BFF] Backend 호출 중 오류: StatusCode.RESOURCE_EXHAUSTED - 서버 과부하 상태입니다. 잠시 후 다시 시도해주세요.
2025-04-03 11:38:43,444 - bff_service - INFO - [bff_service.py:40] - [BFF] 요청 받음: slow
2025-04-03 11:38:43,444 - bff_service - INFO - [bff_service.py:41] - [BFF] 패턴 설정 - 서킷브레이커: False, 데드라인: False, 백프레셔: True
2025-04-03 11:38:43,445 - bff_service - INFO - [bff_service.py:95] - [BFF] Backend 서비스 호출 (데드라인 없음)
2025-04-03 11:38:43,475 - bff_service - INFO - [bff_service.py:40] - [BFF] 요청 받음: slow
2025-04-03 11:38:43,476 - bff_service - INFO - [bff_service.py:41] - [BFF] 패턴 설정 - 서킷브레이커: False, 데드라인: False, 백프레셔: True
2025-04-03 11:38:43,478 - bff_service - INFO - [bff_service.py:95] - [BFF] Backend 서비스 호출 (데드라인 없음)
2025-04-03 11:38:43,492 - bff_service - ERROR - [bff_service.py:126] - [BFF] Backend 호출 중 오류: StatusCode.RESOURCE_EXHAUSTED - 서버 과부하 상태입니다. 잠시 후 다시 시도해주세요.
2025-04-03 11:38:43,507 - bff_service - ERROR - [bff_service.py:126] - [BFF] Backend 호출 중 오류: StatusCode.RESOURCE_EXHAUSTED - 서버 과부하 상태입니다. 잠시 후 다시 시도해주세요.
2025-04-03 11:38:43,531 - bff_service - INFO - [bff_service.py:40] - [BFF] 요청 받음: slow
2025-04-03 11:38:43,531 - bff_service - INFO - [bff_service.py:41] - [BFF] 패턴 설정 - 서킷브레이커: False, 데드라인: False, 백프레셔: True
2025-04-03 11:38:43,532 - bff_service - INFO - [bff_service.py:95] - [BFF] Backend 서비스 호출 (데드라인 없음)
2025-04-03 11:38:43,556 - bff_service - INFO - [bff_service.py:40] - [BFF] 요청 받음: slow
2025-04-03 11:38:43,556 - bff_service - INFO - [bff_service.py:41] - [BFF] 패턴 설정 - 서킷브레이커: False, 데드라인: False, 백프레셔: True
2025-04-03 11:38:43,557 - bff_service - INFO - [bff_service.py:95] - [BFF] Backend 서비스 호출 (데드라인 없음)
2025-04-03 11:38:43,570 - bff_service - ERROR - [bff_service.py:126] - [BFF] Backend 호출 중 오류: StatusCode.RESOURCE_EXHAUSTED - 서버 과부하 상태입니다. 잠시 후 다시 시도해주세요.
2025-04-03 11:38:43,582 - bff_service - ERROR - [bff_service.py:126] - [BFF] Backend 호출 중 오류: StatusCode.RESOURCE_EXHAUSTED - 서버 과부하 상태입니다. 잠시 후 다시 시도해주세요.
2025-04-03 11:38:44,255 - bff_service - INFO - [bff_service.py:109] - [BFF] Backend 응답 수신: 처리 완료: 쿼리 결과 데이터
2025-04-03 11:38:44,255 - bff_service - INFO - [bff_service.py:109] - [BFF] Backend 응답 수신: 처리 완료: 쿼리 결과 데이터
2025-04-03 11:38:44,271 - bff_service - INFO - [bff_service.py:109] - [BFF] Backend 응답 수신: 처리 완료: 쿼리 결과 데이터
2025-04-03 11:38:44,378 - bff_service - INFO - [bff_service.py:109] - [BFF] Backend 응답 수신: 처리 완료: 쿼리 결과 데이터
2025-04-03 11:38:47,147 - bff_service - INFO - [bff_service.py:40] - [BFF] 요청 받음: slow
2025-04-03 11:38:47,147 - bff_service - INFO - [bff_service.py:41] - [BFF] 패턴 설정 - 서킷브레이커: False, 데드라인: False, 백프레셔: True
2025-04-03 11:38:47,148 - bff_service - INFO - [bff_service.py:95] - [BFF] Backend 서비스 호출 (데드라인 없음)
2025-04-03 11:38:47,149 - bff_service - INFO - [bff_service.py:40] - [BFF] 요청 받음: slow
2025-04-03 11:38:47,149 - bff_service - INFO - [bff_service.py:41] - [BFF] 패턴 설정 - 서킷브레이커: False, 데드라인: False, 백프레셔: True
2025-04-03 11:38:47,149 - bff_service - INFO - [bff_service.py:40] - [BFF] 요청 받음: slow
2025-04-03 11:38:47,150 - bff_service - INFO - [bff_service.py:95] - [BFF] Backend 서비스 호출 (데드라인 없음)
2025-04-03 11:38:47,150 - bff_service - INFO - [bff_service.py:41] - [BFF] 패턴 설정 - 서킷브레이커: False, 데드라인: False, 백프레셔: True
2025-04-03 11:38:47,150 - bff_service - INFO - [bff_service.py:40] - [BFF] 요청 받음: slow
2025-04-03 11:38:47,151 - bff_service - INFO - [bff_service.py:95] - [BFF] Backend 서비스 호출 (데드라인 없음)
2025-04-03 11:38:47,152 - bff_service - INFO - [bff_service.py:41] - [BFF] 패턴 설정 - 서킷브레이커: False, 데드라인: False, 백프레셔: True
2025-04-03 11:38:47,153 - bff_service - INFO - [bff_service.py:40] - [BFF] 요청 받음: slow
2025-04-03 11:38:47,157 - bff_service - INFO - [bff_service.py:95] - [BFF] Backend 서비스 호출 (데드라인 없음)
2025-04-03 11:38:47,158 - bff_service - INFO - [bff_service.py:41] - [BFF] 패턴 설정 - 서킷브레이커: False, 데드라인: False, 백프레셔: True
2025-04-03 11:38:47,160 - bff_service - INFO - [bff_service.py:40] - [BFF] 요청 받음: slow
2025-04-03 11:38:47,161 - bff_service - INFO - [bff_service.py:95] - [BFF] Backend 서비스 호출 (데드라인 없음)
2025-04-03 11:38:47,161 - bff_service - INFO - [bff_service.py:41] - [BFF] 패턴 설정 - 서킷브레이커: False, 데드라인: False, 백프레셔: True
2025-04-03 11:38:47,165 - bff_service - INFO - [bff_service.py:95] - [BFF] Backend 서비스 호출 (데드라인 없음)
2025-04-03 11:38:47,208 - bff_service - ERROR - [bff_service.py:126] - [BFF] Backend 호출 중 오류: StatusCode.RESOURCE_EXHAUSTED - 서버 과부하 상태입니다. 잠시 후 다시 시도해주세요.
2025-04-03 11:38:47,222 - bff_service - ERROR - [bff_service.py:126] - [BFF] Backend 호출 중 오류: StatusCode.RESOURCE_EXHAUSTED - 서버 과부하 상태입니다. 잠시 후 다시 시도해주세요.
2025-04-03 11:38:47,247 - bff_service - INFO - [bff_service.py:40] - [BFF] 요청 받음: slow
2025-04-03 11:38:47,247 - bff_service - INFO - [bff_service.py:41] - [BFF] 패턴 설정 - 서킷브레이커: False, 데드라인: False, 백프레셔: True
2025-04-03 11:38:47,249 - bff_service - INFO - [bff_service.py:95] - [BFF] Backend 서비스 호출 (데드라인 없음)
2025-04-03 11:38:47,272 - bff_service - INFO - [bff_service.py:40] - [BFF] 요청 받음: slow
2025-04-03 11:38:47,273 - bff_service - INFO - [bff_service.py:41] - [BFF] 패턴 설정 - 서킷브레이커: False, 데드라인: False, 백프레셔: True
2025-04-03 11:38:47,274 - bff_service - INFO - [bff_service.py:95] - [BFF] Backend 서비스 호출 (데드라인 없음)
2025-04-03 11:38:47,286 - bff_service - ERROR - [bff_service.py:126] - [BFF] Backend 호출 중 오류: StatusCode.RESOURCE_EXHAUSTED - 서버 과부하 상태입니다. 잠시 후 다시 시도해주세요.
2025-04-03 11:38:47,301 - bff_service - ERROR - [bff_service.py:126] - [BFF] Backend 호출 중 오류: StatusCode.RESOURCE_EXHAUSTED - 서버 과부하 상태입니다. 잠시 후 다시 시도해주세요.
2025-04-03 11:38:47,327 - bff_service - INFO - [bff_service.py:40] - [BFF] 요청 받음: slow
2025-04-03 11:38:47,328 - bff_service - INFO - [bff_service.py:41] - [BFF] 패턴 설정 - 서킷브레이커: False, 데드라인: False, 백프레셔: True
2025-04-03 11:38:47,328 - bff_service - INFO - [bff_service.py:95] - [BFF] Backend 서비스 호출 (데드라인 없음)
2025-04-03 11:38:47,352 - bff_service - INFO - [bff_service.py:40] - [BFF] 요청 받음: slow
2025-04-03 11:38:47,352 - bff_service - INFO - [bff_service.py:41] - [BFF] 패턴 설정 - 서킷브레이커: False, 데드라인: False, 백프레셔: True
2025-04-03 11:38:47,353 - bff_service - INFO - [bff_service.py:95] - [BFF] Backend 서비스 호출 (데드라인 없음)
2025-04-03 11:38:47,366 - bff_service - ERROR - [bff_service.py:126] - [BFF] Backend 호출 중 오류: StatusCode.RESOURCE_EXHAUSTED - 서버 과부하 상태입니다. 잠시 후 다시 시도해주세요.
2025-04-03 11:38:47,384 - bff_service - ERROR - [bff_service.py:126] - [BFF] Backend 호출 중 오류: StatusCode.RESOURCE_EXHAUSTED - 서버 과부하 상태입니다. 잠시 후 다시 시도해주세요.
2025-04-03 11:38:48,178 - bff_service - INFO - [bff_service.py:109] - [BFF] Backend 응답 수신: 처리 완료: 쿼리 결과 데이터
2025-04-03 11:38:48,179 - bff_service - INFO - [bff_service.py:109] - [BFF] Backend 응답 수신: 처리 완료: 쿼리 결과 데이터
2025-04-03 11:38:48,193 - bff_service - INFO - [bff_service.py:109] - [BFF] Backend 응답 수신: 처리 완료: 쿼리 결과 데이터
2025-04-03 11:38:48,194 - bff_service - INFO - [bff_service.py:109] - [BFF] Backend 응답 수신: 처리 완료: 쿼리 결과 데이터
2025-04-03 11:38:49,136 - bff_service - INFO - [bff_service.py:40] - [BFF] 요청 받음: slow
2025-04-03 11:38:49,137 - bff_service - INFO - [bff_service.py:41] - [BFF] 패턴 설정 - 서킷브레이커: False, 데드라인: False, 백프레셔: True
2025-04-03 11:38:49,139 - bff_service - INFO - [bff_service.py:95] - [BFF] Backend 서비스 호출 (데드라인 없음)
2025-04-03 11:38:49,144 - bff_service - INFO - [bff_service.py:40] - [BFF] 요청 받음: slow
2025-04-03 11:38:49,145 - bff_service - INFO - [bff_service.py:41] - [BFF] 패턴 설정 - 서킷브레이커: False, 데드라인: False, 백프레셔: True
2025-04-03 11:38:49,145 - bff_service - INFO - [bff_service.py:95] - [BFF] Backend 서비스 호출 (데드라인 없음)
2025-04-03 11:38:49,146 - bff_service - INFO - [bff_service.py:40] - [BFF] 요청 받음: slow
2025-04-03 11:38:49,146 - bff_service - INFO - [bff_service.py:41] - [BFF] 패턴 설정 - 서킷브레이커: False, 데드라인: False, 백프레셔: True
2025-04-03 11:38:49,147 - bff_service - INFO - [bff_service.py:40] - [BFF] 요청 받음: slow
2025-04-03 11:38:49,148 - bff_service - INFO - [bff_service.py:95] - [BFF] Backend 서비스 호출 (데드라인 없음)
2025-04-03 11:38:49,148 - bff_service - INFO - [bff_service.py:41] - [BFF] 패턴 설정 - 서킷브레이커: False, 데드라인: False, 백프레셔: True
2025-04-03 11:38:49,149 - bff_service - INFO - [bff_service.py:40] - [BFF] 요청 받음: slow
2025-04-03 11:38:49,149 - bff_service - INFO - [bff_service.py:40] - [BFF] 요청 받음: slow
2025-04-03 11:38:49,150 - bff_service - INFO - [bff_service.py:95] - [BFF] Backend 서비스 호출 (데드라인 없음)
2025-04-03 11:38:49,150 - bff_service - INFO - [bff_service.py:41] - [BFF] 패턴 설정 - 서킷브레이커: False, 데드라인: False, 백프레셔: True
2025-04-03 11:38:49,150 - bff_service - INFO - [bff_service.py:41] - [BFF] 패턴 설정 - 서킷브레이커: False, 데드라인: False, 백프레셔: True
2025-04-03 11:38:49,151 - bff_service - INFO - [bff_service.py:95] - [BFF] Backend 서비스 호출 (데드라인 없음)
2025-04-03 11:38:49,152 - bff_service - INFO - [bff_service.py:95] - [BFF] Backend 서비스 호출 (데드라인 없음)
2025-04-03 11:38:49,193 - bff_service - ERROR - [bff_service.py:126] - [BFF] Backend 호출 중 오류: StatusCode.RESOURCE_EXHAUSTED - 서버 과부하 상태입니다. 잠시 후 다시 시도해주세요.
2025-04-03 11:38:49,206 - bff_service - ERROR - [bff_service.py:126] - [BFF] Backend 호출 중 오류: StatusCode.RESOURCE_EXHAUSTED - 서버 과부하 상태입니다. 잠시 후 다시 시도해주세요.
2025-04-03 11:38:49,231 - bff_service - INFO - [bff_service.py:40] - [BFF] 요청 받음: slow
2025-04-03 11:38:49,232 - bff_service - INFO - [bff_service.py:41] - [BFF] 패턴 설정 - 서킷브레이커: False, 데드라인: False, 백프레셔: True
2025-04-03 11:38:49,232 - bff_service - INFO - [bff_service.py:95] - [BFF] Backend 서비스 호출 (데드라인 없음)
2025-04-03 11:38:49,253 - bff_service - INFO - [bff_service.py:40] - [BFF] 요청 받음: slow
2025-04-03 11:38:49,253 - bff_service - INFO - [bff_service.py:41] - [BFF] 패턴 설정 - 서킷브레이커: False, 데드라인: False, 백프레셔: True
2025-04-03 11:38:49,256 - bff_service - INFO - [bff_service.py:95] - [BFF] Backend 서비스 호출 (데드라인 없음)
2025-04-03 11:38:49,269 - bff_service - ERROR - [bff_service.py:126] - [BFF] Backend 호출 중 오류: StatusCode.RESOURCE_EXHAUSTED - 서버 과부하 상태입니다. 잠시 후 다시 시도해주세요.
2025-04-03 11:38:49,284 - bff_service - ERROR - [bff_service.py:126] - [BFF] Backend 호출 중 오류: StatusCode.RESOURCE_EXHAUSTED - 서버 과부하 상태입니다. 잠시 후 다시 시도해주세요.
2025-04-03 11:38:49,307 - bff_service - INFO - [bff_service.py:40] - [BFF] 요청 받음: slow
2025-04-03 11:38:49,308 - bff_service - INFO - [bff_service.py:41] - [BFF] 패턴 설정 - 서킷브레이커: False, 데드라인: False, 백프레셔: True
2025-04-03 11:38:49,309 - bff_service - INFO - [bff_service.py:95] - [BFF] Backend 서비스 호출 (데드라인 없음)
2025-04-03 11:38:49,329 - bff_service - INFO - [bff_service.py:40] - [BFF] 요청 받음: slow
2025-04-03 11:38:49,329 - bff_service - INFO - [bff_service.py:41] - [BFF] 패턴 설정 - 서킷브레이커: False, 데드라인: False, 백프레셔: True
2025-04-03 11:38:49,330 - bff_service - INFO - [bff_service.py:95] - [BFF] Backend 서비스 호출 (데드라인 없음)
2025-04-03 11:38:49,343 - bff_service - ERROR - [bff_service.py:126] - [BFF] Backend 호출 중 오류: StatusCode.RESOURCE_EXHAUSTED - 서버 과부하 상태입니다. 잠시 후 다시 시도해주세요.
2025-04-03 11:38:49,360 - bff_service - ERROR - [bff_service.py:126] - [BFF] Backend 호출 중 오류: StatusCode.RESOURCE_EXHAUSTED - 서버 과부하 상태입니다. 잠시 후 다시 시도해주세요.
2025-04-03 11:38:50,162 - bff_service - INFO - [bff_service.py:109] - [BFF] Backend 응답 수신: 처리 완료: 쿼리 결과 데이터
2025-04-03 11:38:50,163 - bff_service - INFO - [bff_service.py:109] - [BFF] Backend 응답 수신: 처리 완료: 쿼리 결과 데이터
2025-04-03 11:38:50,163 - bff_service - INFO - [bff_service.py:109] - [BFF] Backend 응답 수신: 처리 완료: 쿼리 결과 데이터
2025-04-03 11:38:50,178 - bff_service - INFO - [bff_service.py:109] - [BFF] Backend 응답 수신: 처리 완료: 쿼리 결과 데이터
2025-04-03 11:38:50,865 - bff_service - INFO - [bff_service.py:40] - [BFF] 요청 받음: slow
2025-04-03 11:38:50,865 - bff_service - INFO - [bff_service.py:41] - [BFF] 패턴 설정 - 서킷브레이커: False, 데드라인: False, 백프레셔: True
2025-04-03 11:38:50,866 - bff_service - INFO - [bff_service.py:95] - [BFF] Backend 서비스 호출 (데드라인 없음)
2025-04-03 11:38:50,870 - bff_service - INFO - [bff_service.py:40] - [BFF] 요청 받음: slow
2025-04-03 11:38:50,870 - bff_service - INFO - [bff_service.py:41] - [BFF] 패턴 설정 - 서킷브레이커: False, 데드라인: False, 백프레셔: True
2025-04-03 11:38:50,871 - bff_service - INFO - [bff_service.py:95] - [BFF] Backend 서비스 호출 (데드라인 없음)
2025-04-03 11:38:50,893 - bff_service - INFO - [bff_service.py:40] - [BFF] 요청 받음: slow
2025-04-03 11:38:50,893 - bff_service - INFO - [bff_service.py:41] - [BFF] 패턴 설정 - 서킷브레이커: False, 데드라인: False, 백프레셔: True
2025-04-03 11:38:50,894 - bff_service - INFO - [bff_service.py:40] - [BFF] 요청 받음: slow
2025-04-03 11:38:50,894 - bff_service - INFO - [bff_service.py:40] - [BFF] 요청 받음: slow
2025-04-03 11:38:50,894 - bff_service - INFO - [bff_service.py:95] - [BFF] Backend 서비스 호출 (데드라인 없음)
2025-04-03 11:38:50,894 - bff_service - INFO - [bff_service.py:40] - [BFF] 요청 받음: slow
2025-04-03 11:38:50,895 - bff_service - INFO - [bff_service.py:41] - [BFF] 패턴 설정 - 서킷브레이커: False, 데드라인: False, 백프레셔: True
2025-04-03 11:38:50,896 - bff_service - INFO - [bff_service.py:41] - [BFF] 패턴 설정 - 서킷브레이커: False, 데드라인: False, 백프레셔: True
2025-04-03 11:38:50,897 - bff_service - INFO - [bff_service.py:41] - [BFF] 패턴 설정 - 서킷브레이커: False, 데드라인: False, 백프레셔: True
2025-04-03 11:38:50,897 - bff_service - INFO - [bff_service.py:95] - [BFF] Backend 서비스 호출 (데드라인 없음)
2025-04-03 11:38:50,898 - bff_service - INFO - [bff_service.py:95] - [BFF] Backend 서비스 호출 (데드라인 없음)
2025-04-03 11:38:50,898 - bff_service - INFO - [bff_service.py:95] - [BFF] Backend 서비스 호출 (데드라인 없음)
2025-04-03 11:38:50,914 - bff_service - ERROR - [bff_service.py:126] - [BFF] Backend 호출 중 오류: StatusCode.RESOURCE_EXHAUSTED - 서버 과부하 상태입니다. 잠시 후 다시 시도해주세요.
2025-04-03 11:38:50,930 - bff_service - ERROR - [bff_service.py:126] - [BFF] Backend 호출 중 오류: StatusCode.RESOURCE_EXHAUSTED - 서버 과부하 상태입니다. 잠시 후 다시 시도해주세요.
2025-04-03 11:38:50,946 - bff_service - ERROR - [bff_service.py:126] - [BFF] Backend 호출 중 오류: StatusCode.RESOURCE_EXHAUSTED - 서버 과부하 상태입니다. 잠시 후 다시 시도해주세요.
2025-04-03 11:38:50,966 - bff_service - ERROR - [bff_service.py:126] - [BFF] Backend 호출 중 오류: StatusCode.RESOURCE_EXHAUSTED - 서버 과부하 상태입니다. 잠시 후 다시 시도해주세요.
2025-04-03 11:38:50,967 - bff_service - ERROR - [bff_service.py:126] - [BFF] Backend 호출 중 오류: StatusCode.RESOURCE_EXHAUSTED - 서버 과부하 상태입니다. 잠시 후 다시 시도해주세요.
2025-04-03 11:38:50,992 - bff_service - ERROR - [bff_service.py:126] - [BFF] Backend 호출 중 오류: StatusCode.RESOURCE_EXHAUSTED - 서버 과부하 상태입니다. 잠시 후 다시 시도해주세요.
2025-04-03 11:38:51,046 - bff_service - INFO - [bff_service.py:40] - [BFF] 요청 받음: slow
2025-04-03 11:38:51,046 - bff_service - INFO - [bff_service.py:40] - [BFF] 요청 받음: slow
2025-04-03 11:38:51,047 - bff_service - INFO - [bff_service.py:40] - [BFF] 요청 받음: slow
2025-04-03 11:38:51,047 - bff_service - INFO - [bff_service.py:40] - [BFF] 요청 받음: slow
2025-04-03 11:38:51,047 - bff_service - INFO - [bff_service.py:41] - [BFF] 패턴 설정 - 서킷브레이커: False, 데드라인: False, 백프레셔: True
2025-04-03 11:38:51,047 - bff_service - INFO - [bff_service.py:41] - [BFF] 패턴 설정 - 서킷브레이커: False, 데드라인: False, 백프레셔: True
2025-04-03 11:38:51,047 - bff_service - INFO - [bff_service.py:41] - [BFF] 패턴 설정 - 서킷브레이커: False, 데드라인: False, 백프레셔: True
2025-04-03 11:38:51,048 - bff_service - INFO - [bff_service.py:41] - [BFF] 패턴 설정 - 서킷브레이커: False, 데드라인: False, 백프레셔: True
2025-04-03 11:38:51,048 - bff_service - INFO - [bff_service.py:95] - [BFF] Backend 서비스 호출 (데드라인 없음)
2025-04-03 11:38:51,048 - bff_service - INFO - [bff_service.py:95] - [BFF] Backend 서비스 호출 (데드라인 없음)
2025-04-03 11:38:51,049 - bff_service - INFO - [bff_service.py:95] - [BFF] Backend 서비스 호출 (데드라인 없음)
2025-04-03 11:38:51,049 - bff_service - WARNING - [bff_service.py:48] - [BFF] 백프레셔 패턴 발동 - 과부하 상태
2025-04-03 11:38:51,095 - bff_service - ERROR - [bff_service.py:126] - [BFF] Backend 호출 중 오류: StatusCode.RESOURCE_EXHAUSTED - 서버 과부하 상태입니다. 잠시 후 다시 시도해주세요.
2025-04-03 11:38:51,114 - bff_service - ERROR - [bff_service.py:126] - [BFF] Backend 호출 중 오류: StatusCode.RESOURCE_EXHAUSTED - 서버 과부하 상태입니다. 잠시 후 다시 시도해주세요.
2025-04-03 11:38:51,115 - bff_service - ERROR - [bff_service.py:126] - [BFF] Backend 호출 중 오류: StatusCode.RESOURCE_EXHAUSTED - 서버 과부하 상태입니다. 잠시 후 다시 시도해주세요.
2025-04-03 11:38:53,527 - bff_service - INFO - [bff_service.py:40] - [BFF] 요청 받음: slow
2025-04-03 11:38:53,527 - bff_service - INFO - [bff_service.py:41] - [BFF] 패턴 설정 - 서킷브레이커: False, 데드라인: False, 백프레셔: True
2025-04-03 11:38:53,528 - bff_service - INFO - [bff_service.py:95] - [BFF] Backend 서비스 호출 (데드라인 없음)
2025-04-03 11:38:53,532 - bff_service - INFO - [bff_service.py:40] - [BFF] 요청 받음: slow
2025-04-03 11:38:53,533 - bff_service - INFO - [bff_service.py:40] - [BFF] 요청 받음: slow
2025-04-03 11:38:53,533 - bff_service - INFO - [bff_service.py:41] - [BFF] 패턴 설정 - 서킷브레이커: False, 데드라인: False, 백프레셔: True
2025-04-03 11:38:53,533 - bff_service - INFO - [bff_service.py:41] - [BFF] 패턴 설정 - 서킷브레이커: False, 데드라인: False, 백프레셔: True
2025-04-03 11:38:53,534 - bff_service - INFO - [bff_service.py:95] - [BFF] Backend 서비스 호출 (데드라인 없음)
2025-04-03 11:38:53,534 - bff_service - INFO - [bff_service.py:95] - [BFF] Backend 서비스 호출 (데드라인 없음)
2025-04-03 11:38:53,535 - bff_service - INFO - [bff_service.py:40] - [BFF] 요청 받음: slow
2025-04-03 11:38:53,535 - bff_service - INFO - [bff_service.py:41] - [BFF] 패턴 설정 - 서킷브레이커: False, 데드라인: False, 백프레셔: True
2025-04-03 11:38:53,536 - bff_service - INFO - [bff_service.py:95] - [BFF] Backend 서비스 호출 (데드라인 없음)
2025-04-03 11:38:53,553 - bff_service - INFO - [bff_service.py:40] - [BFF] 요청 받음: slow
2025-04-03 11:38:53,553 - bff_service - INFO - [bff_service.py:40] - [BFF] 요청 받음: slow
2025-04-03 11:38:53,553 - bff_service - INFO - [bff_service.py:41] - [BFF] 패턴 설정 - 서킷브레이커: False, 데드라인: False, 백프레셔: True
2025-04-03 11:38:53,554 - bff_service - INFO - [bff_service.py:41] - [BFF] 패턴 설정 - 서킷브레이커: False, 데드라인: False, 백프레셔: True
2025-04-03 11:38:53,554 - bff_service - INFO - [bff_service.py:95] - [BFF] Backend 서비스 호출 (데드라인 없음)
2025-04-03 11:38:53,554 - bff_service - INFO - [bff_service.py:95] - [BFF] Backend 서비스 호출 (데드라인 없음)
2025-04-03 11:38:53,569 - bff_service - ERROR - [bff_service.py:126] - [BFF] Backend 호출 중 오류: StatusCode.RESOURCE_EXHAUSTED - 서버 과부하 상태입니다. 잠시 후 다시 시도해주세요.
2025-04-03 11:38:53,584 - bff_service - ERROR - [bff_service.py:126] - [BFF] Backend 호출 중 오류: StatusCode.RESOURCE_EXHAUSTED - 서버 과부하 상태입니다. 잠시 후 다시 시도해주세요.
2025-04-03 11:38:53,602 - bff_service - ERROR - [bff_service.py:126] - [BFF] Backend 호출 중 오류: StatusCode.RESOURCE_EXHAUSTED - 서버 과부하 상태입니다. 잠시 후 다시 시도해주세요.
2025-04-03 11:38:53,621 - bff_service - INFO - [bff_service.py:40] - [BFF] 요청 받음: slow
2025-04-03 11:38:53,622 - bff_service - INFO - [bff_service.py:41] - [BFF] 패턴 설정 - 서킷브레이커: False, 데드라인: False, 백프레셔: True
2025-04-03 11:38:53,622 - bff_service - ERROR - [bff_service.py:126] - [BFF] Backend 호출 중 오류: StatusCode.RESOURCE_EXHAUSTED - 서버 과부하 상태입니다. 잠시 후 다시 시도해주세요.
2025-04-03 11:38:53,623 - bff_service - INFO - [bff_service.py:95] - [BFF] Backend 서비스 호출 (데드라인 없음)
2025-04-03 11:38:53,650 - bff_service - ERROR - [bff_service.py:126] - [BFF] Backend 호출 중 오류: StatusCode.RESOURCE_EXHAUSTED - 서버 과부하 상태입니다. 잠시 후 다시 시도해주세요.
2025-04-03 11:38:53,680 - bff_service - ERROR - [bff_service.py:126] - [BFF] Backend 호출 중 오류: StatusCode.RESOURCE_EXHAUSTED - 서버 과부하 상태입니다. 잠시 후 다시 시도해주세요.
2025-04-03 11:38:53,683 - bff_service - INFO - [bff_service.py:40] - [BFF] 요청 받음: slow
2025-04-03 11:38:53,683 - bff_service - INFO - [bff_service.py:40] - [BFF] 요청 받음: slow
2025-04-03 11:38:53,684 - bff_service - INFO - [bff_service.py:41] - [BFF] 패턴 설정 - 서킷브레이커: False, 데드라인: False, 백프레셔: True
2025-04-03 11:38:53,684 - bff_service - INFO - [bff_service.py:41] - [BFF] 패턴 설정 - 서킷브레이커: False, 데드라인: False, 백프레셔: True
2025-04-03 11:38:53,684 - bff_service - INFO - [bff_service.py:95] - [BFF] Backend 서비스 호출 (데드라인 없음)
2025-04-03 11:38:53,685 - bff_service - INFO - [bff_service.py:95] - [BFF] Backend 서비스 호출 (데드라인 없음)
2025-04-03 11:38:53,707 - bff_service - INFO - [bff_service.py:40] - [BFF] 요청 받음: slow
2025-04-03 11:38:53,708 - bff_service - INFO - [bff_service.py:41] - [BFF] 패턴 설정 - 서킷브레이커: False, 데드라인: False, 백프레셔: True
2025-04-03 11:38:53,708 - bff_service - WARNING - [bff_service.py:48] - [BFF] 백프레셔 패턴 발동 - 과부하 상태
2025-04-03 11:38:53,727 - bff_service - ERROR - [bff_service.py:126] - [BFF] Backend 호출 중 오류: StatusCode.RESOURCE_EXHAUSTED - 서버 과부하 상태입니다. 잠시 후 다시 시도해주세요.
2025-04-03 11:38:53,750 - bff_service - ERROR - [bff_service.py:126] - [BFF] Backend 호출 중 오류: StatusCode.RESOURCE_EXHAUSTED - 서버 과부하 상태입니다. 잠시 후 다시 시도해주세요.
2025-04-03 11:38:53,767 - bff_service - ERROR - [bff_service.py:126] - [BFF] Backend 호출 중 오류: StatusCode.RESOURCE_EXHAUSTED - 서버 과부하 상태입니다. 잠시 후 다시 시도해주세요.
2025-04-03 11:38:59,774 - bff_service - INFO - [bff_service.py:40] - [BFF] 요청 받음: slow
2025-04-03 11:38:59,775 - bff_service - INFO - [bff_service.py:41] - [BFF] 패턴 설정 - 서킷브레이커: False, 데드라인: False, 백프레셔: True
2025-04-03 11:38:59,775 - bff_service - INFO - [bff_service.py:95] - [BFF] Backend 서비스 호출 (데드라인 없음)
2025-04-03 11:38:59,777 - bff_service - INFO - [bff_service.py:40] - [BFF] 요청 받음: slow
2025-04-03 11:38:59,778 - bff_service - INFO - [bff_service.py:41] - [BFF] 패턴 설정 - 서킷브레이커: False, 데드라인: False, 백프레셔: True
2025-04-03 11:38:59,779 - bff_service - INFO - [bff_service.py:95] - [BFF] Backend 서비스 호출 (데드라인 없음)
2025-04-03 11:38:59,786 - bff_service - INFO - [bff_service.py:40] - [BFF] 요청 받음: slow
2025-04-03 11:38:59,787 - bff_service - INFO - [bff_service.py:41] - [BFF] 패턴 설정 - 서킷브레이커: False, 데드라인: False, 백프레셔: True
2025-04-03 11:38:59,787 - bff_service - INFO - [bff_service.py:95] - [BFF] Backend 서비스 호출 (데드라인 없음)
2025-04-03 11:38:59,795 - bff_service - INFO - [bff_service.py:40] - [BFF] 요청 받음: slow
2025-04-03 11:38:59,795 - bff_service - INFO - [bff_service.py:41] - [BFF] 패턴 설정 - 서킷브레이커: False, 데드라인: False, 백프레셔: True
2025-04-03 11:38:59,795 - bff_service - INFO - [bff_service.py:95] - [BFF] Backend 서비스 호출 (데드라인 없음)
2025-04-03 11:38:59,797 - bff_service - INFO - [bff_service.py:40] - [BFF] 요청 받음: slow
2025-04-03 11:38:59,798 - bff_service - INFO - [bff_service.py:41] - [BFF] 패턴 설정 - 서킷브레이커: False, 데드라인: False, 백프레셔: True
2025-04-03 11:38:59,799 - bff_service - INFO - [bff_service.py:95] - [BFF] Backend 서비스 호출 (데드라인 없음)
2025-04-03 11:38:59,799 - bff_service - INFO - [bff_service.py:40] - [BFF] 요청 받음: slow
2025-04-03 11:38:59,800 - bff_service - INFO - [bff_service.py:41] - [BFF] 패턴 설정 - 서킷브레이커: False, 데드라인: False, 백프레셔: True
2025-04-03 11:38:59,800 - bff_service - INFO - [bff_service.py:95] - [BFF] Backend 서비스 호출 (데드라인 없음)
2025-04-03 11:38:59,844 - bff_service - ERROR - [bff_service.py:126] - [BFF] Backend 호출 중 오류: StatusCode.RESOURCE_EXHAUSTED - 서버 과부하 상태입니다. 잠시 후 다시 시도해주세요.
2025-04-03 11:38:59,862 - bff_service - ERROR - [bff_service.py:126] - [BFF] Backend 호출 중 오류: StatusCode.RESOURCE_EXHAUSTED - 서버 과부하 상태입니다. 잠시 후 다시 시도해주세요.
2025-04-03 11:38:59,900 - bff_service - INFO - [bff_service.py:40] - [BFF] 요청 받음: slow
2025-04-03 11:38:59,901 - bff_service - INFO - [bff_service.py:41] - [BFF] 패턴 설정 - 서킷브레이커: False, 데드라인: False, 백프레셔: True
2025-04-03 11:38:59,902 - bff_service - INFO - [bff_service.py:95] - [BFF] Backend 서비스 호출 (데드라인 없음)
2025-04-03 11:38:59,924 - bff_service - INFO - [bff_service.py:40] - [BFF] 요청 받음: slow
2025-04-03 11:38:59,925 - bff_service - INFO - [bff_service.py:41] - [BFF] 패턴 설정 - 서킷브레이커: False, 데드라인: False, 백프레셔: True
2025-04-03 11:38:59,925 - bff_service - INFO - [bff_service.py:95] - [BFF] Backend 서비스 호출 (데드라인 없음)
2025-04-03 11:38:59,940 - bff_service - ERROR - [bff_service.py:126] - [BFF] Backend 호출 중 오류: StatusCode.RESOURCE_EXHAUSTED - 서버 과부하 상태입니다. 잠시 후 다시 시도해주세요.
2025-04-03 11:38:59,957 - bff_service - ERROR - [bff_service.py:126] - [BFF] Backend 호출 중 오류: StatusCode.RESOURCE_EXHAUSTED - 서버 과부하 상태입니다. 잠시 후 다시 시도해주세요.
2025-04-03 11:38:59,987 - bff_service - INFO - [bff_service.py:40] - [BFF] 요청 받음: slow
2025-04-03 11:38:59,988 - bff_service - INFO - [bff_service.py:41] - [BFF] 패턴 설정 - 서킷브레이커: False, 데드라인: False, 백프레셔: True
2025-04-03 11:38:59,988 - bff_service - INFO - [bff_service.py:95] - [BFF] Backend 서비스 호출 (데드라인 없음)
2025-04-03 11:39:00,017 - bff_service - INFO - [bff_service.py:40] - [BFF] 요청 받음: slow
2025-04-03 11:39:00,018 - bff_service - INFO - [bff_service.py:41] - [BFF] 패턴 설정 - 서킷브레이커: False, 데드라인: False, 백프레셔: True
2025-04-03 11:39:00,019 - bff_service - INFO - [bff_service.py:95] - [BFF] Backend 서비스 호출 (데드라인 없음)
2025-04-03 11:39:00,038 - bff_service - ERROR - [bff_service.py:126] - [BFF] Backend 호출 중 오류: StatusCode.RESOURCE_EXHAUSTED - 서버 과부하 상태입니다. 잠시 후 다시 시도해주세요.
2025-04-03 11:39:00,056 - bff_service - ERROR - [bff_service.py:126] - [BFF] Backend 호출 중 오류: StatusCode.RESOURCE_EXHAUSTED - 서버 과부하 상태입니다. 잠시 후 다시 시도해주세요.
2025-04-03 11:39:00,793 - bff_service - INFO - [bff_service.py:109] - [BFF] Backend 응답 수신: 처리 완료: 쿼리 결과 데이터
2025-04-03 11:39:00,808 - bff_service - INFO - [bff_service.py:109] - [BFF] Backend 응답 수신: 처리 완료: 쿼리 결과 데이터
2025-04-03 11:39:00,808 - bff_service - INFO - [bff_service.py:109] - [BFF] Backend 응답 수신: 처리 완료: 쿼리 결과 데이터
2025-04-03 11:39:00,809 - bff_service - INFO - [bff_service.py:109] - [BFF] Backend 응답 수신: 처리 완료: 쿼리 결과 데이터
2025-04-03 11:39:21,981 - bff_service - INFO - [bff_service.py:40] - [BFF] 요청 받음: slow
2025-04-03 11:39:21,981 - bff_service - INFO - [bff_service.py:41] - [BFF] 패턴 설정 - 서킷브레이커: False, 데드라인: True, 백프레셔: False
2025-04-03 11:39:21,981 - bff_service - INFO - [bff_service.py:79] - [BFF] 데드라인 패턴 사용 (0.5초)
2025-04-03 11:39:22,512 - bff_service - ERROR - [bff_service.py:126] - [BFF] Backend 호출 중 오류: StatusCode.DEADLINE_EXCEEDED - Deadline Exceeded
2025-04-03 11:39:36,534 - bff_service - INFO - [bff_service.py:40] - [BFF] 요청 받음: slow
2025-04-03 11:39:36,535 - bff_service - INFO - [bff_service.py:41] - [BFF] 패턴 설정 - 서킷브레이커: False, 데드라인: True, 백프레셔: False
2025-04-03 11:39:36,536 - bff_service - INFO - [bff_service.py:79] - [BFF] 데드라인 패턴 사용 (0.5초)
2025-04-03 11:39:37,070 - bff_service - ERROR - [bff_service.py:126] - [BFF] Backend 호출 중 오류: StatusCode.DEADLINE_EXCEEDED - Deadline Exceeded
2025-04-03 11:39:38,959 - bff_service - INFO - [bff_service.py:40] - [BFF] 요청 받음: slow
2025-04-03 11:39:38,960 - bff_service - INFO - [bff_service.py:41] - [BFF] 패턴 설정 - 서킷브레이커: True, 데드라인: False, 백프레셔: False
2025-04-03 11:39:38,961 - bff_service - INFO - [bff_service.py:63] - [BFF] 서킷브레이커 상태 확인 중...
2025-04-03 11:39:38,962 - bff_service - INFO - [bff_service.py:95] - [BFF] Backend 서비스 호출 (데드라인 없음)
2025-04-03 11:39:39,986 - bff_service - INFO - [bff_service.py:109] - [BFF] Backend 응답 수신: 처리 완료: 쿼리 결과 데이터
2025-04-03 11:39:42,759 - bff_service - INFO - [bff_service.py:40] - [BFF] 요청 받음: slow
2025-04-03 11:39:42,760 - bff_service - INFO - [bff_service.py:41] - [BFF] 패턴 설정 - 서킷브레이커: True, 데드라인: True, 백프레셔: False
2025-04-03 11:39:42,760 - bff_service - INFO - [bff_service.py:63] - [BFF] 서킷브레이커 상태 확인 중...
2025-04-03 11:39:42,760 - bff_service - INFO - [bff_service.py:79] - [BFF] 데드라인 패턴 사용 (0.5초)
2025-04-03 11:39:43,284 - bff_service - ERROR - [bff_service.py:126] - [BFF] Backend 호출 중 오류: StatusCode.DEADLINE_EXCEEDED - Deadline Exceeded
2025-04-03 11:39:43,747 - bff_service - INFO - [bff_service.py:40] - [BFF] 요청 받음: slow
2025-04-03 11:39:43,748 - bff_service - INFO - [bff_service.py:41] - [BFF] 패턴 설정 - 서킷브레이커: True, 데드라인: True, 백프레셔: False
2025-04-03 11:39:43,749 - bff_service - INFO - [bff_service.py:63] - [BFF] 서킷브레이커 상태 확인 중...
2025-04-03 11:39:43,750 - bff_service - INFO - [bff_service.py:79] - [BFF] 데드라인 패턴 사용 (0.5초)
2025-04-03 11:39:44,279 - bff_service - ERROR - [bff_service.py:126] - [BFF] Backend 호출 중 오류: StatusCode.DEADLINE_EXCEEDED - Deadline Exceeded
2025-04-03 11:39:44,814 - bff_service - INFO - [bff_service.py:40] - [BFF] 요청 받음: slow
2025-04-03 11:39:44,815 - bff_service - INFO - [bff_service.py:41] - [BFF] 패턴 설정 - 서킷브레이커: True, 데드라인: True, 백프레셔: False
2025-04-03 11:39:44,816 - bff_service - INFO - [bff_service.py:63] - [BFF] 서킷브레이커 상태 확인 중...
2025-04-03 11:39:44,816 - bff_service - WARNING - [bff_service.py:65] - [BFF] 서킷브레이커 오픈 상태 - 요청 차단됨
2025-04-03 11:39:55,112 - bff_service - INFO - [bff_service.py:40] - [BFF] 요청 받음: slow
2025-04-03 11:39:55,112 - bff_service - INFO - [bff_service.py:41] - [BFF] 패턴 설정 - 서킷브레이커: True, 데드라인: False, 백프레셔: False
2025-04-03 11:39:55,112 - bff_service - INFO - [bff_service.py:63] - [BFF] 서킷브레이커 상태 확인 중...
2025-04-03 11:39:55,113 - bff_service - INFO - [bff_service.py:95] - [BFF] Backend 서비스 호출 (데드라인 없음)
2025-04-03 11:39:56,125 - bff_service - INFO - [bff_service.py:109] - [BFF] Backend 응답 수신: 처리 완료: 쿼리 결과 데이터
2025-04-03 11:39:57,390 - bff_service - INFO - [bff_service.py:40] - [BFF] 요청 받음: slow
2025-04-03 11:39:57,391 - bff_service - INFO - [bff_service.py:41] - [BFF] 패턴 설정 - 서킷브레이커: True, 데드라인: False, 백프레셔: False
2025-04-03 11:39:57,392 - bff_service - INFO - [bff_service.py:63] - [BFF] 서킷브레이커 상태 확인 중...
2025-04-03 11:39:57,392 - bff_service - INFO - [bff_service.py:95] - [BFF] Backend 서비스 호출 (데드라인 없음)
2025-04-03 11:39:58,412 - bff_service - INFO - [bff_service.py:109] - [BFF] Backend 응답 수신: 처리 완료: 쿼리 결과 데이터
2025-04-03 11:39:58,764 - bff_service - INFO - [bff_service.py:40] - [BFF] 요청 받음: slow
2025-04-03 11:39:58,765 - bff_service - INFO - [bff_service.py:41] - [BFF] 패턴 설정 - 서킷브레이커: True, 데드라인: False, 백프레셔: False
2025-04-03 11:39:58,766 - bff_service - INFO - [bff_service.py:63] - [BFF] 서킷브레이커 상태 확인 중...
2025-04-03 11:39:58,766 - bff_service - INFO - [bff_service.py:95] - [BFF] Backend 서비스 호출 (데드라인 없음)
2025-04-03 11:39:59,778 - bff_service - INFO - [bff_service.py:109] - [BFF] Backend 응답 수신: 처리 완료: 쿼리 결과 데이터
2025-04-03 11:40:00,388 - bff_service - INFO - [bff_service.py:40] - [BFF] 요청 받음: slow
2025-04-03 11:40:00,389 - bff_service - INFO - [bff_service.py:41] - [BFF] 패턴 설정 - 서킷브레이커: False, 데드라인: False, 백프레셔: False
2025-04-03 11:40:00,389 - bff_service - INFO - [bff_service.py:95] - [BFF] Backend 서비스 호출 (데드라인 없음)
2025-04-03 11:40:01,417 - bff_service - INFO - [bff_service.py:109] - [BFF] Backend 응답 수신: 처리 완료: 쿼리 결과 데이터
2025-04-03 11:40:02,978 - bff_service - INFO - [bff_service.py:40] - [BFF] 요청 받음: slow
2025-04-03 11:40:02,980 - bff_service - INFO - [bff_service.py:41] - [BFF] 패턴 설정 - 서킷브레이커: False, 데드라인: False, 백프레셔: False
2025-04-03 11:40:02,980 - bff_service - INFO - [bff_service.py:95] - [BFF] Backend 서비스 호출 (데드라인 없음)
2025-04-03 11:40:02,983 - bff_service - INFO - [bff_service.py:40] - [BFF] 요청 받음: slow
2025-04-03 11:40:02,984 - bff_service - INFO - [bff_service.py:41] - [BFF] 패턴 설정 - 서킷브레이커: False, 데드라인: False, 백프레셔: False
2025-04-03 11:40:02,984 - bff_service - INFO - [bff_service.py:95] - [BFF] Backend 서비스 호출 (데드라인 없음)
2025-04-03 11:40:02,989 - bff_service - INFO - [bff_service.py:40] - [BFF] 요청 받음: slow
2025-04-03 11:40:02,989 - bff_service - INFO - [bff_service.py:41] - [BFF] 패턴 설정 - 서킷브레이커: False, 데드라인: False, 백프레셔: False
2025-04-03 11:40:02,989 - bff_service - INFO - [bff_service.py:40] - [BFF] 요청 받음: slow
2025-04-03 11:40:02,990 - bff_service - INFO - [bff_service.py:95] - [BFF] Backend 서비스 호출 (데드라인 없음)
2025-04-03 11:40:02,990 - bff_service - INFO - [bff_service.py:41] - [BFF] 패턴 설정 - 서킷브레이커: False, 데드라인: False, 백프레셔: False
2025-04-03 11:40:02,992 - bff_service - INFO - [bff_service.py:95] - [BFF] Backend 서비스 호출 (데드라인 없음)
2025-04-03 11:40:02,993 - bff_service - INFO - [bff_service.py:40] - [BFF] 요청 받음: slow
2025-04-03 11:40:02,993 - bff_service - INFO - [bff_service.py:41] - [BFF] 패턴 설정 - 서킷브레이커: False, 데드라인: False, 백프레셔: False
2025-04-03 11:40:02,993 - bff_service - INFO - [bff_service.py:40] - [BFF] 요청 받음: slow
2025-04-03 11:40:02,994 - bff_service - INFO - [bff_service.py:95] - [BFF] Backend 서비스 호출 (데드라인 없음)
2025-04-03 11:40:02,994 - bff_service - INFO - [bff_service.py:41] - [BFF] 패턴 설정 - 서킷브레이커: False, 데드라인: False, 백프레셔: False
2025-04-03 11:40:02,995 - bff_service - INFO - [bff_service.py:95] - [BFF] Backend 서비스 호출 (데드라인 없음)
2025-04-03 11:40:03,994 - bff_service - INFO - [bff_service.py:109] - [BFF] Backend 응답 수신: 처리 완료: 쿼리 결과 데이터
2025-04-03 11:40:04,003 - bff_service - INFO - [bff_service.py:40] - [BFF] 요청 받음: slow
2025-04-03 11:40:04,004 - bff_service - INFO - [bff_service.py:41] - [BFF] 패턴 설정 - 서킷브레이커: False, 데드라인: False, 백프레셔: False
2025-04-03 11:40:04,004 - bff_service - INFO - [bff_service.py:95] - [BFF] Backend 서비스 호출 (데드라인 없음)
2025-04-03 11:40:04,012 - bff_service - INFO - [bff_service.py:109] - [BFF] Backend 응답 수신: 처리 완료: 쿼리 결과 데이터
2025-04-03 11:40:04,012 - bff_service - INFO - [bff_service.py:109] - [BFF] Backend 응답 수신: 처리 완료: 쿼리 결과 데이터
2025-04-03 11:40:04,013 - bff_service - INFO - [bff_service.py:109] - [BFF] Backend 응답 수신: 처리 완료: 쿼리 결과 데이터
2025-04-03 11:40:04,013 - bff_service - INFO - [bff_service.py:109] - [BFF] Backend 응답 수신: 처리 완료: 쿼리 결과 데이터
2025-04-03 11:40:04,036 - bff_service - INFO - [bff_service.py:40] - [BFF] 요청 받음: slow
2025-04-03 11:40:04,037 - bff_service - INFO - [bff_service.py:41] - [BFF] 패턴 설정 - 서킷브레이커: False, 데드라인: False, 백프레셔: False
2025-04-03 11:40:04,038 - bff_service - INFO - [bff_service.py:95] - [BFF] Backend 서비스 호출 (데드라인 없음)
2025-04-03 11:40:04,038 - bff_service - INFO - [bff_service.py:40] - [BFF] 요청 받음: slow
2025-04-03 11:40:04,039 - bff_service - INFO - [bff_service.py:40] - [BFF] 요청 받음: slow
2025-04-03 11:40:04,040 - bff_service - INFO - [bff_service.py:41] - [BFF] 패턴 설정 - 서킷브레이커: False, 데드라인: False, 백프레셔: False
2025-04-03 11:40:04,040 - bff_service - INFO - [bff_service.py:41] - [BFF] 패턴 설정 - 서킷브레이커: False, 데드라인: False, 백프레셔: False
2025-04-03 11:40:04,042 - bff_service - INFO - [bff_service.py:95] - [BFF] Backend 서비스 호출 (데드라인 없음)
2025-04-03 11:40:04,040 - bff_service - INFO - [bff_service.py:95] - [BFF] Backend 서비스 호출 (데드라인 없음)
2025-04-03 11:40:04,056 - bff_service - INFO - [bff_service.py:109] - [BFF] Backend 응답 수신: 처리 완료: 쿼리 결과 데이터
2025-04-03 11:40:05,017 - bff_service - INFO - [bff_service.py:109] - [BFF] Backend 응답 수신: 처리 완료: 쿼리 결과 데이터
2025-04-03 11:40:05,066 - bff_service - INFO - [bff_service.py:109] - [BFF] Backend 응답 수신: 처리 완료: 쿼리 결과 데이터
2025-04-03 11:40:05,067 - bff_service - INFO - [bff_service.py:109] - [BFF] Backend 응답 수신: 처리 완료: 쿼리 결과 데이터
2025-04-03 11:40:05,067 - bff_service - INFO - [bff_service.py:109] - [BFF] Backend 응답 수신: 처리 완료: 쿼리 결과 데이터
