2025-04-03 14:34:04,808 - bff_service - INFO - [bff_service.py:48] - [BFF] 요청 받음: slow, 백엔드 타입: no_pattern
2025-04-03 14:34:04,809 - bff_service - INFO - [bff_service.py:49] - [BFF] 패턴 설정 - 서킷브레이커: False, 데드라인: False, 백프레셔: False
2025-04-03 14:34:04,809 - bff_service - INFO - [bff_service.py:68] - [BFF] 연결할 백엔드 서비스: localhost:50052
2025-04-03 14:34:04,816 - bff_service - INFO - [bff_service.py:107] - [BFF] Backend 서비스 호출 (데드라인 없음)
2025-04-03 14:34:04,887 - bff_service - ERROR - [bff_service.py:138] - [BFF] Backend 호출 중 오류: StatusCode.UNKNOWN - Exception calling application: Field backend.BackendRequest.use_circuit_breaker does not have presence.
2025-04-03 14:34:13,173 - bff_service - INFO - [bff_service.py:48] - [BFF] 요청 받음: slow, 백엔드 타입: no_pattern
2025-04-03 14:34:13,174 - bff_service - INFO - [bff_service.py:49] - [BFF] 패턴 설정 - 서킷브레이커: True, 데드라인: False, 백프레셔: False
2025-04-03 14:34:13,174 - bff_service - INFO - [bff_service.py:68] - [BFF] 연결할 백엔드 서비스: localhost:50052
2025-04-03 14:34:13,174 - bff_service - INFO - [bff_service.py:75] - [BFF] 서킷브레이커 상태 확인 중...
2025-04-03 14:34:13,174 - bff_service - INFO - [bff_service.py:107] - [BFF] Backend 서비스 호출 (데드라인 없음)
2025-04-03 14:34:13,224 - bff_service - ERROR - [bff_service.py:138] - [BFF] Backend 호출 중 오류: StatusCode.UNKNOWN - Exception calling application: Field backend.BackendRequest.use_circuit_breaker does not have presence.
2025-04-03 14:34:15,123 - bff_service - INFO - [bff_service.py:48] - [BFF] 요청 받음: slow, 백엔드 타입: no_pattern
2025-04-03 14:34:15,124 - bff_service - INFO - [bff_service.py:49] - [BFF] 패턴 설정 - 서킷브레이커: False, 데드라인: True, 백프레셔: False
2025-04-03 14:34:15,124 - bff_service - INFO - [bff_service.py:68] - [BFF] 연결할 백엔드 서비스: localhost:50052
2025-04-03 14:34:15,124 - bff_service - INFO - [bff_service.py:91] - [BFF] 데드라인 패턴 사용 (0.5초)
2025-04-03 14:34:15,169 - bff_service - ERROR - [bff_service.py:138] - [BFF] Backend 호출 중 오류: StatusCode.UNKNOWN - Exception calling application: Field backend.BackendRequest.use_circuit_breaker does not have presence.
2025-04-03 14:34:17,042 - bff_service - INFO - [bff_service.py:48] - [BFF] 요청 받음: normal, 백엔드 타입: no_pattern
2025-04-03 14:34:17,043 - bff_service - INFO - [bff_service.py:49] - [BFF] 패턴 설정 - 서킷브레이커: False, 데드라인: True, 백프레셔: False
2025-04-03 14:34:17,043 - bff_service - INFO - [bff_service.py:68] - [BFF] 연결할 백엔드 서비스: localhost:50052
2025-04-03 14:34:17,043 - bff_service - INFO - [bff_service.py:91] - [BFF] 데드라인 패턴 사용 (0.5초)
2025-04-03 14:34:17,090 - bff_service - ERROR - [bff_service.py:138] - [BFF] Backend 호출 중 오류: StatusCode.UNKNOWN - Exception calling application: Field backend.BackendRequest.use_circuit_breaker does not have presence.
2025-04-03 14:34:19,808 - bff_service - INFO - [bff_service.py:48] - [BFF] 요청 받음: normal, 백엔드 타입: circuit_breaker
2025-04-03 14:34:19,808 - bff_service - INFO - [bff_service.py:49] - [BFF] 패턴 설정 - 서킷브레이커: False, 데드라인: True, 백프레셔: False
2025-04-03 14:34:19,809 - bff_service - INFO - [bff_service.py:68] - [BFF] 연결할 백엔드 서비스: localhost:50053
2025-04-03 14:34:19,810 - bff_service - INFO - [bff_service.py:91] - [BFF] 데드라인 패턴 사용 (0.5초)
2025-04-03 14:34:19,851 - bff_service - ERROR - [bff_service.py:138] - [BFF] Backend 호출 중 오류: StatusCode.UNKNOWN - Exception calling application: Field backend.BackendRequest.use_circuit_breaker does not have presence.
2025-04-03 14:34:22,200 - bff_service - INFO - [bff_service.py:48] - [BFF] 요청 받음: normal, 백엔드 타입: backpressure
2025-04-03 14:34:22,200 - bff_service - INFO - [bff_service.py:49] - [BFF] 패턴 설정 - 서킷브레이커: False, 데드라인: True, 백프레셔: False
2025-04-03 14:34:22,200 - bff_service - INFO - [bff_service.py:68] - [BFF] 연결할 백엔드 서비스: localhost:50055
2025-04-03 14:34:22,201 - bff_service - INFO - [bff_service.py:91] - [BFF] 데드라인 패턴 사용 (0.5초)
2025-04-03 14:34:22,244 - bff_service - ERROR - [bff_service.py:138] - [BFF] Backend 호출 중 오류: StatusCode.UNKNOWN - Exception calling application: Field backend.BackendRequest.use_circuit_breaker does not have presence.
2025-04-03 14:34:22,911 - bff_service - INFO - [bff_service.py:48] - [BFF] 요청 받음: slow, 백엔드 타입: backpressure
2025-04-03 14:34:22,911 - bff_service - INFO - [bff_service.py:49] - [BFF] 패턴 설정 - 서킷브레이커: False, 데드라인: True, 백프레셔: False
2025-04-03 14:34:22,912 - bff_service - INFO - [bff_service.py:68] - [BFF] 연결할 백엔드 서비스: localhost:50055
2025-04-03 14:34:22,912 - bff_service - INFO - [bff_service.py:91] - [BFF] 데드라인 패턴 사용 (0.5초)
2025-04-03 14:34:22,950 - bff_service - ERROR - [bff_service.py:138] - [BFF] Backend 호출 중 오류: StatusCode.UNKNOWN - Exception calling application: Field backend.BackendRequest.use_circuit_breaker does not have presence.
2025-04-03 14:34:24,652 - bff_service - INFO - [bff_service.py:48] - [BFF] 요청 받음: slow, 백엔드 타입: backpressure
2025-04-03 14:34:24,653 - bff_service - INFO - [bff_service.py:49] - [BFF] 패턴 설정 - 서킷브레이커: True, 데드라인: True, 백프레셔: False
2025-04-03 14:34:24,653 - bff_service - INFO - [bff_service.py:68] - [BFF] 연결할 백엔드 서비스: localhost:50055
2025-04-03 14:34:24,653 - bff_service - INFO - [bff_service.py:75] - [BFF] 서킷브레이커 상태 확인 중...
2025-04-03 14:34:24,654 - bff_service - INFO - [bff_service.py:91] - [BFF] 데드라인 패턴 사용 (0.5초)
2025-04-03 14:34:24,686 - bff_service - ERROR - [bff_service.py:138] - [BFF] Backend 호출 중 오류: StatusCode.UNKNOWN - Exception calling application: Field backend.BackendRequest.use_circuit_breaker does not have presence.
2025-04-03 14:34:25,528 - bff_service - INFO - [bff_service.py:48] - [BFF] 요청 받음: slow, 백엔드 타입: backpressure
2025-04-03 14:34:25,529 - bff_service - INFO - [bff_service.py:49] - [BFF] 패턴 설정 - 서킷브레이커: True, 데드라인: True, 백프레셔: False
2025-04-03 14:34:25,529 - bff_service - INFO - [bff_service.py:68] - [BFF] 연결할 백엔드 서비스: localhost:50055
2025-04-03 14:34:25,530 - bff_service - INFO - [bff_service.py:75] - [BFF] 서킷브레이커 상태 확인 중...
2025-04-03 14:34:25,530 - bff_service - WARNING - [bff_service.py:77] - [BFF] 서킷브레이커 오픈 상태 - 요청 차단됨
2025-04-03 14:34:25,883 - bff_service - INFO - [bff_service.py:48] - [BFF] 요청 받음: slow, 백엔드 타입: backpressure
2025-04-03 14:34:25,884 - bff_service - INFO - [bff_service.py:49] - [BFF] 패턴 설정 - 서킷브레이커: True, 데드라인: True, 백프레셔: False
2025-04-03 14:34:25,884 - bff_service - INFO - [bff_service.py:68] - [BFF] 연결할 백엔드 서비스: localhost:50055
2025-04-03 14:34:25,885 - bff_service - INFO - [bff_service.py:75] - [BFF] 서킷브레이커 상태 확인 중...
2025-04-03 14:34:25,885 - bff_service - WARNING - [bff_service.py:77] - [BFF] 서킷브레이커 오픈 상태 - 요청 차단됨
2025-04-03 14:34:26,225 - bff_service - INFO - [bff_service.py:48] - [BFF] 요청 받음: slow, 백엔드 타입: backpressure
2025-04-03 14:34:26,226 - bff_service - INFO - [bff_service.py:49] - [BFF] 패턴 설정 - 서킷브레이커: True, 데드라인: True, 백프레셔: False
2025-04-03 14:34:26,227 - bff_service - INFO - [bff_service.py:68] - [BFF] 연결할 백엔드 서비스: localhost:50055
2025-04-03 14:34:26,230 - bff_service - INFO - [bff_service.py:75] - [BFF] 서킷브레이커 상태 확인 중...
2025-04-03 14:34:26,231 - bff_service - WARNING - [bff_service.py:77] - [BFF] 서킷브레이커 오픈 상태 - 요청 차단됨
2025-04-03 14:34:26,773 - bff_service - INFO - [bff_service.py:48] - [BFF] 요청 받음: slow, 백엔드 타입: backpressure
2025-04-03 14:34:26,774 - bff_service - INFO - [bff_service.py:49] - [BFF] 패턴 설정 - 서킷브레이커: True, 데드라인: True, 백프레셔: False
2025-04-03 14:34:26,774 - bff_service - INFO - [bff_service.py:68] - [BFF] 연결할 백엔드 서비스: localhost:50055
2025-04-03 14:34:26,774 - bff_service - INFO - [bff_service.py:75] - [BFF] 서킷브레이커 상태 확인 중...
2025-04-03 14:34:26,775 - bff_service - WARNING - [bff_service.py:77] - [BFF] 서킷브레이커 오픈 상태 - 요청 차단됨
