2025-04-03 14:59:07,966 - bff_service - INFO - [bff_service.py:48] - [BFF] 요청 받음: slow, 백엔드 타입: backpressure
2025-04-03 14:59:07,967 - bff_service - INFO - [bff_service.py:49] - [BFF] 패턴 설정 - 서킷브레이커: False, 데드라인: False, 백프레셔: False
2025-04-03 14:59:07,967 - bff_service - INFO - [bff_service.py:48] - [BFF] 요청 받음: slow, 백엔드 타입: backpressure
2025-04-03 14:59:07,968 - bff_service - INFO - [bff_service.py:68] - [BFF] 연결할 백엔드 서비스: localhost:50055
2025-04-03 14:59:07,968 - bff_service - INFO - [bff_service.py:48] - [BFF] 요청 받음: slow, 백엔드 타입: backpressure
2025-04-03 14:59:07,969 - bff_service - INFO - [bff_service.py:49] - [BFF] 패턴 설정 - 서킷브레이커: False, 데드라인: False, 백프레셔: False
2025-04-03 14:59:07,970 - bff_service - INFO - [bff_service.py:48] - [BFF] 요청 받음: slow, 백엔드 타입: backpressure
2025-04-03 14:59:07,971 - bff_service - INFO - [bff_service.py:49] - [BFF] 패턴 설정 - 서킷브레이커: False, 데드라인: False, 백프레셔: False
2025-04-03 14:59:07,971 - bff_service - INFO - [bff_service.py:48] - [BFF] 요청 받음: slow, 백엔드 타입: backpressure
2025-04-03 14:59:07,972 - bff_service - INFO - [bff_service.py:48] - [BFF] 요청 받음: slow, 백엔드 타입: backpressure
2025-04-03 14:59:07,973 - bff_service - INFO - [bff_service.py:68] - [BFF] 연결할 백엔드 서비스: localhost:50055
2025-04-03 14:59:07,975 - bff_service - INFO - [bff_service.py:49] - [BFF] 패턴 설정 - 서킷브레이커: False, 데드라인: False, 백프레셔: False
2025-04-03 14:59:07,976 - bff_service - INFO - [bff_service.py:68] - [BFF] 연결할 백엔드 서비스: localhost:50055
2025-04-03 14:59:07,977 - bff_service - INFO - [bff_service.py:49] - [BFF] 패턴 설정 - 서킷브레이커: False, 데드라인: False, 백프레셔: False
2025-04-03 14:59:07,978 - bff_service - INFO - [bff_service.py:49] - [BFF] 패턴 설정 - 서킷브레이커: False, 데드라인: False, 백프레셔: False
2025-04-03 14:59:07,979 - bff_service - INFO - [bff_service.py:68] - [BFF] 연결할 백엔드 서비스: localhost:50055
2025-04-03 14:59:07,980 - bff_service - INFO - [bff_service.py:68] - [BFF] 연결할 백엔드 서비스: localhost:50055
2025-04-03 14:59:07,980 - bff_service - INFO - [bff_service.py:68] - [BFF] 연결할 백엔드 서비스: localhost:50055
2025-04-03 14:59:07,984 - bff_service - INFO - [bff_service.py:107] - [BFF] Backend 서비스 호출 (데드라인 없음)
2025-04-03 14:59:07,984 - bff_service - INFO - [bff_service.py:107] - [BFF] Backend 서비스 호출 (데드라인 없음)
2025-04-03 14:59:07,984 - bff_service - INFO - [bff_service.py:107] - [BFF] Backend 서비스 호출 (데드라인 없음)
2025-04-03 14:59:07,986 - bff_service - INFO - [bff_service.py:107] - [BFF] Backend 서비스 호출 (데드라인 없음)
2025-04-03 14:59:07,987 - bff_service - INFO - [bff_service.py:107] - [BFF] Backend 서비스 호출 (데드라인 없음)
2025-04-03 14:59:07,991 - bff_service - INFO - [bff_service.py:107] - [BFF] Backend 서비스 호출 (데드라인 없음)
2025-04-03 14:59:08,074 - bff_service - ERROR - [bff_service.py:138] - [BFF] Backend 호출 중 오류: StatusCode.RESOURCE_EXHAUSTED - 서버 과부하 상태입니다. 잠시 후 다시 시도해주세요.
2025-04-03 14:59:08,098 - bff_service - ERROR - [bff_service.py:138] - [BFF] Backend 호출 중 오류: StatusCode.RESOURCE_EXHAUSTED - 서버 과부하 상태입니다. 잠시 후 다시 시도해주세요.
2025-04-03 14:59:08,145 - bff_service - ERROR - [bff_service.py:138] - [BFF] Backend 호출 중 오류: StatusCode.RESOURCE_EXHAUSTED - 서버 과부하 상태입니다. 잠시 후 다시 시도해주세요.
2025-04-03 14:59:08,148 - bff_service - ERROR - [bff_service.py:138] - [BFF] Backend 호출 중 오류: StatusCode.RESOURCE_EXHAUSTED - 서버 과부하 상태입니다. 잠시 후 다시 시도해주세요.
2025-04-03 14:59:08,230 - bff_service - INFO - [bff_service.py:48] - [BFF] 요청 받음: slow, 백엔드 타입: backpressure
2025-04-03 14:59:08,230 - bff_service - INFO - [bff_service.py:48] - [BFF] 요청 받음: slow, 백엔드 타입: backpressure
2025-04-03 14:59:08,231 - bff_service - INFO - [bff_service.py:49] - [BFF] 패턴 설정 - 서킷브레이커: False, 데드라인: False, 백프레셔: False
2025-04-03 14:59:08,231 - bff_service - INFO - [bff_service.py:48] - [BFF] 요청 받음: slow, 백엔드 타입: backpressure
2025-04-03 14:59:08,231 - bff_service - INFO - [bff_service.py:48] - [BFF] 요청 받음: slow, 백엔드 타입: backpressure
2025-04-03 14:59:08,231 - bff_service - INFO - [bff_service.py:49] - [BFF] 패턴 설정 - 서킷브레이커: False, 데드라인: False, 백프레셔: False
2025-04-03 14:59:08,231 - bff_service - INFO - [bff_service.py:68] - [BFF] 연결할 백엔드 서비스: localhost:50055
2025-04-03 14:59:08,231 - bff_service - INFO - [bff_service.py:49] - [BFF] 패턴 설정 - 서킷브레이커: False, 데드라인: False, 백프레셔: False
2025-04-03 14:59:08,232 - bff_service - INFO - [bff_service.py:49] - [BFF] 패턴 설정 - 서킷브레이커: False, 데드라인: False, 백프레셔: False
2025-04-03 14:59:08,232 - bff_service - INFO - [bff_service.py:68] - [BFF] 연결할 백엔드 서비스: localhost:50055
2025-04-03 14:59:08,232 - bff_service - INFO - [bff_service.py:107] - [BFF] Backend 서비스 호출 (데드라인 없음)
2025-04-03 14:59:08,232 - bff_service - INFO - [bff_service.py:68] - [BFF] 연결할 백엔드 서비스: localhost:50055
2025-04-03 14:59:08,232 - bff_service - INFO - [bff_service.py:68] - [BFF] 연결할 백엔드 서비스: localhost:50055
2025-04-03 14:59:08,233 - bff_service - INFO - [bff_service.py:107] - [BFF] Backend 서비스 호출 (데드라인 없음)
2025-04-03 14:59:08,233 - bff_service - INFO - [bff_service.py:107] - [BFF] Backend 서비스 호출 (데드라인 없음)
2025-04-03 14:59:08,234 - bff_service - INFO - [bff_service.py:107] - [BFF] Backend 서비스 호출 (데드라인 없음)
2025-04-03 14:59:08,295 - bff_service - ERROR - [bff_service.py:138] - [BFF] Backend 호출 중 오류: StatusCode.RESOURCE_EXHAUSTED - 서버 과부하 상태입니다. 잠시 후 다시 시도해주세요.
2025-04-03 14:59:08,322 - bff_service - ERROR - [bff_service.py:138] - [BFF] Backend 호출 중 오류: StatusCode.RESOURCE_EXHAUSTED - 서버 과부하 상태입니다. 잠시 후 다시 시도해주세요.
2025-04-03 14:59:08,329 - bff_service - ERROR - [bff_service.py:138] - [BFF] Backend 호출 중 오류: StatusCode.RESOURCE_EXHAUSTED - 서버 과부하 상태입니다. 잠시 후 다시 시도해주세요.
2025-04-03 14:59:08,330 - bff_service - ERROR - [bff_service.py:138] - [BFF] Backend 호출 중 오류: StatusCode.RESOURCE_EXHAUSTED - 서버 과부하 상태입니다. 잠시 후 다시 시도해주세요.
2025-04-03 14:59:10,052 - bff_service - INFO - [bff_service.py:121] - [BFF] Backend 응답 수신: backend_backpressure 처리 결과: 쿼리 결과 데이터
2025-04-03 14:59:10,053 - bff_service - INFO - [bff_service.py:121] - [BFF] Backend 응답 수신: backend_backpressure 처리 결과: 쿼리 결과 데이터
2025-04-03 14:59:17,337 - bff_service - INFO - [bff_service.py:48] - [BFF] 요청 받음: slow, 백엔드 타입: backpressure
2025-04-03 14:59:17,337 - bff_service - INFO - [bff_service.py:49] - [BFF] 패턴 설정 - 서킷브레이커: False, 데드라인: False, 백프레셔: False
2025-04-03 14:59:17,338 - bff_service - INFO - [bff_service.py:68] - [BFF] 연결할 백엔드 서비스: localhost:50055
2025-04-03 14:59:17,338 - bff_service - INFO - [bff_service.py:107] - [BFF] Backend 서비스 호출 (데드라인 없음)
2025-04-03 14:59:17,340 - bff_service - INFO - [bff_service.py:48] - [BFF] 요청 받음: slow, 백엔드 타입: backpressure
2025-04-03 14:59:17,340 - bff_service - INFO - [bff_service.py:49] - [BFF] 패턴 설정 - 서킷브레이커: False, 데드라인: False, 백프레셔: False
2025-04-03 14:59:17,341 - bff_service - INFO - [bff_service.py:68] - [BFF] 연결할 백엔드 서비스: localhost:50055
2025-04-03 14:59:17,342 - bff_service - INFO - [bff_service.py:107] - [BFF] Backend 서비스 호출 (데드라인 없음)
2025-04-03 14:59:17,344 - bff_service - INFO - [bff_service.py:48] - [BFF] 요청 받음: slow, 백엔드 타입: backpressure
2025-04-03 14:59:17,351 - bff_service - INFO - [bff_service.py:48] - [BFF] 요청 받음: slow, 백엔드 타입: backpressure
2025-04-03 14:59:17,354 - bff_service - INFO - [bff_service.py:48] - [BFF] 요청 받음: slow, 백엔드 타입: backpressure
2025-04-03 14:59:17,355 - bff_service - INFO - [bff_service.py:48] - [BFF] 요청 받음: slow, 백엔드 타입: backpressure
2025-04-03 14:59:17,355 - bff_service - INFO - [bff_service.py:49] - [BFF] 패턴 설정 - 서킷브레이커: False, 데드라인: False, 백프레셔: False
2025-04-03 14:59:17,355 - bff_service - INFO - [bff_service.py:49] - [BFF] 패턴 설정 - 서킷브레이커: False, 데드라인: False, 백프레셔: False
2025-04-03 14:59:17,356 - bff_service - INFO - [bff_service.py:49] - [BFF] 패턴 설정 - 서킷브레이커: False, 데드라인: False, 백프레셔: False
2025-04-03 14:59:17,356 - bff_service - INFO - [bff_service.py:49] - [BFF] 패턴 설정 - 서킷브레이커: False, 데드라인: False, 백프레셔: False
2025-04-03 14:59:17,356 - bff_service - INFO - [bff_service.py:68] - [BFF] 연결할 백엔드 서비스: localhost:50055
2025-04-03 14:59:17,357 - bff_service - INFO - [bff_service.py:68] - [BFF] 연결할 백엔드 서비스: localhost:50055
2025-04-03 14:59:17,357 - bff_service - INFO - [bff_service.py:68] - [BFF] 연결할 백엔드 서비스: localhost:50055
2025-04-03 14:59:17,357 - bff_service - INFO - [bff_service.py:68] - [BFF] 연결할 백엔드 서비스: localhost:50055
2025-04-03 14:59:17,358 - bff_service - INFO - [bff_service.py:107] - [BFF] Backend 서비스 호출 (데드라인 없음)
2025-04-03 14:59:17,359 - bff_service - INFO - [bff_service.py:107] - [BFF] Backend 서비스 호출 (데드라인 없음)
2025-04-03 14:59:17,360 - bff_service - INFO - [bff_service.py:107] - [BFF] Backend 서비스 호출 (데드라인 없음)
2025-04-03 14:59:17,360 - bff_service - INFO - [bff_service.py:107] - [BFF] Backend 서비스 호출 (데드라인 없음)
2025-04-03 14:59:17,408 - bff_service - ERROR - [bff_service.py:138] - [BFF] Backend 호출 중 오류: StatusCode.RESOURCE_EXHAUSTED - 서버 과부하 상태입니다. 잠시 후 다시 시도해주세요.
2025-04-03 14:59:17,425 - bff_service - ERROR - [bff_service.py:138] - [BFF] Backend 호출 중 오류: StatusCode.RESOURCE_EXHAUSTED - 서버 과부하 상태입니다. 잠시 후 다시 시도해주세요.
2025-04-03 14:59:17,447 - bff_service - ERROR - [bff_service.py:138] - [BFF] Backend 호출 중 오류: StatusCode.RESOURCE_EXHAUSTED - 서버 과부하 상태입니다. 잠시 후 다시 시도해주세요.
2025-04-03 14:59:17,492 - bff_service - ERROR - [bff_service.py:138] - [BFF] Backend 호출 중 오류: StatusCode.RESOURCE_EXHAUSTED - 서버 과부하 상태입니다. 잠시 후 다시 시도해주세요.
2025-04-03 14:59:17,496 - bff_service - INFO - [bff_service.py:48] - [BFF] 요청 받음: slow, 백엔드 타입: backpressure
2025-04-03 14:59:17,497 - bff_service - INFO - [bff_service.py:49] - [BFF] 패턴 설정 - 서킷브레이커: False, 데드라인: False, 백프레셔: False
2025-04-03 14:59:17,499 - bff_service - INFO - [bff_service.py:68] - [BFF] 연결할 백엔드 서비스: localhost:50055
2025-04-03 14:59:17,502 - bff_service - INFO - [bff_service.py:107] - [BFF] Backend 서비스 호출 (데드라인 없음)
2025-04-03 14:59:17,527 - bff_service - INFO - [bff_service.py:48] - [BFF] 요청 받음: slow, 백엔드 타입: backpressure
2025-04-03 14:59:17,528 - bff_service - INFO - [bff_service.py:49] - [BFF] 패턴 설정 - 서킷브레이커: False, 데드라인: False, 백프레셔: False
2025-04-03 14:59:17,530 - bff_service - INFO - [bff_service.py:68] - [BFF] 연결할 백엔드 서비스: localhost:50055
2025-04-03 14:59:17,532 - bff_service - INFO - [bff_service.py:107] - [BFF] Backend 서비스 호출 (데드라인 없음)
2025-04-03 14:59:17,540 - bff_service - INFO - [bff_service.py:48] - [BFF] 요청 받음: slow, 백엔드 타입: backpressure
2025-04-03 14:59:17,541 - bff_service - INFO - [bff_service.py:49] - [BFF] 패턴 설정 - 서킷브레이커: False, 데드라인: False, 백프레셔: False
2025-04-03 14:59:17,541 - bff_service - INFO - [bff_service.py:68] - [BFF] 연결할 백엔드 서비스: localhost:50055
2025-04-03 14:59:17,542 - bff_service - INFO - [bff_service.py:107] - [BFF] Backend 서비스 호출 (데드라인 없음)
2025-04-03 14:59:17,559 - bff_service - ERROR - [bff_service.py:138] - [BFF] Backend 호출 중 오류: StatusCode.RESOURCE_EXHAUSTED - 서버 과부하 상태입니다. 잠시 후 다시 시도해주세요.
2025-04-03 14:59:17,580 - bff_service - ERROR - [bff_service.py:138] - [BFF] Backend 호출 중 오류: StatusCode.RESOURCE_EXHAUSTED - 서버 과부하 상태입니다. 잠시 후 다시 시도해주세요.
2025-04-03 14:59:17,583 - bff_service - INFO - [bff_service.py:48] - [BFF] 요청 받음: slow, 백엔드 타입: backpressure
2025-04-03 14:59:17,584 - bff_service - INFO - [bff_service.py:49] - [BFF] 패턴 설정 - 서킷브레이커: False, 데드라인: False, 백프레셔: False
2025-04-03 14:59:17,585 - bff_service - INFO - [bff_service.py:68] - [BFF] 연결할 백엔드 서비스: localhost:50055
2025-04-03 14:59:17,586 - bff_service - INFO - [bff_service.py:107] - [BFF] Backend 서비스 호출 (데드라인 없음)
2025-04-03 14:59:17,604 - bff_service - ERROR - [bff_service.py:138] - [BFF] Backend 호출 중 오류: StatusCode.RESOURCE_EXHAUSTED - 서버 과부하 상태입니다. 잠시 후 다시 시도해주세요.
2025-04-03 14:59:17,629 - bff_service - ERROR - [bff_service.py:138] - [BFF] Backend 호출 중 오류: StatusCode.RESOURCE_EXHAUSTED - 서버 과부하 상태입니다. 잠시 후 다시 시도해주세요.
2025-04-03 14:59:19,411 - bff_service - INFO - [bff_service.py:121] - [BFF] Backend 응답 수신: backend_backpressure 처리 결과: 쿼리 결과 데이터
2025-04-03 14:59:19,411 - bff_service - INFO - [bff_service.py:121] - [BFF] Backend 응답 수신: backend_backpressure 처리 결과: 쿼리 결과 데이터
2025-04-03 14:59:24,516 - bff_service - INFO - [bff_service.py:48] - [BFF] 요청 받음: slow, 백엔드 타입: circuit_breaker
2025-04-03 14:59:24,517 - bff_service - INFO - [bff_service.py:49] - [BFF] 패턴 설정 - 서킷브레이커: False, 데드라인: False, 백프레셔: True
2025-04-03 14:59:24,517 - bff_service - INFO - [bff_service.py:68] - [BFF] 연결할 백엔드 서비스: localhost:50053
2025-04-03 14:59:24,518 - bff_service - INFO - [bff_service.py:107] - [BFF] Backend 서비스 호출 (데드라인 없음)
2025-04-03 14:59:24,525 - bff_service - INFO - [bff_service.py:48] - [BFF] 요청 받음: slow, 백엔드 타입: circuit_breaker
2025-04-03 14:59:24,526 - bff_service - INFO - [bff_service.py:49] - [BFF] 패턴 설정 - 서킷브레이커: False, 데드라인: False, 백프레셔: True
2025-04-03 14:59:24,526 - bff_service - INFO - [bff_service.py:68] - [BFF] 연결할 백엔드 서비스: localhost:50053
2025-04-03 14:59:24,527 - bff_service - INFO - [bff_service.py:107] - [BFF] Backend 서비스 호출 (데드라인 없음)
2025-04-03 14:59:24,528 - bff_service - INFO - [bff_service.py:48] - [BFF] 요청 받음: slow, 백엔드 타입: circuit_breaker
2025-04-03 14:59:24,529 - bff_service - INFO - [bff_service.py:49] - [BFF] 패턴 설정 - 서킷브레이커: False, 데드라인: False, 백프레셔: True
2025-04-03 14:59:24,529 - bff_service - INFO - [bff_service.py:68] - [BFF] 연결할 백엔드 서비스: localhost:50053
2025-04-03 14:59:24,530 - bff_service - INFO - [bff_service.py:107] - [BFF] Backend 서비스 호출 (데드라인 없음)
2025-04-03 14:59:24,534 - bff_service - INFO - [bff_service.py:48] - [BFF] 요청 받음: slow, 백엔드 타입: circuit_breaker
2025-04-03 14:59:24,534 - bff_service - INFO - [bff_service.py:49] - [BFF] 패턴 설정 - 서킷브레이커: False, 데드라인: False, 백프레셔: True
2025-04-03 14:59:24,535 - bff_service - INFO - [bff_service.py:68] - [BFF] 연결할 백엔드 서비스: localhost:50053
2025-04-03 14:59:24,538 - bff_service - INFO - [bff_service.py:107] - [BFF] Backend 서비스 호출 (데드라인 없음)
2025-04-03 14:59:24,540 - bff_service - INFO - [bff_service.py:48] - [BFF] 요청 받음: slow, 백엔드 타입: circuit_breaker
2025-04-03 14:59:24,543 - bff_service - INFO - [bff_service.py:49] - [BFF] 패턴 설정 - 서킷브레이커: False, 데드라인: False, 백프레셔: True
2025-04-03 14:59:24,544 - bff_service - INFO - [bff_service.py:48] - [BFF] 요청 받음: slow, 백엔드 타입: circuit_breaker
2025-04-03 14:59:24,545 - bff_service - INFO - [bff_service.py:68] - [BFF] 연결할 백엔드 서비스: localhost:50053
2025-04-03 14:59:24,545 - bff_service - INFO - [bff_service.py:49] - [BFF] 패턴 설정 - 서킷브레이커: False, 데드라인: False, 백프레셔: True
2025-04-03 14:59:24,546 - bff_service - INFO - [bff_service.py:107] - [BFF] Backend 서비스 호출 (데드라인 없음)
2025-04-03 14:59:24,546 - bff_service - INFO - [bff_service.py:68] - [BFF] 연결할 백엔드 서비스: localhost:50053
2025-04-03 14:59:24,548 - bff_service - INFO - [bff_service.py:107] - [BFF] Backend 서비스 호출 (데드라인 없음)
2025-04-03 14:59:24,615 - bff_service - ERROR - [bff_service.py:138] - [BFF] Backend 호출 중 오류: StatusCode.RESOURCE_EXHAUSTED - 서버 과부하 상태입니다. 잠시 후 다시 시도해주세요.
2025-04-03 14:59:24,646 - bff_service - ERROR - [bff_service.py:138] - [BFF] Backend 호출 중 오류: StatusCode.RESOURCE_EXHAUSTED - 서버 과부하 상태입니다. 잠시 후 다시 시도해주세요.
2025-04-03 14:59:24,671 - bff_service - ERROR - [bff_service.py:138] - [BFF] Backend 호출 중 오류: StatusCode.RESOURCE_EXHAUSTED - 서버 과부하 상태입니다. 잠시 후 다시 시도해주세요.
2025-04-03 14:59:24,714 - bff_service - ERROR - [bff_service.py:138] - [BFF] Backend 호출 중 오류: StatusCode.RESOURCE_EXHAUSTED - 서버 과부하 상태입니다. 잠시 후 다시 시도해주세요.
2025-04-03 14:59:24,844 - bff_service - INFO - [bff_service.py:48] - [BFF] 요청 받음: slow, 백엔드 타입: circuit_breaker
2025-04-03 14:59:24,845 - bff_service - INFO - [bff_service.py:48] - [BFF] 요청 받음: slow, 백엔드 타입: circuit_breaker
2025-04-03 14:59:24,845 - bff_service - INFO - [bff_service.py:48] - [BFF] 요청 받음: slow, 백엔드 타입: circuit_breaker
2025-04-03 14:59:24,846 - bff_service - INFO - [bff_service.py:49] - [BFF] 패턴 설정 - 서킷브레이커: False, 데드라인: False, 백프레셔: True
2025-04-03 14:59:24,846 - bff_service - INFO - [bff_service.py:49] - [BFF] 패턴 설정 - 서킷브레이커: False, 데드라인: False, 백프레셔: True
2025-04-03 14:59:24,847 - bff_service - INFO - [bff_service.py:49] - [BFF] 패턴 설정 - 서킷브레이커: False, 데드라인: False, 백프레셔: True
2025-04-03 14:59:24,847 - bff_service - INFO - [bff_service.py:68] - [BFF] 연결할 백엔드 서비스: localhost:50053
2025-04-03 14:59:24,848 - bff_service - INFO - [bff_service.py:68] - [BFF] 연결할 백엔드 서비스: localhost:50053
2025-04-03 14:59:24,848 - bff_service - INFO - [bff_service.py:68] - [BFF] 연결할 백엔드 서비스: localhost:50053
2025-04-03 14:59:24,849 - bff_service - INFO - [bff_service.py:107] - [BFF] Backend 서비스 호출 (데드라인 없음)
2025-04-03 14:59:24,849 - bff_service - INFO - [bff_service.py:107] - [BFF] Backend 서비스 호출 (데드라인 없음)
2025-04-03 14:59:24,849 - bff_service - INFO - [bff_service.py:107] - [BFF] Backend 서비스 호출 (데드라인 없음)
2025-04-03 14:59:24,943 - bff_service - ERROR - [bff_service.py:138] - [BFF] Backend 호출 중 오류: StatusCode.RESOURCE_EXHAUSTED - 서버 과부하 상태입니다. 잠시 후 다시 시도해주세요.
2025-04-03 14:59:24,961 - bff_service - ERROR - [bff_service.py:138] - [BFF] Backend 호출 중 오류: StatusCode.RESOURCE_EXHAUSTED - 서버 과부하 상태입니다. 잠시 후 다시 시도해주세요.
2025-04-03 14:59:24,977 - bff_service - ERROR - [bff_service.py:138] - [BFF] Backend 호출 중 오류: StatusCode.RESOURCE_EXHAUSTED - 서버 과부하 상태입니다. 잠시 후 다시 시도해주세요.
2025-04-03 14:59:24,978 - bff_service - INFO - [bff_service.py:48] - [BFF] 요청 받음: slow, 백엔드 타입: circuit_breaker
2025-04-03 14:59:24,978 - bff_service - INFO - [bff_service.py:49] - [BFF] 패턴 설정 - 서킷브레이커: False, 데드라인: False, 백프레셔: True
2025-04-03 14:59:24,979 - bff_service - INFO - [bff_service.py:68] - [BFF] 연결할 백엔드 서비스: localhost:50053
2025-04-03 14:59:24,980 - bff_service - INFO - [bff_service.py:107] - [BFF] Backend 서비스 호출 (데드라인 없음)
2025-04-03 14:59:25,030 - bff_service - ERROR - [bff_service.py:138] - [BFF] Backend 호출 중 오류: StatusCode.RESOURCE_EXHAUSTED - 서버 과부하 상태입니다. 잠시 후 다시 시도해주세요.
2025-04-03 14:59:26,602 - bff_service - INFO - [bff_service.py:121] - [BFF] Backend 응답 수신: backend_circuit_breaker 처리 결과: 쿼리 결과 데이터
2025-04-03 14:59:26,603 - bff_service - INFO - [bff_service.py:121] - [BFF] Backend 응답 수신: backend_circuit_breaker 처리 결과: 쿼리 결과 데이터
2025-04-03 14:59:28,483 - bff_service - INFO - [bff_service.py:48] - [BFF] 요청 받음: slow, 백엔드 타입: circuit_breaker
2025-04-03 14:59:28,483 - bff_service - INFO - [bff_service.py:49] - [BFF] 패턴 설정 - 서킷브레이커: False, 데드라인: False, 백프레셔: True
2025-04-03 14:59:28,485 - bff_service - INFO - [bff_service.py:68] - [BFF] 연결할 백엔드 서비스: localhost:50053
2025-04-03 14:59:28,486 - bff_service - INFO - [bff_service.py:107] - [BFF] Backend 서비스 호출 (데드라인 없음)
2025-04-03 14:59:28,524 - bff_service - ERROR - [bff_service.py:138] - [BFF] Backend 호출 중 오류: StatusCode.RESOURCE_EXHAUSTED - 서버 과부하 상태입니다. 잠시 후 다시 시도해주세요.
2025-04-03 14:59:37,980 - bff_service - INFO - [bff_service.py:48] - [BFF] 요청 받음: slow, 백엔드 타입: circuit_breaker
2025-04-03 14:59:37,981 - bff_service - INFO - [bff_service.py:49] - [BFF] 패턴 설정 - 서킷브레이커: False, 데드라인: False, 백프레셔: True
2025-04-03 14:59:37,981 - bff_service - INFO - [bff_service.py:68] - [BFF] 연결할 백엔드 서비스: localhost:50053
2025-04-03 14:59:37,982 - bff_service - INFO - [bff_service.py:107] - [BFF] Backend 서비스 호출 (데드라인 없음)
2025-04-03 14:59:40,010 - bff_service - INFO - [bff_service.py:121] - [BFF] Backend 응답 수신: backend_circuit_breaker 처리 결과: 쿼리 결과 데이터
2025-04-03 14:59:41,991 - bff_service - INFO - [bff_service.py:48] - [BFF] 요청 받음: slow, 백엔드 타입: circuit_breaker
2025-04-03 14:59:41,992 - bff_service - INFO - [bff_service.py:49] - [BFF] 패턴 설정 - 서킷브레이커: False, 데드라인: False, 백프레셔: True
2025-04-03 14:59:41,994 - bff_service - INFO - [bff_service.py:68] - [BFF] 연결할 백엔드 서비스: localhost:50053
2025-04-03 14:59:41,996 - bff_service - INFO - [bff_service.py:107] - [BFF] Backend 서비스 호출 (데드라인 없음)
2025-04-03 14:59:42,017 - bff_service - INFO - [bff_service.py:48] - [BFF] 요청 받음: slow, 백엔드 타입: circuit_breaker
2025-04-03 14:59:42,018 - bff_service - INFO - [bff_service.py:49] - [BFF] 패턴 설정 - 서킷브레이커: False, 데드라인: False, 백프레셔: True
2025-04-03 14:59:42,019 - bff_service - INFO - [bff_service.py:68] - [BFF] 연결할 백엔드 서비스: localhost:50053
2025-04-03 14:59:42,020 - bff_service - INFO - [bff_service.py:107] - [BFF] Backend 서비스 호출 (데드라인 없음)
2025-04-03 14:59:42,034 - bff_service - INFO - [bff_service.py:48] - [BFF] 요청 받음: slow, 백엔드 타입: circuit_breaker
2025-04-03 14:59:42,035 - bff_service - INFO - [bff_service.py:49] - [BFF] 패턴 설정 - 서킷브레이커: False, 데드라인: False, 백프레셔: True
2025-04-03 14:59:42,039 - bff_service - INFO - [bff_service.py:68] - [BFF] 연결할 백엔드 서비스: localhost:50053
2025-04-03 14:59:42,042 - bff_service - INFO - [bff_service.py:107] - [BFF] Backend 서비스 호출 (데드라인 없음)
2025-04-03 14:59:42,044 - bff_service - INFO - [bff_service.py:48] - [BFF] 요청 받음: slow, 백엔드 타입: circuit_breaker
2025-04-03 14:59:42,047 - bff_service - INFO - [bff_service.py:48] - [BFF] 요청 받음: slow, 백엔드 타입: circuit_breaker
2025-04-03 14:59:42,048 - bff_service - INFO - [bff_service.py:48] - [BFF] 요청 받음: slow, 백엔드 타입: circuit_breaker
2025-04-03 14:59:42,048 - bff_service - INFO - [bff_service.py:49] - [BFF] 패턴 설정 - 서킷브레이커: False, 데드라인: False, 백프레셔: True
2025-04-03 14:59:42,048 - bff_service - INFO - [bff_service.py:49] - [BFF] 패턴 설정 - 서킷브레이커: False, 데드라인: False, 백프레셔: True
2025-04-03 14:59:42,049 - bff_service - INFO - [bff_service.py:49] - [BFF] 패턴 설정 - 서킷브레이커: False, 데드라인: False, 백프레셔: True
2025-04-03 14:59:42,049 - bff_service - INFO - [bff_service.py:68] - [BFF] 연결할 백엔드 서비스: localhost:50053
2025-04-03 14:59:42,049 - bff_service - INFO - [bff_service.py:68] - [BFF] 연결할 백엔드 서비스: localhost:50053
2025-04-03 14:59:42,050 - bff_service - INFO - [bff_service.py:68] - [BFF] 연결할 백엔드 서비스: localhost:50053
2025-04-03 14:59:42,050 - bff_service - INFO - [bff_service.py:107] - [BFF] Backend 서비스 호출 (데드라인 없음)
2025-04-03 14:59:42,051 - bff_service - INFO - [bff_service.py:107] - [BFF] Backend 서비스 호출 (데드라인 없음)
2025-04-03 14:59:42,051 - bff_service - INFO - [bff_service.py:107] - [BFF] Backend 서비스 호출 (데드라인 없음)
2025-04-03 14:59:42,111 - bff_service - ERROR - [bff_service.py:138] - [BFF] Backend 호출 중 오류: StatusCode.RESOURCE_EXHAUSTED - 서버 과부하 상태입니다. 잠시 후 다시 시도해주세요.
2025-04-03 14:59:42,144 - bff_service - ERROR - [bff_service.py:138] - [BFF] Backend 호출 중 오류: StatusCode.RESOURCE_EXHAUSTED - 서버 과부하 상태입니다. 잠시 후 다시 시도해주세요.
2025-04-03 14:59:42,146 - bff_service - ERROR - [bff_service.py:138] - [BFF] Backend 호출 중 오류: StatusCode.RESOURCE_EXHAUSTED - 서버 과부하 상태입니다. 잠시 후 다시 시도해주세요.
2025-04-03 14:59:42,147 - bff_service - ERROR - [bff_service.py:138] - [BFF] Backend 호출 중 오류: StatusCode.RESOURCE_EXHAUSTED - 서버 과부하 상태입니다. 잠시 후 다시 시도해주세요.
2025-04-03 14:59:42,251 - bff_service - INFO - [bff_service.py:48] - [BFF] 요청 받음: slow, 백엔드 타입: circuit_breaker
2025-04-03 14:59:42,252 - bff_service - INFO - [bff_service.py:48] - [BFF] 요청 받음: slow, 백엔드 타입: circuit_breaker
2025-04-03 14:59:42,252 - bff_service - INFO - [bff_service.py:48] - [BFF] 요청 받음: slow, 백엔드 타입: circuit_breaker
2025-04-03 14:59:42,252 - bff_service - INFO - [bff_service.py:48] - [BFF] 요청 받음: slow, 백엔드 타입: circuit_breaker
2025-04-03 14:59:42,252 - bff_service - INFO - [bff_service.py:49] - [BFF] 패턴 설정 - 서킷브레이커: False, 데드라인: False, 백프레셔: True
2025-04-03 14:59:42,255 - bff_service - INFO - [bff_service.py:49] - [BFF] 패턴 설정 - 서킷브레이커: False, 데드라인: False, 백프레셔: True
2025-04-03 14:59:42,256 - bff_service - INFO - [bff_service.py:49] - [BFF] 패턴 설정 - 서킷브레이커: False, 데드라인: False, 백프레셔: True
2025-04-03 14:59:42,256 - bff_service - INFO - [bff_service.py:49] - [BFF] 패턴 설정 - 서킷브레이커: False, 데드라인: False, 백프레셔: True
2025-04-03 14:59:42,256 - bff_service - INFO - [bff_service.py:68] - [BFF] 연결할 백엔드 서비스: localhost:50053
2025-04-03 14:59:42,257 - bff_service - INFO - [bff_service.py:68] - [BFF] 연결할 백엔드 서비스: localhost:50053
2025-04-03 14:59:42,257 - bff_service - INFO - [bff_service.py:68] - [BFF] 연결할 백엔드 서비스: localhost:50053
2025-04-03 14:59:42,258 - bff_service - INFO - [bff_service.py:68] - [BFF] 연결할 백엔드 서비스: localhost:50053
2025-04-03 14:59:42,259 - bff_service - INFO - [bff_service.py:107] - [BFF] Backend 서비스 호출 (데드라인 없음)
2025-04-03 14:59:42,259 - bff_service - INFO - [bff_service.py:107] - [BFF] Backend 서비스 호출 (데드라인 없음)
2025-04-03 14:59:42,260 - bff_service - INFO - [bff_service.py:107] - [BFF] Backend 서비스 호출 (데드라인 없음)
2025-04-03 14:59:42,261 - bff_service - INFO - [bff_service.py:107] - [BFF] Backend 서비스 호출 (데드라인 없음)
2025-04-03 14:59:42,315 - bff_service - ERROR - [bff_service.py:138] - [BFF] Backend 호출 중 오류: StatusCode.RESOURCE_EXHAUSTED - 서버 과부하 상태입니다. 잠시 후 다시 시도해주세요.
2025-04-03 14:59:42,342 - bff_service - ERROR - [bff_service.py:138] - [BFF] Backend 호출 중 오류: StatusCode.RESOURCE_EXHAUSTED - 서버 과부하 상태입니다. 잠시 후 다시 시도해주세요.
2025-04-03 14:59:42,345 - bff_service - ERROR - [bff_service.py:138] - [BFF] Backend 호출 중 오류: StatusCode.RESOURCE_EXHAUSTED - 서버 과부하 상태입니다. 잠시 후 다시 시도해주세요.
2025-04-03 14:59:42,347 - bff_service - ERROR - [bff_service.py:138] - [BFF] Backend 호출 중 오류: StatusCode.RESOURCE_EXHAUSTED - 서버 과부하 상태입니다. 잠시 후 다시 시도해주세요.
2025-04-03 14:59:44,031 - bff_service - INFO - [bff_service.py:121] - [BFF] Backend 응답 수신: backend_circuit_breaker 처리 결과: 쿼리 결과 데이터
2025-04-03 14:59:44,050 - bff_service - INFO - [bff_service.py:121] - [BFF] Backend 응답 수신: backend_circuit_breaker 처리 결과: 쿼리 결과 데이터
2025-04-03 14:59:45,319 - bff_service - INFO - [bff_service.py:48] - [BFF] 요청 받음: slow, 백엔드 타입: circuit_breaker
2025-04-03 14:59:45,319 - bff_service - INFO - [bff_service.py:49] - [BFF] 패턴 설정 - 서킷브레이커: False, 데드라인: False, 백프레셔: True
2025-04-03 14:59:45,319 - bff_service - INFO - [bff_service.py:68] - [BFF] 연결할 백엔드 서비스: localhost:50053
2025-04-03 14:59:45,320 - bff_service - INFO - [bff_service.py:107] - [BFF] Backend 서비스 호출 (데드라인 없음)
2025-04-03 14:59:45,356 - bff_service - ERROR - [bff_service.py:138] - [BFF] Backend 호출 중 오류: StatusCode.RESOURCE_EXHAUSTED - 서버 과부하 상태입니다. 잠시 후 다시 시도해주세요.
2025-04-03 14:59:46,361 - bff_service - INFO - [bff_service.py:48] - [BFF] 요청 받음: normal, 백엔드 타입: circuit_breaker
2025-04-03 14:59:46,362 - bff_service - INFO - [bff_service.py:49] - [BFF] 패턴 설정 - 서킷브레이커: False, 데드라인: False, 백프레셔: True
2025-04-03 14:59:46,363 - bff_service - INFO - [bff_service.py:68] - [BFF] 연결할 백엔드 서비스: localhost:50053
2025-04-03 14:59:46,365 - bff_service - INFO - [bff_service.py:107] - [BFF] Backend 서비스 호출 (데드라인 없음)
2025-04-03 14:59:46,403 - bff_service - ERROR - [bff_service.py:138] - [BFF] Backend 호출 중 오류: StatusCode.RESOURCE_EXHAUSTED - 서버 과부하 상태입니다. 잠시 후 다시 시도해주세요.
2025-04-03 14:59:47,206 - bff_service - INFO - [bff_service.py:48] - [BFF] 요청 받음: slow, 백엔드 타입: circuit_breaker
2025-04-03 14:59:47,207 - bff_service - INFO - [bff_service.py:49] - [BFF] 패턴 설정 - 서킷브레이커: False, 데드라인: False, 백프레셔: True
2025-04-03 14:59:47,207 - bff_service - INFO - [bff_service.py:68] - [BFF] 연결할 백엔드 서비스: localhost:50053
2025-04-03 14:59:47,207 - bff_service - INFO - [bff_service.py:107] - [BFF] Backend 서비스 호출 (데드라인 없음)
2025-04-03 14:59:47,265 - bff_service - ERROR - [bff_service.py:138] - [BFF] Backend 호출 중 오류: StatusCode.RESOURCE_EXHAUSTED - 서버 과부하 상태입니다. 잠시 후 다시 시도해주세요.
