2025-04-03 14:55:31,221 - bff_service - INFO - [bff_service.py:48] - [BFF] 요청 받음: slow, 백엔드 타입: no_pattern
2025-04-03 14:55:31,221 - bff_service - INFO - [bff_service.py:49] - [BFF] 패턴 설정 - 서킷브레이커: False, 데드라인: False, 백프레셔: False
2025-04-03 14:55:31,223 - bff_service - INFO - [bff_service.py:68] - [BFF] 연결할 백엔드 서비스: localhost:50052
2025-04-03 14:55:31,230 - bff_service - INFO - [bff_service.py:107] - [BFF] Backend 서비스 호출 (데드라인 없음)
2025-04-03 14:55:33,277 - bff_service - INFO - [bff_service.py:121] - [BFF] Backend 응답 수신: backend_no_pattern 처리 결과: 쿼리 결과 데이터
2025-04-03 14:55:35,205 - bff_service - INFO - [bff_service.py:172] - [BFF] 패턴 리셋 요청: all, 백엔드: no_pattern
2025-04-03 14:55:35,206 - bff_service - INFO - [bff_service.py:178] - [BFF] 서킷브레이커 리셋 완료
2025-04-03 14:55:35,207 - bff_service - INFO - [bff_service.py:182] - [BFF] 백프레셔 리셋 완료
2025-04-03 14:55:35,214 - bff_service - INFO - [bff_service.py:193] - [BFF] 백엔드(no_pattern) 패턴 리셋 요청 완료
2025-04-03 14:55:39,757 - bff_service - INFO - [bff_service.py:48] - [BFF] 요청 받음: slow, 백엔드 타입: circuit_breaker
2025-04-03 14:55:39,757 - bff_service - INFO - [bff_service.py:49] - [BFF] 패턴 설정 - 서킷브레이커: False, 데드라인: False, 백프레셔: False
2025-04-03 14:55:39,757 - bff_service - INFO - [bff_service.py:68] - [BFF] 연결할 백엔드 서비스: localhost:50053
2025-04-03 14:55:39,757 - bff_service - INFO - [bff_service.py:107] - [BFF] Backend 서비스 호출 (데드라인 없음)
2025-04-03 14:55:41,801 - bff_service - INFO - [bff_service.py:121] - [BFF] Backend 응답 수신: backend_circuit_breaker 처리 결과: 쿼리 결과 데이터
2025-04-03 14:55:46,395 - bff_service - INFO - [bff_service.py:48] - [BFF] 요청 받음: slow, 백엔드 타입: circuit_breaker
2025-04-03 14:55:46,395 - bff_service - INFO - [bff_service.py:49] - [BFF] 패턴 설정 - 서킷브레이커: False, 데드라인: True, 백프레셔: False
2025-04-03 14:55:46,395 - bff_service - INFO - [bff_service.py:68] - [BFF] 연결할 백엔드 서비스: localhost:50053
2025-04-03 14:55:46,396 - bff_service - INFO - [bff_service.py:91] - [BFF] 데드라인 패턴 사용 (0.5초)
2025-04-03 14:55:46,927 - bff_service - ERROR - [bff_service.py:138] - [BFF] Backend 호출 중 오류: StatusCode.DEADLINE_EXCEEDED - Deadline Exceeded
2025-04-03 14:55:47,295 - bff_service - INFO - [bff_service.py:48] - [BFF] 요청 받음: slow, 백엔드 타입: circuit_breaker
2025-04-03 14:55:47,296 - bff_service - INFO - [bff_service.py:49] - [BFF] 패턴 설정 - 서킷브레이커: False, 데드라인: True, 백프레셔: False
2025-04-03 14:55:47,296 - bff_service - INFO - [bff_service.py:68] - [BFF] 연결할 백엔드 서비스: localhost:50053
2025-04-03 14:55:47,297 - bff_service - INFO - [bff_service.py:91] - [BFF] 데드라인 패턴 사용 (0.5초)
2025-04-03 14:55:47,840 - bff_service - ERROR - [bff_service.py:138] - [BFF] Backend 호출 중 오류: StatusCode.DEADLINE_EXCEEDED - Deadline Exceeded
2025-04-03 14:55:48,214 - bff_service - INFO - [bff_service.py:48] - [BFF] 요청 받음: slow, 백엔드 타입: circuit_breaker
2025-04-03 14:55:48,214 - bff_service - INFO - [bff_service.py:49] - [BFF] 패턴 설정 - 서킷브레이커: False, 데드라인: True, 백프레셔: False
2025-04-03 14:55:48,215 - bff_service - INFO - [bff_service.py:68] - [BFF] 연결할 백엔드 서비스: localhost:50053
2025-04-03 14:55:48,215 - bff_service - INFO - [bff_service.py:91] - [BFF] 데드라인 패턴 사용 (0.5초)
2025-04-03 14:55:48,254 - bff_service - ERROR - [bff_service.py:138] - [BFF] Backend 호출 중 오류: StatusCode.UNAVAILABLE - 서비스 일시적으로 사용 불가
2025-04-03 14:55:54,939 - bff_service - INFO - [bff_service.py:48] - [BFF] 요청 받음: normal, 백엔드 타입: circuit_breaker
2025-04-03 14:55:54,940 - bff_service - INFO - [bff_service.py:49] - [BFF] 패턴 설정 - 서킷브레이커: False, 데드라인: True, 백프레셔: False
2025-04-03 14:55:54,940 - bff_service - INFO - [bff_service.py:68] - [BFF] 연결할 백엔드 서비스: localhost:50053
2025-04-03 14:55:54,941 - bff_service - INFO - [bff_service.py:91] - [BFF] 데드라인 패턴 사용 (0.5초)
2025-04-03 14:55:54,981 - bff_service - ERROR - [bff_service.py:138] - [BFF] Backend 호출 중 오류: StatusCode.UNAVAILABLE - 서비스 일시적으로 사용 불가
2025-04-03 14:55:56,062 - bff_service - INFO - [bff_service.py:48] - [BFF] 요청 받음: normal, 백엔드 타입: circuit_breaker
2025-04-03 14:55:56,063 - bff_service - INFO - [bff_service.py:49] - [BFF] 패턴 설정 - 서킷브레이커: False, 데드라인: True, 백프레셔: False
2025-04-03 14:55:56,064 - bff_service - INFO - [bff_service.py:68] - [BFF] 연결할 백엔드 서비스: localhost:50053
2025-04-03 14:55:56,064 - bff_service - INFO - [bff_service.py:91] - [BFF] 데드라인 패턴 사용 (0.5초)
2025-04-03 14:55:56,102 - bff_service - ERROR - [bff_service.py:138] - [BFF] Backend 호출 중 오류: StatusCode.UNAVAILABLE - 서비스 일시적으로 사용 불가
2025-04-03 14:55:58,091 - bff_service - INFO - [bff_service.py:48] - [BFF] 요청 받음: normal, 백엔드 타입: circuit_breaker
2025-04-03 14:55:58,092 - bff_service - INFO - [bff_service.py:49] - [BFF] 패턴 설정 - 서킷브레이커: False, 데드라인: True, 백프레셔: False
2025-04-03 14:55:58,092 - bff_service - INFO - [bff_service.py:68] - [BFF] 연결할 백엔드 서비스: localhost:50053
2025-04-03 14:55:58,092 - bff_service - INFO - [bff_service.py:91] - [BFF] 데드라인 패턴 사용 (0.5초)
2025-04-03 14:55:58,102 - bff_service - INFO - [bff_service.py:121] - [BFF] Backend 응답 수신: backend_circuit_breaker 처리 결과: 쿼리 결과 데이터
2025-04-03 14:55:58,287 - bff_service - INFO - [bff_service.py:48] - [BFF] 요청 받음: normal, 백엔드 타입: circuit_breaker
2025-04-03 14:55:58,288 - bff_service - INFO - [bff_service.py:49] - [BFF] 패턴 설정 - 서킷브레이커: False, 데드라인: True, 백프레셔: False
2025-04-03 14:55:58,288 - bff_service - INFO - [bff_service.py:68] - [BFF] 연결할 백엔드 서비스: localhost:50053
2025-04-03 14:55:58,288 - bff_service - INFO - [bff_service.py:91] - [BFF] 데드라인 패턴 사용 (0.5초)
2025-04-03 14:55:58,294 - bff_service - INFO - [bff_service.py:121] - [BFF] Backend 응답 수신: backend_circuit_breaker 처리 결과: 쿼리 결과 데이터
2025-04-03 14:55:58,468 - bff_service - INFO - [bff_service.py:48] - [BFF] 요청 받음: normal, 백엔드 타입: circuit_breaker
2025-04-03 14:55:58,470 - bff_service - INFO - [bff_service.py:49] - [BFF] 패턴 설정 - 서킷브레이커: False, 데드라인: True, 백프레셔: False
2025-04-03 14:55:58,471 - bff_service - INFO - [bff_service.py:68] - [BFF] 연결할 백엔드 서비스: localhost:50053
2025-04-03 14:55:58,471 - bff_service - INFO - [bff_service.py:91] - [BFF] 데드라인 패턴 사용 (0.5초)
2025-04-03 14:55:58,478 - bff_service - INFO - [bff_service.py:121] - [BFF] Backend 응답 수신: backend_circuit_breaker 처리 결과: 쿼리 결과 데이터
2025-04-03 14:56:00,527 - bff_service - INFO - [bff_service.py:48] - [BFF] 요청 받음: slow, 백엔드 타입: circuit_breaker
2025-04-03 14:56:00,528 - bff_service - INFO - [bff_service.py:49] - [BFF] 패턴 설정 - 서킷브레이커: False, 데드라인: True, 백프레셔: False
2025-04-03 14:56:00,528 - bff_service - INFO - [bff_service.py:68] - [BFF] 연결할 백엔드 서비스: localhost:50053
2025-04-03 14:56:00,529 - bff_service - INFO - [bff_service.py:91] - [BFF] 데드라인 패턴 사용 (0.5초)
2025-04-03 14:56:01,067 - bff_service - ERROR - [bff_service.py:138] - [BFF] Backend 호출 중 오류: StatusCode.DEADLINE_EXCEEDED - Deadline Exceeded
2025-04-03 14:56:02,379 - bff_service - INFO - [bff_service.py:48] - [BFF] 요청 받음: normal, 백엔드 타입: circuit_breaker
2025-04-03 14:56:02,380 - bff_service - INFO - [bff_service.py:49] - [BFF] 패턴 설정 - 서킷브레이커: False, 데드라인: True, 백프레셔: False
2025-04-03 14:56:02,380 - bff_service - INFO - [bff_service.py:68] - [BFF] 연결할 백엔드 서비스: localhost:50053
2025-04-03 14:56:02,380 - bff_service - INFO - [bff_service.py:91] - [BFF] 데드라인 패턴 사용 (0.5초)
2025-04-03 14:56:02,390 - bff_service - INFO - [bff_service.py:121] - [BFF] Backend 응답 수신: backend_circuit_breaker 처리 결과: 쿼리 결과 데이터
2025-04-03 14:56:08,118 - bff_service - INFO - [bff_service.py:48] - [BFF] 요청 받음: slow, 백엔드 타입: all
2025-04-03 14:56:08,120 - bff_service - INFO - [bff_service.py:49] - [BFF] 패턴 설정 - 서킷브레이커: False, 데드라인: False, 백프레셔: False
2025-04-03 14:56:08,120 - bff_service - INFO - [bff_service.py:68] - [BFF] 연결할 백엔드 서비스: localhost:50056
2025-04-03 14:56:08,121 - bff_service - INFO - [bff_service.py:107] - [BFF] Backend 서비스 호출 (데드라인 없음)
2025-04-03 14:56:08,696 - bff_service - ERROR - [bff_service.py:138] - [BFF] Backend 호출 중 오류: StatusCode.DEADLINE_EXCEEDED - DB 서비스 응답 시간 초과
2025-04-03 14:56:09,660 - bff_service - INFO - [bff_service.py:48] - [BFF] 요청 받음: slow, 백엔드 타입: all
2025-04-03 14:56:09,661 - bff_service - INFO - [bff_service.py:49] - [BFF] 패턴 설정 - 서킷브레이커: False, 데드라인: False, 백프레셔: False
2025-04-03 14:56:09,662 - bff_service - INFO - [bff_service.py:68] - [BFF] 연결할 백엔드 서비스: localhost:50056
2025-04-03 14:56:09,663 - bff_service - INFO - [bff_service.py:107] - [BFF] Backend 서비스 호출 (데드라인 없음)
2025-04-03 14:56:10,237 - bff_service - ERROR - [bff_service.py:138] - [BFF] Backend 호출 중 오류: StatusCode.DEADLINE_EXCEEDED - DB 서비스 응답 시간 초과
2025-04-03 14:56:10,605 - bff_service - INFO - [bff_service.py:48] - [BFF] 요청 받음: slow, 백엔드 타입: all
2025-04-03 14:56:10,606 - bff_service - INFO - [bff_service.py:49] - [BFF] 패턴 설정 - 서킷브레이커: False, 데드라인: False, 백프레셔: False
2025-04-03 14:56:10,606 - bff_service - INFO - [bff_service.py:68] - [BFF] 연결할 백엔드 서비스: localhost:50056
2025-04-03 14:56:10,606 - bff_service - INFO - [bff_service.py:107] - [BFF] Backend 서비스 호출 (데드라인 없음)
2025-04-03 14:56:10,647 - bff_service - ERROR - [bff_service.py:138] - [BFF] Backend 호출 중 오류: StatusCode.UNAVAILABLE - 서비스 일시적으로 사용 불가
2025-04-03 14:56:12,647 - bff_service - INFO - [bff_service.py:48] - [BFF] 요청 받음: slow, 백엔드 타입: all
2025-04-03 14:56:12,648 - bff_service - INFO - [bff_service.py:49] - [BFF] 패턴 설정 - 서킷브레이커: False, 데드라인: False, 백프레셔: False
2025-04-03 14:56:12,649 - bff_service - INFO - [bff_service.py:68] - [BFF] 연결할 백엔드 서비스: localhost:50056
2025-04-03 14:56:12,649 - bff_service - INFO - [bff_service.py:107] - [BFF] Backend 서비스 호출 (데드라인 없음)
2025-04-03 14:56:12,651 - bff_service - INFO - [bff_service.py:48] - [BFF] 요청 받음: slow, 백엔드 타입: all
2025-04-03 14:56:12,652 - bff_service - INFO - [bff_service.py:49] - [BFF] 패턴 설정 - 서킷브레이커: False, 데드라인: False, 백프레셔: False
2025-04-03 14:56:12,652 - bff_service - INFO - [bff_service.py:68] - [BFF] 연결할 백엔드 서비스: localhost:50056
2025-04-03 14:56:12,654 - bff_service - INFO - [bff_service.py:107] - [BFF] Backend 서비스 호출 (데드라인 없음)
2025-04-03 14:56:12,690 - bff_service - INFO - [bff_service.py:48] - [BFF] 요청 받음: slow, 백엔드 타입: all
2025-04-03 14:56:12,691 - bff_service - INFO - [bff_service.py:49] - [BFF] 패턴 설정 - 서킷브레이커: False, 데드라인: False, 백프레셔: False
2025-04-03 14:56:12,691 - bff_service - INFO - [bff_service.py:48] - [BFF] 요청 받음: slow, 백엔드 타입: all
2025-04-03 14:56:12,692 - bff_service - INFO - [bff_service.py:68] - [BFF] 연결할 백엔드 서비스: localhost:50056
2025-04-03 14:56:12,692 - bff_service - INFO - [bff_service.py:49] - [BFF] 패턴 설정 - 서킷브레이커: False, 데드라인: False, 백프레셔: False
2025-04-03 14:56:12,696 - bff_service - INFO - [bff_service.py:107] - [BFF] Backend 서비스 호출 (데드라인 없음)
2025-04-03 14:56:12,699 - bff_service - INFO - [bff_service.py:68] - [BFF] 연결할 백엔드 서비스: localhost:50056
2025-04-03 14:56:12,702 - bff_service - INFO - [bff_service.py:107] - [BFF] Backend 서비스 호출 (데드라인 없음)
2025-04-03 14:56:12,719 - bff_service - ERROR - [bff_service.py:138] - [BFF] Backend 호출 중 오류: StatusCode.UNAVAILABLE - 서비스 일시적으로 사용 불가
2025-04-03 14:56:12,720 - bff_service - ERROR - [bff_service.py:138] - [BFF] Backend 호출 중 오류: StatusCode.UNAVAILABLE - 서비스 일시적으로 사용 불가
2025-04-03 14:56:12,722 - bff_service - INFO - [bff_service.py:48] - [BFF] 요청 받음: slow, 백엔드 타입: all
2025-04-03 14:56:12,723 - bff_service - INFO - [bff_service.py:49] - [BFF] 패턴 설정 - 서킷브레이커: False, 데드라인: False, 백프레셔: False
2025-04-03 14:56:12,723 - bff_service - INFO - [bff_service.py:68] - [BFF] 연결할 백엔드 서비스: localhost:50056
2025-04-03 14:56:12,724 - bff_service - INFO - [bff_service.py:107] - [BFF] Backend 서비스 호출 (데드라인 없음)
2025-04-03 14:56:12,742 - bff_service - ERROR - [bff_service.py:138] - [BFF] Backend 호출 중 오류: StatusCode.UNAVAILABLE - 서비스 일시적으로 사용 불가
2025-04-03 14:56:12,750 - bff_service - INFO - [bff_service.py:48] - [BFF] 요청 받음: slow, 백엔드 타입: all
2025-04-03 14:56:12,752 - bff_service - INFO - [bff_service.py:49] - [BFF] 패턴 설정 - 서킷브레이커: False, 데드라인: False, 백프레셔: False
2025-04-03 14:56:12,752 - bff_service - INFO - [bff_service.py:68] - [BFF] 연결할 백엔드 서비스: localhost:50056
2025-04-03 14:56:12,752 - bff_service - INFO - [bff_service.py:107] - [BFF] Backend 서비스 호출 (데드라인 없음)
2025-04-03 14:56:12,753 - bff_service - ERROR - [bff_service.py:138] - [BFF] Backend 호출 중 오류: StatusCode.UNAVAILABLE - 서비스 일시적으로 사용 불가
2025-04-03 14:56:12,825 - bff_service - ERROR - [bff_service.py:138] - [BFF] Backend 호출 중 오류: StatusCode.UNAVAILABLE - 서비스 일시적으로 사용 불가
2025-04-03 14:56:12,858 - bff_service - INFO - [bff_service.py:48] - [BFF] 요청 받음: slow, 백엔드 타입: all
2025-04-03 14:56:12,859 - bff_service - ERROR - [bff_service.py:138] - [BFF] Backend 호출 중 오류: StatusCode.UNAVAILABLE - 서비스 일시적으로 사용 불가
2025-04-03 14:56:12,859 - bff_service - INFO - [bff_service.py:48] - [BFF] 요청 받음: slow, 백엔드 타입: all
2025-04-03 14:56:12,862 - bff_service - INFO - [bff_service.py:49] - [BFF] 패턴 설정 - 서킷브레이커: False, 데드라인: False, 백프레셔: False
2025-04-03 14:56:12,859 - bff_service - INFO - [bff_service.py:48] - [BFF] 요청 받음: slow, 백엔드 타입: all
2025-04-03 14:56:12,859 - bff_service - INFO - [bff_service.py:49] - [BFF] 패턴 설정 - 서킷브레이커: False, 데드라인: False, 백프레셔: False
2025-04-03 14:56:12,863 - bff_service - INFO - [bff_service.py:68] - [BFF] 연결할 백엔드 서비스: localhost:50056
2025-04-03 14:56:12,864 - bff_service - INFO - [bff_service.py:49] - [BFF] 패턴 설정 - 서킷브레이커: False, 데드라인: False, 백프레셔: False
2025-04-03 14:56:12,865 - bff_service - INFO - [bff_service.py:68] - [BFF] 연결할 백엔드 서비스: localhost:50056
2025-04-03 14:56:12,866 - bff_service - INFO - [bff_service.py:107] - [BFF] Backend 서비스 호출 (데드라인 없음)
2025-04-03 14:56:12,866 - bff_service - INFO - [bff_service.py:68] - [BFF] 연결할 백엔드 서비스: localhost:50056
2025-04-03 14:56:12,867 - bff_service - INFO - [bff_service.py:107] - [BFF] Backend 서비스 호출 (데드라인 없음)
2025-04-03 14:56:12,869 - bff_service - INFO - [bff_service.py:107] - [BFF] Backend 서비스 호출 (데드라인 없음)
2025-04-03 14:56:12,922 - bff_service - ERROR - [bff_service.py:138] - [BFF] Backend 호출 중 오류: StatusCode.UNAVAILABLE - 서비스 일시적으로 사용 불가
2025-04-03 14:56:12,943 - bff_service - INFO - [bff_service.py:48] - [BFF] 요청 받음: slow, 백엔드 타입: all
2025-04-03 14:56:12,945 - bff_service - INFO - [bff_service.py:49] - [BFF] 패턴 설정 - 서킷브레이커: False, 데드라인: False, 백프레셔: False
2025-04-03 14:56:12,946 - bff_service - INFO - [bff_service.py:68] - [BFF] 연결할 백엔드 서비스: localhost:50056
2025-04-03 14:56:12,947 - bff_service - INFO - [bff_service.py:107] - [BFF] Backend 서비스 호출 (데드라인 없음)
2025-04-03 14:56:12,974 - bff_service - ERROR - [bff_service.py:138] - [BFF] Backend 호출 중 오류: StatusCode.UNAVAILABLE - 서비스 일시적으로 사용 불가
2025-04-03 14:56:12,974 - bff_service - ERROR - [bff_service.py:138] - [BFF] Backend 호출 중 오류: StatusCode.UNAVAILABLE - 서비스 일시적으로 사용 불가
2025-04-03 14:56:12,994 - bff_service - ERROR - [bff_service.py:138] - [BFF] Backend 호출 중 오류: StatusCode.UNAVAILABLE - 서비스 일시적으로 사용 불가
2025-04-03 14:56:22,916 - bff_service - INFO - [bff_service.py:48] - [BFF] 요청 받음: slow, 백엔드 타입: all
2025-04-03 14:56:22,917 - bff_service - INFO - [bff_service.py:49] - [BFF] 패턴 설정 - 서킷브레이커: False, 데드라인: False, 백프레셔: False
2025-04-03 14:56:22,917 - bff_service - INFO - [bff_service.py:68] - [BFF] 연결할 백엔드 서비스: localhost:50056
2025-04-03 14:56:22,918 - bff_service - INFO - [bff_service.py:107] - [BFF] Backend 서비스 호출 (데드라인 없음)
2025-04-03 14:56:22,919 - bff_service - INFO - [bff_service.py:48] - [BFF] 요청 받음: slow, 백엔드 타입: all
2025-04-03 14:56:22,919 - bff_service - INFO - [bff_service.py:49] - [BFF] 패턴 설정 - 서킷브레이커: False, 데드라인: False, 백프레셔: False
2025-04-03 14:56:22,920 - bff_service - INFO - [bff_service.py:68] - [BFF] 연결할 백엔드 서비스: localhost:50056
2025-04-03 14:56:22,921 - bff_service - INFO - [bff_service.py:107] - [BFF] Backend 서비스 호출 (데드라인 없음)
2025-04-03 14:56:22,928 - bff_service - INFO - [bff_service.py:48] - [BFF] 요청 받음: slow, 백엔드 타입: all
2025-04-03 14:56:22,928 - bff_service - INFO - [bff_service.py:49] - [BFF] 패턴 설정 - 서킷브레이커: False, 데드라인: False, 백프레셔: False
2025-04-03 14:56:22,929 - bff_service - INFO - [bff_service.py:68] - [BFF] 연결할 백엔드 서비스: localhost:50056
2025-04-03 14:56:22,929 - bff_service - INFO - [bff_service.py:107] - [BFF] Backend 서비스 호출 (데드라인 없음)
2025-04-03 14:56:22,934 - bff_service - INFO - [bff_service.py:48] - [BFF] 요청 받음: slow, 백엔드 타입: all
2025-04-03 14:56:22,935 - bff_service - INFO - [bff_service.py:49] - [BFF] 패턴 설정 - 서킷브레이커: False, 데드라인: False, 백프레셔: False
2025-04-03 14:56:22,935 - bff_service - INFO - [bff_service.py:68] - [BFF] 연결할 백엔드 서비스: localhost:50056
2025-04-03 14:56:22,936 - bff_service - INFO - [bff_service.py:107] - [BFF] Backend 서비스 호출 (데드라인 없음)
2025-04-03 14:56:22,943 - bff_service - INFO - [bff_service.py:48] - [BFF] 요청 받음: slow, 백엔드 타입: all
2025-04-03 14:56:22,945 - bff_service - INFO - [bff_service.py:49] - [BFF] 패턴 설정 - 서킷브레이커: False, 데드라인: False, 백프레셔: False
2025-04-03 14:56:22,945 - bff_service - INFO - [bff_service.py:68] - [BFF] 연결할 백엔드 서비스: localhost:50056
2025-04-03 14:56:22,946 - bff_service - INFO - [bff_service.py:107] - [BFF] Backend 서비스 호출 (데드라인 없음)
2025-04-03 14:56:22,951 - bff_service - INFO - [bff_service.py:48] - [BFF] 요청 받음: slow, 백엔드 타입: all
2025-04-03 14:56:22,952 - bff_service - INFO - [bff_service.py:49] - [BFF] 패턴 설정 - 서킷브레이커: False, 데드라인: False, 백프레셔: False
2025-04-03 14:56:22,952 - bff_service - INFO - [bff_service.py:68] - [BFF] 연결할 백엔드 서비스: localhost:50056
2025-04-03 14:56:22,953 - bff_service - INFO - [bff_service.py:107] - [BFF] Backend 서비스 호출 (데드라인 없음)
2025-04-03 14:56:23,482 - bff_service - ERROR - [bff_service.py:138] - [BFF] Backend 호출 중 오류: StatusCode.DEADLINE_EXCEEDED - DB 서비스 응답 시간 초과
2025-04-03 14:56:23,495 - bff_service - ERROR - [bff_service.py:138] - [BFF] Backend 호출 중 오류: StatusCode.DEADLINE_EXCEEDED - DB 서비스 응답 시간 초과
2025-04-03 14:56:23,520 - bff_service - INFO - [bff_service.py:48] - [BFF] 요청 받음: slow, 백엔드 타입: all
2025-04-03 14:56:23,521 - bff_service - INFO - [bff_service.py:49] - [BFF] 패턴 설정 - 서킷브레이커: False, 데드라인: False, 백프레셔: False
2025-04-03 14:56:23,522 - bff_service - INFO - [bff_service.py:68] - [BFF] 연결할 백엔드 서비스: localhost:50056
2025-04-03 14:56:23,524 - bff_service - INFO - [bff_service.py:107] - [BFF] Backend 서비스 호출 (데드라인 없음)
2025-04-03 14:56:23,580 - bff_service - ERROR - [bff_service.py:138] - [BFF] Backend 호출 중 오류: StatusCode.UNAVAILABLE - 서비스 일시적으로 사용 불가
2025-04-03 14:56:23,600 - bff_service - ERROR - [bff_service.py:138] - [BFF] Backend 호출 중 오류: StatusCode.DEADLINE_EXCEEDED - DB 서비스 응답 시간 초과
2025-04-03 14:56:23,619 - bff_service - ERROR - [bff_service.py:138] - [BFF] Backend 호출 중 오류: StatusCode.DEADLINE_EXCEEDED - DB 서비스 응답 시간 초과
2025-04-03 14:56:23,631 - bff_service - ERROR - [bff_service.py:138] - [BFF] Backend 호출 중 오류: StatusCode.DEADLINE_EXCEEDED - DB 서비스 응답 시간 초과
2025-04-03 14:56:23,652 - bff_service - ERROR - [bff_service.py:138] - [BFF] Backend 호출 중 오류: StatusCode.DEADLINE_EXCEEDED - DB 서비스 응답 시간 초과
2025-04-03 14:56:23,717 - bff_service - INFO - [bff_service.py:48] - [BFF] 요청 받음: slow, 백엔드 타입: all
2025-04-03 14:56:23,717 - bff_service - INFO - [bff_service.py:48] - [BFF] 요청 받음: slow, 백엔드 타입: all
2025-04-03 14:56:23,718 - bff_service - INFO - [bff_service.py:48] - [BFF] 요청 받음: slow, 백엔드 타입: all
2025-04-03 14:56:23,718 - bff_service - INFO - [bff_service.py:49] - [BFF] 패턴 설정 - 서킷브레이커: False, 데드라인: False, 백프레셔: False
2025-04-03 14:56:23,719 - bff_service - INFO - [bff_service.py:49] - [BFF] 패턴 설정 - 서킷브레이커: False, 데드라인: False, 백프레셔: False
2025-04-03 14:56:23,719 - bff_service - INFO - [bff_service.py:49] - [BFF] 패턴 설정 - 서킷브레이커: False, 데드라인: False, 백프레셔: False
2025-04-03 14:56:23,719 - bff_service - INFO - [bff_service.py:68] - [BFF] 연결할 백엔드 서비스: localhost:50056
2025-04-03 14:56:23,720 - bff_service - INFO - [bff_service.py:68] - [BFF] 연결할 백엔드 서비스: localhost:50056
2025-04-03 14:56:23,720 - bff_service - INFO - [bff_service.py:68] - [BFF] 연결할 백엔드 서비스: localhost:50056
2025-04-03 14:56:23,720 - bff_service - INFO - [bff_service.py:107] - [BFF] Backend 서비스 호출 (데드라인 없음)
2025-04-03 14:56:23,722 - bff_service - INFO - [bff_service.py:107] - [BFF] Backend 서비스 호출 (데드라인 없음)
2025-04-03 14:56:23,723 - bff_service - INFO - [bff_service.py:107] - [BFF] Backend 서비스 호출 (데드라인 없음)
2025-04-03 14:56:23,779 - bff_service - ERROR - [bff_service.py:138] - [BFF] Backend 호출 중 오류: StatusCode.UNAVAILABLE - 서비스 일시적으로 사용 불가
2025-04-03 14:56:23,800 - bff_service - ERROR - [bff_service.py:138] - [BFF] Backend 호출 중 오류: StatusCode.UNAVAILABLE - 서비스 일시적으로 사용 불가
2025-04-03 14:56:23,822 - bff_service - ERROR - [bff_service.py:138] - [BFF] Backend 호출 중 오류: StatusCode.UNAVAILABLE - 서비스 일시적으로 사용 불가
2025-04-03 14:56:30,567 - bff_service - INFO - [bff_service.py:48] - [BFF] 요청 받음: slow, 백엔드 타입: backpressure
2025-04-03 14:56:30,567 - bff_service - INFO - [bff_service.py:49] - [BFF] 패턴 설정 - 서킷브레이커: False, 데드라인: False, 백프레셔: False
2025-04-03 14:56:30,568 - bff_service - INFO - [bff_service.py:68] - [BFF] 연결할 백엔드 서비스: localhost:50055
2025-04-03 14:56:30,568 - bff_service - INFO - [bff_service.py:107] - [BFF] Backend 서비스 호출 (데드라인 없음)
2025-04-03 14:56:30,570 - bff_service - INFO - [bff_service.py:48] - [BFF] 요청 받음: slow, 백엔드 타입: backpressure
2025-04-03 14:56:30,570 - bff_service - INFO - [bff_service.py:49] - [BFF] 패턴 설정 - 서킷브레이커: False, 데드라인: False, 백프레셔: False
2025-04-03 14:56:30,570 - bff_service - INFO - [bff_service.py:68] - [BFF] 연결할 백엔드 서비스: localhost:50055
2025-04-03 14:56:30,571 - bff_service - INFO - [bff_service.py:107] - [BFF] Backend 서비스 호출 (데드라인 없음)
2025-04-03 14:56:30,578 - bff_service - INFO - [bff_service.py:48] - [BFF] 요청 받음: slow, 백엔드 타입: backpressure
2025-04-03 14:56:30,579 - bff_service - INFO - [bff_service.py:49] - [BFF] 패턴 설정 - 서킷브레이커: False, 데드라인: False, 백프레셔: False
2025-04-03 14:56:30,579 - bff_service - INFO - [bff_service.py:68] - [BFF] 연결할 백엔드 서비스: localhost:50055
2025-04-03 14:56:30,581 - bff_service - INFO - [bff_service.py:107] - [BFF] Backend 서비스 호출 (데드라인 없음)
2025-04-03 14:56:30,596 - bff_service - INFO - [bff_service.py:48] - [BFF] 요청 받음: slow, 백엔드 타입: backpressure
2025-04-03 14:56:30,598 - bff_service - INFO - [bff_service.py:49] - [BFF] 패턴 설정 - 서킷브레이커: False, 데드라인: False, 백프레셔: False
2025-04-03 14:56:30,601 - bff_service - INFO - [bff_service.py:68] - [BFF] 연결할 백엔드 서비스: localhost:50055
2025-04-03 14:56:30,604 - bff_service - INFO - [bff_service.py:107] - [BFF] Backend 서비스 호출 (데드라인 없음)
2025-04-03 14:56:30,606 - bff_service - INFO - [bff_service.py:48] - [BFF] 요청 받음: slow, 백엔드 타입: backpressure
2025-04-03 14:56:30,607 - bff_service - INFO - [bff_service.py:49] - [BFF] 패턴 설정 - 서킷브레이커: False, 데드라인: False, 백프레셔: False
2025-04-03 14:56:30,608 - bff_service - INFO - [bff_service.py:68] - [BFF] 연결할 백엔드 서비스: localhost:50055
2025-04-03 14:56:30,608 - bff_service - INFO - [bff_service.py:107] - [BFF] Backend 서비스 호출 (데드라인 없음)
2025-04-03 14:56:30,619 - bff_service - INFO - [bff_service.py:48] - [BFF] 요청 받음: slow, 백엔드 타입: backpressure
2025-04-03 14:56:30,620 - bff_service - INFO - [bff_service.py:49] - [BFF] 패턴 설정 - 서킷브레이커: False, 데드라인: False, 백프레셔: False
2025-04-03 14:56:30,620 - bff_service - INFO - [bff_service.py:68] - [BFF] 연결할 백엔드 서비스: localhost:50055
2025-04-03 14:56:30,621 - bff_service - INFO - [bff_service.py:107] - [BFF] Backend 서비스 호출 (데드라인 없음)
2025-04-03 14:56:32,620 - bff_service - INFO - [bff_service.py:121] - [BFF] Backend 응답 수신: backend_backpressure 처리 결과: 쿼리 결과 데이터
2025-04-03 14:56:32,620 - bff_service - INFO - [bff_service.py:121] - [BFF] Backend 응답 수신: backend_backpressure 처리 결과: 쿼리 결과 데이터
2025-04-03 14:56:32,636 - bff_service - INFO - [bff_service.py:48] - [BFF] 요청 받음: slow, 백엔드 타입: backpressure
2025-04-03 14:56:32,636 - bff_service - INFO - [bff_service.py:49] - [BFF] 패턴 설정 - 서킷브레이커: False, 데드라인: False, 백프레셔: False
2025-04-03 14:56:32,637 - bff_service - INFO - [bff_service.py:68] - [BFF] 연결할 백엔드 서비스: localhost:50055
2025-04-03 14:56:32,638 - bff_service - INFO - [bff_service.py:121] - [BFF] Backend 응답 수신: backend_backpressure 처리 결과: 쿼리 결과 데이터
2025-04-03 14:56:32,638 - bff_service - INFO - [bff_service.py:48] - [BFF] 요청 받음: slow, 백엔드 타입: backpressure
2025-04-03 14:56:32,639 - bff_service - INFO - [bff_service.py:107] - [BFF] Backend 서비스 호출 (데드라인 없음)
2025-04-03 14:56:32,641 - bff_service - INFO - [bff_service.py:121] - [BFF] Backend 응답 수신: backend_backpressure 처리 결과: 쿼리 결과 데이터
2025-04-03 14:56:32,641 - bff_service - INFO - [bff_service.py:49] - [BFF] 패턴 설정 - 서킷브레이커: False, 데드라인: False, 백프레셔: False
2025-04-03 14:56:32,641 - bff_service - INFO - [bff_service.py:121] - [BFF] Backend 응답 수신: backend_backpressure 처리 결과: 쿼리 결과 데이터
2025-04-03 14:56:32,641 - bff_service - INFO - [bff_service.py:121] - [BFF] Backend 응답 수신: backend_backpressure 처리 결과: 쿼리 결과 데이터
2025-04-03 14:56:32,643 - bff_service - INFO - [bff_service.py:68] - [BFF] 연결할 백엔드 서비스: localhost:50055
2025-04-03 14:56:32,645 - bff_service - INFO - [bff_service.py:107] - [BFF] Backend 서비스 호출 (데드라인 없음)
2025-04-03 14:56:32,688 - bff_service - INFO - [bff_service.py:48] - [BFF] 요청 받음: slow, 백엔드 타입: backpressure
2025-04-03 14:56:32,689 - bff_service - INFO - [bff_service.py:48] - [BFF] 요청 받음: slow, 백엔드 타입: backpressure
2025-04-03 14:56:32,689 - bff_service - INFO - [bff_service.py:49] - [BFF] 패턴 설정 - 서킷브레이커: False, 데드라인: False, 백프레셔: False
2025-04-03 14:56:32,690 - bff_service - INFO - [bff_service.py:49] - [BFF] 패턴 설정 - 서킷브레이커: False, 데드라인: False, 백프레셔: False
2025-04-03 14:56:32,690 - bff_service - INFO - [bff_service.py:68] - [BFF] 연결할 백엔드 서비스: localhost:50055
2025-04-03 14:56:32,690 - bff_service - INFO - [bff_service.py:68] - [BFF] 연결할 백엔드 서비스: localhost:50055
2025-04-03 14:56:32,691 - bff_service - INFO - [bff_service.py:107] - [BFF] Backend 서비스 호출 (데드라인 없음)
2025-04-03 14:56:32,691 - bff_service - INFO - [bff_service.py:107] - [BFF] Backend 서비스 호출 (데드라인 없음)
2025-04-03 14:56:34,669 - bff_service - INFO - [bff_service.py:121] - [BFF] Backend 응답 수신: backend_backpressure 처리 결과: 쿼리 결과 데이터
2025-04-03 14:56:34,669 - bff_service - INFO - [bff_service.py:121] - [BFF] Backend 응답 수신: backend_backpressure 처리 결과: 쿼리 결과 데이터
2025-04-03 14:56:34,714 - bff_service - INFO - [bff_service.py:121] - [BFF] Backend 응답 수신: backend_backpressure 처리 결과: 쿼리 결과 데이터
2025-04-03 14:56:34,715 - bff_service - INFO - [bff_service.py:121] - [BFF] Backend 응답 수신: backend_backpressure 처리 결과: 쿼리 결과 데이터
2025-04-03 14:56:38,967 - bff_service - INFO - [bff_service.py:48] - [BFF] 요청 받음: slow, 백엔드 타입: backpressure
2025-04-03 14:56:38,967 - bff_service - INFO - [bff_service.py:49] - [BFF] 패턴 설정 - 서킷브레이커: False, 데드라인: False, 백프레셔: False
2025-04-03 14:56:38,968 - bff_service - INFO - [bff_service.py:68] - [BFF] 연결할 백엔드 서비스: localhost:50055
2025-04-03 14:56:38,968 - bff_service - INFO - [bff_service.py:107] - [BFF] Backend 서비스 호출 (데드라인 없음)
2025-04-03 14:56:38,976 - bff_service - INFO - [bff_service.py:48] - [BFF] 요청 받음: slow, 백엔드 타입: backpressure
2025-04-03 14:56:38,977 - bff_service - INFO - [bff_service.py:49] - [BFF] 패턴 설정 - 서킷브레이커: False, 데드라인: False, 백프레셔: False
2025-04-03 14:56:38,978 - bff_service - INFO - [bff_service.py:68] - [BFF] 연결할 백엔드 서비스: localhost:50055
2025-04-03 14:56:38,979 - bff_service - INFO - [bff_service.py:107] - [BFF] Backend 서비스 호출 (데드라인 없음)
2025-04-03 14:56:38,992 - bff_service - INFO - [bff_service.py:48] - [BFF] 요청 받음: slow, 백엔드 타입: backpressure
2025-04-03 14:56:38,993 - bff_service - INFO - [bff_service.py:49] - [BFF] 패턴 설정 - 서킷브레이커: False, 데드라인: False, 백프레셔: False
2025-04-03 14:56:38,994 - bff_service - INFO - [bff_service.py:48] - [BFF] 요청 받음: slow, 백엔드 타입: backpressure
2025-04-03 14:56:38,994 - bff_service - INFO - [bff_service.py:68] - [BFF] 연결할 백엔드 서비스: localhost:50055
2025-04-03 14:56:38,994 - bff_service - INFO - [bff_service.py:49] - [BFF] 패턴 설정 - 서킷브레이커: False, 데드라인: False, 백프레셔: False
2025-04-03 14:56:38,995 - bff_service - INFO - [bff_service.py:107] - [BFF] Backend 서비스 호출 (데드라인 없음)
2025-04-03 14:56:38,995 - bff_service - INFO - [bff_service.py:68] - [BFF] 연결할 백엔드 서비스: localhost:50055
2025-04-03 14:56:38,996 - bff_service - INFO - [bff_service.py:107] - [BFF] Backend 서비스 호출 (데드라인 없음)
2025-04-03 14:56:38,999 - bff_service - INFO - [bff_service.py:48] - [BFF] 요청 받음: slow, 백엔드 타입: backpressure
2025-04-03 14:56:39,000 - bff_service - INFO - [bff_service.py:49] - [BFF] 패턴 설정 - 서킷브레이커: False, 데드라인: False, 백프레셔: False
2025-04-03 14:56:39,000 - bff_service - INFO - [bff_service.py:68] - [BFF] 연결할 백엔드 서비스: localhost:50055
2025-04-03 14:56:39,001 - bff_service - INFO - [bff_service.py:107] - [BFF] Backend 서비스 호출 (데드라인 없음)
2025-04-03 14:56:39,016 - bff_service - INFO - [bff_service.py:48] - [BFF] 요청 받음: slow, 백엔드 타입: backpressure
2025-04-03 14:56:39,017 - bff_service - INFO - [bff_service.py:49] - [BFF] 패턴 설정 - 서킷브레이커: False, 데드라인: False, 백프레셔: False
2025-04-03 14:56:39,017 - bff_service - INFO - [bff_service.py:68] - [BFF] 연결할 백엔드 서비스: localhost:50055
2025-04-03 14:56:39,018 - bff_service - INFO - [bff_service.py:107] - [BFF] Backend 서비스 호출 (데드라인 없음)
2025-04-03 14:56:40,998 - bff_service - INFO - [bff_service.py:121] - [BFF] Backend 응답 수신: backend_backpressure 처리 결과: 쿼리 결과 데이터
2025-04-03 14:56:40,999 - bff_service - INFO - [bff_service.py:121] - [BFF] Backend 응답 수신: backend_backpressure 처리 결과: 쿼리 결과 데이터
2025-04-03 14:56:41,019 - bff_service - INFO - [bff_service.py:48] - [BFF] 요청 받음: slow, 백엔드 타입: backpressure
2025-04-03 14:56:41,020 - bff_service - INFO - [bff_service.py:49] - [BFF] 패턴 설정 - 서킷브레이커: False, 데드라인: False, 백프레셔: False
2025-04-03 14:56:41,020 - bff_service - INFO - [bff_service.py:48] - [BFF] 요청 받음: slow, 백엔드 타입: backpressure
2025-04-03 14:56:41,020 - bff_service - INFO - [bff_service.py:68] - [BFF] 연결할 백엔드 서비스: localhost:50055
2025-04-03 14:56:41,020 - bff_service - INFO - [bff_service.py:49] - [BFF] 패턴 설정 - 서킷브레이커: False, 데드라인: False, 백프레셔: False
2025-04-03 14:56:41,021 - bff_service - INFO - [bff_service.py:107] - [BFF] Backend 서비스 호출 (데드라인 없음)
2025-04-03 14:56:41,021 - bff_service - INFO - [bff_service.py:68] - [BFF] 연결할 백엔드 서비스: localhost:50055
2025-04-03 14:56:41,022 - bff_service - INFO - [bff_service.py:107] - [BFF] Backend 서비스 호출 (데드라인 없음)
2025-04-03 14:56:41,032 - bff_service - INFO - [bff_service.py:121] - [BFF] Backend 응답 수신: backend_backpressure 처리 결과: 쿼리 결과 데이터
2025-04-03 14:56:41,034 - bff_service - INFO - [bff_service.py:121] - [BFF] Backend 응답 수신: backend_backpressure 처리 결과: 쿼리 결과 데이터
2025-04-03 14:56:41,034 - bff_service - INFO - [bff_service.py:121] - [BFF] Backend 응답 수신: backend_backpressure 처리 결과: 쿼리 결과 데이터
2025-04-03 14:56:41,051 - bff_service - INFO - [bff_service.py:121] - [BFF] Backend 응답 수신: backend_backpressure 처리 결과: 쿼리 결과 데이터
2025-04-03 14:56:41,067 - bff_service - INFO - [bff_service.py:48] - [BFF] 요청 받음: slow, 백엔드 타입: backpressure
2025-04-03 14:56:41,068 - bff_service - INFO - [bff_service.py:49] - [BFF] 패턴 설정 - 서킷브레이커: False, 데드라인: False, 백프레셔: False
2025-04-03 14:56:41,069 - bff_service - INFO - [bff_service.py:48] - [BFF] 요청 받음: slow, 백엔드 타입: backpressure
2025-04-03 14:56:41,069 - bff_service - INFO - [bff_service.py:68] - [BFF] 연결할 백엔드 서비스: localhost:50055
2025-04-03 14:56:41,069 - bff_service - INFO - [bff_service.py:49] - [BFF] 패턴 설정 - 서킷브레이커: False, 데드라인: False, 백프레셔: False
2025-04-03 14:56:41,070 - bff_service - INFO - [bff_service.py:107] - [BFF] Backend 서비스 호출 (데드라인 없음)
2025-04-03 14:56:41,071 - bff_service - INFO - [bff_service.py:68] - [BFF] 연결할 백엔드 서비스: localhost:50055
2025-04-03 14:56:41,071 - bff_service - INFO - [bff_service.py:107] - [BFF] Backend 서비스 호출 (데드라인 없음)
2025-04-03 14:56:43,037 - bff_service - INFO - [bff_service.py:121] - [BFF] Backend 응답 수신: backend_backpressure 처리 결과: 쿼리 결과 데이터
2025-04-03 14:56:43,038 - bff_service - INFO - [bff_service.py:121] - [BFF] Backend 응답 수신: backend_backpressure 처리 결과: 쿼리 결과 데이터
2025-04-03 14:56:43,099 - bff_service - INFO - [bff_service.py:121] - [BFF] Backend 응답 수신: backend_backpressure 처리 결과: 쿼리 결과 데이터
2025-04-03 14:56:43,099 - bff_service - INFO - [bff_service.py:121] - [BFF] Backend 응답 수신: backend_backpressure 처리 결과: 쿼리 결과 데이터
2025-04-03 14:56:46,085 - bff_service - INFO - [bff_service.py:48] - [BFF] 요청 받음: slow, 백엔드 타입: backpressure
2025-04-03 14:56:46,085 - bff_service - INFO - [bff_service.py:49] - [BFF] 패턴 설정 - 서킷브레이커: False, 데드라인: False, 백프레셔: True
2025-04-03 14:56:46,086 - bff_service - INFO - [bff_service.py:68] - [BFF] 연결할 백엔드 서비스: localhost:50055
2025-04-03 14:56:46,086 - bff_service - INFO - [bff_service.py:107] - [BFF] Backend 서비스 호출 (데드라인 없음)
2025-04-03 14:56:46,088 - bff_service - INFO - [bff_service.py:48] - [BFF] 요청 받음: slow, 백엔드 타입: backpressure
2025-04-03 14:56:46,089 - bff_service - INFO - [bff_service.py:49] - [BFF] 패턴 설정 - 서킷브레이커: False, 데드라인: False, 백프레셔: True
2025-04-03 14:56:46,089 - bff_service - INFO - [bff_service.py:68] - [BFF] 연결할 백엔드 서비스: localhost:50055
2025-04-03 14:56:46,090 - bff_service - INFO - [bff_service.py:107] - [BFF] Backend 서비스 호출 (데드라인 없음)
2025-04-03 14:56:46,101 - bff_service - INFO - [bff_service.py:48] - [BFF] 요청 받음: slow, 백엔드 타입: backpressure
2025-04-03 14:56:46,102 - bff_service - INFO - [bff_service.py:49] - [BFF] 패턴 설정 - 서킷브레이커: False, 데드라인: False, 백프레셔: True
2025-04-03 14:56:46,103 - bff_service - INFO - [bff_service.py:68] - [BFF] 연결할 백엔드 서비스: localhost:50055
2025-04-03 14:56:46,103 - bff_service - INFO - [bff_service.py:107] - [BFF] Backend 서비스 호출 (데드라인 없음)
2025-04-03 14:56:46,107 - bff_service - INFO - [bff_service.py:48] - [BFF] 요청 받음: slow, 백엔드 타입: backpressure
2025-04-03 14:56:46,107 - bff_service - INFO - [bff_service.py:49] - [BFF] 패턴 설정 - 서킷브레이커: False, 데드라인: False, 백프레셔: True
2025-04-03 14:56:46,107 - bff_service - INFO - [bff_service.py:68] - [BFF] 연결할 백엔드 서비스: localhost:50055
2025-04-03 14:56:46,108 - bff_service - INFO - [bff_service.py:107] - [BFF] Backend 서비스 호출 (데드라인 없음)
2025-04-03 14:56:46,114 - bff_service - INFO - [bff_service.py:48] - [BFF] 요청 받음: slow, 백엔드 타입: backpressure
2025-04-03 14:56:46,115 - bff_service - INFO - [bff_service.py:49] - [BFF] 패턴 설정 - 서킷브레이커: False, 데드라인: False, 백프레셔: True
2025-04-03 14:56:46,116 - bff_service - INFO - [bff_service.py:68] - [BFF] 연결할 백엔드 서비스: localhost:50055
2025-04-03 14:56:46,117 - bff_service - INFO - [bff_service.py:107] - [BFF] Backend 서비스 호출 (데드라인 없음)
2025-04-03 14:56:46,123 - bff_service - INFO - [bff_service.py:48] - [BFF] 요청 받음: slow, 백엔드 타입: backpressure
2025-04-03 14:56:46,124 - bff_service - INFO - [bff_service.py:49] - [BFF] 패턴 설정 - 서킷브레이커: False, 데드라인: False, 백프레셔: True
2025-04-03 14:56:46,124 - bff_service - INFO - [bff_service.py:68] - [BFF] 연결할 백엔드 서비스: localhost:50055
2025-04-03 14:56:46,125 - bff_service - INFO - [bff_service.py:107] - [BFF] Backend 서비스 호출 (데드라인 없음)
2025-04-03 14:56:48,114 - bff_service - INFO - [bff_service.py:121] - [BFF] Backend 응답 수신: backend_backpressure 처리 결과: 쿼리 결과 데이터
2025-04-03 14:56:48,114 - bff_service - INFO - [bff_service.py:121] - [BFF] Backend 응답 수신: backend_backpressure 처리 결과: 쿼리 결과 데이터
2025-04-03 14:56:48,129 - bff_service - INFO - [bff_service.py:121] - [BFF] Backend 응답 수신: backend_backpressure 처리 결과: 쿼리 결과 데이터
2025-04-03 14:56:48,131 - bff_service - INFO - [bff_service.py:121] - [BFF] Backend 응답 수신: backend_backpressure 처리 결과: 쿼리 결과 데이터
2025-04-03 14:56:48,132 - bff_service - INFO - [bff_service.py:121] - [BFF] Backend 응답 수신: backend_backpressure 처리 결과: 쿼리 결과 데이터
2025-04-03 14:56:48,134 - bff_service - INFO - [bff_service.py:48] - [BFF] 요청 받음: slow, 백엔드 타입: backpressure
2025-04-03 14:56:48,135 - bff_service - INFO - [bff_service.py:48] - [BFF] 요청 받음: slow, 백엔드 타입: backpressure
2025-04-03 14:56:48,139 - bff_service - INFO - [bff_service.py:49] - [BFF] 패턴 설정 - 서킷브레이커: False, 데드라인: False, 백프레셔: True
2025-04-03 14:56:48,139 - bff_service - INFO - [bff_service.py:49] - [BFF] 패턴 설정 - 서킷브레이커: False, 데드라인: False, 백프레셔: True
2025-04-03 14:56:48,141 - bff_service - INFO - [bff_service.py:68] - [BFF] 연결할 백엔드 서비스: localhost:50055
2025-04-03 14:56:48,140 - bff_service - INFO - [bff_service.py:68] - [BFF] 연결할 백엔드 서비스: localhost:50055
2025-04-03 14:56:48,142 - bff_service - INFO - [bff_service.py:107] - [BFF] Backend 서비스 호출 (데드라인 없음)
2025-04-03 14:56:48,143 - bff_service - INFO - [bff_service.py:107] - [BFF] Backend 서비스 호출 (데드라인 없음)
2025-04-03 14:56:48,146 - bff_service - INFO - [bff_service.py:121] - [BFF] Backend 응답 수신: backend_backpressure 처리 결과: 쿼리 결과 데이터
2025-04-03 14:56:48,174 - bff_service - INFO - [bff_service.py:48] - [BFF] 요청 받음: slow, 백엔드 타입: backpressure
2025-04-03 14:56:48,175 - bff_service - INFO - [bff_service.py:49] - [BFF] 패턴 설정 - 서킷브레이커: False, 데드라인: False, 백프레셔: True
2025-04-03 14:56:48,175 - bff_service - INFO - [bff_service.py:48] - [BFF] 요청 받음: slow, 백엔드 타입: backpressure
2025-04-03 14:56:48,175 - bff_service - INFO - [bff_service.py:68] - [BFF] 연결할 백엔드 서비스: localhost:50055
2025-04-03 14:56:48,176 - bff_service - INFO - [bff_service.py:49] - [BFF] 패턴 설정 - 서킷브레이커: False, 데드라인: False, 백프레셔: True
2025-04-03 14:56:48,177 - bff_service - INFO - [bff_service.py:107] - [BFF] Backend 서비스 호출 (데드라인 없음)
2025-04-03 14:56:48,177 - bff_service - INFO - [bff_service.py:68] - [BFF] 연결할 백엔드 서비스: localhost:50055
2025-04-03 14:56:48,178 - bff_service - INFO - [bff_service.py:107] - [BFF] Backend 서비스 호출 (데드라인 없음)
2025-04-03 14:56:50,183 - bff_service - INFO - [bff_service.py:121] - [BFF] Backend 응답 수신: backend_backpressure 처리 결과: 쿼리 결과 데이터
2025-04-03 14:56:50,183 - bff_service - INFO - [bff_service.py:121] - [BFF] Backend 응답 수신: backend_backpressure 처리 결과: 쿼리 결과 데이터
2025-04-03 14:56:50,207 - bff_service - INFO - [bff_service.py:121] - [BFF] Backend 응답 수신: backend_backpressure 처리 결과: 쿼리 결과 데이터
2025-04-03 14:56:50,207 - bff_service - INFO - [bff_service.py:121] - [BFF] Backend 응답 수신: backend_backpressure 처리 결과: 쿼리 결과 데이터
