2025-04-03 14:44:58,718 - bff_service - INFO - [bff_service.py:212] - [BFF] 상태 확인 요청: 백엔드=no_pattern
2025-04-03 14:44:58,737 - bff_service - INFO - [bff_service.py:245] - [BFF] 백엔드(no_pattern) 상태 조회 완료
2025-04-03 14:45:01,676 - bff_service - INFO - [bff_service.py:172] - [BFF] 패턴 리셋 요청: all, 백엔드: no_pattern
2025-04-03 14:45:01,677 - bff_service - INFO - [bff_service.py:178] - [BFF] 서킷브레이커 리셋 완료
2025-04-03 14:45:01,677 - bff_service - INFO - [bff_service.py:182] - [BFF] 백프레셔 리셋 완료
2025-04-03 14:45:01,683 - bff_service - INFO - [bff_service.py:193] - [BFF] 백엔드(no_pattern) 패턴 리셋 요청 완료
2025-04-03 14:45:02,230 - bff_service - INFO - [bff_service.py:172] - [BFF] 패턴 리셋 요청: backpressure, 백엔드: no_pattern
2025-04-03 14:45:02,231 - bff_service - INFO - [bff_service.py:182] - [BFF] 백프레셔 리셋 완료
2025-04-03 14:45:02,236 - bff_service - INFO - [bff_service.py:193] - [BFF] 백엔드(no_pattern) 패턴 리셋 요청 완료
2025-04-03 14:45:02,694 - bff_service - INFO - [bff_service.py:172] - [BFF] 패턴 리셋 요청: circuit_breaker, 백엔드: no_pattern
2025-04-03 14:45:02,695 - bff_service - INFO - [bff_service.py:178] - [BFF] 서킷브레이커 리셋 완료
2025-04-03 14:45:02,702 - bff_service - INFO - [bff_service.py:193] - [BFF] 백엔드(no_pattern) 패턴 리셋 요청 완료
2025-04-03 14:45:03,174 - bff_service - INFO - [bff_service.py:212] - [BFF] 상태 확인 요청: 백엔드=no_pattern
2025-04-03 14:45:03,178 - bff_service - INFO - [bff_service.py:245] - [BFF] 백엔드(no_pattern) 상태 조회 완료
2025-04-03 14:45:05,101 - bff_service - INFO - [bff_service.py:212] - [BFF] 상태 확인 요청: 백엔드=no_pattern
2025-04-03 14:45:05,105 - bff_service - INFO - [bff_service.py:245] - [BFF] 백엔드(no_pattern) 상태 조회 완료
2025-04-03 14:45:18,720 - bff_service - INFO - [bff_service.py:172] - [BFF] 패턴 리셋 요청: all, 백엔드: no_pattern
2025-04-03 14:45:18,721 - bff_service - INFO - [bff_service.py:178] - [BFF] 서킷브레이커 리셋 완료
2025-04-03 14:45:18,721 - bff_service - INFO - [bff_service.py:182] - [BFF] 백프레셔 리셋 완료
2025-04-03 14:45:18,730 - bff_service - INFO - [bff_service.py:193] - [BFF] 백엔드(no_pattern) 패턴 리셋 요청 완료
2025-04-03 14:45:19,114 - bff_service - INFO - [bff_service.py:172] - [BFF] 패턴 리셋 요청: backpressure, 백엔드: no_pattern
2025-04-03 14:45:19,115 - bff_service - INFO - [bff_service.py:182] - [BFF] 백프레셔 리셋 완료
2025-04-03 14:45:19,121 - bff_service - INFO - [bff_service.py:193] - [BFF] 백엔드(no_pattern) 패턴 리셋 요청 완료
2025-04-03 14:45:20,053 - bff_service - INFO - [bff_service.py:172] - [BFF] 패턴 리셋 요청: circuit_breaker, 백엔드: no_pattern
2025-04-03 14:45:20,053 - bff_service - INFO - [bff_service.py:178] - [BFF] 서킷브레이커 리셋 완료
2025-04-03 14:45:20,056 - bff_service - INFO - [bff_service.py:193] - [BFF] 백엔드(no_pattern) 패턴 리셋 요청 완료
2025-04-03 14:45:20,502 - bff_service - INFO - [bff_service.py:212] - [BFF] 상태 확인 요청: 백엔드=no_pattern
2025-04-03 14:45:20,505 - bff_service - INFO - [bff_service.py:245] - [BFF] 백엔드(no_pattern) 상태 조회 완료
2025-04-03 14:46:12,755 - bff_service - INFO - [bff_service.py:212] - [BFF] 상태 확인 요청: 백엔드=no_pattern
2025-04-03 14:46:12,758 - bff_service - INFO - [bff_service.py:245] - [BFF] 백엔드(no_pattern) 상태 조회 완료
2025-04-03 14:46:13,840 - bff_service - INFO - [bff_service.py:212] - [BFF] 상태 확인 요청: 백엔드=no_pattern
2025-04-03 14:46:13,843 - bff_service - INFO - [bff_service.py:245] - [BFF] 백엔드(no_pattern) 상태 조회 완료
2025-04-03 14:46:14,061 - bff_service - INFO - [bff_service.py:212] - [BFF] 상태 확인 요청: 백엔드=no_pattern
2025-04-03 14:46:14,064 - bff_service - INFO - [bff_service.py:245] - [BFF] 백엔드(no_pattern) 상태 조회 완료
2025-04-03 14:46:14,463 - bff_service - INFO - [bff_service.py:172] - [BFF] 패턴 리셋 요청: all, 백엔드: no_pattern
2025-04-03 14:46:14,464 - bff_service - INFO - [bff_service.py:178] - [BFF] 서킷브레이커 리셋 완료
2025-04-03 14:46:14,464 - bff_service - INFO - [bff_service.py:182] - [BFF] 백프레셔 리셋 완료
2025-04-03 14:46:14,472 - bff_service - INFO - [bff_service.py:193] - [BFF] 백엔드(no_pattern) 패턴 리셋 요청 완료
2025-04-03 14:46:15,113 - bff_service - INFO - [bff_service.py:172] - [BFF] 패턴 리셋 요청: backpressure, 백엔드: no_pattern
2025-04-03 14:46:15,113 - bff_service - INFO - [bff_service.py:182] - [BFF] 백프레셔 리셋 완료
2025-04-03 14:46:15,119 - bff_service - INFO - [bff_service.py:193] - [BFF] 백엔드(no_pattern) 패턴 리셋 요청 완료
2025-04-03 14:46:16,177 - bff_service - INFO - [bff_service.py:212] - [BFF] 상태 확인 요청: 백엔드=no_pattern
2025-04-03 14:46:16,181 - bff_service - INFO - [bff_service.py:245] - [BFF] 백엔드(no_pattern) 상태 조회 완료
2025-04-03 14:46:24,670 - bff_service - INFO - [bff_service.py:212] - [BFF] 상태 확인 요청: 백엔드=deadline
2025-04-03 14:46:24,677 - bff_service - INFO - [bff_service.py:245] - [BFF] 백엔드(deadline) 상태 조회 완료
2025-04-03 14:46:30,208 - bff_service - INFO - [bff_service.py:212] - [BFF] 상태 확인 요청: 백엔드=all
2025-04-03 14:46:30,212 - bff_service - INFO - [bff_service.py:245] - [BFF] 백엔드(all) 상태 조회 완료
2025-04-03 14:48:41,169 - bff_service - INFO - [bff_service.py:212] - [BFF] 상태 확인 요청: 백엔드=all
2025-04-03 14:48:41,174 - bff_service - INFO - [bff_service.py:245] - [BFF] 백엔드(all) 상태 조회 완료
2025-04-03 14:48:46,132 - bff_service - INFO - [bff_service.py:212] - [BFF] 상태 확인 요청: 백엔드=deadline
2025-04-03 14:48:46,139 - bff_service - INFO - [bff_service.py:245] - [BFF] 백엔드(deadline) 상태 조회 완료
2025-04-03 14:50:16,346 - bff_service - INFO - [bff_service.py:212] - [BFF] 상태 확인 요청: 백엔드=no_pattern
2025-04-03 14:50:16,349 - bff_service - INFO - [bff_service.py:245] - [BFF] 백엔드(no_pattern) 상태 조회 완료
2025-04-03 14:50:19,734 - bff_service - INFO - [bff_service.py:172] - [BFF] 패턴 리셋 요청: all, 백엔드: no_pattern
2025-04-03 14:50:19,734 - bff_service - INFO - [bff_service.py:178] - [BFF] 서킷브레이커 리셋 완료
2025-04-03 14:50:19,735 - bff_service - INFO - [bff_service.py:182] - [BFF] 백프레셔 리셋 완료
2025-04-03 14:50:19,739 - bff_service - INFO - [bff_service.py:193] - [BFF] 백엔드(no_pattern) 패턴 리셋 요청 완료
2025-04-03 14:50:20,686 - bff_service - INFO - [bff_service.py:172] - [BFF] 패턴 리셋 요청: backpressure, 백엔드: no_pattern
2025-04-03 14:50:20,686 - bff_service - INFO - [bff_service.py:182] - [BFF] 백프레셔 리셋 완료
2025-04-03 14:50:20,690 - bff_service - INFO - [bff_service.py:193] - [BFF] 백엔드(no_pattern) 패턴 리셋 요청 완료
2025-04-03 14:50:21,344 - bff_service - INFO - [bff_service.py:172] - [BFF] 패턴 리셋 요청: circuit_breaker, 백엔드: no_pattern
2025-04-03 14:50:21,344 - bff_service - INFO - [bff_service.py:178] - [BFF] 서킷브레이커 리셋 완료
2025-04-03 14:50:21,349 - bff_service - INFO - [bff_service.py:193] - [BFF] 백엔드(no_pattern) 패턴 리셋 요청 완료
2025-04-03 14:50:21,943 - bff_service - INFO - [bff_service.py:212] - [BFF] 상태 확인 요청: 백엔드=no_pattern
2025-04-03 14:50:21,949 - bff_service - INFO - [bff_service.py:245] - [BFF] 백엔드(no_pattern) 상태 조회 완료
2025-04-03 14:52:21,896 - bff_service - INFO - [bff_service.py:212] - [BFF] 상태 확인 요청: 백엔드=no_pattern
2025-04-03 14:52:21,904 - bff_service - INFO - [bff_service.py:245] - [BFF] 백엔드(no_pattern) 상태 조회 완료
2025-04-03 14:52:23,092 - bff_service - INFO - [bff_service.py:212] - [BFF] 상태 확인 요청: 백엔드=no_pattern
2025-04-03 14:52:23,095 - bff_service - INFO - [bff_service.py:245] - [BFF] 백엔드(no_pattern) 상태 조회 완료
2025-04-03 14:52:24,459 - bff_service - INFO - [bff_service.py:172] - [BFF] 패턴 리셋 요청: all, 백엔드: no_pattern
2025-04-03 14:52:24,460 - bff_service - INFO - [bff_service.py:178] - [BFF] 서킷브레이커 리셋 완료
2025-04-03 14:52:24,460 - bff_service - INFO - [bff_service.py:182] - [BFF] 백프레셔 리셋 완료
2025-04-03 14:52:24,464 - bff_service - INFO - [bff_service.py:193] - [BFF] 백엔드(no_pattern) 패턴 리셋 요청 완료
2025-04-03 14:52:25,040 - bff_service - INFO - [bff_service.py:172] - [BFF] 패턴 리셋 요청: backpressure, 백엔드: no_pattern
2025-04-03 14:52:25,040 - bff_service - INFO - [bff_service.py:182] - [BFF] 백프레셔 리셋 완료
2025-04-03 14:52:25,044 - bff_service - INFO - [bff_service.py:193] - [BFF] 백엔드(no_pattern) 패턴 리셋 요청 완료
2025-04-03 14:52:25,437 - bff_service - INFO - [bff_service.py:172] - [BFF] 패턴 리셋 요청: circuit_breaker, 백엔드: no_pattern
2025-04-03 14:52:25,437 - bff_service - INFO - [bff_service.py:178] - [BFF] 서킷브레이커 리셋 완료
2025-04-03 14:52:25,443 - bff_service - INFO - [bff_service.py:193] - [BFF] 백엔드(no_pattern) 패턴 리셋 요청 완료
2025-04-03 14:52:25,894 - bff_service - INFO - [bff_service.py:212] - [BFF] 상태 확인 요청: 백엔드=no_pattern
2025-04-03 14:52:25,898 - bff_service - INFO - [bff_service.py:245] - [BFF] 백엔드(no_pattern) 상태 조회 완료
2025-04-03 14:52:29,030 - bff_service - INFO - [bff_service.py:172] - [BFF] 패턴 리셋 요청: all, 백엔드: no_pattern
2025-04-03 14:52:29,030 - bff_service - INFO - [bff_service.py:178] - [BFF] 서킷브레이커 리셋 완료
2025-04-03 14:52:29,031 - bff_service - INFO - [bff_service.py:182] - [BFF] 백프레셔 리셋 완료
2025-04-03 14:52:29,037 - bff_service - INFO - [bff_service.py:193] - [BFF] 백엔드(no_pattern) 패턴 리셋 요청 완료
2025-04-03 14:52:29,401 - bff_service - INFO - [bff_service.py:172] - [BFF] 패턴 리셋 요청: backpressure, 백엔드: no_pattern
2025-04-03 14:52:29,402 - bff_service - INFO - [bff_service.py:182] - [BFF] 백프레셔 리셋 완료
2025-04-03 14:52:29,407 - bff_service - INFO - [bff_service.py:193] - [BFF] 백엔드(no_pattern) 패턴 리셋 요청 완료
2025-04-03 14:52:29,981 - bff_service - INFO - [bff_service.py:172] - [BFF] 패턴 리셋 요청: circuit_breaker, 백엔드: no_pattern
2025-04-03 14:52:29,982 - bff_service - INFO - [bff_service.py:178] - [BFF] 서킷브레이커 리셋 완료
2025-04-03 14:52:29,985 - bff_service - INFO - [bff_service.py:193] - [BFF] 백엔드(no_pattern) 패턴 리셋 요청 완료
2025-04-03 14:52:30,638 - bff_service - INFO - [bff_service.py:212] - [BFF] 상태 확인 요청: 백엔드=no_pattern
2025-04-03 14:52:30,643 - bff_service - INFO - [bff_service.py:245] - [BFF] 백엔드(no_pattern) 상태 조회 완료
2025-04-03 14:52:41,229 - bff_service - INFO - [bff_service.py:212] - [BFF] 상태 확인 요청: 백엔드=backpressure
2025-04-03 14:52:41,236 - bff_service - INFO - [bff_service.py:245] - [BFF] 백엔드(backpressure) 상태 조회 완료
