2025-04-03 14:42:27,168 - db_service - INFO - [db_service.py:21] - [DB] 쿼리 요청 받음: normal
2025-04-03 14:42:27,168 - db_service - INFO - [db_service.py:28] - [DB] 일반 쿼리 실행
2025-04-03 14:42:31,651 - db_service - INFO - [db_service.py:21] - [DB] 쿼리 요청 받음: slow
2025-04-03 14:42:31,652 - db_service - INFO - [db_service.py:24] - [DB] 슬로우 쿼리 실행 중... (2.0초 지연)
2025-04-03 14:42:33,660 - db_service - INFO - [db_service.py:26] - [DB] 슬로우 쿼리 완료
2025-04-03 14:42:37,477 - db_service - INFO - [db_service.py:21] - [DB] 쿼리 요청 받음: slow
2025-04-03 14:42:37,477 - db_service - INFO - [db_service.py:24] - [DB] 슬로우 쿼리 실행 중... (2.0초 지연)
2025-04-03 14:42:37,491 - db_service - INFO - [db_service.py:21] - [DB] 쿼리 요청 받음: slow
2025-04-03 14:42:37,493 - db_service - INFO - [db_service.py:24] - [DB] 슬로우 쿼리 실행 중... (2.0초 지연)
2025-04-03 14:42:37,501 - db_service - INFO - [db_service.py:21] - [DB] 쿼리 요청 받음: slow
2025-04-03 14:42:37,503 - db_service - INFO - [db_service.py:24] - [DB] 슬로우 쿼리 실행 중... (2.0초 지연)
2025-04-03 14:42:37,510 - db_service - INFO - [db_service.py:21] - [DB] 쿼리 요청 받음: slow
2025-04-03 14:42:37,510 - db_service - INFO - [db_service.py:24] - [DB] 슬로우 쿼리 실행 중... (2.0초 지연)
2025-04-03 14:42:37,511 - db_service - INFO - [db_service.py:21] - [DB] 쿼리 요청 받음: slow
2025-04-03 14:42:37,511 - db_service - INFO - [db_service.py:21] - [DB] 쿼리 요청 받음: slow
2025-04-03 14:42:37,511 - db_service - INFO - [db_service.py:24] - [DB] 슬로우 쿼리 실행 중... (2.0초 지연)
2025-04-03 14:42:37,512 - db_service - INFO - [db_service.py:24] - [DB] 슬로우 쿼리 실행 중... (2.0초 지연)
2025-04-03 14:42:39,479 - db_service - INFO - [db_service.py:26] - [DB] 슬로우 쿼리 완료
2025-04-03 14:42:39,495 - db_service - INFO - [db_service.py:26] - [DB] 슬로우 쿼리 완료
2025-04-03 14:42:39,509 - db_service - INFO - [db_service.py:21] - [DB] 쿼리 요청 받음: slow
2025-04-03 14:42:39,510 - db_service - INFO - [db_service.py:26] - [DB] 슬로우 쿼리 완료
2025-04-03 14:42:39,510 - db_service - INFO - [db_service.py:24] - [DB] 슬로우 쿼리 실행 중... (2.0초 지연)
2025-04-03 14:42:39,526 - db_service - INFO - [db_service.py:26] - [DB] 슬로우 쿼리 완료
2025-04-03 14:42:39,526 - db_service - INFO - [db_service.py:26] - [DB] 슬로우 쿼리 완료
2025-04-03 14:42:39,526 - db_service - INFO - [db_service.py:26] - [DB] 슬로우 쿼리 완료
2025-04-03 14:42:39,536 - db_service - INFO - [db_service.py:21] - [DB] 쿼리 요청 받음: slow
2025-04-03 14:42:39,537 - db_service - INFO - [db_service.py:24] - [DB] 슬로우 쿼리 실행 중... (2.0초 지연)
2025-04-03 14:42:39,552 - db_service - INFO - [db_service.py:21] - [DB] 쿼리 요청 받음: slow
2025-04-03 14:42:39,552 - db_service - INFO - [db_service.py:24] - [DB] 슬로우 쿼리 실행 중... (2.0초 지연)
2025-04-03 14:42:39,563 - db_service - INFO - [db_service.py:21] - [DB] 쿼리 요청 받음: slow
2025-04-03 14:42:39,564 - db_service - INFO - [db_service.py:24] - [DB] 슬로우 쿼리 실행 중... (2.0초 지연)
2025-04-03 14:42:41,513 - db_service - INFO - [db_service.py:26] - [DB] 슬로우 쿼리 완료
2025-04-03 14:42:41,543 - db_service - INFO - [db_service.py:26] - [DB] 슬로우 쿼리 완료
2025-04-03 14:42:41,559 - db_service - INFO - [db_service.py:26] - [DB] 슬로우 쿼리 완료
2025-04-03 14:42:41,574 - db_service - INFO - [db_service.py:26] - [DB] 슬로우 쿼리 완료
