2025-04-03 14:55:31,256 - db_service - INFO - [db_service.py:21] - [DB] 쿼리 요청 받음: slow
2025-04-03 14:55:31,257 - db_service - INFO - [db_service.py:24] - [DB] 슬로우 쿼리 실행 중... (2.0초 지연)
2025-04-03 14:55:33,273 - db_service - INFO - [db_service.py:26] - [DB] 슬로우 쿼리 완료
2025-04-03 14:55:39,789 - db_service - INFO - [db_service.py:21] - [DB] 쿼리 요청 받음: slow
2025-04-03 14:55:39,789 - db_service - INFO - [db_service.py:24] - [DB] 슬로우 쿼리 실행 중... (2.0초 지연)
2025-04-03 14:55:41,799 - db_service - INFO - [db_service.py:26] - [DB] 슬로우 쿼리 완료
2025-04-03 14:55:46,405 - db_service - INFO - [db_service.py:21] - [DB] 쿼리 요청 받음: slow
2025-04-03 14:55:46,406 - db_service - INFO - [db_service.py:24] - [DB] 슬로우 쿼리 실행 중... (2.0초 지연)
2025-04-03 14:55:47,307 - db_service - INFO - [db_service.py:21] - [DB] 쿼리 요청 받음: slow
2025-04-03 14:55:47,308 - db_service - INFO - [db_service.py:24] - [DB] 슬로우 쿼리 실행 중... (2.0초 지연)
2025-04-03 14:55:48,418 - db_service - INFO - [db_service.py:26] - [DB] 슬로우 쿼리 완료
2025-04-03 14:55:49,322 - db_service - INFO - [db_service.py:26] - [DB] 슬로우 쿼리 완료
2025-04-03 14:55:58,099 - db_service - INFO - [db_service.py:21] - [DB] 쿼리 요청 받음: normal
2025-04-03 14:55:58,100 - db_service - INFO - [db_service.py:28] - [DB] 일반 쿼리 실행
2025-04-03 14:55:58,292 - db_service - INFO - [db_service.py:21] - [DB] 쿼리 요청 받음: normal
2025-04-03 14:55:58,292 - db_service - INFO - [db_service.py:28] - [DB] 일반 쿼리 실행
2025-04-03 14:55:58,476 - db_service - INFO - [db_service.py:21] - [DB] 쿼리 요청 받음: normal
2025-04-03 14:55:58,476 - db_service - INFO - [db_service.py:28] - [DB] 일반 쿼리 실행
2025-04-03 14:56:00,539 - db_service - INFO - [db_service.py:21] - [DB] 쿼리 요청 받음: slow
2025-04-03 14:56:00,540 - db_service - INFO - [db_service.py:24] - [DB] 슬로우 쿼리 실행 중... (2.0초 지연)
2025-04-03 14:56:02,387 - db_service - INFO - [db_service.py:21] - [DB] 쿼리 요청 받음: normal
2025-04-03 14:56:02,388 - db_service - INFO - [db_service.py:28] - [DB] 일반 쿼리 실행
2025-04-03 14:56:02,551 - db_service - INFO - [db_service.py:26] - [DB] 슬로우 쿼리 완료
2025-04-03 14:56:08,148 - db_service - INFO - [db_service.py:21] - [DB] 쿼리 요청 받음: slow
2025-04-03 14:56:08,149 - db_service - INFO - [db_service.py:24] - [DB] 슬로우 쿼리 실행 중... (2.0초 지연)
2025-04-03 14:56:09,671 - db_service - INFO - [db_service.py:21] - [DB] 쿼리 요청 받음: slow
2025-04-03 14:56:09,672 - db_service - INFO - [db_service.py:24] - [DB] 슬로우 쿼리 실행 중... (2.0초 지연)
2025-04-03 14:56:10,155 - db_service - INFO - [db_service.py:26] - [DB] 슬로우 쿼리 완료
2025-04-03 14:56:11,675 - db_service - INFO - [db_service.py:26] - [DB] 슬로우 쿼리 완료
2025-04-03 14:56:22,931 - db_service - INFO - [db_service.py:21] - [DB] 쿼리 요청 받음: slow
2025-04-03 14:56:22,931 - db_service - INFO - [db_service.py:24] - [DB] 슬로우 쿼리 실행 중... (2.0초 지연)
2025-04-03 14:56:22,932 - db_service - INFO - [db_service.py:21] - [DB] 쿼리 요청 받음: slow
2025-04-03 14:56:22,933 - db_service - INFO - [db_service.py:24] - [DB] 슬로우 쿼리 실행 중... (2.0초 지연)
2025-04-03 14:56:22,998 - db_service - INFO - [db_service.py:21] - [DB] 쿼리 요청 받음: slow
2025-04-03 14:56:22,999 - db_service - INFO - [db_service.py:24] - [DB] 슬로우 쿼리 실행 중... (2.0초 지연)
2025-04-03 14:56:22,999 - db_service - INFO - [db_service.py:21] - [DB] 쿼리 요청 받음: slow
2025-04-03 14:56:23,000 - db_service - INFO - [db_service.py:24] - [DB] 슬로우 쿼리 실행 중... (2.0초 지연)
2025-04-03 14:56:23,001 - db_service - INFO - [db_service.py:21] - [DB] 쿼리 요청 받음: slow
2025-04-03 14:56:23,001 - db_service - INFO - [db_service.py:24] - [DB] 슬로우 쿼리 실행 중... (2.0초 지연)
2025-04-03 14:56:23,001 - db_service - INFO - [db_service.py:21] - [DB] 쿼리 요청 받음: slow
2025-04-03 14:56:23,002 - db_service - INFO - [db_service.py:24] - [DB] 슬로우 쿼리 실행 중... (2.0초 지연)
2025-04-03 14:56:24,940 - db_service - INFO - [db_service.py:26] - [DB] 슬로우 쿼리 완료
2025-04-03 14:56:24,940 - db_service - INFO - [db_service.py:26] - [DB] 슬로우 쿼리 완료
2025-04-03 14:56:25,002 - db_service - INFO - [db_service.py:26] - [DB] 슬로우 쿼리 완료
2025-04-03 14:56:25,002 - db_service - INFO - [db_service.py:26] - [DB] 슬로우 쿼리 완료
2025-04-03 14:56:25,017 - db_service - INFO - [db_service.py:26] - [DB] 슬로우 쿼리 완료
2025-04-03 14:56:25,017 - db_service - INFO - [db_service.py:26] - [DB] 슬로우 쿼리 완료
2025-04-03 14:56:30,614 - db_service - INFO - [db_service.py:21] - [DB] 쿼리 요청 받음: slow
2025-04-03 14:56:30,614 - db_service - INFO - [db_service.py:21] - [DB] 쿼리 요청 받음: slow
2025-04-03 14:56:30,615 - db_service - INFO - [db_service.py:24] - [DB] 슬로우 쿼리 실행 중... (2.0초 지연)
2025-04-03 14:56:30,615 - db_service - INFO - [db_service.py:24] - [DB] 슬로우 쿼리 실행 중... (2.0초 지연)
2025-04-03 14:56:30,615 - db_service - INFO - [db_service.py:21] - [DB] 쿼리 요청 받음: slow
2025-04-03 14:56:30,616 - db_service - INFO - [db_service.py:21] - [DB] 쿼리 요청 받음: slow
2025-04-03 14:56:30,618 - db_service - INFO - [db_service.py:24] - [DB] 슬로우 쿼리 실행 중... (2.0초 지연)
2025-04-03 14:56:30,618 - db_service - INFO - [db_service.py:24] - [DB] 슬로우 쿼리 실행 중... (2.0초 지연)
2025-04-03 14:56:30,622 - db_service - INFO - [db_service.py:21] - [DB] 쿼리 요청 받음: slow
2025-04-03 14:56:30,623 - db_service - INFO - [db_service.py:24] - [DB] 슬로우 쿼리 실행 중... (2.0초 지연)
2025-04-03 14:56:30,627 - db_service - INFO - [db_service.py:21] - [DB] 쿼리 요청 받음: slow
2025-04-03 14:56:30,627 - db_service - INFO - [db_service.py:24] - [DB] 슬로우 쿼리 실행 중... (2.0초 지연)
2025-04-03 14:56:32,618 - db_service - INFO - [db_service.py:26] - [DB] 슬로우 쿼리 완료
2025-04-03 14:56:32,618 - db_service - INFO - [db_service.py:26] - [DB] 슬로우 쿼리 완료
2025-04-03 14:56:32,633 - db_service - INFO - [db_service.py:26] - [DB] 슬로우 쿼리 완료
2025-04-03 14:56:32,634 - db_service - INFO - [db_service.py:26] - [DB] 슬로우 쿼리 완료
2025-04-03 14:56:32,634 - db_service - INFO - [db_service.py:26] - [DB] 슬로우 쿼리 완료
2025-04-03 14:56:32,635 - db_service - INFO - [db_service.py:26] - [DB] 슬로우 쿼리 완료
2025-04-03 14:56:32,659 - db_service - INFO - [db_service.py:21] - [DB] 쿼리 요청 받음: slow
2025-04-03 14:56:32,660 - db_service - INFO - [db_service.py:24] - [DB] 슬로우 쿼리 실행 중... (2.0초 지연)
2025-04-03 14:56:32,661 - db_service - INFO - [db_service.py:21] - [DB] 쿼리 요청 받음: slow
2025-04-03 14:56:32,662 - db_service - INFO - [db_service.py:24] - [DB] 슬로우 쿼리 실행 중... (2.0초 지연)
2025-04-03 14:56:32,704 - db_service - INFO - [db_service.py:21] - [DB] 쿼리 요청 받음: slow
2025-04-03 14:56:32,705 - db_service - INFO - [db_service.py:21] - [DB] 쿼리 요청 받음: slow
2025-04-03 14:56:32,705 - db_service - INFO - [db_service.py:24] - [DB] 슬로우 쿼리 실행 중... (2.0초 지연)
2025-04-03 14:56:32,707 - db_service - INFO - [db_service.py:24] - [DB] 슬로우 쿼리 실행 중... (2.0초 지연)
2025-04-03 14:56:34,666 - db_service - INFO - [db_service.py:26] - [DB] 슬로우 쿼리 완료
2025-04-03 14:56:34,666 - db_service - INFO - [db_service.py:26] - [DB] 슬로우 쿼리 완료
2025-04-03 14:56:34,713 - db_service - INFO - [db_service.py:26] - [DB] 슬로우 쿼리 완료
2025-04-03 14:56:34,713 - db_service - INFO - [db_service.py:26] - [DB] 슬로우 쿼리 완료
2025-04-03 14:56:38,984 - db_service - INFO - [db_service.py:21] - [DB] 쿼리 요청 받음: slow
2025-04-03 14:56:38,984 - db_service - INFO - [db_service.py:24] - [DB] 슬로우 쿼리 실행 중... (2.0초 지연)
2025-04-03 14:56:38,986 - db_service - INFO - [db_service.py:21] - [DB] 쿼리 요청 받음: slow
2025-04-03 14:56:38,988 - db_service - INFO - [db_service.py:24] - [DB] 슬로우 쿼리 실행 중... (2.0초 지연)
2025-04-03 14:56:39,011 - db_service - INFO - [db_service.py:21] - [DB] 쿼리 요청 받음: slow
2025-04-03 14:56:39,012 - db_service - INFO - [db_service.py:21] - [DB] 쿼리 요청 받음: slow
2025-04-03 14:56:39,012 - db_service - INFO - [db_service.py:24] - [DB] 슬로우 쿼리 실행 중... (2.0초 지연)
2025-04-03 14:56:39,013 - db_service - INFO - [db_service.py:24] - [DB] 슬로우 쿼리 실행 중... (2.0초 지연)
2025-04-03 14:56:39,016 - db_service - INFO - [db_service.py:21] - [DB] 쿼리 요청 받음: slow
2025-04-03 14:56:39,017 - db_service - INFO - [db_service.py:24] - [DB] 슬로우 쿼리 실행 중... (2.0초 지연)
2025-04-03 14:56:39,029 - db_service - INFO - [db_service.py:21] - [DB] 쿼리 요청 받음: slow
2025-04-03 14:56:39,030 - db_service - INFO - [db_service.py:24] - [DB] 슬로우 쿼리 실행 중... (2.0초 지연)
2025-04-03 14:56:40,997 - db_service - INFO - [db_service.py:26] - [DB] 슬로우 쿼리 완료
2025-04-03 14:56:40,997 - db_service - INFO - [db_service.py:26] - [DB] 슬로우 쿼리 완료
2025-04-03 14:56:41,029 - db_service - INFO - [db_service.py:26] - [DB] 슬로우 쿼리 완료
2025-04-03 14:56:41,029 - db_service - INFO - [db_service.py:26] - [DB] 슬로우 쿼리 완료
2025-04-03 14:56:41,029 - db_service - INFO - [db_service.py:26] - [DB] 슬로우 쿼리 완료
2025-04-03 14:56:41,032 - db_service - INFO - [db_service.py:21] - [DB] 쿼리 요청 받음: slow
2025-04-03 14:56:41,033 - db_service - INFO - [db_service.py:24] - [DB] 슬로우 쿼리 실행 중... (2.0초 지연)
2025-04-03 14:56:41,035 - db_service - INFO - [db_service.py:21] - [DB] 쿼리 요청 받음: slow
2025-04-03 14:56:41,035 - db_service - INFO - [db_service.py:24] - [DB] 슬로우 쿼리 실행 중... (2.0초 지연)
2025-04-03 14:56:41,047 - db_service - INFO - [db_service.py:26] - [DB] 슬로우 쿼리 완료
2025-04-03 14:56:41,081 - db_service - INFO - [db_service.py:21] - [DB] 쿼리 요청 받음: slow
2025-04-03 14:56:41,081 - db_service - INFO - [db_service.py:21] - [DB] 쿼리 요청 받음: slow
2025-04-03 14:56:41,081 - db_service - INFO - [db_service.py:24] - [DB] 슬로우 쿼리 실행 중... (2.0초 지연)
2025-04-03 14:56:41,081 - db_service - INFO - [db_service.py:24] - [DB] 슬로우 쿼리 실행 중... (2.0초 지연)
2025-04-03 14:56:43,036 - db_service - INFO - [db_service.py:26] - [DB] 슬로우 쿼리 완료
2025-04-03 14:56:43,036 - db_service - INFO - [db_service.py:26] - [DB] 슬로우 쿼리 완료
2025-04-03 14:56:43,097 - db_service - INFO - [db_service.py:26] - [DB] 슬로우 쿼리 완료
2025-04-03 14:56:43,097 - db_service - INFO - [db_service.py:26] - [DB] 슬로우 쿼리 완료
2025-04-03 14:56:46,095 - db_service - INFO - [db_service.py:21] - [DB] 쿼리 요청 받음: slow
2025-04-03 14:56:46,099 - db_service - INFO - [db_service.py:24] - [DB] 슬로우 쿼리 실행 중... (2.0초 지연)
2025-04-03 14:56:46,103 - db_service - INFO - [db_service.py:21] - [DB] 쿼리 요청 받음: slow
2025-04-03 14:56:46,103 - db_service - INFO - [db_service.py:24] - [DB] 슬로우 쿼리 실행 중... (2.0초 지연)
2025-04-03 14:56:46,109 - db_service - INFO - [db_service.py:21] - [DB] 쿼리 요청 받음: slow
2025-04-03 14:56:46,109 - db_service - INFO - [db_service.py:24] - [DB] 슬로우 쿼리 실행 중... (2.0초 지연)
2025-04-03 14:56:46,118 - db_service - INFO - [db_service.py:21] - [DB] 쿼리 요청 받음: slow
2025-04-03 14:56:46,119 - db_service - INFO - [db_service.py:24] - [DB] 슬로우 쿼리 실행 중... (2.0초 지연)
2025-04-03 14:56:46,123 - db_service - INFO - [db_service.py:21] - [DB] 쿼리 요청 받음: slow
2025-04-03 14:56:46,124 - db_service - INFO - [db_service.py:24] - [DB] 슬로우 쿼리 실행 중... (2.0초 지연)
2025-04-03 14:56:46,132 - db_service - INFO - [db_service.py:21] - [DB] 쿼리 요청 받음: slow
2025-04-03 14:56:46,133 - db_service - INFO - [db_service.py:24] - [DB] 슬로우 쿼리 실행 중... (2.0초 지연)
2025-04-03 14:56:48,111 - db_service - INFO - [db_service.py:26] - [DB] 슬로우 쿼리 완료
2025-04-03 14:56:48,111 - db_service - INFO - [db_service.py:26] - [DB] 슬로우 쿼리 완료
2025-04-03 14:56:48,127 - db_service - INFO - [db_service.py:26] - [DB] 슬로우 쿼리 완료
2025-04-03 14:56:48,127 - db_service - INFO - [db_service.py:26] - [DB] 슬로우 쿼리 완료
2025-04-03 14:56:48,127 - db_service - INFO - [db_service.py:26] - [DB] 슬로우 쿼리 완료
2025-04-03 14:56:48,143 - db_service - INFO - [db_service.py:26] - [DB] 슬로우 쿼리 완료
2025-04-03 14:56:48,167 - db_service - INFO - [db_service.py:21] - [DB] 쿼리 요청 받음: slow
2025-04-03 14:56:48,169 - db_service - INFO - [db_service.py:21] - [DB] 쿼리 요청 받음: slow
2025-04-03 14:56:48,170 - db_service - INFO - [db_service.py:24] - [DB] 슬로우 쿼리 실행 중... (2.0초 지연)
2025-04-03 14:56:48,170 - db_service - INFO - [db_service.py:24] - [DB] 슬로우 쿼리 실행 중... (2.0초 지연)
2025-04-03 14:56:48,190 - db_service - INFO - [db_service.py:21] - [DB] 쿼리 요청 받음: slow
2025-04-03 14:56:48,191 - db_service - INFO - [db_service.py:21] - [DB] 쿼리 요청 받음: slow
2025-04-03 14:56:48,191 - db_service - INFO - [db_service.py:24] - [DB] 슬로우 쿼리 실행 중... (2.0초 지연)
2025-04-03 14:56:48,191 - db_service - INFO - [db_service.py:24] - [DB] 슬로우 쿼리 실행 중... (2.0초 지연)
2025-04-03 14:56:50,181 - db_service - INFO - [db_service.py:26] - [DB] 슬로우 쿼리 완료
2025-04-03 14:56:50,181 - db_service - INFO - [db_service.py:26] - [DB] 슬로우 쿼리 완료
2025-04-03 14:56:50,197 - db_service - INFO - [db_service.py:26] - [DB] 슬로우 쿼리 완료
2025-04-03 14:56:50,202 - db_service - INFO - [db_service.py:26] - [DB] 슬로우 쿼리 완료
