2025-04-03 14:59:07,929 - front_service - INFO - [front_service.py:101] - [Front] 테스트 API 호출 - 요청 유형: slow, 백엔드: backpressure
2025-04-03 14:59:07,930 - front_service - INFO - [front_service.py:102] - [Front] 패턴 설정 - 서킷브레이커: False, 데드라인: False, 백프레셔: False
2025-04-03 14:59:07,930 - front_service - INFO - [front_service.py:21] - [Front] BFF 서비스 호출 시작 (백엔드: backpressure)
2025-04-03 14:59:07,931 - front_service - INFO - [front_service.py:101] - [Front] 테스트 API 호출 - 요청 유형: slow, 백엔드: backpressure
2025-04-03 14:59:07,932 - front_service - INFO - [front_service.py:22] - [Front] 패턴 설정 - 서킷브레이커: False, 데드라인: False, 백프레셔: False
2025-04-03 14:59:07,932 - front_service - INFO - [front_service.py:102] - [Front] 패턴 설정 - 서킷브레이커: False, 데드라인: False, 백프레셔: False
2025-04-03 14:59:07,933 - front_service - INFO - [front_service.py:21] - [Front] BFF 서비스 호출 시작 (백엔드: backpressure)
2025-04-03 14:59:07,935 - front_service - INFO - [front_service.py:101] - [Front] 테스트 API 호출 - 요청 유형: slow, 백엔드: backpressure
2025-04-03 14:59:07,936 - front_service - INFO - [front_service.py:22] - [Front] 패턴 설정 - 서킷브레이커: False, 데드라인: False, 백프레셔: False
2025-04-03 14:59:07,939 - front_service - INFO - [front_service.py:101] - [Front] 테스트 API 호출 - 요청 유형: slow, 백엔드: backpressure
2025-04-03 14:59:07,940 - front_service - INFO - [front_service.py:102] - [Front] 패턴 설정 - 서킷브레이커: False, 데드라인: False, 백프레셔: False
2025-04-03 14:59:07,943 - front_service - INFO - [front_service.py:101] - [Front] 테스트 API 호출 - 요청 유형: slow, 백엔드: backpressure
2025-04-03 14:59:07,944 - front_service - INFO - [front_service.py:101] - [Front] 테스트 API 호출 - 요청 유형: slow, 백엔드: backpressure
2025-04-03 14:59:07,945 - front_service - INFO - [front_service.py:102] - [Front] 패턴 설정 - 서킷브레이커: False, 데드라인: False, 백프레셔: False
2025-04-03 14:59:07,946 - front_service - INFO - [front_service.py:21] - [Front] BFF 서비스 호출 시작 (백엔드: backpressure)
2025-04-03 14:59:07,947 - front_service - INFO - [front_service.py:102] - [Front] 패턴 설정 - 서킷브레이커: False, 데드라인: False, 백프레셔: False
2025-04-03 14:59:07,947 - front_service - INFO - [front_service.py:102] - [Front] 패턴 설정 - 서킷브레이커: False, 데드라인: False, 백프레셔: False
2025-04-03 14:59:07,948 - front_service - INFO - [front_service.py:21] - [Front] BFF 서비스 호출 시작 (백엔드: backpressure)
2025-04-03 14:59:07,948 - front_service - INFO - [front_service.py:22] - [Front] 패턴 설정 - 서킷브레이커: False, 데드라인: False, 백프레셔: False
2025-04-03 14:59:07,948 - front_service - INFO - [front_service.py:21] - [Front] BFF 서비스 호출 시작 (백엔드: backpressure)
2025-04-03 14:59:07,949 - front_service - INFO - [front_service.py:21] - [Front] BFF 서비스 호출 시작 (백엔드: backpressure)
2025-04-03 14:59:07,949 - front_service - INFO - [front_service.py:22] - [Front] 패턴 설정 - 서킷브레이커: False, 데드라인: False, 백프레셔: False
2025-04-03 14:59:07,957 - front_service - INFO - [front_service.py:22] - [Front] 패턴 설정 - 서킷브레이커: False, 데드라인: False, 백프레셔: False
2025-04-03 14:59:07,960 - front_service - INFO - [front_service.py:22] - [Front] 패턴 설정 - 서킷브레이커: False, 데드라인: False, 백프레셔: False
2025-04-03 14:59:08,130 - front_service - ERROR - [front_service.py:57] - [Front] BFF 호출 중 오류: StatusCode.RESOURCE_EXHAUSTED - Backend 서비스 오류: 서버 과부하 상태입니다. 잠시 후 다시 시도해주세요. (소요 시간: 0.16초)
2025-04-03 14:59:08,140 - front_service - INFO - [front_service.py:101] - [Front] 테스트 API 호출 - 요청 유형: slow, 백엔드: backpressure
2025-04-03 14:59:08,143 - front_service - INFO - [front_service.py:102] - [Front] 패턴 설정 - 서킷브레이커: False, 데드라인: False, 백프레셔: False
2025-04-03 14:59:08,145 - front_service - INFO - [front_service.py:21] - [Front] BFF 서비스 호출 시작 (백엔드: backpressure)
2025-04-03 14:59:08,146 - front_service - INFO - [front_service.py:22] - [Front] 패턴 설정 - 서킷브레이커: False, 데드라인: False, 백프레셔: False
2025-04-03 14:59:08,162 - front_service - ERROR - [front_service.py:57] - [Front] BFF 호출 중 오류: StatusCode.RESOURCE_EXHAUSTED - Backend 서비스 오류: 서버 과부하 상태입니다. 잠시 후 다시 시도해주세요. (소요 시간: 0.21초)
2025-04-03 14:59:08,169 - front_service - INFO - [front_service.py:101] - [Front] 테스트 API 호출 - 요청 유형: slow, 백엔드: backpressure
2025-04-03 14:59:08,173 - front_service - INFO - [front_service.py:102] - [Front] 패턴 설정 - 서킷브레이커: False, 데드라인: False, 백프레셔: False
2025-04-03 14:59:08,174 - front_service - INFO - [front_service.py:21] - [Front] BFF 서비스 호출 시작 (백엔드: backpressure)
2025-04-03 14:59:08,175 - front_service - INFO - [front_service.py:22] - [Front] 패턴 설정 - 서킷브레이커: False, 데드라인: False, 백프레셔: False
2025-04-03 14:59:08,183 - front_service - ERROR - [front_service.py:57] - [Front] BFF 호출 중 오류: StatusCode.RESOURCE_EXHAUSTED - Backend 서비스 오류: 서버 과부하 상태입니다. 잠시 후 다시 시도해주세요. (소요 시간: 0.24초)
2025-04-03 14:59:08,197 - front_service - INFO - [front_service.py:101] - [Front] 테스트 API 호출 - 요청 유형: slow, 백엔드: backpressure
2025-04-03 14:59:08,198 - front_service - INFO - [front_service.py:102] - [Front] 패턴 설정 - 서킷브레이커: False, 데드라인: False, 백프레셔: False
2025-04-03 14:59:08,199 - front_service - INFO - [front_service.py:21] - [Front] BFF 서비스 호출 시작 (백엔드: backpressure)
2025-04-03 14:59:08,199 - front_service - INFO - [front_service.py:22] - [Front] 패턴 설정 - 서킷브레이커: False, 데드라인: False, 백프레셔: False
2025-04-03 14:59:08,211 - front_service - ERROR - [front_service.py:57] - [Front] BFF 호출 중 오류: StatusCode.RESOURCE_EXHAUSTED - Backend 서비스 오류: 서버 과부하 상태입니다. 잠시 후 다시 시도해주세요. (소요 시간: 0.25초)
2025-04-03 14:59:08,217 - front_service - INFO - [front_service.py:101] - [Front] 테스트 API 호출 - 요청 유형: slow, 백엔드: backpressure
2025-04-03 14:59:08,218 - front_service - INFO - [front_service.py:102] - [Front] 패턴 설정 - 서킷브레이커: False, 데드라인: False, 백프레셔: False
2025-04-03 14:59:08,219 - front_service - INFO - [front_service.py:21] - [Front] BFF 서비스 호출 시작 (백엔드: backpressure)
2025-04-03 14:59:08,221 - front_service - INFO - [front_service.py:22] - [Front] 패턴 설정 - 서킷브레이커: False, 데드라인: False, 백프레셔: False
2025-04-03 14:59:08,347 - front_service - ERROR - [front_service.py:57] - [Front] BFF 호출 중 오류: StatusCode.RESOURCE_EXHAUSTED - Backend 서비스 오류: 서버 과부하 상태입니다. 잠시 후 다시 시도해주세요. (소요 시간: 0.20초)
2025-04-03 14:59:08,375 - front_service - ERROR - [front_service.py:57] - [Front] BFF 호출 중 오류: StatusCode.RESOURCE_EXHAUSTED - Backend 서비스 오류: 서버 과부하 상태입니다. 잠시 후 다시 시도해주세요. (소요 시간: 0.18초)
2025-04-03 14:59:08,395 - front_service - ERROR - [front_service.py:57] - [Front] BFF 호출 중 오류: StatusCode.RESOURCE_EXHAUSTED - Backend 서비스 오류: 서버 과부하 상태입니다. 잠시 후 다시 시도해주세요. (소요 시간: 0.22초)
2025-04-03 14:59:08,415 - front_service - ERROR - [front_service.py:57] - [Front] BFF 호출 중 오류: StatusCode.RESOURCE_EXHAUSTED - Backend 서비스 오류: 서버 과부하 상태입니다. 잠시 후 다시 시도해주세요. (소요 시간: 0.19초)
2025-04-03 14:59:10,053 - front_service - INFO - [front_service.py:42] - [Front] BFF 응답 수신 (소요 시간: 2.09초)
2025-04-03 14:59:10,054 - front_service - INFO - [front_service.py:42] - [Front] BFF 응답 수신 (소요 시간: 2.12초)
2025-04-03 14:59:10,054 - front_service - INFO - [front_service.py:43] - [Front] 응답 결과: 성공=True, 메시지=처리 완료: backend_backpressure 처리 결과: 쿼리 결과 데이터
2025-04-03 14:59:10,054 - front_service - INFO - [front_service.py:43] - [Front] 응답 결과: 성공=True, 메시지=처리 완료: backend_backpressure 처리 결과: 쿼리 결과 데이터
2025-04-03 14:59:17,320 - front_service - INFO - [front_service.py:101] - [Front] 테스트 API 호출 - 요청 유형: slow, 백엔드: backpressure
2025-04-03 14:59:17,321 - front_service - INFO - [front_service.py:101] - [Front] 테스트 API 호출 - 요청 유형: slow, 백엔드: backpressure
2025-04-03 14:59:17,322 - front_service - INFO - [front_service.py:102] - [Front] 패턴 설정 - 서킷브레이커: False, 데드라인: False, 백프레셔: False
2025-04-03 14:59:17,323 - front_service - INFO - [front_service.py:102] - [Front] 패턴 설정 - 서킷브레이커: False, 데드라인: False, 백프레셔: False
2025-04-03 14:59:17,323 - front_service - INFO - [front_service.py:21] - [Front] BFF 서비스 호출 시작 (백엔드: backpressure)
2025-04-03 14:59:17,324 - front_service - INFO - [front_service.py:101] - [Front] 테스트 API 호출 - 요청 유형: slow, 백엔드: backpressure
2025-04-03 14:59:17,325 - front_service - INFO - [front_service.py:21] - [Front] BFF 서비스 호출 시작 (백엔드: backpressure)
2025-04-03 14:59:17,325 - front_service - INFO - [front_service.py:101] - [Front] 테스트 API 호출 - 요청 유형: slow, 백엔드: backpressure
2025-04-03 14:59:17,326 - front_service - INFO - [front_service.py:22] - [Front] 패턴 설정 - 서킷브레이커: False, 데드라인: False, 백프레셔: False
2025-04-03 14:59:17,327 - front_service - INFO - [front_service.py:101] - [Front] 테스트 API 호출 - 요청 유형: slow, 백엔드: backpressure
2025-04-03 14:59:17,328 - front_service - INFO - [front_service.py:102] - [Front] 패턴 설정 - 서킷브레이커: False, 데드라인: False, 백프레셔: False
2025-04-03 14:59:17,328 - front_service - INFO - [front_service.py:22] - [Front] 패턴 설정 - 서킷브레이커: False, 데드라인: False, 백프레셔: False
2025-04-03 14:59:17,330 - front_service - INFO - [front_service.py:101] - [Front] 테스트 API 호출 - 요청 유형: slow, 백엔드: backpressure
2025-04-03 14:59:17,331 - front_service - INFO - [front_service.py:102] - [Front] 패턴 설정 - 서킷브레이커: False, 데드라인: False, 백프레셔: False
2025-04-03 14:59:17,334 - front_service - INFO - [front_service.py:102] - [Front] 패턴 설정 - 서킷브레이커: False, 데드라인: False, 백프레셔: False
2025-04-03 14:59:17,334 - front_service - INFO - [front_service.py:21] - [Front] BFF 서비스 호출 시작 (백엔드: backpressure)
2025-04-03 14:59:17,337 - front_service - INFO - [front_service.py:102] - [Front] 패턴 설정 - 서킷브레이커: False, 데드라인: False, 백프레셔: False
2025-04-03 14:59:17,338 - front_service - INFO - [front_service.py:21] - [Front] BFF 서비스 호출 시작 (백엔드: backpressure)
2025-04-03 14:59:17,338 - front_service - INFO - [front_service.py:21] - [Front] BFF 서비스 호출 시작 (백엔드: backpressure)
2025-04-03 14:59:17,338 - front_service - INFO - [front_service.py:22] - [Front] 패턴 설정 - 서킷브레이커: False, 데드라인: False, 백프레셔: False
2025-04-03 14:59:17,339 - front_service - INFO - [front_service.py:21] - [Front] BFF 서비스 호출 시작 (백엔드: backpressure)
2025-04-03 14:59:17,339 - front_service - INFO - [front_service.py:22] - [Front] 패턴 설정 - 서킷브레이커: False, 데드라인: False, 백프레셔: False
2025-04-03 14:59:17,340 - front_service - INFO - [front_service.py:22] - [Front] 패턴 설정 - 서킷브레이커: False, 데드라인: False, 백프레셔: False
2025-04-03 14:59:17,341 - front_service - INFO - [front_service.py:22] - [Front] 패턴 설정 - 서킷브레이커: False, 데드라인: False, 백프레셔: False
2025-04-03 14:59:17,444 - front_service - ERROR - [front_service.py:57] - [Front] BFF 호출 중 오류: StatusCode.RESOURCE_EXHAUSTED - Backend 서비스 오류: 서버 과부하 상태입니다. 잠시 후 다시 시도해주세요. (소요 시간: 0.10초)
2025-04-03 14:59:17,466 - front_service - INFO - [front_service.py:101] - [Front] 테스트 API 호출 - 요청 유형: slow, 백엔드: backpressure
2025-04-03 14:59:17,469 - front_service - INFO - [front_service.py:102] - [Front] 패턴 설정 - 서킷브레이커: False, 데드라인: False, 백프레셔: False
2025-04-03 14:59:17,472 - front_service - INFO - [front_service.py:21] - [Front] BFF 서비스 호출 시작 (백엔드: backpressure)
2025-04-03 14:59:17,474 - front_service - INFO - [front_service.py:22] - [Front] 패턴 설정 - 서킷브레이커: False, 데드라인: False, 백프레셔: False
2025-04-03 14:59:17,478 - front_service - ERROR - [front_service.py:57] - [Front] BFF 호출 중 오류: StatusCode.RESOURCE_EXHAUSTED - Backend 서비스 오류: 서버 과부하 상태입니다. 잠시 후 다시 시도해주세요. (소요 시간: 0.14초)
2025-04-03 14:59:17,493 - front_service - INFO - [front_service.py:101] - [Front] 테스트 API 호출 - 요청 유형: slow, 백엔드: backpressure
2025-04-03 14:59:17,494 - front_service - INFO - [front_service.py:102] - [Front] 패턴 설정 - 서킷브레이커: False, 데드라인: False, 백프레셔: False
2025-04-03 14:59:17,494 - front_service - INFO - [front_service.py:21] - [Front] BFF 서비스 호출 시작 (백엔드: backpressure)
2025-04-03 14:59:17,496 - front_service - INFO - [front_service.py:22] - [Front] 패턴 설정 - 서킷브레이커: False, 데드라인: False, 백프레셔: False
2025-04-03 14:59:17,512 - front_service - ERROR - [front_service.py:57] - [Front] BFF 호출 중 오류: StatusCode.RESOURCE_EXHAUSTED - Backend 서비스 오류: 서버 과부하 상태입니다. 잠시 후 다시 시도해주세요. (소요 시간: 0.17초)
2025-04-03 14:59:17,528 - front_service - INFO - [front_service.py:101] - [Front] 테스트 API 호출 - 요청 유형: slow, 백엔드: backpressure
2025-04-03 14:59:17,530 - front_service - INFO - [front_service.py:102] - [Front] 패턴 설정 - 서킷브레이커: False, 데드라인: False, 백프레셔: False
2025-04-03 14:59:17,534 - front_service - INFO - [front_service.py:21] - [Front] BFF 서비스 호출 시작 (백엔드: backpressure)
2025-04-03 14:59:17,536 - front_service - INFO - [front_service.py:22] - [Front] 패턴 설정 - 서킷브레이커: False, 데드라인: False, 백프레셔: False
2025-04-03 14:59:17,548 - front_service - ERROR - [front_service.py:57] - [Front] BFF 호출 중 오류: StatusCode.RESOURCE_EXHAUSTED - Backend 서비스 오류: 서버 과부하 상태입니다. 잠시 후 다시 시도해주세요. (소요 시간: 0.20초)
2025-04-03 14:59:17,557 - front_service - INFO - [front_service.py:101] - [Front] 테스트 API 호출 - 요청 유형: slow, 백엔드: backpressure
2025-04-03 14:59:17,558 - front_service - INFO - [front_service.py:102] - [Front] 패턴 설정 - 서킷브레이커: False, 데드라인: False, 백프레셔: False
2025-04-03 14:59:17,558 - front_service - INFO - [front_service.py:21] - [Front] BFF 서비스 호출 시작 (백엔드: backpressure)
2025-04-03 14:59:17,559 - front_service - INFO - [front_service.py:22] - [Front] 패턴 설정 - 서킷브레이커: False, 데드라인: False, 백프레셔: False
2025-04-03 14:59:17,604 - front_service - ERROR - [front_service.py:57] - [Front] BFF 호출 중 오류: StatusCode.RESOURCE_EXHAUSTED - Backend 서비스 오류: 서버 과부하 상태입니다. 잠시 후 다시 시도해주세요. (소요 시간: 0.13초)
2025-04-03 14:59:17,606 - front_service - ERROR - [front_service.py:57] - [Front] BFF 호출 중 오류: StatusCode.RESOURCE_EXHAUSTED - Backend 서비스 오류: 서버 과부하 상태입니다. 잠시 후 다시 시도해주세요. (소요 시간: 0.10초)
2025-04-03 14:59:17,654 - front_service - ERROR - [front_service.py:57] - [Front] BFF 호출 중 오류: StatusCode.RESOURCE_EXHAUSTED - Backend 서비스 오류: 서버 과부하 상태입니다. 잠시 후 다시 시도해주세요. (소요 시간: 0.12초)
2025-04-03 14:59:17,678 - front_service - ERROR - [front_service.py:57] - [Front] BFF 호출 중 오류: StatusCode.RESOURCE_EXHAUSTED - Backend 서비스 오류: 서버 과부하 상태입니다. 잠시 후 다시 시도해주세요. (소요 시간: 0.12초)
2025-04-03 14:59:19,412 - front_service - INFO - [front_service.py:42] - [Front] BFF 응답 수신 (소요 시간: 2.08초)
2025-04-03 14:59:19,412 - front_service - INFO - [front_service.py:42] - [Front] BFF 응답 수신 (소요 시간: 2.08초)
2025-04-03 14:59:19,412 - front_service - INFO - [front_service.py:43] - [Front] 응답 결과: 성공=True, 메시지=처리 완료: backend_backpressure 처리 결과: 쿼리 결과 데이터
2025-04-03 14:59:19,412 - front_service - INFO - [front_service.py:43] - [Front] 응답 결과: 성공=True, 메시지=처리 완료: backend_backpressure 처리 결과: 쿼리 결과 데이터
2025-04-03 14:59:24,508 - front_service - INFO - [front_service.py:101] - [Front] 테스트 API 호출 - 요청 유형: slow, 백엔드: circuit_breaker
2025-04-03 14:59:24,509 - front_service - INFO - [front_service.py:102] - [Front] 패턴 설정 - 서킷브레이커: False, 데드라인: False, 백프레셔: True
2025-04-03 14:59:24,510 - front_service - INFO - [front_service.py:101] - [Front] 테스트 API 호출 - 요청 유형: slow, 백엔드: circuit_breaker
2025-04-03 14:59:24,510 - front_service - INFO - [front_service.py:21] - [Front] BFF 서비스 호출 시작 (백엔드: circuit_breaker)
2025-04-03 14:59:24,511 - front_service - INFO - [front_service.py:101] - [Front] 테스트 API 호출 - 요청 유형: slow, 백엔드: circuit_breaker
2025-04-03 14:59:24,511 - front_service - INFO - [front_service.py:102] - [Front] 패턴 설정 - 서킷브레이커: False, 데드라인: False, 백프레셔: True
2025-04-03 14:59:24,511 - front_service - INFO - [front_service.py:22] - [Front] 패턴 설정 - 서킷브레이커: False, 데드라인: False, 백프레셔: True
2025-04-03 14:59:24,512 - front_service - INFO - [front_service.py:102] - [Front] 패턴 설정 - 서킷브레이커: False, 데드라인: False, 백프레셔: True
2025-04-03 14:59:24,512 - front_service - INFO - [front_service.py:21] - [Front] BFF 서비스 호출 시작 (백엔드: circuit_breaker)
2025-04-03 14:59:24,513 - front_service - INFO - [front_service.py:21] - [Front] BFF 서비스 호출 시작 (백엔드: circuit_breaker)
2025-04-03 14:59:24,514 - front_service - INFO - [front_service.py:22] - [Front] 패턴 설정 - 서킷브레이커: False, 데드라인: False, 백프레셔: True
2025-04-03 14:59:24,515 - front_service - INFO - [front_service.py:101] - [Front] 테스트 API 호출 - 요청 유형: slow, 백엔드: circuit_breaker
2025-04-03 14:59:24,516 - front_service - INFO - [front_service.py:22] - [Front] 패턴 설정 - 서킷브레이커: False, 데드라인: False, 백프레셔: True
2025-04-03 14:59:24,517 - front_service - INFO - [front_service.py:102] - [Front] 패턴 설정 - 서킷브레이커: False, 데드라인: False, 백프레셔: True
2025-04-03 14:59:24,519 - front_service - INFO - [front_service.py:101] - [Front] 테스트 API 호출 - 요청 유형: slow, 백엔드: circuit_breaker
2025-04-03 14:59:24,527 - front_service - INFO - [front_service.py:101] - [Front] 테스트 API 호출 - 요청 유형: slow, 백엔드: circuit_breaker
2025-04-03 14:59:24,528 - front_service - INFO - [front_service.py:21] - [Front] BFF 서비스 호출 시작 (백엔드: circuit_breaker)
2025-04-03 14:59:24,529 - front_service - INFO - [front_service.py:102] - [Front] 패턴 설정 - 서킷브레이커: False, 데드라인: False, 백프레셔: True
2025-04-03 14:59:24,529 - front_service - INFO - [front_service.py:102] - [Front] 패턴 설정 - 서킷브레이커: False, 데드라인: False, 백프레셔: True
2025-04-03 14:59:24,530 - front_service - INFO - [front_service.py:22] - [Front] 패턴 설정 - 서킷브레이커: False, 데드라인: False, 백프레셔: True
2025-04-03 14:59:24,530 - front_service - INFO - [front_service.py:21] - [Front] BFF 서비스 호출 시작 (백엔드: circuit_breaker)
2025-04-03 14:59:24,530 - front_service - INFO - [front_service.py:21] - [Front] BFF 서비스 호출 시작 (백엔드: circuit_breaker)
2025-04-03 14:59:24,531 - front_service - INFO - [front_service.py:22] - [Front] 패턴 설정 - 서킷브레이커: False, 데드라인: False, 백프레셔: True
2025-04-03 14:59:24,532 - front_service - INFO - [front_service.py:22] - [Front] 패턴 설정 - 서킷브레이커: False, 데드라인: False, 백프레셔: True
2025-04-03 14:59:24,667 - front_service - ERROR - [front_service.py:57] - [Front] BFF 호출 중 오류: StatusCode.RESOURCE_EXHAUSTED - Backend 서비스 오류: 서버 과부하 상태입니다. 잠시 후 다시 시도해주세요. (소요 시간: 0.14초)
2025-04-03 14:59:24,710 - front_service - INFO - [front_service.py:101] - [Front] 테스트 API 호출 - 요청 유형: slow, 백엔드: circuit_breaker
2025-04-03 14:59:24,712 - front_service - ERROR - [front_service.py:57] - [Front] BFF 호출 중 오류: StatusCode.RESOURCE_EXHAUSTED - Backend 서비스 오류: 서버 과부하 상태입니다. 잠시 후 다시 시도해주세요. (소요 시간: 0.18초)
2025-04-03 14:59:24,712 - front_service - ERROR - [front_service.py:57] - [Front] BFF 호출 중 오류: StatusCode.RESOURCE_EXHAUSTED - Backend 서비스 오류: 서버 과부하 상태입니다. 잠시 후 다시 시도해주세요. (소요 시간: 0.18초)
2025-04-03 14:59:24,712 - front_service - INFO - [front_service.py:102] - [Front] 패턴 설정 - 서킷브레이커: False, 데드라인: False, 백프레셔: True
2025-04-03 14:59:24,715 - front_service - INFO - [front_service.py:21] - [Front] BFF 서비스 호출 시작 (백엔드: circuit_breaker)
2025-04-03 14:59:24,724 - front_service - INFO - [front_service.py:22] - [Front] 패턴 설정 - 서킷브레이커: False, 데드라인: False, 백프레셔: True
2025-04-03 14:59:24,761 - front_service - INFO - [front_service.py:101] - [Front] 테스트 API 호출 - 요청 유형: slow, 백엔드: circuit_breaker
2025-04-03 14:59:24,764 - front_service - INFO - [front_service.py:102] - [Front] 패턴 설정 - 서킷브레이커: False, 데드라인: False, 백프레셔: True
2025-04-03 14:59:24,766 - front_service - INFO - [front_service.py:101] - [Front] 테스트 API 호출 - 요청 유형: slow, 백엔드: circuit_breaker
2025-04-03 14:59:24,766 - front_service - INFO - [front_service.py:21] - [Front] BFF 서비스 호출 시작 (백엔드: circuit_breaker)
2025-04-03 14:59:24,767 - front_service - INFO - [front_service.py:22] - [Front] 패턴 설정 - 서킷브레이커: False, 데드라인: False, 백프레셔: True
2025-04-03 14:59:24,767 - front_service - INFO - [front_service.py:102] - [Front] 패턴 설정 - 서킷브레이커: False, 데드라인: False, 백프레셔: True
2025-04-03 14:59:24,774 - front_service - INFO - [front_service.py:21] - [Front] BFF 서비스 호출 시작 (백엔드: circuit_breaker)
2025-04-03 14:59:24,775 - front_service - INFO - [front_service.py:22] - [Front] 패턴 설정 - 서킷브레이커: False, 데드라인: False, 백프레셔: True
2025-04-03 14:59:24,862 - front_service - ERROR - [front_service.py:57] - [Front] BFF 호출 중 오류: StatusCode.RESOURCE_EXHAUSTED - Backend 서비스 오류: 서버 과부하 상태입니다. 잠시 후 다시 시도해주세요. (소요 시간: 0.33초)
2025-04-03 14:59:24,908 - front_service - INFO - [front_service.py:101] - [Front] 테스트 API 호출 - 요청 유형: slow, 백엔드: circuit_breaker
2025-04-03 14:59:24,909 - front_service - INFO - [front_service.py:102] - [Front] 패턴 설정 - 서킷브레이커: False, 데드라인: False, 백프레셔: True
2025-04-03 14:59:24,911 - front_service - INFO - [front_service.py:21] - [Front] BFF 서비스 호출 시작 (백엔드: circuit_breaker)
2025-04-03 14:59:24,914 - front_service - INFO - [front_service.py:22] - [Front] 패턴 설정 - 서킷브레이커: False, 데드라인: False, 백프레셔: True
2025-04-03 14:59:24,977 - front_service - ERROR - [front_service.py:57] - [Front] BFF 호출 중 오류: StatusCode.RESOURCE_EXHAUSTED - Backend 서비스 오류: 서버 과부하 상태입니다. 잠시 후 다시 시도해주세요. (소요 시간: 0.21초)
2025-04-03 14:59:25,000 - front_service - ERROR - [front_service.py:57] - [Front] BFF 호출 중 오류: StatusCode.RESOURCE_EXHAUSTED - Backend 서비스 오류: 서버 과부하 상태입니다. 잠시 후 다시 시도해주세요. (소요 시간: 0.25초)
2025-04-03 14:59:25,027 - front_service - ERROR - [front_service.py:57] - [Front] BFF 호출 중 오류: StatusCode.RESOURCE_EXHAUSTED - Backend 서비스 오류: 서버 과부하 상태입니다. 잠시 후 다시 시도해주세요. (소요 시간: 0.25초)
2025-04-03 14:59:25,062 - front_service - ERROR - [front_service.py:57] - [Front] BFF 호출 중 오류: StatusCode.RESOURCE_EXHAUSTED - Backend 서비스 오류: 서버 과부하 상태입니다. 잠시 후 다시 시도해주세요. (소요 시간: 0.15초)
2025-04-03 14:59:26,603 - front_service - INFO - [front_service.py:42] - [Front] BFF 응답 수신 (소요 시간: 2.09초)
2025-04-03 14:59:26,604 - front_service - INFO - [front_service.py:42] - [Front] BFF 응답 수신 (소요 시간: 2.09초)
2025-04-03 14:59:26,604 - front_service - INFO - [front_service.py:43] - [Front] 응답 결과: 성공=True, 메시지=처리 완료: backend_circuit_breaker 처리 결과: 쿼리 결과 데이터
2025-04-03 14:59:26,604 - front_service - INFO - [front_service.py:43] - [Front] 응답 결과: 성공=True, 메시지=처리 완료: backend_circuit_breaker 처리 결과: 쿼리 결과 데이터
2025-04-03 14:59:28,478 - front_service - INFO - [front_service.py:101] - [Front] 테스트 API 호출 - 요청 유형: slow, 백엔드: circuit_breaker
2025-04-03 14:59:28,478 - front_service - INFO - [front_service.py:102] - [Front] 패턴 설정 - 서킷브레이커: False, 데드라인: False, 백프레셔: True
2025-04-03 14:59:28,478 - front_service - INFO - [front_service.py:21] - [Front] BFF 서비스 호출 시작 (백엔드: circuit_breaker)
2025-04-03 14:59:28,479 - front_service - INFO - [front_service.py:22] - [Front] 패턴 설정 - 서킷브레이커: False, 데드라인: False, 백프레셔: True
2025-04-03 14:59:28,557 - front_service - ERROR - [front_service.py:57] - [Front] BFF 호출 중 오류: StatusCode.RESOURCE_EXHAUSTED - Backend 서비스 오류: 서버 과부하 상태입니다. 잠시 후 다시 시도해주세요. (소요 시간: 0.08초)
2025-04-03 14:59:37,976 - front_service - INFO - [front_service.py:101] - [Front] 테스트 API 호출 - 요청 유형: slow, 백엔드: circuit_breaker
2025-04-03 14:59:37,976 - front_service - INFO - [front_service.py:102] - [Front] 패턴 설정 - 서킷브레이커: False, 데드라인: False, 백프레셔: True
2025-04-03 14:59:37,977 - front_service - INFO - [front_service.py:21] - [Front] BFF 서비스 호출 시작 (백엔드: circuit_breaker)
2025-04-03 14:59:37,977 - front_service - INFO - [front_service.py:22] - [Front] 패턴 설정 - 서킷브레이커: False, 데드라인: False, 백프레셔: True
2025-04-03 14:59:40,011 - front_service - INFO - [front_service.py:42] - [Front] BFF 응답 수신 (소요 시간: 2.03초)
2025-04-03 14:59:40,011 - front_service - INFO - [front_service.py:43] - [Front] 응답 결과: 성공=True, 메시지=처리 완료: backend_circuit_breaker 처리 결과: 쿼리 결과 데이터
2025-04-03 14:59:41,979 - front_service - INFO - [front_service.py:101] - [Front] 테스트 API 호출 - 요청 유형: slow, 백엔드: circuit_breaker
2025-04-03 14:59:41,980 - front_service - INFO - [front_service.py:102] - [Front] 패턴 설정 - 서킷브레이커: False, 데드라인: False, 백프레셔: True
2025-04-03 14:59:41,981 - front_service - INFO - [front_service.py:21] - [Front] BFF 서비스 호출 시작 (백엔드: circuit_breaker)
2025-04-03 14:59:41,981 - front_service - INFO - [front_service.py:22] - [Front] 패턴 설정 - 서킷브레이커: False, 데드라인: False, 백프레셔: True
2025-04-03 14:59:41,984 - front_service - INFO - [front_service.py:101] - [Front] 테스트 API 호출 - 요청 유형: slow, 백엔드: circuit_breaker
2025-04-03 14:59:41,986 - front_service - INFO - [front_service.py:102] - [Front] 패턴 설정 - 서킷브레이커: False, 데드라인: False, 백프레셔: True
2025-04-03 14:59:41,989 - front_service - INFO - [front_service.py:21] - [Front] BFF 서비스 호출 시작 (백엔드: circuit_breaker)
2025-04-03 14:59:41,993 - front_service - INFO - [front_service.py:101] - [Front] 테스트 API 호출 - 요청 유형: slow, 백엔드: circuit_breaker
2025-04-03 14:59:41,996 - front_service - INFO - [front_service.py:101] - [Front] 테스트 API 호출 - 요청 유형: slow, 백엔드: circuit_breaker
2025-04-03 14:59:41,997 - front_service - INFO - [front_service.py:22] - [Front] 패턴 설정 - 서킷브레이커: False, 데드라인: False, 백프레셔: True
2025-04-03 14:59:42,000 - front_service - INFO - [front_service.py:101] - [Front] 테스트 API 호출 - 요청 유형: slow, 백엔드: circuit_breaker
2025-04-03 14:59:42,003 - front_service - INFO - [front_service.py:102] - [Front] 패턴 설정 - 서킷브레이커: False, 데드라인: False, 백프레셔: True
2025-04-03 14:59:42,007 - front_service - INFO - [front_service.py:102] - [Front] 패턴 설정 - 서킷브레이커: False, 데드라인: False, 백프레셔: True
2025-04-03 14:59:42,014 - front_service - INFO - [front_service.py:102] - [Front] 패턴 설정 - 서킷브레이커: False, 데드라인: False, 백프레셔: True
2025-04-03 14:59:42,028 - front_service - INFO - [front_service.py:101] - [Front] 테스트 API 호출 - 요청 유형: slow, 백엔드: circuit_breaker
2025-04-03 14:59:42,029 - front_service - INFO - [front_service.py:21] - [Front] BFF 서비스 호출 시작 (백엔드: circuit_breaker)
2025-04-03 14:59:42,029 - front_service - INFO - [front_service.py:21] - [Front] BFF 서비스 호출 시작 (백엔드: circuit_breaker)
2025-04-03 14:59:42,029 - front_service - INFO - [front_service.py:21] - [Front] BFF 서비스 호출 시작 (백엔드: circuit_breaker)
2025-04-03 14:59:42,030 - front_service - INFO - [front_service.py:102] - [Front] 패턴 설정 - 서킷브레이커: False, 데드라인: False, 백프레셔: True
2025-04-03 14:59:42,030 - front_service - INFO - [front_service.py:22] - [Front] 패턴 설정 - 서킷브레이커: False, 데드라인: False, 백프레셔: True
2025-04-03 14:59:42,031 - front_service - INFO - [front_service.py:22] - [Front] 패턴 설정 - 서킷브레이커: False, 데드라인: False, 백프레셔: True
2025-04-03 14:59:42,031 - front_service - INFO - [front_service.py:22] - [Front] 패턴 설정 - 서킷브레이커: False, 데드라인: False, 백프레셔: True
2025-04-03 14:59:42,031 - front_service - INFO - [front_service.py:21] - [Front] BFF 서비스 호출 시작 (백엔드: circuit_breaker)
2025-04-03 14:59:42,034 - front_service - INFO - [front_service.py:22] - [Front] 패턴 설정 - 서킷브레이커: False, 데드라인: False, 백프레셔: True
2025-04-03 14:59:42,162 - front_service - ERROR - [front_service.py:57] - [Front] BFF 호출 중 오류: StatusCode.RESOURCE_EXHAUSTED - Backend 서비스 오류: 서버 과부하 상태입니다. 잠시 후 다시 시도해주세요. (소요 시간: 0.13초)
2025-04-03 14:59:42,166 - front_service - ERROR - [front_service.py:57] - [Front] BFF 호출 중 오류: StatusCode.RESOURCE_EXHAUSTED - Backend 서비스 오류: 서버 과부하 상태입니다. 잠시 후 다시 시도해주세요. (소요 시간: 0.13초)
2025-04-03 14:59:42,170 - front_service - ERROR - [front_service.py:57] - [Front] BFF 호출 중 오류: StatusCode.RESOURCE_EXHAUSTED - Backend 서비스 오류: 서버 과부하 상태입니다. 잠시 후 다시 시도해주세요. (소요 시간: 0.14초)
2025-04-03 14:59:42,183 - front_service - INFO - [front_service.py:101] - [Front] 테스트 API 호출 - 요청 유형: slow, 백엔드: circuit_breaker
2025-04-03 14:59:42,185 - front_service - ERROR - [front_service.py:57] - [Front] BFF 호출 중 오류: StatusCode.RESOURCE_EXHAUSTED - Backend 서비스 오류: 서버 과부하 상태입니다. 잠시 후 다시 시도해주세요. (소요 시간: 0.15초)
2025-04-03 14:59:42,192 - front_service - INFO - [front_service.py:101] - [Front] 테스트 API 호출 - 요청 유형: slow, 백엔드: circuit_breaker
2025-04-03 14:59:42,196 - front_service - INFO - [front_service.py:101] - [Front] 테스트 API 호출 - 요청 유형: slow, 백엔드: circuit_breaker
2025-04-03 14:59:42,196 - front_service - INFO - [front_service.py:102] - [Front] 패턴 설정 - 서킷브레이커: False, 데드라인: False, 백프레셔: True
2025-04-03 14:59:42,199 - front_service - INFO - [front_service.py:102] - [Front] 패턴 설정 - 서킷브레이커: False, 데드라인: False, 백프레셔: True
2025-04-03 14:59:42,199 - front_service - INFO - [front_service.py:102] - [Front] 패턴 설정 - 서킷브레이커: False, 데드라인: False, 백프레셔: True
2025-04-03 14:59:42,200 - front_service - INFO - [front_service.py:21] - [Front] BFF 서비스 호출 시작 (백엔드: circuit_breaker)
2025-04-03 14:59:42,200 - front_service - INFO - [front_service.py:21] - [Front] BFF 서비스 호출 시작 (백엔드: circuit_breaker)
2025-04-03 14:59:42,201 - front_service - INFO - [front_service.py:21] - [Front] BFF 서비스 호출 시작 (백엔드: circuit_breaker)
2025-04-03 14:59:42,210 - front_service - INFO - [front_service.py:101] - [Front] 테스트 API 호출 - 요청 유형: slow, 백엔드: circuit_breaker
2025-04-03 14:59:42,211 - front_service - INFO - [front_service.py:22] - [Front] 패턴 설정 - 서킷브레이커: False, 데드라인: False, 백프레셔: True
2025-04-03 14:59:42,211 - front_service - INFO - [front_service.py:22] - [Front] 패턴 설정 - 서킷브레이커: False, 데드라인: False, 백프레셔: True
2025-04-03 14:59:42,212 - front_service - INFO - [front_service.py:22] - [Front] 패턴 설정 - 서킷브레이커: False, 데드라인: False, 백프레셔: True
2025-04-03 14:59:42,212 - front_service - INFO - [front_service.py:102] - [Front] 패턴 설정 - 서킷브레이커: False, 데드라인: False, 백프레셔: True
2025-04-03 14:59:42,215 - front_service - INFO - [front_service.py:21] - [Front] BFF 서비스 호출 시작 (백엔드: circuit_breaker)
2025-04-03 14:59:42,216 - front_service - INFO - [front_service.py:22] - [Front] 패턴 설정 - 서킷브레이커: False, 데드라인: False, 백프레셔: True
2025-04-03 14:59:42,358 - front_service - ERROR - [front_service.py:57] - [Front] BFF 호출 중 오류: StatusCode.RESOURCE_EXHAUSTED - Backend 서비스 오류: 서버 과부하 상태입니다. 잠시 후 다시 시도해주세요. (소요 시간: 0.14초)
2025-04-03 14:59:42,379 - front_service - ERROR - [front_service.py:57] - [Front] BFF 호출 중 오류: StatusCode.RESOURCE_EXHAUSTED - Backend 서비스 오류: 서버 과부하 상태입니다. 잠시 후 다시 시도해주세요. (소요 시간: 0.16초)
2025-04-03 14:59:42,401 - front_service - ERROR - [front_service.py:57] - [Front] BFF 호출 중 오류: StatusCode.RESOURCE_EXHAUSTED - Backend 서비스 오류: 서버 과부하 상태입니다. 잠시 후 다시 시도해주세요. (소요 시간: 0.19초)
2025-04-03 14:59:42,426 - front_service - ERROR - [front_service.py:57] - [Front] BFF 호출 중 오류: StatusCode.RESOURCE_EXHAUSTED - Backend 서비스 오류: 서버 과부하 상태입니다. 잠시 후 다시 시도해주세요. (소요 시간: 0.21초)
2025-04-03 14:59:44,032 - front_service - INFO - [front_service.py:42] - [Front] BFF 응답 수신 (소요 시간: 2.05초)
2025-04-03 14:59:44,032 - front_service - INFO - [front_service.py:43] - [Front] 응답 결과: 성공=True, 메시지=처리 완료: backend_circuit_breaker 처리 결과: 쿼리 결과 데이터
2025-04-03 14:59:44,052 - front_service - INFO - [front_service.py:42] - [Front] BFF 응답 수신 (소요 시간: 2.04초)
2025-04-03 14:59:44,053 - front_service - INFO - [front_service.py:43] - [Front] 응답 결과: 성공=True, 메시지=처리 완료: backend_circuit_breaker 처리 결과: 쿼리 결과 데이터
2025-04-03 14:59:45,313 - front_service - INFO - [front_service.py:101] - [Front] 테스트 API 호출 - 요청 유형: slow, 백엔드: circuit_breaker
2025-04-03 14:59:45,313 - front_service - INFO - [front_service.py:102] - [Front] 패턴 설정 - 서킷브레이커: False, 데드라인: False, 백프레셔: True
2025-04-03 14:59:45,314 - front_service - INFO - [front_service.py:21] - [Front] BFF 서비스 호출 시작 (백엔드: circuit_breaker)
2025-04-03 14:59:45,314 - front_service - INFO - [front_service.py:22] - [Front] 패턴 설정 - 서킷브레이커: False, 데드라인: False, 백프레셔: True
2025-04-03 14:59:45,388 - front_service - ERROR - [front_service.py:57] - [Front] BFF 호출 중 오류: StatusCode.RESOURCE_EXHAUSTED - Backend 서비스 오류: 서버 과부하 상태입니다. 잠시 후 다시 시도해주세요. (소요 시간: 0.07초)
2025-04-03 14:59:46,356 - front_service - INFO - [front_service.py:101] - [Front] 테스트 API 호출 - 요청 유형: normal, 백엔드: circuit_breaker
2025-04-03 14:59:46,357 - front_service - INFO - [front_service.py:102] - [Front] 패턴 설정 - 서킷브레이커: False, 데드라인: False, 백프레셔: True
2025-04-03 14:59:46,357 - front_service - INFO - [front_service.py:21] - [Front] BFF 서비스 호출 시작 (백엔드: circuit_breaker)
2025-04-03 14:59:46,358 - front_service - INFO - [front_service.py:22] - [Front] 패턴 설정 - 서킷브레이커: False, 데드라인: False, 백프레셔: True
2025-04-03 14:59:46,431 - front_service - ERROR - [front_service.py:57] - [Front] BFF 호출 중 오류: StatusCode.RESOURCE_EXHAUSTED - Backend 서비스 오류: 서버 과부하 상태입니다. 잠시 후 다시 시도해주세요. (소요 시간: 0.07초)
2025-04-03 14:59:47,202 - front_service - INFO - [front_service.py:101] - [Front] 테스트 API 호출 - 요청 유형: slow, 백엔드: circuit_breaker
2025-04-03 14:59:47,203 - front_service - INFO - [front_service.py:102] - [Front] 패턴 설정 - 서킷브레이커: False, 데드라인: False, 백프레셔: True
2025-04-03 14:59:47,203 - front_service - INFO - [front_service.py:21] - [Front] BFF 서비스 호출 시작 (백엔드: circuit_breaker)
2025-04-03 14:59:47,204 - front_service - INFO - [front_service.py:22] - [Front] 패턴 설정 - 서킷브레이커: False, 데드라인: False, 백프레셔: True
2025-04-03 14:59:47,319 - front_service - ERROR - [front_service.py:57] - [Front] BFF 호출 중 오류: StatusCode.RESOURCE_EXHAUSTED - Backend 서비스 오류: 서버 과부하 상태입니다. 잠시 후 다시 시도해주세요. (소요 시간: 0.12초)
