2025-04-03 14:44:58,709 - front_service - INFO - [front_service.py:146] - [Front] 패턴 상태 조회 API 호출 - 백엔드: no_pattern
2025-04-03 14:45:01,672 - front_service - INFO - [front_service.py:117] - [Front] 패턴 리셋 API 호출 - 패턴: all, 백엔드: no_pattern
2025-04-03 14:45:02,224 - front_service - INFO - [front_service.py:117] - [Front] 패턴 리셋 API 호출 - 패턴: backpressure, 백엔드: no_pattern
2025-04-03 14:45:02,689 - front_service - INFO - [front_service.py:117] - [Front] 패턴 리셋 API 호출 - 패턴: circuit_breaker, 백엔드: no_pattern
2025-04-03 14:45:03,171 - front_service - INFO - [front_service.py:146] - [Front] 패턴 상태 조회 API 호출 - 백엔드: no_pattern
2025-04-03 14:45:05,054 - front_service - INFO - [front_service.py:146] - [Front] 패턴 상태 조회 API 호출 - 백엔드: no_pattern
2025-04-03 14:45:18,716 - front_service - INFO - [front_service.py:117] - [Front] 패턴 리셋 API 호출 - 패턴: all, 백엔드: no_pattern
2025-04-03 14:45:19,109 - front_service - INFO - [front_service.py:117] - [Front] 패턴 리셋 API 호출 - 패턴: backpressure, 백엔드: no_pattern
2025-04-03 14:45:20,049 - front_service - INFO - [front_service.py:117] - [Front] 패턴 리셋 API 호출 - 패턴: circuit_breaker, 백엔드: no_pattern
2025-04-03 14:45:20,498 - front_service - INFO - [front_service.py:146] - [Front] 패턴 상태 조회 API 호출 - 백엔드: no_pattern
2025-04-03 14:46:12,751 - front_service - INFO - [front_service.py:146] - [Front] 패턴 상태 조회 API 호출 - 백엔드: no_pattern
2025-04-03 14:46:13,838 - front_service - INFO - [front_service.py:146] - [Front] 패턴 상태 조회 API 호출 - 백엔드: no_pattern
2025-04-03 14:46:14,058 - front_service - INFO - [front_service.py:146] - [Front] 패턴 상태 조회 API 호출 - 백엔드: no_pattern
2025-04-03 14:46:14,460 - front_service - INFO - [front_service.py:117] - [Front] 패턴 리셋 API 호출 - 패턴: all, 백엔드: no_pattern
2025-04-03 14:46:15,110 - front_service - INFO - [front_service.py:117] - [Front] 패턴 리셋 API 호출 - 패턴: backpressure, 백엔드: no_pattern
2025-04-03 14:46:16,174 - front_service - INFO - [front_service.py:146] - [Front] 패턴 상태 조회 API 호출 - 백엔드: no_pattern
2025-04-03 14:46:24,666 - front_service - INFO - [front_service.py:146] - [Front] 패턴 상태 조회 API 호출 - 백엔드: deadline
2025-04-03 14:46:30,205 - front_service - INFO - [front_service.py:146] - [Front] 패턴 상태 조회 API 호출 - 백엔드: all
2025-04-03 14:48:41,162 - front_service - INFO - [front_service.py:146] - [Front] 패턴 상태 조회 API 호출 - 백엔드: all
2025-04-03 14:48:46,128 - front_service - INFO - [front_service.py:146] - [Front] 패턴 상태 조회 API 호출 - 백엔드: deadline
2025-04-03 14:50:16,343 - front_service - INFO - [front_service.py:146] - [Front] 패턴 상태 조회 API 호출 - 백엔드: no_pattern
2025-04-03 14:50:19,731 - front_service - INFO - [front_service.py:117] - [Front] 패턴 리셋 API 호출 - 패턴: all, 백엔드: no_pattern
2025-04-03 14:50:20,681 - front_service - INFO - [front_service.py:117] - [Front] 패턴 리셋 API 호출 - 패턴: backpressure, 백엔드: no_pattern
2025-04-03 14:50:21,341 - front_service - INFO - [front_service.py:117] - [Front] 패턴 리셋 API 호출 - 패턴: circuit_breaker, 백엔드: no_pattern
2025-04-03 14:50:21,939 - front_service - INFO - [front_service.py:146] - [Front] 패턴 상태 조회 API 호출 - 백엔드: no_pattern
2025-04-03 14:52:21,892 - front_service - INFO - [front_service.py:146] - [Front] 패턴 상태 조회 API 호출 - 백엔드: no_pattern
2025-04-03 14:52:23,089 - front_service - INFO - [front_service.py:146] - [Front] 패턴 상태 조회 API 호출 - 백엔드: no_pattern
2025-04-03 14:52:24,456 - front_service - INFO - [front_service.py:117] - [Front] 패턴 리셋 API 호출 - 패턴: all, 백엔드: no_pattern
2025-04-03 14:52:25,036 - front_service - INFO - [front_service.py:117] - [Front] 패턴 리셋 API 호출 - 패턴: backpressure, 백엔드: no_pattern
2025-04-03 14:52:25,431 - front_service - INFO - [front_service.py:117] - [Front] 패턴 리셋 API 호출 - 패턴: circuit_breaker, 백엔드: no_pattern
2025-04-03 14:52:25,891 - front_service - INFO - [front_service.py:146] - [Front] 패턴 상태 조회 API 호출 - 백엔드: no_pattern
2025-04-03 14:52:29,026 - front_service - INFO - [front_service.py:117] - [Front] 패턴 리셋 API 호출 - 패턴: all, 백엔드: no_pattern
2025-04-03 14:52:29,398 - front_service - INFO - [front_service.py:117] - [Front] 패턴 리셋 API 호출 - 패턴: backpressure, 백엔드: no_pattern
2025-04-03 14:52:29,978 - front_service - INFO - [front_service.py:117] - [Front] 패턴 리셋 API 호출 - 패턴: circuit_breaker, 백엔드: no_pattern
2025-04-03 14:52:30,634 - front_service - INFO - [front_service.py:146] - [Front] 패턴 상태 조회 API 호출 - 백엔드: no_pattern
2025-04-03 14:52:41,226 - front_service - INFO - [front_service.py:146] - [Front] 패턴 상태 조회 API 호출 - 백엔드: backpressure
