2025-04-03 11:18:52,535 - front_service - INFO - [front_service.py:90] - [Front] 테스트 API 호출 - 요청 유형: slow
2025-04-03 11:18:52,536 - front_service - INFO - [front_service.py:91] - [Front] 패턴 설정 - 서킷브레이커: False, 데드라인: True, 백프레셔: False
2025-04-03 11:18:52,537 - front_service - INFO - [front_service.py:23] - [Front] BFF 서비스 호출 시작
2025-04-03 11:18:52,537 - front_service - INFO - [front_service.py:24] - [Front] 패턴 설정 - 서킷브레이커: False, 데드라인: True, 백프레셔: False
2025-04-03 11:18:55,658 - front_service - ERROR - [front_service.py:57] - [Front] BFF 호출 중 오류: StatusCode.DEADLINE_EXCEEDED - Backend 서비스 응답 시간 초과 (소요 시간: 3.11초)
2025-04-03 11:19:20,811 - front_service - INFO - [front_service.py:90] - [Front] 테스트 API 호출 - 요청 유형: slow
2025-04-03 11:19:20,812 - front_service - INFO - [front_service.py:91] - [Front] 패턴 설정 - 서킷브레이커: False, 데드라인: True, 백프레셔: False
2025-04-03 11:19:20,812 - front_service - INFO - [front_service.py:23] - [Front] BFF 서비스 호출 시작
2025-04-03 11:19:20,812 - front_service - INFO - [front_service.py:24] - [Front] 패턴 설정 - 서킷브레이커: False, 데드라인: True, 백프레셔: False
2025-04-03 11:19:23,888 - front_service - ERROR - [front_service.py:57] - [Front] BFF 호출 중 오류: StatusCode.DEADLINE_EXCEEDED - Backend 서비스 응답 시간 초과 (소요 시간: 3.08초)
2025-04-03 11:19:27,589 - front_service - INFO - [front_service.py:90] - [Front] 테스트 API 호출 - 요청 유형: slow
2025-04-03 11:19:27,590 - front_service - INFO - [front_service.py:91] - [Front] 패턴 설정 - 서킷브레이커: True, 데드라인: False, 백프레셔: False
2025-04-03 11:19:27,590 - front_service - INFO - [front_service.py:23] - [Front] BFF 서비스 호출 시작
2025-04-03 11:19:27,590 - front_service - INFO - [front_service.py:24] - [Front] 패턴 설정 - 서킷브레이커: True, 데드라인: False, 백프레셔: False
2025-04-03 11:19:32,624 - front_service - INFO - [front_service.py:42] - [Front] BFF 응답 수신 (소요 시간: 5.03초)
2025-04-03 11:19:32,624 - front_service - INFO - [front_service.py:43] - [Front] 응답 결과: 성공=True, 메시지=처리 완료: 처리 완료: 쿼리 결과 데이터
2025-04-03 11:19:43,113 - front_service - INFO - [front_service.py:90] - [Front] 테스트 API 호출 - 요청 유형: slow
2025-04-03 11:19:43,115 - front_service - INFO - [front_service.py:91] - [Front] 패턴 설정 - 서킷브레이커: False, 데드라인: False, 백프레셔: True
2025-04-03 11:19:43,115 - front_service - INFO - [front_service.py:23] - [Front] BFF 서비스 호출 시작
2025-04-03 11:19:43,116 - front_service - INFO - [front_service.py:24] - [Front] 패턴 설정 - 서킷브레이커: False, 데드라인: False, 백프레셔: True
2025-04-03 11:19:48,132 - front_service - INFO - [front_service.py:42] - [Front] BFF 응답 수신 (소요 시간: 5.02초)
2025-04-03 11:19:48,132 - front_service - INFO - [front_service.py:43] - [Front] 응답 결과: 성공=True, 메시지=처리 완료: 처리 완료: 쿼리 결과 데이터
2025-04-03 11:20:54,145 - front_service - INFO - [front_service.py:90] - [Front] 테스트 API 호출 - 요청 유형: slow
2025-04-03 11:20:54,145 - front_service - INFO - [front_service.py:91] - [Front] 패턴 설정 - 서킷브레이커: False, 데드라인: True, 백프레셔: False
2025-04-03 11:20:54,146 - front_service - INFO - [front_service.py:23] - [Front] BFF 서비스 호출 시작
2025-04-03 11:20:54,146 - front_service - INFO - [front_service.py:24] - [Front] 패턴 설정 - 서킷브레이커: False, 데드라인: True, 백프레셔: False
2025-04-03 11:20:57,226 - front_service - ERROR - [front_service.py:57] - [Front] BFF 호출 중 오류: StatusCode.DEADLINE_EXCEEDED - Backend 서비스 응답 시간 초과 (소요 시간: 3.08초)
2025-04-03 11:21:36,932 - front_service - INFO - [front_service.py:90] - [Front] 테스트 API 호출 - 요청 유형: slow
2025-04-03 11:21:36,932 - front_service - INFO - [front_service.py:91] - [Front] 패턴 설정 - 서킷브레이커: False, 데드라인: True, 백프레셔: False
2025-04-03 11:21:36,933 - front_service - INFO - [front_service.py:23] - [Front] BFF 서비스 호출 시작
2025-04-03 11:21:36,933 - front_service - INFO - [front_service.py:24] - [Front] 패턴 설정 - 서킷브레이커: False, 데드라인: True, 백프레셔: False
2025-04-03 11:21:40,016 - front_service - ERROR - [front_service.py:57] - [Front] BFF 호출 중 오류: StatusCode.DEADLINE_EXCEEDED - Backend 서비스 응답 시간 초과 (소요 시간: 3.08초)
2025-04-03 11:21:40,582 - front_service - INFO - [front_service.py:90] - [Front] 테스트 API 호출 - 요청 유형: slow
2025-04-03 11:21:40,582 - front_service - INFO - [front_service.py:91] - [Front] 패턴 설정 - 서킷브레이커: False, 데드라인: True, 백프레셔: False
2025-04-03 11:21:40,583 - front_service - INFO - [front_service.py:23] - [Front] BFF 서비스 호출 시작
2025-04-03 11:21:40,583 - front_service - INFO - [front_service.py:24] - [Front] 패턴 설정 - 서킷브레이커: False, 데드라인: True, 백프레셔: False
2025-04-03 11:21:43,664 - front_service - ERROR - [front_service.py:57] - [Front] BFF 호출 중 오류: StatusCode.DEADLINE_EXCEEDED - Backend 서비스 응답 시간 초과 (소요 시간: 3.08초)
2025-04-03 11:21:45,676 - front_service - INFO - [front_service.py:90] - [Front] 테스트 API 호출 - 요청 유형: slow
2025-04-03 11:21:45,676 - front_service - INFO - [front_service.py:91] - [Front] 패턴 설정 - 서킷브레이커: False, 데드라인: True, 백프레셔: False
2025-04-03 11:21:45,677 - front_service - INFO - [front_service.py:23] - [Front] BFF 서비스 호출 시작
2025-04-03 11:21:45,677 - front_service - INFO - [front_service.py:24] - [Front] 패턴 설정 - 서킷브레이커: False, 데드라인: True, 백프레셔: False
2025-04-03 11:21:48,878 - front_service - ERROR - [front_service.py:57] - [Front] BFF 호출 중 오류: StatusCode.DEADLINE_EXCEEDED - Backend 서비스 응답 시간 초과 (소요 시간: 3.20초)
2025-04-03 11:21:49,383 - front_service - INFO - [front_service.py:90] - [Front] 테스트 API 호출 - 요청 유형: slow
2025-04-03 11:21:49,383 - front_service - INFO - [front_service.py:91] - [Front] 패턴 설정 - 서킷브레이커: False, 데드라인: True, 백프레셔: False
2025-04-03 11:21:49,383 - front_service - INFO - [front_service.py:23] - [Front] BFF 서비스 호출 시작
2025-04-03 11:21:49,384 - front_service - INFO - [front_service.py:24] - [Front] 패턴 설정 - 서킷브레이커: False, 데드라인: True, 백프레셔: False
2025-04-03 11:21:52,472 - front_service - ERROR - [front_service.py:57] - [Front] BFF 호출 중 오류: StatusCode.DEADLINE_EXCEEDED - Backend 서비스 응답 시간 초과 (소요 시간: 3.09초)
2025-04-03 11:21:55,241 - front_service - INFO - [front_service.py:90] - [Front] 테스트 API 호출 - 요청 유형: slow
2025-04-03 11:21:55,241 - front_service - INFO - [front_service.py:91] - [Front] 패턴 설정 - 서킷브레이커: True, 데드라인: False, 백프레셔: False
2025-04-03 11:21:55,241 - front_service - INFO - [front_service.py:23] - [Front] BFF 서비스 호출 시작
2025-04-03 11:21:55,242 - front_service - INFO - [front_service.py:24] - [Front] 패턴 설정 - 서킷브레이커: True, 데드라인: False, 백프레셔: False
2025-04-03 11:22:00,263 - front_service - INFO - [front_service.py:42] - [Front] BFF 응답 수신 (소요 시간: 5.02초)
2025-04-03 11:22:00,264 - front_service - INFO - [front_service.py:43] - [Front] 응답 결과: 성공=True, 메시지=처리 완료: 처리 완료: 쿼리 결과 데이터
2025-04-03 11:22:34,991 - front_service - INFO - [front_service.py:90] - [Front] 테스트 API 호출 - 요청 유형: slow
2025-04-03 11:22:34,991 - front_service - INFO - [front_service.py:91] - [Front] 패턴 설정 - 서킷브레이커: False, 데드라인: False, 백프레셔: False
2025-04-03 11:22:34,991 - front_service - INFO - [front_service.py:23] - [Front] BFF 서비스 호출 시작
2025-04-03 11:22:34,992 - front_service - INFO - [front_service.py:24] - [Front] 패턴 설정 - 서킷브레이커: False, 데드라인: False, 백프레셔: False
2025-04-03 11:22:40,013 - front_service - INFO - [front_service.py:42] - [Front] BFF 응답 수신 (소요 시간: 5.02초)
2025-04-03 11:22:40,013 - front_service - INFO - [front_service.py:43] - [Front] 응답 결과: 성공=True, 메시지=처리 완료: 처리 완료: 쿼리 결과 데이터
2025-04-03 11:23:24,676 - front_service - INFO - [front_service.py:90] - [Front] 테스트 API 호출 - 요청 유형: slow
2025-04-03 11:23:24,677 - front_service - INFO - [front_service.py:91] - [Front] 패턴 설정 - 서킷브레이커: True, 데드라인: True, 백프레셔: False
2025-04-03 11:23:24,678 - front_service - INFO - [front_service.py:23] - [Front] BFF 서비스 호출 시작
2025-04-03 11:23:24,678 - front_service - INFO - [front_service.py:24] - [Front] 패턴 설정 - 서킷브레이커: True, 데드라인: True, 백프레셔: False
2025-04-03 11:23:27,775 - front_service - ERROR - [front_service.py:57] - [Front] BFF 호출 중 오류: StatusCode.DEADLINE_EXCEEDED - Backend 서비스 응답 시간 초과 (소요 시간: 3.10초)
2025-04-03 11:23:28,283 - front_service - INFO - [front_service.py:90] - [Front] 테스트 API 호출 - 요청 유형: slow
2025-04-03 11:23:28,284 - front_service - INFO - [front_service.py:91] - [Front] 패턴 설정 - 서킷브레이커: True, 데드라인: True, 백프레셔: False
2025-04-03 11:23:28,284 - front_service - INFO - [front_service.py:23] - [Front] BFF 서비스 호출 시작
2025-04-03 11:23:28,285 - front_service - INFO - [front_service.py:24] - [Front] 패턴 설정 - 서킷브레이커: True, 데드라인: True, 백프레셔: False
2025-04-03 11:23:31,370 - front_service - ERROR - [front_service.py:57] - [Front] BFF 호출 중 오류: StatusCode.DEADLINE_EXCEEDED - Backend 서비스 응답 시간 초과 (소요 시간: 3.08초)
2025-04-03 11:23:32,340 - front_service - INFO - [front_service.py:90] - [Front] 테스트 API 호출 - 요청 유형: slow
2025-04-03 11:23:32,341 - front_service - INFO - [front_service.py:91] - [Front] 패턴 설정 - 서킷브레이커: True, 데드라인: True, 백프레셔: False
2025-04-03 11:23:32,342 - front_service - INFO - [front_service.py:23] - [Front] BFF 서비스 호출 시작
2025-04-03 11:23:32,342 - front_service - INFO - [front_service.py:24] - [Front] 패턴 설정 - 서킷브레이커: True, 데드라인: True, 백프레셔: False
2025-04-03 11:23:32,374 - front_service - ERROR - [front_service.py:57] - [Front] BFF 호출 중 오류: StatusCode.UNAVAILABLE - 서비스 일시적으로 사용 불가 (소요 시간: 0.03초)
2025-04-03 11:23:35,129 - front_service - INFO - [front_service.py:90] - [Front] 테스트 API 호출 - 요청 유형: slow
2025-04-03 11:23:35,129 - front_service - INFO - [front_service.py:91] - [Front] 패턴 설정 - 서킷브레이커: True, 데드라인: True, 백프레셔: False
2025-04-03 11:23:35,130 - front_service - INFO - [front_service.py:23] - [Front] BFF 서비스 호출 시작
2025-04-03 11:23:35,130 - front_service - INFO - [front_service.py:24] - [Front] 패턴 설정 - 서킷브레이커: True, 데드라인: True, 백프레셔: False
2025-04-03 11:23:35,166 - front_service - ERROR - [front_service.py:57] - [Front] BFF 호출 중 오류: StatusCode.UNAVAILABLE - 서비스 일시적으로 사용 불가 (소요 시간: 0.03초)
2025-04-03 11:24:22,852 - front_service - INFO - [front_service.py:90] - [Front] 테스트 API 호출 - 요청 유형: slow
2025-04-03 11:24:22,853 - front_service - INFO - [front_service.py:91] - [Front] 패턴 설정 - 서킷브레이커: True, 데드라인: False, 백프레셔: False
2025-04-03 11:24:22,853 - front_service - INFO - [front_service.py:23] - [Front] BFF 서비스 호출 시작
2025-04-03 11:24:22,853 - front_service - INFO - [front_service.py:24] - [Front] 패턴 설정 - 서킷브레이커: True, 데드라인: False, 백프레셔: False
2025-04-03 11:24:27,872 - front_service - INFO - [front_service.py:42] - [Front] BFF 응답 수신 (소요 시간: 5.02초)
2025-04-03 11:24:27,873 - front_service - INFO - [front_service.py:43] - [Front] 응답 결과: 성공=True, 메시지=처리 완료: 처리 완료: 쿼리 결과 데이터
2025-04-03 11:24:30,402 - front_service - INFO - [front_service.py:90] - [Front] 테스트 API 호출 - 요청 유형: slow
2025-04-03 11:24:30,403 - front_service - INFO - [front_service.py:91] - [Front] 패턴 설정 - 서킷브레이커: True, 데드라인: True, 백프레셔: False
2025-04-03 11:24:30,403 - front_service - INFO - [front_service.py:23] - [Front] BFF 서비스 호출 시작
2025-04-03 11:24:30,403 - front_service - INFO - [front_service.py:24] - [Front] 패턴 설정 - 서킷브레이커: True, 데드라인: True, 백프레셔: False
2025-04-03 11:24:33,481 - front_service - ERROR - [front_service.py:57] - [Front] BFF 호출 중 오류: StatusCode.DEADLINE_EXCEEDED - Backend 서비스 응답 시간 초과 (소요 시간: 3.08초)
2025-04-03 11:29:19,959 - front_service - INFO - [front_service.py:90] - [Front] 테스트 API 호출 - 요청 유형: slow
2025-04-03 11:29:19,960 - front_service - INFO - [front_service.py:91] - [Front] 패턴 설정 - 서킷브레이커: True, 데드라인: True, 백프레셔: False
2025-04-03 11:29:19,960 - front_service - INFO - [front_service.py:23] - [Front] BFF 서비스 호출 시작
2025-04-03 11:29:19,961 - front_service - INFO - [front_service.py:24] - [Front] 패턴 설정 - 서킷브레이커: True, 데드라인: True, 백프레셔: False
2025-04-03 11:29:23,045 - front_service - ERROR - [front_service.py:57] - [Front] BFF 호출 중 오류: StatusCode.DEADLINE_EXCEEDED - Backend 서비스 응답 시간 초과 (소요 시간: 3.08초)
2025-04-03 11:29:23,956 - front_service - INFO - [front_service.py:90] - [Front] 테스트 API 호출 - 요청 유형: slow
2025-04-03 11:29:23,956 - front_service - INFO - [front_service.py:91] - [Front] 패턴 설정 - 서킷브레이커: True, 데드라인: True, 백프레셔: False
2025-04-03 11:29:23,957 - front_service - INFO - [front_service.py:23] - [Front] BFF 서비스 호출 시작
2025-04-03 11:29:23,957 - front_service - INFO - [front_service.py:24] - [Front] 패턴 설정 - 서킷브레이커: True, 데드라인: True, 백프레셔: False
2025-04-03 11:29:23,988 - front_service - ERROR - [front_service.py:57] - [Front] BFF 호출 중 오류: StatusCode.UNAVAILABLE - 서비스 일시적으로 사용 불가 (소요 시간: 0.03초)
2025-04-03 11:29:24,877 - front_service - INFO - [front_service.py:90] - [Front] 테스트 API 호출 - 요청 유형: slow
2025-04-03 11:29:24,878 - front_service - INFO - [front_service.py:91] - [Front] 패턴 설정 - 서킷브레이커: True, 데드라인: True, 백프레셔: False
2025-04-03 11:29:24,879 - front_service - INFO - [front_service.py:23] - [Front] BFF 서비스 호출 시작
2025-04-03 11:29:24,879 - front_service - INFO - [front_service.py:24] - [Front] 패턴 설정 - 서킷브레이커: True, 데드라인: True, 백프레셔: False
2025-04-03 11:29:24,916 - front_service - ERROR - [front_service.py:57] - [Front] BFF 호출 중 오류: StatusCode.UNAVAILABLE - 서비스 일시적으로 사용 불가 (소요 시간: 0.04초)
2025-04-03 11:29:33,981 - front_service - INFO - [front_service.py:90] - [Front] 테스트 API 호출 - 요청 유형: slow
2025-04-03 11:29:33,981 - front_service - INFO - [front_service.py:91] - [Front] 패턴 설정 - 서킷브레이커: False, 데드라인: True, 백프레셔: False
2025-04-03 11:29:33,982 - front_service - INFO - [front_service.py:23] - [Front] BFF 서비스 호출 시작
2025-04-03 11:29:33,982 - front_service - INFO - [front_service.py:24] - [Front] 패턴 설정 - 서킷브레이커: False, 데드라인: True, 백프레셔: False
2025-04-03 11:29:37,066 - front_service - ERROR - [front_service.py:57] - [Front] BFF 호출 중 오류: StatusCode.DEADLINE_EXCEEDED - Backend 서비스 응답 시간 초과 (소요 시간: 3.08초)
2025-04-03 11:29:41,782 - front_service - INFO - [front_service.py:90] - [Front] 테스트 API 호출 - 요청 유형: slow
2025-04-03 11:29:41,782 - front_service - INFO - [front_service.py:91] - [Front] 패턴 설정 - 서킷브레이커: False, 데드라인: False, 백프레셔: False
2025-04-03 11:29:41,783 - front_service - INFO - [front_service.py:23] - [Front] BFF 서비스 호출 시작
2025-04-03 11:29:41,783 - front_service - INFO - [front_service.py:24] - [Front] 패턴 설정 - 서킷브레이커: False, 데드라인: False, 백프레셔: False
2025-04-03 11:29:46,900 - front_service - INFO - [front_service.py:42] - [Front] BFF 응답 수신 (소요 시간: 5.12초)
2025-04-03 11:29:46,900 - front_service - INFO - [front_service.py:43] - [Front] 응답 결과: 성공=True, 메시지=처리 완료: 처리 완료: 쿼리 결과 데이터
2025-04-03 11:29:49,928 - front_service - INFO - [front_service.py:90] - [Front] 테스트 API 호출 - 요청 유형: slow
2025-04-03 11:29:49,928 - front_service - INFO - [front_service.py:91] - [Front] 패턴 설정 - 서킷브레이커: True, 데드라인: False, 백프레셔: False
2025-04-03 11:29:49,928 - front_service - INFO - [front_service.py:23] - [Front] BFF 서비스 호출 시작
2025-04-03 11:29:49,929 - front_service - INFO - [front_service.py:24] - [Front] 패턴 설정 - 서킷브레이커: True, 데드라인: False, 백프레셔: False
2025-04-03 11:29:54,951 - front_service - INFO - [front_service.py:42] - [Front] BFF 응답 수신 (소요 시간: 5.02초)
2025-04-03 11:29:54,952 - front_service - INFO - [front_service.py:43] - [Front] 응답 결과: 성공=True, 메시지=처리 완료: 처리 완료: 쿼리 결과 데이터
2025-04-03 11:30:26,221 - front_service - INFO - [front_service.py:90] - [Front] 테스트 API 호출 - 요청 유형: slow
2025-04-03 11:30:26,223 - front_service - INFO - [front_service.py:91] - [Front] 패턴 설정 - 서킷브레이커: True, 데드라인: False, 백프레셔: False
2025-04-03 11:30:26,223 - front_service - INFO - [front_service.py:23] - [Front] BFF 서비스 호출 시작
2025-04-03 11:30:26,224 - front_service - INFO - [front_service.py:24] - [Front] 패턴 설정 - 서킷브레이커: True, 데드라인: False, 백프레셔: False
2025-04-03 11:30:31,253 - front_service - INFO - [front_service.py:42] - [Front] BFF 응답 수신 (소요 시간: 5.03초)
2025-04-03 11:30:31,253 - front_service - INFO - [front_service.py:43] - [Front] 응답 결과: 성공=True, 메시지=처리 완료: 처리 완료: 쿼리 결과 데이터
