2025-04-03 14:30:35,632 - front_service - INFO - [front_service.py:93] - [Front] 테스트 API 호출 - 요청 유형: slow, 백엔드: deadline
2025-04-03 14:30:35,633 - front_service - INFO - [front_service.py:94] - [Front] 패턴 설정 - 서킷브레이커: False, 데드라인: False, 백프레셔: False
2025-04-03 14:30:35,633 - front_service - INFO - [front_service.py:24] - [Front] BFF 서비스 호출 시작 (백엔드: deadline)
2025-04-03 14:30:35,633 - front_service - INFO - [front_service.py:25] - [Front] 패턴 설정 - 서킷브레이커: False, 데드라인: False, 백프레셔: False
2025-04-03 14:30:37,984 - front_service - INFO - [front_service.py:93] - [Front] 테스트 API 호출 - 요청 유형: slow, 백엔드: deadline
2025-04-03 14:30:38,030 - front_service - INFO - [front_service.py:94] - [Front] 패턴 설정 - 서킷브레이커: False, 데드라인: False, 백프레셔: False
2025-04-03 14:30:38,031 - front_service - INFO - [front_service.py:24] - [Front] BFF 서비스 호출 시작 (백엔드: deadline)
2025-04-03 14:30:38,031 - front_service - INFO - [front_service.py:25] - [Front] 패턴 설정 - 서킷브레이커: False, 데드라인: False, 백프레셔: False
2025-04-03 14:30:42,277 - front_service - INFO - [front_service.py:93] - [Front] 테스트 API 호출 - 요청 유형: slow, 백엔드: circuit_breaker
2025-04-03 14:30:42,277 - front_service - INFO - [front_service.py:94] - [Front] 패턴 설정 - 서킷브레이커: False, 데드라인: False, 백프레셔: False
2025-04-03 14:30:42,278 - front_service - INFO - [front_service.py:24] - [Front] BFF 서비스 호출 시작 (백엔드: circuit_breaker)
2025-04-03 14:30:42,278 - front_service - INFO - [front_service.py:25] - [Front] 패턴 설정 - 서킷브레이커: False, 데드라인: False, 백프레셔: False
2025-04-03 14:30:46,721 - front_service - INFO - [front_service.py:93] - [Front] 테스트 API 호출 - 요청 유형: slow, 백엔드: backpressure
2025-04-03 14:30:46,722 - front_service - INFO - [front_service.py:93] - [Front] 테스트 API 호출 - 요청 유형: slow, 백엔드: backpressure
2025-04-03 14:30:46,723 - front_service - INFO - [front_service.py:94] - [Front] 패턴 설정 - 서킷브레이커: False, 데드라인: False, 백프레셔: True
2025-04-03 14:30:46,724 - front_service - INFO - [front_service.py:94] - [Front] 패턴 설정 - 서킷브레이커: False, 데드라인: False, 백프레셔: True
2025-04-03 14:30:46,725 - front_service - INFO - [front_service.py:24] - [Front] BFF 서비스 호출 시작 (백엔드: backpressure)
2025-04-03 14:30:46,727 - front_service - INFO - [front_service.py:93] - [Front] 테스트 API 호출 - 요청 유형: slow, 백엔드: backpressure
2025-04-03 14:30:46,727 - front_service - INFO - [front_service.py:24] - [Front] BFF 서비스 호출 시작 (백엔드: backpressure)
2025-04-03 14:30:46,729 - front_service - INFO - [front_service.py:93] - [Front] 테스트 API 호출 - 요청 유형: slow, 백엔드: backpressure
2025-04-03 14:30:46,730 - front_service - INFO - [front_service.py:25] - [Front] 패턴 설정 - 서킷브레이커: False, 데드라인: False, 백프레셔: True
2025-04-03 14:30:46,731 - front_service - INFO - [front_service.py:93] - [Front] 테스트 API 호출 - 요청 유형: slow, 백엔드: backpressure
2025-04-03 14:30:46,732 - front_service - INFO - [front_service.py:94] - [Front] 패턴 설정 - 서킷브레이커: False, 데드라인: False, 백프레셔: True
2025-04-03 14:30:46,735 - front_service - INFO - [front_service.py:93] - [Front] 테스트 API 호출 - 요청 유형: slow, 백엔드: backpressure
2025-04-03 14:30:46,736 - front_service - INFO - [front_service.py:25] - [Front] 패턴 설정 - 서킷브레이커: False, 데드라인: False, 백프레셔: True
2025-04-03 14:30:46,736 - front_service - INFO - [front_service.py:94] - [Front] 패턴 설정 - 서킷브레이커: False, 데드라인: False, 백프레셔: True
2025-04-03 14:30:46,737 - front_service - INFO - [front_service.py:94] - [Front] 패턴 설정 - 서킷브레이커: False, 데드라인: False, 백프레셔: True
2025-04-03 14:30:46,738 - front_service - INFO - [front_service.py:24] - [Front] BFF 서비스 호출 시작 (백엔드: backpressure)
2025-04-03 14:30:46,740 - front_service - INFO - [front_service.py:94] - [Front] 패턴 설정 - 서킷브레이커: False, 데드라인: False, 백프레셔: True
2025-04-03 14:30:46,744 - front_service - INFO - [front_service.py:24] - [Front] BFF 서비스 호출 시작 (백엔드: backpressure)
2025-04-03 14:30:46,747 - front_service - INFO - [front_service.py:24] - [Front] BFF 서비스 호출 시작 (백엔드: backpressure)
2025-04-03 14:30:46,749 - front_service - INFO - [front_service.py:25] - [Front] 패턴 설정 - 서킷브레이커: False, 데드라인: False, 백프레셔: True
2025-04-03 14:30:46,750 - front_service - INFO - [front_service.py:24] - [Front] BFF 서비스 호출 시작 (백엔드: backpressure)
2025-04-03 14:30:46,750 - front_service - INFO - [front_service.py:25] - [Front] 패턴 설정 - 서킷브레이커: False, 데드라인: False, 백프레셔: True
2025-04-03 14:30:46,751 - front_service - INFO - [front_service.py:25] - [Front] 패턴 설정 - 서킷브레이커: False, 데드라인: False, 백프레셔: True
2025-04-03 14:30:46,752 - front_service - INFO - [front_service.py:25] - [Front] 패턴 설정 - 서킷브레이커: False, 데드라인: False, 백프레셔: True
2025-04-03 14:30:46,833 - front_service - INFO - [front_service.py:93] - [Front] 테스트 API 호출 - 요청 유형: slow, 백엔드: backpressure
2025-04-03 14:30:46,834 - front_service - INFO - [front_service.py:94] - [Front] 패턴 설정 - 서킷브레이커: False, 데드라인: False, 백프레셔: True
2025-04-03 14:30:46,836 - front_service - INFO - [front_service.py:24] - [Front] BFF 서비스 호출 시작 (백엔드: backpressure)
2025-04-03 14:30:46,837 - front_service - INFO - [front_service.py:25] - [Front] 패턴 설정 - 서킷브레이커: False, 데드라인: False, 백프레셔: True
2025-04-03 14:30:46,846 - front_service - INFO - [front_service.py:93] - [Front] 테스트 API 호출 - 요청 유형: slow, 백엔드: backpressure
2025-04-03 14:30:46,847 - front_service - INFO - [front_service.py:94] - [Front] 패턴 설정 - 서킷브레이커: False, 데드라인: False, 백프레셔: True
2025-04-03 14:30:46,849 - front_service - INFO - [front_service.py:24] - [Front] BFF 서비스 호출 시작 (백엔드: backpressure)
2025-04-03 14:30:46,850 - front_service - INFO - [front_service.py:25] - [Front] 패턴 설정 - 서킷브레이커: False, 데드라인: False, 백프레셔: True
2025-04-03 14:30:46,856 - front_service - INFO - [front_service.py:93] - [Front] 테스트 API 호출 - 요청 유형: slow, 백엔드: backpressure
2025-04-03 14:30:46,858 - front_service - INFO - [front_service.py:94] - [Front] 패턴 설정 - 서킷브레이커: False, 데드라인: False, 백프레셔: True
2025-04-03 14:30:46,860 - front_service - INFO - [front_service.py:24] - [Front] BFF 서비스 호출 시작 (백엔드: backpressure)
2025-04-03 14:30:46,869 - front_service - INFO - [front_service.py:25] - [Front] 패턴 설정 - 서킷브레이커: False, 데드라인: False, 백프레셔: True
2025-04-03 14:30:46,874 - front_service - INFO - [front_service.py:93] - [Front] 테스트 API 호출 - 요청 유형: slow, 백엔드: backpressure
2025-04-03 14:30:46,879 - front_service - INFO - [front_service.py:94] - [Front] 패턴 설정 - 서킷브레이커: False, 데드라인: False, 백프레셔: True
2025-04-03 14:30:46,880 - front_service - INFO - [front_service.py:24] - [Front] BFF 서비스 호출 시작 (백엔드: backpressure)
2025-04-03 14:30:46,882 - front_service - INFO - [front_service.py:25] - [Front] 패턴 설정 - 서킷브레이커: False, 데드라인: False, 백프레셔: True
