2025-04-03 14:34:04,793 - front_service - INFO - [front_service.py:104] - [Front] 테스트 API 호출 - 요청 유형: slow, 백엔드: no_pattern
2025-04-03 14:34:04,793 - front_service - INFO - [front_service.py:105] - [Front] 패턴 설정 - 서킷브레이커: False, 데드라인: False, 백프레셔: False
2025-04-03 14:34:04,794 - front_service - INFO - [front_service.py:24] - [Front] BFF 서비스 호출 시작 (백엔드: no_pattern)
2025-04-03 14:34:04,794 - front_service - INFO - [front_service.py:25] - [Front] 패턴 설정 - 서킷브레이커: False, 데드라인: False, 백프레셔: False
2025-04-03 14:34:04,955 - front_service - ERROR - [front_service.py:60] - [Front] BFF 호출 중 오류: StatusCode.UNKNOWN - Backend 서비스 오류: Exception calling application: Field backend.BackendRequest.use_circuit_breaker does not have presence. (소요 시간: 0.16초)
2025-04-03 14:34:13,169 - front_service - INFO - [front_service.py:104] - [Front] 테스트 API 호출 - 요청 유형: slow, 백엔드: no_pattern
2025-04-03 14:34:13,170 - front_service - INFO - [front_service.py:105] - [Front] 패턴 설정 - 서킷브레이커: True, 데드라인: False, 백프레셔: False
2025-04-03 14:34:13,170 - front_service - INFO - [front_service.py:24] - [Front] BFF 서비스 호출 시작 (백엔드: no_pattern)
2025-04-03 14:34:13,171 - front_service - INFO - [front_service.py:25] - [Front] 패턴 설정 - 서킷브레이커: True, 데드라인: False, 백프레셔: False
2025-04-03 14:34:13,259 - front_service - ERROR - [front_service.py:60] - [Front] BFF 호출 중 오류: StatusCode.UNKNOWN - Backend 서비스 오류: Exception calling application: Field backend.BackendRequest.use_circuit_breaker does not have presence. (소요 시간: 0.09초)
2025-04-03 14:34:15,120 - front_service - INFO - [front_service.py:104] - [Front] 테스트 API 호출 - 요청 유형: slow, 백엔드: no_pattern
2025-04-03 14:34:15,120 - front_service - INFO - [front_service.py:105] - [Front] 패턴 설정 - 서킷브레이커: False, 데드라인: True, 백프레셔: False
2025-04-03 14:34:15,120 - front_service - INFO - [front_service.py:24] - [Front] BFF 서비스 호출 시작 (백엔드: no_pattern)
2025-04-03 14:34:15,121 - front_service - INFO - [front_service.py:25] - [Front] 패턴 설정 - 서킷브레이커: False, 데드라인: True, 백프레셔: False
2025-04-03 14:34:15,204 - front_service - ERROR - [front_service.py:60] - [Front] BFF 호출 중 오류: StatusCode.UNKNOWN - Backend 서비스 오류: Exception calling application: Field backend.BackendRequest.use_circuit_breaker does not have presence. (소요 시간: 0.08초)
2025-04-03 14:34:17,038 - front_service - INFO - [front_service.py:104] - [Front] 테스트 API 호출 - 요청 유형: normal, 백엔드: no_pattern
2025-04-03 14:34:17,039 - front_service - INFO - [front_service.py:105] - [Front] 패턴 설정 - 서킷브레이커: False, 데드라인: True, 백프레셔: False
2025-04-03 14:34:17,039 - front_service - INFO - [front_service.py:24] - [Front] BFF 서비스 호출 시작 (백엔드: no_pattern)
2025-04-03 14:34:17,040 - front_service - INFO - [front_service.py:25] - [Front] 패턴 설정 - 서킷브레이커: False, 데드라인: True, 백프레셔: False
2025-04-03 14:34:17,121 - front_service - ERROR - [front_service.py:60] - [Front] BFF 호출 중 오류: StatusCode.UNKNOWN - Backend 서비스 오류: Exception calling application: Field backend.BackendRequest.use_circuit_breaker does not have presence. (소요 시간: 0.08초)
2025-04-03 14:34:19,801 - front_service - INFO - [front_service.py:104] - [Front] 테스트 API 호출 - 요청 유형: normal, 백엔드: circuit_breaker
2025-04-03 14:34:19,802 - front_service - INFO - [front_service.py:105] - [Front] 패턴 설정 - 서킷브레이커: False, 데드라인: True, 백프레셔: False
2025-04-03 14:34:19,803 - front_service - INFO - [front_service.py:24] - [Front] BFF 서비스 호출 시작 (백엔드: circuit_breaker)
2025-04-03 14:34:19,803 - front_service - INFO - [front_service.py:25] - [Front] 패턴 설정 - 서킷브레이커: False, 데드라인: True, 백프레셔: False
2025-04-03 14:34:19,881 - front_service - ERROR - [front_service.py:60] - [Front] BFF 호출 중 오류: StatusCode.UNKNOWN - Backend 서비스 오류: Exception calling application: Field backend.BackendRequest.use_circuit_breaker does not have presence. (소요 시간: 0.08초)
2025-04-03 14:34:22,196 - front_service - INFO - [front_service.py:104] - [Front] 테스트 API 호출 - 요청 유형: normal, 백엔드: backpressure
2025-04-03 14:34:22,197 - front_service - INFO - [front_service.py:105] - [Front] 패턴 설정 - 서킷브레이커: False, 데드라인: True, 백프레셔: False
2025-04-03 14:34:22,197 - front_service - INFO - [front_service.py:24] - [Front] BFF 서비스 호출 시작 (백엔드: backpressure)
2025-04-03 14:34:22,197 - front_service - INFO - [front_service.py:25] - [Front] 패턴 설정 - 서킷브레이커: False, 데드라인: True, 백프레셔: False
2025-04-03 14:34:22,274 - front_service - ERROR - [front_service.py:60] - [Front] BFF 호출 중 오류: StatusCode.UNKNOWN - Backend 서비스 오류: Exception calling application: Field backend.BackendRequest.use_circuit_breaker does not have presence. (소요 시간: 0.08초)
2025-04-03 14:34:22,816 - front_service - INFO - [front_service.py:104] - [Front] 테스트 API 호출 - 요청 유형: slow, 백엔드: backpressure
2025-04-03 14:34:22,817 - front_service - INFO - [front_service.py:105] - [Front] 패턴 설정 - 서킷브레이커: False, 데드라인: True, 백프레셔: False
2025-04-03 14:34:22,817 - front_service - INFO - [front_service.py:24] - [Front] BFF 서비스 호출 시작 (백엔드: backpressure)
2025-04-03 14:34:22,817 - front_service - INFO - [front_service.py:25] - [Front] 패턴 설정 - 서킷브레이커: False, 데드라인: True, 백프레셔: False
2025-04-03 14:34:22,981 - front_service - ERROR - [front_service.py:60] - [Front] BFF 호출 중 오류: StatusCode.UNKNOWN - Backend 서비스 오류: Exception calling application: Field backend.BackendRequest.use_circuit_breaker does not have presence. (소요 시간: 0.16초)
2025-04-03 14:34:24,649 - front_service - INFO - [front_service.py:104] - [Front] 테스트 API 호출 - 요청 유형: slow, 백엔드: backpressure
2025-04-03 14:34:24,649 - front_service - INFO - [front_service.py:105] - [Front] 패턴 설정 - 서킷브레이커: True, 데드라인: True, 백프레셔: False
2025-04-03 14:34:24,649 - front_service - INFO - [front_service.py:24] - [Front] BFF 서비스 호출 시작 (백엔드: backpressure)
2025-04-03 14:34:24,650 - front_service - INFO - [front_service.py:25] - [Front] 패턴 설정 - 서킷브레이커: True, 데드라인: True, 백프레셔: False
2025-04-03 14:34:24,720 - front_service - ERROR - [front_service.py:60] - [Front] BFF 호출 중 오류: StatusCode.UNKNOWN - Backend 서비스 오류: Exception calling application: Field backend.BackendRequest.use_circuit_breaker does not have presence. (소요 시간: 0.07초)
2025-04-03 14:34:25,521 - front_service - INFO - [front_service.py:104] - [Front] 테스트 API 호출 - 요청 유형: slow, 백엔드: backpressure
2025-04-03 14:34:25,521 - front_service - INFO - [front_service.py:105] - [Front] 패턴 설정 - 서킷브레이커: True, 데드라인: True, 백프레셔: False
2025-04-03 14:34:25,521 - front_service - INFO - [front_service.py:24] - [Front] BFF 서비스 호출 시작 (백엔드: backpressure)
2025-04-03 14:34:25,522 - front_service - INFO - [front_service.py:25] - [Front] 패턴 설정 - 서킷브레이커: True, 데드라인: True, 백프레셔: False
2025-04-03 14:34:25,563 - front_service - ERROR - [front_service.py:60] - [Front] BFF 호출 중 오류: StatusCode.UNAVAILABLE - 서비스 일시적으로 사용 불가 (소요 시간: 0.04초)
2025-04-03 14:34:25,878 - front_service - INFO - [front_service.py:104] - [Front] 테스트 API 호출 - 요청 유형: slow, 백엔드: backpressure
2025-04-03 14:34:25,879 - front_service - INFO - [front_service.py:105] - [Front] 패턴 설정 - 서킷브레이커: True, 데드라인: True, 백프레셔: False
2025-04-03 14:34:25,879 - front_service - INFO - [front_service.py:24] - [Front] BFF 서비스 호출 시작 (백엔드: backpressure)
2025-04-03 14:34:25,879 - front_service - INFO - [front_service.py:25] - [Front] 패턴 설정 - 서킷브레이커: True, 데드라인: True, 백프레셔: False
2025-04-03 14:34:25,917 - front_service - ERROR - [front_service.py:60] - [Front] BFF 호출 중 오류: StatusCode.UNAVAILABLE - 서비스 일시적으로 사용 불가 (소요 시간: 0.04초)
2025-04-03 14:34:26,218 - front_service - INFO - [front_service.py:104] - [Front] 테스트 API 호출 - 요청 유형: slow, 백엔드: backpressure
2025-04-03 14:34:26,219 - front_service - INFO - [front_service.py:105] - [Front] 패턴 설정 - 서킷브레이커: True, 데드라인: True, 백프레셔: False
2025-04-03 14:34:26,219 - front_service - INFO - [front_service.py:24] - [Front] BFF 서비스 호출 시작 (백엔드: backpressure)
2025-04-03 14:34:26,219 - front_service - INFO - [front_service.py:25] - [Front] 패턴 설정 - 서킷브레이커: True, 데드라인: True, 백프레셔: False
2025-04-03 14:34:26,267 - front_service - ERROR - [front_service.py:60] - [Front] BFF 호출 중 오류: StatusCode.UNAVAILABLE - 서비스 일시적으로 사용 불가 (소요 시간: 0.05초)
2025-04-03 14:34:26,767 - front_service - INFO - [front_service.py:104] - [Front] 테스트 API 호출 - 요청 유형: slow, 백엔드: backpressure
2025-04-03 14:34:26,768 - front_service - INFO - [front_service.py:105] - [Front] 패턴 설정 - 서킷브레이커: True, 데드라인: True, 백프레셔: False
2025-04-03 14:34:26,768 - front_service - INFO - [front_service.py:24] - [Front] BFF 서비스 호출 시작 (백엔드: backpressure)
2025-04-03 14:34:26,769 - front_service - INFO - [front_service.py:25] - [Front] 패턴 설정 - 서킷브레이커: True, 데드라인: True, 백프레셔: False
2025-04-03 14:34:26,806 - front_service - ERROR - [front_service.py:60] - [Front] BFF 호출 중 오류: StatusCode.UNAVAILABLE - 서비스 일시적으로 사용 불가 (소요 시간: 0.04초)
